[Consesus log] 2023/05/21 08:08:05.209042 logger.go:32: generate Block[ucararqcevsnuspcgzrs] in seq 17 at 209013000
[Consesus log] 2023/05/21 08:08:05.260039 logger.go:32: generate Block[qfunuqapttpkrbaoibog] in seq 18 at 260017000
[Consesus log] 2023/05/21 08:08:05.312098 logger.go:32: generate Block[ephcuamdaedeytkyhfpf] in seq 19 at 312082100
[Consesus log] 2023/05/21 08:08:05.363544 logger.go:32: generate Block[xgdpzivljavmcfouavdk] in seq 20 at 363523800
[Consesus log] 2023/05/21 08:08:05.414491 logger.go:32: generate Block[rnzyjfxickkxghdwlkco] in seq 21 at 414472400
[Consesus log] 2023/05/21 08:08:05.465091 logger.go:32: generate Block[olplewvlggtchdswuthc] in seq 22 at 465079300
[Consesus log] 2023/05/21 08:08:05.465290 logger.go:32: commit Block[qelsopblwsjbhaubgonj] in seq 1 at 465285500
[Consesus log] 2023/05/21 08:08:05.465365 logger.go:32: commit Block[uuearloyozqyhfiflxep] in seq 2 at 465362400
[Consesus log] 2023/05/21 08:08:05.465431 logger.go:32: commit Block[prldsddktmiwhmhbarho] in seq 3 at 465428000
[Consesus log] 2023/05/21 08:08:05.465509 logger.go:32: commit Block[ncnwlwmvbvlfushxmmhc] in seq 4 at 465506700
[Consesus log] 2023/05/21 08:08:05.465677 logger.go:32: commit Block[opdockottqgplnmgbnaw] in seq 5 at 465670700
[Consesus log] 2023/05/21 08:08:05.465759 logger.go:32: commit Block[runufdnyfpcmzpgmjigj] in seq 6 at 465756300
[Consesus log] 2023/05/21 08:08:05.465858 logger.go:32: commit Block[balfyplgxmhwozahifnl] in seq 7 at 465855600
[Consesus log] 2023/05/21 08:08:05.466003 logger.go:32: commit Block[fbsjtuumhkliyerulaal] in seq 8 at 465997200
[Consesus log] 2023/05/21 08:08:05.466109 logger.go:32: commit Block[hkobzdjfbcgykvvbcnyo] in seq 9 at 466106400
[Consesus log] 2023/05/21 08:08:05.466196 logger.go:32: commit Block[lmqoroiuirfstcouutjb] in seq 10 at 466191400
[Consesus log] 2023/05/21 08:08:05.466276 logger.go:32: commit Block[uxodxibxiisnioraitkz] in seq 11 at 466272500
[Consesus log] 2023/05/21 08:08:05.466422 logger.go:32: commit Block[xmyzacgmmmpgfbofaqvv] in seq 12 at 466419100
[Consesus log] 2023/05/21 08:08:05.466529 logger.go:32: commit Block[bnrgpdosmtolxuubtflq] in seq 13 at 466525300
[Consesus log] 2023/05/21 08:08:05.466602 logger.go:32: commit Block[iebxvdxkokicqfvqtrwu] in seq 14 at 466599000
[Consesus log] 2023/05/21 08:08:05.466741 logger.go:32: commit Block[fxrcaramemriueycsgmf] in seq 15 at 466735400
[Consesus log] 2023/05/21 08:08:05.466831 logger.go:32: commit Block[dhwvaogdvewssshkikou] in seq 16 at 466828200
[Consesus log] 2023/05/21 08:08:05.517291 logger.go:32: generate Block[oaxwdmlgxbqvusxndtri] in seq 23 at 517277700
[Consesus log] 2023/05/21 08:08:05.574901 logger.go:32: generate Block[gmhsfnfxanunnbvkuvxr] in seq 24 at 574883500
[Consesus log] 2023/05/21 08:08:05.627235 logger.go:32: generate Block[ewkbwcvvudrvligxaaaf] in seq 25 at 627220400
[Consesus log] 2023/05/21 08:08:05.684404 logger.go:32: generate Block[mrhoqlvdczgzotfxhkwt] in seq 26 at 684370500
[Consesus log] 2023/05/21 08:08:05.735098 logger.go:32: generate Block[jeoivayxnncuvvcmsqyh] in seq 27 at 735056000
[Consesus log] 2023/05/21 08:08:05.787041 logger.go:32: generate Block[jhasbjbvradjfrhtntbd] in seq 28 at 787014300
[Consesus log] 2023/05/21 08:08:05.837900 logger.go:32: generate Block[sbbrcubxjkshkiyvbjyw] in seq 29 at 837881400
[Consesus log] 2023/05/21 08:08:05.889028 logger.go:32: generate Block[aseyohxsxgahmljhnejv] in seq 30 at 889009300
[Consesus log] 2023/05/21 08:08:05.940345 logger.go:32: generate Block[wglleacpbsaeanrepxyl] in seq 31 at 940324500
[Consesus log] 2023/05/21 08:08:05.995771 logger.go:32: generate Block[ngomnwczcfkhhrilmeys] in seq 32 at 995750900
[Consesus log] 2023/05/21 08:08:06.046712 logger.go:32: generate Block[cdwevkdxckpnvtsqstwy] in seq 33 at 46694000
[Consesus log] 2023/05/21 08:08:06.304760 logger.go:32: commit Block[ucararqcevsnuspcgzrs] in seq 17 at 304744100
[Consesus log] 2023/05/21 08:08:06.305055 logger.go:32: commit Block[qfunuqapttpkrbaoibog] in seq 18 at 305049400
[Consesus log] 2023/05/21 08:08:06.305181 logger.go:32: commit Block[ephcuamdaedeytkyhfpf] in seq 19 at 305171400
[Consesus log] 2023/05/21 08:08:06.305324 logger.go:32: commit Block[xgdpzivljavmcfouavdk] in seq 20 at 305315600
[Consesus log] 2023/05/21 08:08:06.305464 logger.go:32: commit Block[rnzyjfxickkxghdwlkco] in seq 21 at 305459000
[Consesus log] 2023/05/21 08:08:06.305612 logger.go:32: commit Block[olplewvlggtchdswuthc] in seq 22 at 305595700
[Consesus log] 2023/05/21 08:08:06.305748 logger.go:32: commit Block[oaxwdmlgxbqvusxndtri] in seq 23 at 305744000
[Consesus log] 2023/05/21 08:08:06.305879 logger.go:32: commit Block[gmhsfnfxanunnbvkuvxr] in seq 24 at 305870200
[Consesus log] 2023/05/21 08:08:06.306092 logger.go:32: commit Block[ewkbwcvvudrvligxaaaf] in seq 25 at 306085700
[Consesus log] 2023/05/21 08:08:06.306225 logger.go:32: commit Block[mrhoqlvdczgzotfxhkwt] in seq 26 at 306220500
[Consesus log] 2023/05/21 08:08:06.306466 logger.go:32: commit Block[jeoivayxnncuvvcmsqyh] in seq 27 at 306458900
[Consesus log] 2023/05/21 08:08:07.761066 logger.go:32: commit Block[erozmqpjsnmheajybgwt] in seq 28 at 761030900
[Consesus log] 2023/05/21 08:08:07.761246 logger.go:32: commit Block[onifzjpiysryvqsazdsw] in seq 29 at 761240100
[Consesus log] 2023/05/21 08:08:07.761360 logger.go:32: commit Block[eipzynlmqdsotgcvkqrz] in seq 30 at 761355100
[Consesus log] 2023/05/21 08:08:07.761462 logger.go:32: commit Block[bguebcqcnuyluqvrztng] in seq 31 at 761457900
[Consesus log] 2023/05/21 08:08:07.761609 logger.go:32: commit Block[fmwtxluaoakgcjrnolnr] in seq 32 at 761602000
[Consesus log] 2023/05/21 08:08:07.761748 logger.go:32: commit Block[pipchfgesivennniiijv] in seq 33 at 761742800
[Consesus log] 2023/05/21 08:08:07.761859 logger.go:32: commit Block[xmcjhosebdlkpzzsiuqe] in seq 34 at 761854700
[Consesus log] 2023/05/21 08:08:07.761961 logger.go:32: commit Block[dwgfrhkrfzsjmgefkcut] in seq 35 at 761956100
[Consesus log] 2023/05/21 08:08:07.762062 logger.go:32: commit Block[eggeoqegsuxvtiqpdpqb] in seq 36 at 762058900
[Consesus log] 2023/05/21 08:08:07.762161 logger.go:32: commit Block[rhdmtyasyacwdufzydqg] in seq 37 at 762155500
[Consesus log] 2023/05/21 08:08:07.762259 logger.go:32: commit Block[kezouabdoewleqngnqnr] in seq 38 at 762255300
[Consesus log] 2023/05/21 08:08:07.762381 logger.go:32: commit Block[asdlnehkxqardwfypaha] in seq 39 at 762375700
[Consesus log] 2023/05/21 08:08:07.762481 logger.go:32: commit Block[ysepbafzgljuxzscisnh] in seq 40 at 762477200
[Consesus log] 2023/05/21 08:08:07.762579 logger.go:32: commit Block[jnqrqdocbljrdxtxjzar] in seq 41 at 762574600
[Consesus log] 2023/05/21 08:08:07.762668 logger.go:32: commit Block[qtlrejmrfiknwhwiagin] in seq 42 at 762664300
[Consesus log] 2023/05/21 08:08:07.762763 logger.go:32: commit Block[ljpirpkuexwvvckpxkoa] in seq 43 at 762758200
[Consesus log] 2023/05/21 08:08:07.762895 logger.go:32: commit Block[yfgudupkyafwwzpqvfpq] in seq 44 at 762890000
[Consesus log] 2023/05/21 08:08:08.227137 logger.go:32: generate Block[juzutjltukjwwayhgeou] in seq 60 at 227098500
[Consesus log] 2023/05/21 08:08:08.277977 logger.go:32: generate Block[phgxjgbvflwwysgmknap] in seq 61 at 277950100
[Consesus log] 2023/05/21 08:08:08.329790 logger.go:32: generate Block[hyicanuohqpedfxxvphl] in seq 62 at 329772200
[Consesus log] 2023/05/21 08:08:08.381105 logger.go:32: generate Block[wevctjpogjxmqjexvjdn] in seq 63 at 381083600
[Consesus log] 2023/05/21 08:08:08.432303 logger.go:32: generate Block[lwfymiatoibwvikbmggs] in seq 64 at 432285400
[Consesus log] 2023/05/21 08:08:08.482700 logger.go:32: generate Block[lkumcicinacffanqszih] in seq 65 at 482683900
[Consesus log] 2023/05/21 08:08:08.482987 logger.go:32: commit Block[jvbrwsndjrooxzodxymg] in seq 45 at 482982400
[Consesus log] 2023/05/21 08:08:08.483064 logger.go:32: commit Block[duobanusuielggnysust] in seq 46 at 483061000
[Consesus log] 2023/05/21 08:08:08.483131 logger.go:32: commit Block[fsntumgyqehguvxnmagp] in seq 47 at 483128100
[Consesus log] 2023/05/21 08:08:08.483201 logger.go:32: commit Block[fasxddtnguzpjmpwobvg] in seq 48 at 483198500
[Consesus log] 2023/05/21 08:08:08.483380 logger.go:32: commit Block[bbtqorlrgehzivafnqkg] in seq 49 at 483374400
[Consesus log] 2023/05/21 08:08:08.483524 logger.go:32: commit Block[wdngmqncfswxsisfpnlf] in seq 50 at 483519000
[Consesus log] 2023/05/21 08:08:08.483610 logger.go:32: commit Block[dqnyacpukqvezoikonbt] in seq 51 at 483607100
[Consesus log] 2023/05/21 08:08:08.483685 logger.go:32: commit Block[wpyziphgkkaxfszdusja] in seq 52 at 483682400
[Consesus log] 2023/05/21 08:08:08.483836 logger.go:32: commit Block[gscllwgakgsfzsnsxlsj] in seq 53 at 483832500
[Consesus log] 2023/05/21 08:08:08.483915 logger.go:32: commit Block[xgztholfpiuuvtuvpwxd] in seq 54 at 483912400
[Consesus log] 2023/05/21 08:08:08.483985 logger.go:32: commit Block[qdcqrzrkzsckfsvngukc] in seq 55 at 483982500
[Consesus log] 2023/05/21 08:08:08.484155 logger.go:32: commit Block[povapinycbwrjhzbglfk] in seq 56 at 484148500
[Consesus log] 2023/05/21 08:08:08.484276 logger.go:32: commit Block[dwaqvvzdqkviduitxipt] in seq 57 at 484270000
[Consesus log] 2023/05/21 08:08:08.484362 logger.go:32: commit Block[dmpwxdtaydifiqmpvroc] in seq 58 at 484358600
[Consesus log] 2023/05/21 08:08:08.484429 logger.go:32: commit Block[ibcjrxksbnneatvzyoup] in seq 59 at 484426200
[Consesus log] 2023/05/21 08:08:08.484495 logger.go:32: commit Block[juzutjltukjwwayhgeou] in seq 60 at 484492500
[Consesus log] 2023/05/21 08:08:08.535671 logger.go:32: generate Block[sgjhjkzziimhkfynbagq] in seq 66 at 535652400
[Consesus log] 2023/05/21 08:08:08.586412 logger.go:32: generate Block[euimdrreruimqssksdsm] in seq 67 at 586393400
[Consesus log] 2023/05/21 08:08:08.637841 logger.go:32: generate Block[jgdkutldiqsboylshuzb] in seq 68 at 637812600
[Consesus log] 2023/05/21 08:08:08.695886 logger.go:32: generate Block[nxveutxdngdsmgrgkemi] in seq 69 at 695872800
[Consesus log] 2023/05/21 08:08:08.747803 logger.go:32: generate Block[flfttftuauwfwygnikdz] in seq 70 at 747784800
[Consesus log] 2023/05/21 08:08:08.799008 logger.go:32: generate Block[cwshzjkjajjdfywehohi] in seq 71 at 798978800
[Consesus log] 2023/05/21 08:08:08.849879 logger.go:32: generate Block[jalgnadgmjpurtdxsnmh] in seq 72 at 849862100
[Consesus log] 2023/05/21 08:08:08.900640 logger.go:32: generate Block[qydrgokmolomjsdmpviw] in seq 73 at 900621100
[Consesus log] 2023/05/21 08:08:08.953895 logger.go:32: generate Block[fvxjcqgcuartumrkcpia] in seq 74 at 953877200
[Consesus log] 2023/05/21 08:08:09.008777 logger.go:32: generate Block[saoqzzqqhqjsrlmhijki] in seq 75 at 8763200
[Consesus log] 2023/05/21 08:08:09.737421 logger.go:32: commit Block[phgxjgbvflwwysgmknap] in seq 61 at 737405100
[Consesus log] 2023/05/21 08:08:09.737590 logger.go:32: commit Block[hyicanuohqpedfxxvphl] in seq 62 at 737584200
[Consesus log] 2023/05/21 08:08:09.737695 logger.go:32: commit Block[wevctjpogjxmqjexvjdn] in seq 63 at 737688200
[Consesus log] 2023/05/21 08:08:10.387623 logger.go:32: commit Block[wqzrowjnbxkpfvyamngx] in seq 64 at 387610800
[Consesus log] 2023/05/21 08:08:10.387755 logger.go:32: commit Block[tdhsxkkcridcvlsijtnw] in seq 65 at 387750400
[Consesus log] 2023/05/21 08:08:10.387858 logger.go:32: commit Block[dcajzzxysdnalamebslw] in seq 66 at 387853700
[Consesus log] 2023/05/21 08:08:10.387990 logger.go:32: commit Block[vjfqatbannqsihfymbli] in seq 67 at 387983100
[Consesus log] 2023/05/21 08:08:10.388096 logger.go:32: commit Block[pqpeyiysmrovofzlgrtd] in seq 68 at 388090900
[Consesus log] 2023/05/21 08:08:10.696381 logger.go:32: commit Block[xicitdqyqoqeqfzpydwo] in seq 69 at 696372300
[Consesus log] 2023/05/21 08:08:10.696725 logger.go:32: commit Block[hmbdbxfozktmhxcjtxyj] in seq 70 at 696717000
[Consesus log] 2023/05/21 08:08:10.696862 logger.go:32: commit Block[kgwxdsxjfkqccinmpuzb] in seq 71 at 696856700
[Consesus log] 2023/05/21 08:08:10.696960 logger.go:32: commit Block[wahudnleerlqntqnltwy] in seq 72 at 696956100
[Consesus log] 2023/05/21 08:08:10.697055 logger.go:32: commit Block[cnjdtdhyepbdhgnghtrm] in seq 73 at 697051100
[Consesus log] 2023/05/21 08:08:10.697148 logger.go:32: commit Block[wiztxkwnibznsagkzmfh] in seq 74 at 697144200
[Consesus log] 2023/05/21 08:08:10.697241 logger.go:32: commit Block[kmywdojwkclmdfwewcpx] in seq 75 at 697237600
[Consesus log] 2023/05/21 08:08:10.951452 logger.go:32: generate Block[sddzyqbfelovfpvfjyiw] in seq 82 at 951427800
[Consesus log] 2023/05/21 08:08:11.001811 logger.go:32: generate Block[pmbcttbrzdnuqxlpkjew] in seq 83 at 1802000
[Consesus log] 2023/05/21 08:08:11.052266 logger.go:32: generate Block[rmwpecpzuthwipomzkax] in seq 84 at 52248200
[Consesus log] 2023/05/21 08:08:11.103166 logger.go:32: generate Block[myetcrnxiiavqioozmtw] in seq 85 at 103151400
[Consesus log] 2023/05/21 08:08:11.154069 logger.go:32: generate Block[gnxgidwihbbhikbwynia] in seq 86 at 154051500
[Consesus log] 2023/05/21 08:08:11.206013 logger.go:32: generate Block[uppfgbnlsmhxpysulkqz] in seq 87 at 205997300
[Consesus log] 2023/05/21 08:08:11.256354 logger.go:32: generate Block[ztahamlgzwfmlinqndlx] in seq 88 at 256335300
[Consesus log] 2023/05/21 08:08:11.307186 logger.go:32: generate Block[suvretpgeapjhqzavgzz] in seq 89 at 307168800
[Consesus log] 2023/05/21 08:08:11.365703 logger.go:32: generate Block[ybiuswalxzmryvoyejhs] in seq 90 at 365683400
[Consesus log] 2023/05/21 08:08:11.365958 logger.go:32: commit Block[abcttanvoamcxeyerjrq] in seq 76 at 365951800
[Consesus log] 2023/05/21 08:08:11.366061 logger.go:32: commit Block[hubychraqvvjlpvvusfq] in seq 77 at 366055900
[Consesus log] 2023/05/21 08:08:11.366147 logger.go:32: commit Block[ixwgpkhzmvmozykxugse] in seq 78 at 366143200
[Consesus log] 2023/05/21 08:08:11.366237 logger.go:32: commit Block[whzhqmtfsffbgzptdwrn] in seq 79 at 366233000
[Consesus log] 2023/05/21 08:08:11.366326 logger.go:32: commit Block[jtbjvyrgadnddgfpwnfw] in seq 80 at 366321900
[Consesus log] 2023/05/21 08:08:11.366408 logger.go:32: commit Block[onitevskocgrbmobxtbh] in seq 81 at 366404700
[Consesus log] 2023/05/21 08:08:11.366504 logger.go:32: commit Block[sddzyqbfelovfpvfjyiw] in seq 82 at 366497900
[Consesus log] 2023/05/21 08:08:11.366604 logger.go:32: commit Block[pmbcttbrzdnuqxlpkjew] in seq 83 at 366599900
[Consesus log] 2023/05/21 08:08:11.417359 logger.go:32: generate Block[hyivpbiilrequcggczji] in seq 91 at 417343000
[Consesus log] 2023/05/21 08:08:11.468001 logger.go:32: generate Block[nquwlpnjwexgjwppkfch] in seq 92 at 467973400
[Consesus log] 2023/05/21 08:08:11.522309 logger.go:32: generate Block[bwwtfoanowuwcerxvrnq] in seq 93 at 522290000
[Consesus log] 2023/05/21 08:08:11.572754 logger.go:32: generate Block[odvvdiuvfklyhlzhuods] in seq 94 at 572738000
[Consesus log] 2023/05/21 08:08:11.624082 logger.go:32: generate Block[gbvfuwrajcniwmlvexxp] in seq 95 at 624065000
[Consesus log] 2023/05/21 08:08:11.675389 logger.go:32: generate Block[kppxvbcotqsxotsziemr] in seq 96 at 675371400
[Consesus log] 2023/05/21 08:08:11.726929 logger.go:32: generate Block[ejxrlgqhawrstmtoleux] in seq 97 at 726909300
[Consesus log] 2023/05/21 08:08:11.778593 logger.go:32: generate Block[jeiazgefxlgaceropygb] in seq 98 at 778577100
[Consesus log] 2023/05/21 08:08:11.830010 logger.go:32: generate Block[qdzjcbdqyktvuoknczfc] in seq 99 at 829992000
[Consesus log] 2023/05/21 08:08:11.881298 logger.go:32: generate Block[mcqkcmsneehknjuqakns] in seq 100 at 881286500
[Consesus log] 2023/05/21 08:08:11.881484 logger.go:32: commit Block[rmwpecpzuthwipomzkax] in seq 84 at 881480000
[Consesus log] 2023/05/21 08:08:11.931688 logger.go:32: generate Block[qqjpdqodretulmfuayba] in seq 101 at 931671400
[Consesus log] 2023/05/21 08:08:11.982853 logger.go:32: generate Block[ufqnmvhumaspytwcymlv] in seq 102 at 982836700
[Consesus log] 2023/05/21 08:08:12.034040 logger.go:32: generate Block[yruxcsuuawebghfjdnep] in seq 103 at 34024100
[Consesus log] 2023/05/21 08:08:12.288164 logger.go:32: generate Block[exkrmaitypcxgflouzup] in seq 99 at 288150800
[Consesus log] 2023/05/21 08:08:12.339660 logger.go:32: generate Block[rfnxbmmedvvvxcqkltgm] in seq 100 at 339642800
[Consesus log] 2023/05/21 08:08:12.394240 logger.go:32: generate Block[fxsfmwcmhpbcqmwgazsm] in seq 101 at 394222700
[Consesus log] 2023/05/21 08:08:12.445518 logger.go:32: generate Block[chxqdclyckiocjswnhwu] in seq 102 at 445504600
[Consesus log] 2023/05/21 08:08:12.496296 logger.go:32: generate Block[rsrxgftbodvrydrsbooc] in seq 103 at 496273500
[Consesus log] 2023/05/21 08:08:12.547816 logger.go:32: generate Block[onohvambqjdnretthzzy] in seq 104 at 547801100
[Consesus log] 2023/05/21 08:08:12.598628 logger.go:32: generate Block[ndfyxigkdaybjxtfdira] in seq 105 at 598613200
[Consesus log] 2023/05/21 08:08:12.649991 logger.go:32: generate Block[maablrxhzpufjdxggldf] in seq 106 at 649974500
[Consesus log] 2023/05/21 08:08:12.903856 logger.go:32: commit Block[myetcrnxiiavqioozmtw] in seq 85 at 903843500
[Consesus log] 2023/05/21 08:08:12.904156 logger.go:32: commit Block[gnxgidwihbbhikbwynia] in seq 86 at 904148700
[Consesus log] 2023/05/21 08:08:12.904263 logger.go:32: commit Block[uppfgbnlsmhxpysulkqz] in seq 87 at 904257900
[Consesus log] 2023/05/21 08:08:12.904358 logger.go:32: commit Block[ztahamlgzwfmlinqndlx] in seq 88 at 904353300
[Consesus log] 2023/05/21 08:08:12.904473 logger.go:32: commit Block[suvretpgeapjhqzavgzz] in seq 89 at 904467500
[Consesus log] 2023/05/21 08:08:12.904595 logger.go:32: commit Block[ybiuswalxzmryvoyejhs] in seq 90 at 904590000
[Consesus log] 2023/05/21 08:08:12.904694 logger.go:32: commit Block[hyivpbiilrequcggczji] in seq 91 at 904689100
[Consesus log] 2023/05/21 08:08:12.904795 logger.go:32: commit Block[nquwlpnjwexgjwppkfch] in seq 92 at 904790900
[Consesus log] 2023/05/21 08:08:12.904900 logger.go:32: commit Block[bwwtfoanowuwcerxvrnq] in seq 93 at 904895400
[Consesus log] 2023/05/21 08:08:12.905026 logger.go:32: commit Block[odvvdiuvfklyhlzhuods] in seq 94 at 905020800
[Consesus log] 2023/05/21 08:08:12.905162 logger.go:32: commit Block[gbvfuwrajcniwmlvexxp] in seq 95 at 905157300
[Consesus log] 2023/05/21 08:08:12.905354 logger.go:32: commit Block[gwbwrzhnfhvpzoscjqhi] in seq 96 at 905345800
[Consesus log] 2023/05/21 08:08:12.905614 logger.go:32: commit Block[wuadyvoejgxbirbuzofb] in seq 97 at 905607500
[Consesus log] 2023/05/21 08:08:12.905730 logger.go:32: commit Block[kulalwehnfsvdjzjbkvc] in seq 98 at 905725900
[Consesus log] 2023/05/21 08:08:12.906008 logger.go:32: commit Block[exkrmaitypcxgflouzup] in seq 99 at 905991400
[Consesus log] 2023/05/21 08:08:13.552686 logger.go:32: generate Block[sbjesxesogetmlqadzqb] in seq 112 at 552673000
[Consesus log] 2023/05/21 08:08:13.604691 logger.go:32: generate Block[ylloqwdfkbtjlswdaffu] in seq 113 at 604674900
[Consesus log] 2023/05/21 08:08:13.657171 logger.go:32: generate Block[aetdmzgtdgislnbivktg] in seq 114 at 657157700
[Consesus log] 2023/05/21 08:08:13.708478 logger.go:32: generate Block[httavsusoyzyzxnubouh] in seq 115 at 708462900
[Consesus log] 2023/05/21 08:08:13.759870 logger.go:32: generate Block[iuedaoxottrpqjaghhce] in seq 116 at 759852100
[Consesus log] 2023/05/21 08:08:13.810303 logger.go:32: generate Block[xtocamubzrfvgscitstg] in seq 117 at 810284800
[Consesus log] 2023/05/21 08:08:13.861357 logger.go:32: generate Block[xobifmyrlyafsqgangug] in seq 118 at 861341000
[Consesus log] 2023/05/21 08:08:13.861605 logger.go:32: commit Block[atpulydhtnjetjmfsuzz] in seq 100 at 861600800
[Consesus log] 2023/05/21 08:08:13.861677 logger.go:32: commit Block[sjregncjjbxqfyabwsdd] in seq 101 at 861673700
[Consesus log] 2023/05/21 08:08:13.861744 logger.go:32: commit Block[wbshgmhyqukmfwjkaatp] in seq 102 at 861741300
[Consesus log] 2023/05/21 08:08:13.861823 logger.go:32: commit Block[oiabjnyvaeiwwucidrnz] in seq 103 at 861819800
[Consesus log] 2023/05/21 08:08:13.861962 logger.go:32: commit Block[cmolikkzzivcnlyyodjo] in seq 104 at 861955800
[Consesus log] 2023/05/21 08:08:13.862149 logger.go:32: commit Block[tekojltarjogqhczyvek] in seq 105 at 862145700
[Consesus log] 2023/05/21 08:08:13.862243 logger.go:32: commit Block[uhzdkcifxhzywjfjajxm] in seq 106 at 862240400
[Consesus log] 2023/05/21 08:08:13.862315 logger.go:32: commit Block[vczfvcmtqbtxwkchoxkb] in seq 107 at 862311800
[Consesus log] 2023/05/21 08:08:13.862388 logger.go:32: commit Block[etgresgshawxvcdxcxei] in seq 108 at 862385400
[Consesus log] 2023/05/21 08:08:13.862461 logger.go:32: commit Block[fpvskzfijigklilrwjjj] in seq 109 at 862458500
[Consesus log] 2023/05/21 08:08:13.862542 logger.go:32: commit Block[lemdnrsuqjuxxfltfjlt] in seq 110 at 862539900
[Consesus log] 2023/05/21 08:08:13.862634 logger.go:32: commit Block[sayxrgukbnrapduogkxj] in seq 111 at 862631500
[Consesus log] 2023/05/21 08:08:13.913945 logger.go:32: generate Block[orlvsiwgczcsbwhogdgz] in seq 119 at 913927500
[Consesus log] 2023/05/21 08:08:13.964867 logger.go:32: generate Block[mneauwgcamfevkaifqlf] in seq 120 at 964850800
[Consesus log] 2023/05/21 08:08:14.015236 logger.go:32: generate Block[grqnronkmvutndljespd] in seq 121 at 15219000
[Consesus log] 2023/05/21 08:08:14.072284 logger.go:32: generate Block[xdkkqgrpnrcrytccsscp] in seq 122 at 72268100
[Consesus log] 2023/05/21 08:08:14.122964 logger.go:32: generate Block[nszdjdqpojrqswyyfetp] in seq 123 at 122946000
[Consesus log] 2023/05/21 08:08:14.175885 logger.go:32: generate Block[ltbfxvsfkzbbzwdmitsn] in seq 124 at 175865100
[Consesus log] 2023/05/21 08:08:14.230323 logger.go:32: generate Block[cokiigfbiauzwrynibxl] in seq 125 at 230304000
[Consesus log] 2023/05/21 08:08:14.280865 logger.go:32: generate Block[emnshijhyqzunetyfamc] in seq 126 at 280851700
[Consesus log] 2023/05/21 08:08:14.332209 logger.go:32: generate Block[daguckiarhsgysqbndkj] in seq 127 at 332192300
[Consesus log] 2023/05/21 08:08:14.332463 logger.go:32: commit Block[sbjesxesogetmlqadzqb] in seq 112 at 332455100
[Consesus log] 2023/05/21 08:08:14.382967 logger.go:32: generate Block[lrkbcpqssciknelohjay] in seq 128 at 382951800
[Consesus log] 2023/05/21 08:08:14.434068 logger.go:32: generate Block[xkiaznkcksqejnmgikxe] in seq 129 at 434050200
[Consesus log] 2023/05/21 08:08:14.484465 logger.go:32: generate Block[llsaafjokcdfcpdybfbj] in seq 130 at 484448200
[Consesus log] 2023/05/21 08:08:15.512408 logger.go:32: commit Block[ylloqwdfkbtjlswdaffu] in seq 113 at 512398800
[Consesus log] 2023/05/21 08:08:15.512663 logger.go:32: commit Block[aetdmzgtdgislnbivktg] in seq 114 at 512658000
[Consesus log] 2023/05/21 08:08:15.512864 logger.go:32: commit Block[httavsusoyzyzxnubouh] in seq 115 at 512856500
[Consesus log] 2023/05/21 08:08:15.512973 logger.go:32: commit Block[iuedaoxottrpqjaghhce] in seq 116 at 512968800
[Consesus log] 2023/05/21 08:08:15.513067 logger.go:32: commit Block[xtocamubzrfvgscitstg] in seq 117 at 513063400
[Consesus log] 2023/05/21 08:08:15.513180 logger.go:32: commit Block[xobifmyrlyafsqgangug] in seq 118 at 513175800
[Consesus log] 2023/05/21 08:08:15.513271 logger.go:32: commit Block[orlvsiwgczcsbwhogdgz] in seq 119 at 513266900
[Consesus log] 2023/05/21 08:08:15.513360 logger.go:32: commit Block[mneauwgcamfevkaifqlf] in seq 120 at 513355300
[Consesus log] 2023/05/21 08:08:15.513559 logger.go:32: commit Block[grqnronkmvutndljespd] in seq 121 at 513550000
[Consesus log] 2023/05/21 08:08:15.513749 logger.go:32: commit Block[xdkkqgrpnrcrytccsscp] in seq 122 at 513739900
[Consesus log] 2023/05/21 08:08:15.513870 logger.go:32: commit Block[nszdjdqpojrqswyyfetp] in seq 123 at 513865100
[Consesus log] 2023/05/21 08:08:15.513984 logger.go:32: commit Block[ltbfxvsfkzbbzwdmitsn] in seq 124 at 513980000
[Consesus log] 2023/05/21 08:08:15.514075 logger.go:32: commit Block[ikjndmohihwrclehitjv] in seq 125 at 514070500
[Consesus log] 2023/05/21 08:08:15.514168 logger.go:32: commit Block[kwiccvyrzjuellneklct] in seq 126 at 514163400
[Consesus log] 2023/05/21 08:08:15.514260 logger.go:32: commit Block[otzamltpeitudnynljwv] in seq 127 at 514254800
[Consesus log] 2023/05/21 08:08:15.514352 logger.go:32: commit Block[ydftdbkhsvjnxhedlpjk] in seq 128 at 514347900
[Consesus log] 2023/05/21 08:08:15.514441 logger.go:32: commit Block[pvwentipbdlortccpzil] in seq 129 at 514436200
[Consesus log] 2023/05/21 08:08:16.937841 logger.go:32: commit Block[vpjjzdwjaoqftezvietb] in seq 130 at 937822500
[Consesus log] 2023/05/21 08:08:16.938002 logger.go:32: commit Block[gbbsvhrquwiaimewdkhq] in seq 131 at 937995800
[Consesus log] 2023/05/21 08:08:16.938100 logger.go:32: commit Block[pulzcidvhryfvwvwpmux] in seq 132 at 938095800
[Consesus log] 2023/05/21 08:08:16.938215 logger.go:32: commit Block[micvmxjpwxwufcioztqt] in seq 133 at 938210600
[Consesus log] 2023/05/21 08:08:16.938322 logger.go:32: commit Block[skbxndfmmrbkqxidkjyf] in seq 134 at 938318000
[Consesus log] 2023/05/21 08:08:16.938416 logger.go:32: commit Block[nlzjdsxxfcmndfsexjog] in seq 135 at 938412200
[Consesus log] 2023/05/21 08:08:16.938659 logger.go:32: commit Block[mzhidjbwheojebvncsev] in seq 136 at 938649900
[Consesus log] 2023/05/21 08:08:16.938799 logger.go:32: commit Block[cnyntwlgjcwalnpxanyq] in seq 137 at 938792700
[Consesus log] 2023/05/21 08:08:16.938903 logger.go:32: commit Block[ycdllsqokkrvgxxkuvzd] in seq 138 at 938899300
[Consesus log] 2023/05/21 08:08:16.938985 logger.go:32: commit Block[phgphpjkzzviplsvzmub] in seq 139 at 938981400
[Consesus log] 2023/05/21 08:08:16.939078 logger.go:32: commit Block[eikuubaqseqdfnikqiqx] in seq 140 at 939074400
[Consesus log] 2023/05/21 08:08:16.939165 logger.go:32: commit Block[gcsjyqudxgelgjqktclm] in seq 141 at 939160900
[Consesus log] 2023/05/21 08:08:16.939294 logger.go:32: commit Block[hjjgezbqxykklihrhktm] in seq 142 at 939274700
[Consesus log] 2023/05/21 08:08:16.939404 logger.go:32: commit Block[euvxsqjjlcelmbpihkhu] in seq 143 at 939399100
[Consesus log] 2023/05/21 08:08:16.939498 logger.go:32: commit Block[cgxcrimhkaotqkehdlor] in seq 144 at 939494200
[Consesus log] 2023/05/21 08:08:16.939592 logger.go:32: commit Block[notzzmshbuywqesbftpo] in seq 145 at 939588000
[Consesus log] 2023/05/21 08:08:16.939686 logger.go:32: commit Block[znfcagikpentkaiptpmn] in seq 146 at 939682000
[Consesus log] 2023/05/21 08:08:16.939780 logger.go:32: commit Block[fszgzumjxxrlxwlnqnij] in seq 147 at 939776500
[Consesus log] 2023/05/21 08:08:16.939891 logger.go:32: commit Block[mspjprqtcsxkpgkddqmw] in seq 148 at 939887200
[Consesus log] 2023/05/21 08:08:16.939985 logger.go:32: commit Block[fnhqvfksacjhlusmarle] in seq 149 at 939981300
[Consesus log] 2023/05/21 08:08:16.940080 logger.go:32: commit Block[akzlzcwimmgbpkjjunlb] in seq 150 at 940075700
[Consesus log] 2023/05/21 08:08:16.940170 logger.go:32: commit Block[sxkqwaivxzmkzvlqnpmd] in seq 151 at 940166500
[Consesus log] 2023/05/21 08:08:16.940264 logger.go:32: commit Block[ayyuezmqngzxzrfsecxu] in seq 152 at 940259700
[Consesus log] 2023/05/21 08:08:17.781069 logger.go:32: commit Block[rzdxjzmdrespmhvikyey] in seq 153 at 781058000
[Consesus log] 2023/05/21 08:08:17.781237 logger.go:32: commit Block[polrpjlajiuqtacmtcsp] in seq 154 at 781231400
[Consesus log] 2023/05/21 08:08:17.781339 logger.go:32: commit Block[ywuxqeuhrcpssoylofuq] in seq 155 at 781333400
[Consesus log] 2023/05/21 08:08:17.781436 logger.go:32: commit Block[dskztqtjpbcisgniqrpd] in seq 156 at 781431500
[Consesus log] 2023/05/21 08:08:17.781532 logger.go:32: commit Block[ajupdtiesnpczgnvsqjb] in seq 157 at 781528200
[Consesus log] 2023/05/21 08:08:17.781629 logger.go:32: commit Block[gqlaxcgxirgtqpkjjtyt] in seq 158 at 781624400
[Consesus log] 2023/05/21 08:08:17.781724 logger.go:32: commit Block[jotlmwjcfjeuylsabgbz] in seq 159 at 781720000
[Consesus log] 2023/05/21 08:08:17.781838 logger.go:32: commit Block[sdvmnattowktmfkqakiq] in seq 160 at 781833700
[Consesus log] 2023/05/21 08:08:17.781945 logger.go:32: commit Block[ypbkhejazueryfhtakij] in seq 161 at 781941000
[Consesus log] 2023/05/21 08:08:17.782042 logger.go:32: commit Block[gpyzbcazlerpsmypkuhq] in seq 162 at 782037700
[Consesus log] 2023/05/21 08:08:17.782140 logger.go:32: commit Block[hdekfrqulnejodnxtbxw] in seq 163 at 782135700
[Consesus log] 2023/05/21 08:08:17.782231 logger.go:32: commit Block[ptedwzywqfoubtdcijqs] in seq 164 at 782226800
[Consesus log] 2023/05/21 08:08:17.782325 logger.go:32: commit Block[nydoysvtfjrqnxsxtbpj] in seq 165 at 782320500
[Consesus log] 2023/05/21 08:08:19.006217 logger.go:32: commit Block[oepjddbdekcazodlenpv] in seq 166 at 6206200
[Consesus log] 2023/05/21 08:08:19.006350 logger.go:32: commit Block[ghditgjzuiuuhdalmack] in seq 167 at 6345800
[Consesus log] 2023/05/21 08:08:19.006446 logger.go:32: commit Block[ucikkigqrwxxygrpltcc] in seq 168 at 6442400
[Consesus log] 2023/05/21 08:08:19.006678 logger.go:32: commit Block[ggppbmioisanxpxuhkkh] in seq 169 at 6668800
[Consesus log] 2023/05/21 08:08:19.006810 logger.go:32: commit Block[jedcnibkmmgelngxwsln] in seq 170 at 6804300
[Consesus log] 2023/05/21 08:08:19.006911 logger.go:32: commit Block[iyhldaubsrxaxtvebkmz] in seq 171 at 6906300
[Consesus log] 2023/05/21 08:08:19.011294 logger.go:32: commit Block[vtyyxgfloyigujyervlq] in seq 172 at 11283700
[Consesus log] 2023/05/21 08:08:19.011420 logger.go:32: commit Block[vohabdwsfiqugvgxedii] in seq 173 at 11414900
[Consesus log] 2023/05/21 08:08:19.011520 logger.go:32: commit Block[gfllxxfoapzsazsietye] in seq 174 at 11512500
[Consesus log] 2023/05/21 08:08:19.011672 logger.go:32: commit Block[maixlugtvhxagmkphfvk] in seq 175 at 11660000
[Consesus log] 2023/05/21 08:08:19.011769 logger.go:32: commit Block[gkbeowpastexyvnvposw] in seq 176 at 11764000
[Consesus log] 2023/05/21 08:08:19.011865 logger.go:32: commit Block[kwxkingtlebidvyyzmuu] in seq 177 at 11860000
[Consesus log] 2023/05/21 08:08:19.011958 logger.go:32: commit Block[zqxkzsvcbrfpwnupsnnh] in seq 178 at 11953500
[Consesus log] 2023/05/21 08:08:19.012051 logger.go:32: commit Block[ujyvfxvtmazrfamsdbqx] in seq 179 at 12045600
[Consesus log] 2023/05/21 08:08:19.012146 logger.go:32: commit Block[wtakmoqujgxnmtxivrfk] in seq 180 at 12138900
[Consesus log] 2023/05/21 08:08:19.012282 logger.go:32: commit Block[pcahubjzrgzhpxoyviue] in seq 181 at 12276700
[Consesus log] 2023/05/21 08:08:19.012376 logger.go:32: commit Block[nilszkxgbgbqnwvwgpoj] in seq 182 at 12372000
[Consesus log] 2023/05/21 08:08:19.012460 logger.go:32: commit Block[geccpobjfbslyquqevjj] in seq 183 at 12456100
[Consesus log] 2023/05/21 08:08:20.021088 logger.go:32: commit Block[uitlomedibwktdhcwacu] in seq 184 at 21078300
[Consesus log] 2023/05/21 08:08:20.021240 logger.go:32: commit Block[qwinycshtghooihfztiy] in seq 185 at 21234000
[Consesus log] 2023/05/21 08:08:20.021337 logger.go:32: commit Block[xmmpcfrzmtajijgoxvya] in seq 186 at 21332600
[Consesus log] 2023/05/21 08:08:20.021429 logger.go:32: commit Block[jharrhxwkkkredppktwk] in seq 187 at 21425100
[Consesus log] 2023/05/21 08:08:20.021515 logger.go:32: commit Block[gtpkjnhrasozqcegeixx] in seq 188 at 21510900
[Consesus log] 2023/05/21 08:08:20.023012 logger.go:32: commit Block[pnxclshrkjazjhxjrkjp] in seq 189 at 21594000
[Consesus log] 2023/05/21 08:08:20.023150 logger.go:32: commit Block[ethhpfszymglybwbrdja] in seq 190 at 23145100
[Consesus log] 2023/05/21 08:08:20.023244 logger.go:32: commit Block[kqymcskchcuunvhqqefw] in seq 191 at 23239600
[Consesus log] 2023/05/21 08:08:20.023431 logger.go:32: commit Block[uffmfblvqssywuqctnzh] in seq 192 at 23421000
[Consesus log] 2023/05/21 08:08:20.023567 logger.go:32: commit Block[liwhlwlwpfecusiiiwat] in seq 193 at 23560000
[Consesus log] 2023/05/21 08:08:20.796403 logger.go:32: generate Block[bgllmesgwlrhdcbzkqto] in seq 212 at 796387900
[Consesus log] 2023/05/21 08:08:20.848657 logger.go:32: generate Block[pfwcbmugbwktmixoczir] in seq 213 at 848643300
[Consesus log] 2023/05/21 08:08:20.899252 logger.go:32: generate Block[dwplysnrubuclosneuwk] in seq 214 at 899235900
[Consesus log] 2023/05/21 08:08:20.949740 logger.go:32: generate Block[bttxpisndpzopdrktaiy] in seq 215 at 949722500
[Consesus log] 2023/05/21 08:08:20.949991 logger.go:32: commit Block[lfzitykinqowepkgryxn] in seq 194 at 949985300
[Consesus log] 2023/05/21 08:08:20.950098 logger.go:32: commit Block[cxamnokracukkjnlpwsi] in seq 195 at 950094100
[Consesus log] 2023/05/21 08:08:20.950261 logger.go:32: commit Block[kkmyrwcslbwitsnempnk] in seq 196 at 950253300
[Consesus log] 2023/05/21 08:08:20.950375 logger.go:32: commit Block[qblwsvmtiynbeiwrtran] in seq 197 at 950369400
[Consesus log] 2023/05/21 08:08:20.950550 logger.go:32: commit Block[oqyefkrwzrkmujzphmty] in seq 198 at 950541500
[Consesus log] 2023/05/21 08:08:20.950658 logger.go:32: commit Block[ldophstalftjlmlroaco] in seq 199 at 950652700
[Consesus log] 2023/05/21 08:08:20.950751 logger.go:32: commit Block[hvytneuzmjvkcjpkxyle] in seq 200 at 950747800
[Consesus log] 2023/05/21 08:08:20.950929 logger.go:32: commit Block[ypcmmflrgryiatlyxzpx] in seq 201 at 950922600
[Consesus log] 2023/05/21 08:08:20.951067 logger.go:32: commit Block[wrzrdxkxrdijjgfpsimp] in seq 202 at 951060300
[Consesus log] 2023/05/21 08:08:20.951161 logger.go:32: commit Block[kntwtdvwmvmthoaobjnu] in seq 203 at 951157600
[Consesus log] 2023/05/21 08:08:20.951230 logger.go:32: commit Block[mzmsqmowpieohrhgnaxa] in seq 204 at 951227500
[Consesus log] 2023/05/21 08:08:20.951296 logger.go:32: commit Block[cdcyuecapbspllcfnybz] in seq 205 at 951293600
[Consesus log] 2023/05/21 08:08:20.951361 logger.go:32: commit Block[lvtnvokmbfnhrmhpfgka] in seq 206 at 951359000
[Consesus log] 2023/05/21 08:08:20.951427 logger.go:32: commit Block[illydtgupwugdogfpbki] in seq 207 at 951425000
[Consesus log] 2023/05/21 08:08:20.951492 logger.go:32: commit Block[bgiecexnqrttvrvzvcfn] in seq 208 at 951489500
[Consesus log] 2023/05/21 08:08:20.951645 logger.go:32: commit Block[quuaonunldjqqmklxmwf] in seq 209 at 951641800
[Consesus log] 2023/05/21 08:08:20.951719 logger.go:32: commit Block[alprzoazndrlywtrsxtl] in seq 210 at 951716000
[Consesus log] 2023/05/21 08:08:20.951866 logger.go:32: commit Block[ufcsgbngofcjqhprgnti] in seq 211 at 951862800
[Consesus log] 2023/05/21 08:08:21.003683 logger.go:32: generate Block[zuwyugbojklhierxxkzv] in seq 216 at 3663400
[Consesus log] 2023/05/21 08:08:21.054085 logger.go:32: generate Block[hdsaygysvlzdzkscbamn] in seq 217 at 54067200
[Consesus log] 2023/05/21 08:08:21.104723 logger.go:32: generate Block[dnexpunuhzfcxrbczarj] in seq 218 at 104710000
[Consesus log] 2023/05/21 08:08:21.155417 logger.go:32: generate Block[mqzfhzsoeslrixugbtwa] in seq 219 at 155397400
[Consesus log] 2023/05/21 08:08:21.213062 logger.go:32: generate Block[yrbjdiqjqkyflpfdkejf] in seq 220 at 213045800
[Consesus log] 2023/05/21 08:08:21.264030 logger.go:32: generate Block[uyrnrzelkeydjciuetcl] in seq 221 at 264011900
[Consesus log] 2023/05/21 08:08:21.315028 logger.go:32: generate Block[zcwueskhkbrqhyskrzen] in seq 222 at 315009700
[Consesus log] 2023/05/21 08:08:21.371511 logger.go:32: generate Block[ppitzoslvbrapwhkalou] in seq 223 at 371493800
[Consesus log] 2023/05/21 08:08:21.422215 logger.go:32: generate Block[huwfeewyajjwxpklpeur] in seq 224 at 422196000
[Consesus log] 2023/05/21 08:08:21.947768 logger.go:32: commit Block[mymbxbpwgatjtkxnhsrz] in seq 212 at 947757900
[Consesus log] 2023/05/21 08:08:21.947917 logger.go:32: commit Block[alokjdzlsdaalaqvcczy] in seq 213 at 947911600
[Consesus log] 2023/05/21 08:08:21.948026 logger.go:32: commit Block[ktiwbpmlwjvuzamkwmrl] in seq 214 at 948021700
[Consesus log] 2023/05/21 08:08:22.676059 logger.go:32: commit Block[gvbvvpxwcgjtybzjpvaw] in seq 215 at 676040500
[Consesus log] 2023/05/21 08:08:22.676202 logger.go:32: commit Block[rawfuxmtqpgqsuvwtiim] in seq 216 at 676196500
[Consesus log] 2023/05/21 08:08:23.603741 logger.go:32: commit Block[wbrrtdifefmuxeoiilxx] in seq 217 at 603730900
[Consesus log] 2023/05/21 08:08:24.562965 logger.go:32: commit Block[opkloiovtrtdxqcwgpja] in seq 218 at 562953200
[Consesus log] 2023/05/21 08:08:25.009314 logger.go:32: generate Block[oiglpptznbueozjxitch] in seq 273 at 9282500
[Consesus log] 2023/05/21 08:08:25.061589 logger.go:32: generate Block[adyghbxwhoyovjvsvgwr] in seq 274 at 61563100
[Consesus log] 2023/05/21 08:08:25.116659 logger.go:32: generate Block[unrfbknwwzxytdfilkqd] in seq 275 at 116642200
[Consesus log] 2023/05/21 08:08:25.167587 logger.go:32: generate Block[ryvalicmfdvkrjpskece] in seq 276 at 167499500
[Consesus log] 2023/05/21 08:08:25.218114 logger.go:32: generate Block[abuvhewexjkpdimogeza] in seq 277 at 218099800
[Consesus log] 2023/05/21 08:08:25.268554 logger.go:32: generate Block[sktimxrsyhtughtuprll] in seq 278 at 268535800
[Consesus log] 2023/05/21 08:08:25.339772 logger.go:32: generate Block[lrigdkmxnjgqyjvfafsi] in seq 279 at 339757600
[Consesus log] 2023/05/21 08:08:25.339958 logger.go:32: commit Block[qngmkfxjeeugxlwgbbyl] in seq 219 at 339953400
[Consesus log] 2023/05/21 08:08:25.340025 logger.go:32: commit Block[yymksqostnypfqvasrqg] in seq 220 at 340022800
[Consesus log] 2023/05/21 08:08:25.340088 logger.go:32: commit Block[ircumlwzffynbrzpkrex] in seq 221 at 340084700
[Consesus log] 2023/05/21 08:08:25.340142 logger.go:32: commit Block[manksnqsriquwxckufog] in seq 222 at 340139500
[Consesus log] 2023/05/21 08:08:25.340195 logger.go:32: commit Block[cfqmvzienvxtyolqxfmo] in seq 223 at 340193300
[Consesus log] 2023/05/21 08:08:25.340247 logger.go:32: commit Block[tpaggbbafinzkwoverzd] in seq 224 at 340244700
[Consesus log] 2023/05/21 08:08:25.340293 logger.go:32: commit Block[ptqgurxbgumwgrhksjpt] in seq 225 at 340291500
[Consesus log] 2023/05/21 08:08:25.340344 logger.go:32: commit Block[agmglrsbvqatuvxhxlvo] in seq 226 at 340341900
[Consesus log] 2023/05/21 08:08:25.340397 logger.go:32: commit Block[jamzntwvbzhthsofvlid] in seq 227 at 340395400
[Consesus log] 2023/05/21 08:08:25.340448 logger.go:32: commit Block[dajmitgnnkturnkcyhqv] in seq 228 at 340446300
[Consesus log] 2023/05/21 08:08:25.340501 logger.go:32: commit Block[eyeqmwemejlydgbkdnuh] in seq 229 at 340498600
[Consesus log] 2023/05/21 08:08:25.340552 logger.go:32: commit Block[givghgkowqfsghjdbcam] in seq 230 at 340549800
[Consesus log] 2023/05/21 08:08:25.340602 logger.go:32: commit Block[ywatiiiknagsuluvmerv] in seq 231 at 340600100
[Consesus log] 2023/05/21 08:08:25.340653 logger.go:32: commit Block[pgqmlqigzmjeakkupnmd] in seq 232 at 340650200
[Consesus log] 2023/05/21 08:08:25.340703 logger.go:32: commit Block[iyqullmcdquzsmhyqpgx] in seq 233 at 340701500
[Consesus log] 2023/05/21 08:08:25.340754 logger.go:32: commit Block[xelljerckmptpwmipjua] in seq 234 at 340751900
[Consesus log] 2023/05/21 08:08:25.340803 logger.go:32: commit Block[nzltxgtbnvdyifkjhdyp] in seq 235 at 340801100
[Consesus log] 2023/05/21 08:08:25.340851 logger.go:32: commit Block[offkrccjotdbhyusodwc] in seq 236 at 340849400
[Consesus log] 2023/05/21 08:08:25.340901 logger.go:32: commit Block[glxsdretcsibbtioaluf] in seq 237 at 340898800
[Consesus log] 2023/05/21 08:08:25.340952 logger.go:32: commit Block[fmwjbmtqnfppgadxcshi] in seq 238 at 340949700
[Consesus log] 2023/05/21 08:08:25.341028 logger.go:32: commit Block[bwmousdmmllbzmdyyjrk] in seq 239 at 341026100
[Consesus log] 2023/05/21 08:08:25.341081 logger.go:32: commit Block[rlcxcgqemqcwluznmypb] in seq 240 at 341078500
[Consesus log] 2023/05/21 08:08:25.341133 logger.go:32: commit Block[cdanfxydrdnndcbikknd] in seq 241 at 341130900
[Consesus log] 2023/05/21 08:08:25.341182 logger.go:32: commit Block[yiagypyxkhuisgoksbsa] in seq 242 at 341180100
[Consesus log] 2023/05/21 08:08:25.341231 logger.go:32: commit Block[pwirqwnstkpnknrfyshu] in seq 243 at 341229400
[Consesus log] 2023/05/21 08:08:25.341316 logger.go:32: commit Block[pybyqowyxmatypljvqbr] in seq 244 at 341313800
[Consesus log] 2023/05/21 08:08:25.341367 logger.go:32: commit Block[vhuurpoescmjbvkzjjfj] in seq 245 at 341364600
[Consesus log] 2023/05/21 08:08:25.341416 logger.go:32: commit Block[fthwkvfoxqzafrmujizp] in seq 246 at 341413700
[Consesus log] 2023/05/21 08:08:25.341480 logger.go:32: commit Block[awbyavhkhzpzfrdvnuev] in seq 247 at 341477500
[Consesus log] 2023/05/21 08:08:25.341531 logger.go:32: commit Block[jygqsskjtymzhesuodot] in seq 248 at 341528800
[Consesus log] 2023/05/21 08:08:25.341595 logger.go:32: commit Block[ozaewklebobxvakdakgm] in seq 249 at 341593300
[Consesus log] 2023/05/21 08:08:25.341646 logger.go:32: commit Block[qruemoukmgeoffrrxajz] in seq 250 at 341644400
[Consesus log] 2023/05/21 08:08:25.341696 logger.go:32: commit Block[qonsvuoyfbqbmdbemxvv] in seq 251 at 341694200
[Consesus log] 2023/05/21 08:08:25.341747 logger.go:32: commit Block[waaguvcchvhcnrpyvulf] in seq 252 at 341744700
[Consesus log] 2023/05/21 08:08:25.341797 logger.go:32: commit Block[owadsbwzhhavmnlrmnoc] in seq 253 at 341795100
[Consesus log] 2023/05/21 08:08:25.341847 logger.go:32: commit Block[jukqssoapesyfceemzjm] in seq 254 at 341844800
[Consesus log] 2023/05/21 08:08:25.341896 logger.go:32: commit Block[fnlohkkdnzlnxsbchpoe] in seq 255 at 341894100
[Consesus log] 2023/05/21 08:08:25.341957 logger.go:32: commit Block[ybynkniwprdafrweazqm] in seq 256 at 341954400
[Consesus log] 2023/05/21 08:08:25.342012 logger.go:32: commit Block[qlknofuupmuvahazzlnh] in seq 257 at 342010000
[Consesus log] 2023/05/21 08:08:25.342062 logger.go:32: commit Block[obcstocbbdpgzpspzcvn] in seq 258 at 342059600
[Consesus log] 2023/05/21 08:08:25.342112 logger.go:32: commit Block[xjaiizoxbhyjaipdynfm] in seq 259 at 342110100
[Consesus log] 2023/05/21 08:08:25.342162 logger.go:32: commit Block[evqmykoywopdwcjsvbxl] in seq 260 at 342160400
[Consesus log] 2023/05/21 08:08:25.342212 logger.go:32: commit Block[dupksjxaicxjvegoutlt] in seq 261 at 342210200
[Consesus log] 2023/05/21 08:08:25.342262 logger.go:32: commit Block[wiqhujasckuurbfqbgxc] in seq 262 at 342259700
[Consesus log] 2023/05/21 08:08:25.342312 logger.go:32: commit Block[rrmsugcrfahuinbdqqdt] in seq 263 at 342310000
[Consesus log] 2023/05/21 08:08:25.342362 logger.go:32: commit Block[cmsozfnwuwuwsygbjrah] in seq 264 at 342360000
[Consesus log] 2023/05/21 08:08:25.342441 logger.go:32: commit Block[zuniiapulcyosvghobml] in seq 265 at 342438600
[Consesus log] 2023/05/21 08:08:25.342494 logger.go:32: commit Block[msjeeexuusrdhaqwwfpa] in seq 266 at 342492100
[Consesus log] 2023/05/21 08:08:25.342544 logger.go:32: commit Block[wnfodxiqqpdjxqanelfg] in seq 267 at 342542500
[Consesus log] 2023/05/21 08:08:25.342594 logger.go:32: commit Block[npadpvayivgegyaqkvcj] in seq 268 at 342591500
[Consesus log] 2023/05/21 08:08:25.342644 logger.go:32: commit Block[jkudiuribnzoylsxmtlx] in seq 269 at 342642400
[Consesus log] 2023/05/21 08:08:25.342694 logger.go:32: commit Block[qiljypfvmzdspyclkigc] in seq 270 at 342692100
[Consesus log] 2023/05/21 08:08:25.342744 logger.go:32: commit Block[xjonncnekjxnlusaikqy] in seq 271 at 342741900
[Consesus log] 2023/05/21 08:08:25.342796 logger.go:32: commit Block[lrqphqlgjdzhgxlokcmp] in seq 272 at 342793700
[Consesus log] 2023/05/21 08:08:25.393606 logger.go:32: generate Block[iuhsrwaliqlezovojcuc] in seq 280 at 393588300
[Consesus log] 2023/05/21 08:08:25.444171 logger.go:32: generate Block[urdfpyjpnketocrlyuxr] in seq 281 at 444157500
[Consesus log] 2023/05/21 08:08:25.495324 logger.go:32: generate Block[avxccgiprymvhfpudmcc] in seq 282 at 495311000
[Consesus log] 2023/05/21 08:08:25.546537 logger.go:32: generate Block[fkqllwqflaakmcosxdln] in seq 283 at 546526300
[Consesus log] 2023/05/21 08:08:25.747679 logger.go:32: commit Block[oiglpptznbueozjxitch] in seq 273 at 747670500
[Consesus log] 2023/05/21 08:08:25.747806 logger.go:32: commit Block[adyghbxwhoyovjvsvgwr] in seq 274 at 747801100
[Consesus log] 2023/05/21 08:08:25.747903 logger.go:32: commit Block[unrfbknwwzxytdfilkqd] in seq 275 at 747898800
[Consesus log] 2023/05/21 08:08:25.748020 logger.go:32: commit Block[ryvalicmfdvkrjpskece] in seq 276 at 748015500
[Consesus log] 2023/05/21 08:08:25.748184 logger.go:32: commit Block[abuvhewexjkpdimogeza] in seq 277 at 748176900
[Consesus log] 2023/05/21 08:08:25.748295 logger.go:32: commit Block[sktimxrsyhtughtuprll] in seq 278 at 748289400
[Consesus log] 2023/05/21 08:08:27.385444 logger.go:32: commit Block[njzibpfbkoriqrpcclkj] in seq 279 at 385418800
[Consesus log] 2023/05/21 08:08:27.386697 logger.go:32: commit Block[epimixgkiipwksjrokhl] in seq 280 at 386686900
[Consesus log] 2023/05/21 08:08:27.386825 logger.go:32: commit Block[mtsawmhtmhlhewnpewap] in seq 281 at 386821000
[Consesus log] 2023/05/21 08:08:27.386920 logger.go:32: commit Block[wlldpbwenmvuldijxwdm] in seq 282 at 386916000
[Consesus log] 2023/05/21 08:08:27.387015 logger.go:32: commit Block[uydybjlgctjnvqapztjk] in seq 283 at 387010800
[Consesus log] 2023/05/21 08:08:27.387125 logger.go:32: commit Block[pugomgfipvvvtpxcvqbu] in seq 284 at 387120200
[Consesus log] 2023/05/21 08:08:27.387227 logger.go:32: commit Block[dmuulrnmmktguamfnrvf] in seq 285 at 387223000
[Consesus log] 2023/05/21 08:08:27.387323 logger.go:32: commit Block[mfxnavmtngdfarsafkgn] in seq 286 at 387318500
[Consesus log] 2023/05/21 08:08:27.387429 logger.go:32: commit Block[iakqcegjijcbgffmqfau] in seq 287 at 387425000
[Consesus log] 2023/05/21 08:08:27.387531 logger.go:32: commit Block[wzxqbkkcfwvlgrppkatx] in seq 288 at 387526600
[Consesus log] 2023/05/21 08:08:27.387625 logger.go:32: commit Block[xubbglkbfztccayaqhek] in seq 289 at 387620400
[Consesus log] 2023/05/21 08:08:27.387719 logger.go:32: commit Block[zpzlymalqhetxxzpltji] in seq 290 at 387714600
[Consesus log] 2023/05/21 08:08:27.387824 logger.go:32: commit Block[jmfgwmjzbewqtbewiote] in seq 291 at 387816400
[Consesus log] 2023/05/21 08:08:27.387938 logger.go:32: commit Block[kjewgecdtgipwjlslrlz] in seq 292 at 387933100
[Consesus log] 2023/05/21 08:08:27.388033 logger.go:32: commit Block[dplrrdnplsanpblnncgo] in seq 293 at 388028200
[Consesus log] 2023/05/21 08:08:27.388140 logger.go:32: commit Block[trrjoiltvgxudlzlorhz] in seq 294 at 388135700
[Consesus log] 2023/05/21 08:08:27.388246 logger.go:32: commit Block[lvfzxiqyxoxuovzduonk] in seq 295 at 388241600
[Consesus log] 2023/05/21 08:08:27.388341 logger.go:32: commit Block[xapojsqagnwekvbsrkku] in seq 296 at 388337400
[Consesus log] 2023/05/21 08:08:27.388443 logger.go:32: commit Block[dwqvyjsvktkmstwnddvi] in seq 297 at 388432700
[Consesus log] 2023/05/21 08:08:27.388604 logger.go:32: commit Block[ipjdceeebyfoqguedjrm] in seq 298 at 388594900
[Consesus log] 2023/05/21 08:08:28.190474 logger.go:32: commit Block[uoylnepfypokztmsevsn] in seq 299 at 190453600
[Consesus log] 2023/05/21 08:08:28.191084 logger.go:32: commit Block[oqyvfbhiozhikmlofgae] in seq 300 at 191076300
[Consesus log] 2023/05/21 08:08:28.191201 logger.go:32: commit Block[vhsipkphvypbqxumdqnt] in seq 301 at 191195700
[Consesus log] 2023/05/21 08:08:28.191292 logger.go:32: commit Block[bfjfwceshdkjiqmdzooy] in seq 302 at 191288700
[Consesus log] 2023/05/21 08:08:28.191364 logger.go:32: commit Block[assxufmpnzumnjlebfgn] in seq 303 at 191361400
[Consesus log] 2023/05/21 08:08:28.191433 logger.go:32: commit Block[vuqdnswccgichixkrxzy] in seq 304 at 191430400
[Consesus log] 2023/05/21 08:08:28.191504 logger.go:32: commit Block[vhorcgmqfnkadtlqorxa] in seq 305 at 191501300
[Consesus log] 2023/05/21 08:08:28.191686 logger.go:32: commit Block[tqloqvwokkatbwoihahr] in seq 306 at 191679000
[Consesus log] 2023/05/21 08:08:28.191781 logger.go:32: commit Block[chjvmcdmxtssexheaodf] in seq 307 at 191778200
[Consesus log] 2023/05/21 08:08:28.191851 logger.go:32: commit Block[nzjfjvugguitxgxysaen] in seq 308 at 191847900
[Consesus log] 2023/05/21 08:08:28.191921 logger.go:32: commit Block[eeeampsvfaydqvhremye] in seq 309 at 191919000
[Consesus log] 2023/05/21 08:08:28.191987 logger.go:32: commit Block[ecdeiaqeznrhnzfxyrmr] in seq 310 at 191984300
[Consesus log] 2023/05/21 08:08:28.192066 logger.go:32: commit Block[pclgfmoxhmtrercdhxww] in seq 311 at 192063500
[Consesus log] 2023/05/21 08:08:28.192235 logger.go:32: commit Block[wjtgqfceulrxmakoywrr] in seq 312 at 192230500
[Consesus log] 2023/05/21 08:08:29.290548 logger.go:32: commit Block[fjlohqplpmcukzzauufb] in seq 313 at 290535800
[Consesus log] 2023/05/21 08:08:29.290692 logger.go:32: commit Block[wohlqosqvuclhqsuxiam] in seq 314 at 290687100
[Consesus log] 2023/05/21 08:08:29.290807 logger.go:32: commit Block[qxyhwoceiexihitgdvws] in seq 315 at 290801600
[Consesus log] 2023/05/21 08:08:29.290903 logger.go:32: commit Block[dctcbklzlwxsgedpatcc] in seq 316 at 290898000
[Consesus log] 2023/05/21 08:08:29.290999 logger.go:32: commit Block[xfojucvgiybaqeaoknuv] in seq 317 at 290994800
[Consesus log] 2023/05/21 08:08:29.291092 logger.go:32: commit Block[jcyhadradoyjbzdvwxdt] in seq 318 at 291088200
[Consesus log] 2023/05/21 08:08:29.291186 logger.go:32: commit Block[xugyozzaudvapisxspay] in seq 319 at 291181500
[Consesus log] 2023/05/21 08:08:29.291279 logger.go:32: commit Block[yusvghzrqppkcekyyavf] in seq 320 at 291275100
[Consesus log] 2023/05/21 08:08:29.291376 logger.go:32: commit Block[uveinsrivrdgpkonieky] in seq 321 at 291372400
[Consesus log] 2023/05/21 08:08:29.291470 logger.go:32: commit Block[iqtgkidjoxgdcpqsoudy] in seq 322 at 291466300
[Consesus log] 2023/05/21 08:08:29.291576 logger.go:32: commit Block[ucnwqdomjoljqabmuymm] in seq 323 at 291571500
[Consesus log] 2023/05/21 08:08:29.291707 logger.go:32: commit Block[hmydprefoinomvgyrxib] in seq 324 at 291702400
[Consesus log] 2023/05/21 08:08:29.803099 logger.go:32: commit Block[zlfbxmnztvuzfudjajyy] in seq 325 at 803088400
[Consesus log] 2023/05/21 08:08:31.416603 logger.go:32: commit Block[xspipqoanjfrdvqnabvi] in seq 326 at 416585400
[Consesus log] 2023/05/21 08:08:31.416789 logger.go:32: commit Block[glpiuiutnasfvmdwjlfr] in seq 327 at 416782500
[Consesus log] 2023/05/21 08:08:31.416887 logger.go:32: commit Block[rllzdawrroywpxtnslbn] in seq 328 at 416882300
[Consesus log] 2023/05/21 08:08:31.416983 logger.go:32: commit Block[atwtevfefihbptyttvfr] in seq 329 at 416979100
[Consesus log] 2023/05/21 08:08:31.417125 logger.go:32: commit Block[iedgrxksgyotbizvmvbp] in seq 330 at 417119400
[Consesus log] 2023/05/21 08:08:31.417224 logger.go:32: commit Block[uobjjyrnmytczubvxilu] in seq 331 at 417220100
[Consesus log] 2023/05/21 08:08:31.417317 logger.go:32: commit Block[dxdwnrybdwkvfjkybgus] in seq 332 at 417313200
[Consesus log] 2023/05/21 08:08:31.417441 logger.go:32: commit Block[jaypdtqrcwpqrktcxmvf] in seq 333 at 417436100
[Consesus log] 2023/05/21 08:08:31.417545 logger.go:32: commit Block[wkfrclmooqmahyzqezmf] in seq 334 at 417540500
[Consesus log] 2023/05/21 08:08:31.417644 logger.go:32: commit Block[tnfgwnzxttconyivhxhn] in seq 335 at 417639300
[Consesus log] 2023/05/21 08:08:31.417741 logger.go:32: commit Block[fsyboqqtbezzrwitrzuq] in seq 336 at 417736200
[Consesus log] 2023/05/21 08:08:31.417856 logger.go:32: commit Block[nserpjpjbntgegrmjzrf] in seq 337 at 417851400
[Consesus log] 2023/05/21 08:08:31.417970 logger.go:32: commit Block[unghzsvjpkqnglfundvn] in seq 338 at 417966300
[Consesus log] 2023/05/21 08:08:31.418065 logger.go:32: commit Block[tbqolepygxxoeihbuahf] in seq 339 at 418061200
[Consesus log] 2023/05/21 08:08:31.418159 logger.go:32: commit Block[jbusnhmhflblrmuxxzsa] in seq 340 at 418155100
[Consesus log] 2023/05/21 08:08:31.418255 logger.go:32: commit Block[wqrxcrkjszwylolfbmjf] in seq 341 at 418251100
[Consesus log] 2023/05/21 08:08:31.418349 logger.go:32: commit Block[hxlvomoknodovtgjezwo] in seq 342 at 418345200
[Consesus log] 2023/05/21 08:08:31.418442 logger.go:32: commit Block[xrvnsqnhvreswbmdcvml] in seq 343 at 418437600
[Consesus log] 2023/05/21 08:08:31.418551 logger.go:32: commit Block[alztuxivjqyhqroyylie] in seq 344 at 418546700
[Consesus log] 2023/05/21 08:08:31.418650 logger.go:32: commit Block[krhubefinrgfwhstkmoj] in seq 345 at 418645400
[Consesus log] 2023/05/21 08:08:31.418744 logger.go:32: commit Block[cititmpvmchtnskmufzq] in seq 346 at 418740000
[Consesus log] 2023/05/21 08:08:31.418839 logger.go:32: commit Block[lrtcrdfmolserkxdmodq] in seq 347 at 418834800
[Consesus log] 2023/05/21 08:08:31.418924 logger.go:32: commit Block[mbrnoigdhrcaypiomfmc] in seq 348 at 418920000
[Consesus log] 2023/05/21 08:08:31.419026 logger.go:32: commit Block[nsqgwqcxcehjrrmgdugr] in seq 349 at 419005700
[Consesus log] 2023/05/21 08:08:31.718549 logger.go:32: generate Block[qjjlxhljxtorqpqajgum] in seq 363 at 718523300
[Consesus log] 2023/05/21 08:08:31.770083 logger.go:32: generate Block[gdjhhgvssksvhkqhdtkx] in seq 364 at 770057400
[Consesus log] 2023/05/21 08:08:31.821107 logger.go:32: generate Block[cbseagwinxcyngcogcvw] in seq 365 at 821016400
[Consesus log] 2023/05/21 08:08:31.872036 logger.go:32: generate Block[zjggbcyxzyhotnheftho] in seq 366 at 872015400
[Consesus log] 2023/05/21 08:08:31.922647 logger.go:32: generate Block[kfmmzsueqcfjaqiwqckz] in seq 367 at 922627000
[Consesus log] 2023/05/21 08:08:31.973996 logger.go:32: generate Block[souaaubtqygjgnqpadvy] in seq 368 at 973968800
[Consesus log] 2023/05/21 08:08:32.024790 logger.go:32: generate Block[xxypzktrdejjregywcjr] in seq 369 at 24770600
[Consesus log] 2023/05/21 08:08:32.076817 logger.go:32: generate Block[gwjptsuyujanibpflmpy] in seq 370 at 76776800
[Consesus log] 2023/05/21 08:08:32.127539 logger.go:32: generate Block[mtibslruetmruftdmgpm] in seq 371 at 127522500
[Consesus log] 2023/05/21 08:08:32.178355 logger.go:32: generate Block[yekjlhwreolgoxpkrhqm] in seq 372 at 178284300
[Consesus log] 2023/05/21 08:08:32.228774 logger.go:32: generate Block[zwmpejqjchjvcyaltany] in seq 373 at 228760100
[Consesus log] 2023/05/21 08:08:32.283600 logger.go:32: generate Block[ntduawprprhazqtjcete] in seq 374 at 283584600
[Consesus log] 2023/05/21 08:08:32.334766 logger.go:32: generate Block[qqdgbnmtlsfyplnqyndl] in seq 375 at 334749800
[Consesus log] 2023/05/21 08:08:32.385789 logger.go:32: generate Block[hcafiaqsjhkqqxvjfplp] in seq 376 at 385772100
[Consesus log] 2023/05/21 08:08:32.437096 logger.go:32: generate Block[ennejdndqydacufffvap] in seq 377 at 437007300
[Consesus log] 2023/05/21 08:08:32.437389 logger.go:32: commit Block[chirqqshpipuhjhjrotw] in seq 350 at 437381900
[Consesus log] 2023/05/21 08:08:32.437520 logger.go:32: commit Block[nfszfcfcoapoecxlpkmh] in seq 351 at 437497000
[Consesus log] 2023/05/21 08:08:32.437726 logger.go:32: commit Block[lmpdeimcqmdryyjxqoaj] in seq 352 at 437719000
[Consesus log] 2023/05/21 08:08:32.437824 logger.go:32: commit Block[guttryvuxesjgprxginf] in seq 353 at 437819700
[Consesus log] 2023/05/21 08:08:32.437931 logger.go:32: commit Block[dbzcpvtcpllbawykohbk] in seq 354 at 437925900
[Consesus log] 2023/05/21 08:08:32.438019 logger.go:32: commit Block[pjclcwsianujmldasmql] in seq 355 at 438015400
[Consesus log] 2023/05/21 08:08:32.438131 logger.go:32: commit Block[iuithgsvqkzrgwtanmvu] in seq 356 at 438127100
[Consesus log] 2023/05/21 08:08:32.438213 logger.go:32: commit Block[vzlptekzsysyjgjaewpv] in seq 357 at 438209100
[Consesus log] 2023/05/21 08:08:32.438575 logger.go:32: commit Block[mwiipkkegrpvjtfuvkxq] in seq 358 at 438564700
[Consesus log] 2023/05/21 08:08:32.438782 logger.go:32: commit Block[glagxtgpvzljdnawampb] in seq 359 at 438774100
[Consesus log] 2023/05/21 08:08:32.438919 logger.go:32: commit Block[fsrzoxctifnebfwjdtgz] in seq 360 at 438912000
[Consesus log] 2023/05/21 08:08:32.439071 logger.go:32: commit Block[axxhmofpheceefsxegxt] in seq 361 at 439061700
[Consesus log] 2023/05/21 08:08:32.439212 logger.go:32: commit Block[dxhqjqhllxsubudreybn] in seq 362 at 439206700
[Consesus log] 2023/05/21 08:08:32.489687 logger.go:32: generate Block[zsewhrmzdthnbmeholbo] in seq 378 at 489656100
[Consesus log] 2023/05/21 08:08:32.541125 logger.go:32: generate Block[pqzmozftoqadsgsuxqwo] in seq 379 at 541106200
[Consesus log] 2023/05/21 08:08:32.592335 logger.go:32: generate Block[lxwedvceycmnptfpvofr] in seq 380 at 592316800
[Consesus log] 2023/05/21 08:08:32.643959 logger.go:32: generate Block[hzwbenjivpkvogemmrtq] in seq 381 at 643941700
[Consesus log] 2023/05/21 08:08:32.697712 logger.go:32: generate Block[ulcitphdnjlnueegmhgk] in seq 382 at 697696400
[Consesus log] 2023/05/21 08:08:32.748093 logger.go:32: generate Block[jnbynxrxuijvhduikfsx] in seq 383 at 748074400
[Consesus log] 2023/05/21 08:08:32.798718 logger.go:32: generate Block[fyzcgufoxteggjznvzqp] in seq 384 at 798701500
