[Consesus log] 2023/05/21 14:55:11.752667 logger.go:32: commit Block[jwgpnwzjrvmeusbennds] in seq 1 at 752655100
[Consesus log] 2023/05/21 14:55:11.752868 logger.go:32: commit Block[azvtboregpcaltuncdbw] in seq 2 at 752862200
[Consesus log] 2023/05/21 14:55:13.722589 logger.go:32: generate Block[dinwrsmqbgsucuxjmmak] in seq 29 at 722567800
[Consesus log] 2023/05/21 14:55:13.773841 logger.go:32: generate Block[klqpxufnkuobkbfjqtog] in seq 30 at 773828500
[Consesus log] 2023/05/21 14:55:13.824333 logger.go:32: generate Block[mgolmtzwsfxdyknhxtug] in seq 31 at 824320600
[Consesus log] 2023/05/21 14:55:13.876565 logger.go:32: generate Block[gypkiuapgoqcnchjbkfd] in seq 32 at 876532500
[Consesus log] 2023/05/21 14:55:13.927041 logger.go:32: generate Block[xyockvirnwhbafparalq] in seq 33 at 927022200
[Consesus log] 2023/05/21 14:55:13.977712 logger.go:32: generate Block[vkkjrsmgvkocfwdheloo] in seq 34 at 977663000
[Consesus log] 2023/05/21 14:55:13.978105 logger.go:32: commit Block[xqipoblymgtxgsqziogo] in seq 3 at 978101500
[Consesus log] 2023/05/21 14:55:13.978184 logger.go:32: commit Block[czbhvhhkyxzbdrhkafwf] in seq 4 at 978180700
[Consesus log] 2023/05/21 14:55:13.978249 logger.go:32: commit Block[phkldnrekdznpuacgvrs] in seq 5 at 978246700
[Consesus log] 2023/05/21 14:55:13.978319 logger.go:32: commit Block[ancwdlalbeagafcstxsn] in seq 6 at 978316300
[Consesus log] 2023/05/21 14:55:13.978579 logger.go:32: commit Block[wdbnjjwohlupcncsrpiw] in seq 7 at 978573400
[Consesus log] 2023/05/21 14:55:13.978670 logger.go:32: commit Block[qcjsualifgtcviadrhhs] in seq 8 at 978666700
[Consesus log] 2023/05/21 14:55:13.978818 logger.go:32: commit Block[oimgxnlzghhybtekowmm] in seq 9 at 978812900
[Consesus log] 2023/05/21 14:55:13.978903 logger.go:32: commit Block[mbqbxslswhxhvyzsndsc] in seq 10 at 978900400
[Consesus log] 2023/05/21 14:55:13.978979 logger.go:32: commit Block[yrxjzlchhfttrjoqxbbv] in seq 11 at 978976700
[Consesus log] 2023/05/21 14:55:13.979161 logger.go:32: commit Block[lruklxvfqcrfqauqfqiy] in seq 12 at 979158100
[Consesus log] 2023/05/21 14:55:13.979308 logger.go:32: commit Block[vtdcxmhbnrcicestktdm] in seq 13 at 979302100
[Consesus log] 2023/05/21 14:55:13.979422 logger.go:32: commit Block[quubdhmttwxongunbbfz] in seq 14 at 979418700
[Consesus log] 2023/05/21 14:55:13.979503 logger.go:32: commit Block[ndbitwxwdizbedxbpube] in seq 15 at 979500500
[Consesus log] 2023/05/21 14:55:13.979578 logger.go:32: commit Block[qagltpqvwenwfvcjbopp] in seq 16 at 979575100
[Consesus log] 2023/05/21 14:55:13.979715 logger.go:32: commit Block[vgxybmcgdagyppthnljb] in seq 17 at 979712100
[Consesus log] 2023/05/21 14:55:13.979795 logger.go:32: commit Block[klldtgbqesjtjxeurkgh] in seq 18 at 979791800
[Consesus log] 2023/05/21 14:55:13.979868 logger.go:32: commit Block[chjffogwpgnmccpahmzw] in seq 19 at 979865300
[Consesus log] 2023/05/21 14:55:13.979955 logger.go:32: commit Block[arlhdffwyuhldmzvdqnm] in seq 20 at 979952300
[Consesus log] 2023/05/21 14:55:13.980031 logger.go:32: commit Block[kwjxcirswqtkyfregqpe] in seq 21 at 980028700
[Consesus log] 2023/05/21 14:55:13.980106 logger.go:32: commit Block[kihhzoimcblrsexenzre] in seq 22 at 980103600
[Consesus log] 2023/05/21 14:55:14.515479 logger.go:32: commit Block[jetsbhhcoodrbengivir] in seq 23 at 515469300
[Consesus log] 2023/05/21 14:55:14.515650 logger.go:32: commit Block[yxkxbgbaggktaawefyrs] in seq 24 at 515642300
[Consesus log] 2023/05/21 14:55:14.515897 logger.go:32: commit Block[nritdndwddpwtnomvmlk] in seq 25 at 515883400
[Consesus log] 2023/05/21 14:55:14.516029 logger.go:32: commit Block[lpdrhlghzhwybyazaztj] in seq 26 at 516023500
[Consesus log] 2023/05/21 14:55:14.516168 logger.go:32: commit Block[gihjjcwelekbwogscmsj] in seq 27 at 516163600
[Consesus log] 2023/05/21 14:55:14.516281 logger.go:32: commit Block[ghhkvzpjovlhqmtesfrh] in seq 28 at 516276600
[Consesus log] 2023/05/21 14:55:14.925310 logger.go:32: commit Block[nvhqdiosnvdsxnbcmljs] in seq 29 at 925299400
[Consesus log] 2023/05/21 14:55:14.925868 logger.go:32: commit Block[hmtghrwjolupvtwigert] in seq 30 at 925859900
[Consesus log] 2023/05/21 14:55:15.752132 logger.go:32: generate Block[hbeyqdrrryarfhnoslkt] in seq 61 at 752114700
[Consesus log] 2023/05/21 14:55:15.804060 logger.go:32: generate Block[pblkxqihnbdbvfpxkbcj] in seq 62 at 804040600
[Consesus log] 2023/05/21 14:55:15.855061 logger.go:32: generate Block[dzjafwiblwvxzkdlhhcz] in seq 63 at 855040100
[Consesus log] 2023/05/21 14:55:15.905598 logger.go:32: generate Block[jhjgjhvjqstfkpbzoyvz] in seq 64 at 905576900
[Consesus log] 2023/05/21 14:55:15.957420 logger.go:32: generate Block[ebbksuyblyvzwlhsgjhm] in seq 65 at 957393700
[Consesus log] 2023/05/21 14:55:16.008315 logger.go:32: generate Block[xtkbqfavcxsdkfevnrmk] in seq 66 at 8290700
[Consesus log] 2023/05/21 14:55:16.059474 logger.go:32: generate Block[ttfkkssezdmjvvbxbhif] in seq 67 at 59453300
[Consesus log] 2023/05/21 14:55:16.110521 logger.go:32: generate Block[qfwrohsnhhpseizbtecw] in seq 68 at 110488300
[Consesus log] 2023/05/21 14:55:16.161210 logger.go:32: generate Block[opvttxvtajyqgmoahycj] in seq 69 at 161170200
[Consesus log] 2023/05/21 14:55:16.212636 logger.go:32: generate Block[blkvkhftkiqvwcbweacl] in seq 70 at 212610800
[Consesus log] 2023/05/21 14:55:16.212857 logger.go:32: commit Block[ximfkldjyahdictjmllz] in seq 31 at 212853100
[Consesus log] 2023/05/21 14:55:16.212930 logger.go:32: commit Block[hkaewjwvhqvanbfqnmlr] in seq 32 at 212926100
[Consesus log] 2023/05/21 14:55:16.213047 logger.go:32: commit Block[wpllabxjxrhhcmronnca] in seq 33 at 213043800
[Consesus log] 2023/05/21 14:55:16.213117 logger.go:32: commit Block[prdcobsbpzmmjvtqgpfj] in seq 34 at 213114300
[Consesus log] 2023/05/21 14:55:16.213215 logger.go:32: commit Block[npagrswvpejbkeenekre] in seq 35 at 213209700
[Consesus log] 2023/05/21 14:55:16.213340 logger.go:32: commit Block[yuiuztlelrglukdnckcv] in seq 36 at 213334300
[Consesus log] 2023/05/21 14:55:16.213438 logger.go:32: commit Block[tuzibpfzwtlmkociicib] in seq 37 at 213435000
[Consesus log] 2023/05/21 14:55:16.213634 logger.go:32: commit Block[faftcvycxzebthintfnv] in seq 38 at 213628700
[Consesus log] 2023/05/21 14:55:16.213748 logger.go:32: commit Block[jajhurzrgojogzxhbjtk] in seq 39 at 213745600
[Consesus log] 2023/05/21 14:55:16.213816 logger.go:32: commit Block[cljydggsesjnhgtryvna] in seq 40 at 213813600
[Consesus log] 2023/05/21 14:55:16.214002 logger.go:32: commit Block[funfvulyuvrzbnkdamll] in seq 41 at 213996200
[Consesus log] 2023/05/21 14:55:16.214083 logger.go:32: commit Block[nohpqpukiapksrsluhrb] in seq 42 at 214080500
[Consesus log] 2023/05/21 14:55:16.214148 logger.go:32: commit Block[spbxztdtzbcvztwtuqxm] in seq 43 at 214145700
[Consesus log] 2023/05/21 14:55:16.214213 logger.go:32: commit Block[ugsurzaonfaazioysnav] in seq 44 at 214210200
[Consesus log] 2023/05/21 14:55:16.214277 logger.go:32: commit Block[kjtplkbtnrljdnnicyuv] in seq 45 at 214274500
[Consesus log] 2023/05/21 14:55:16.214342 logger.go:32: commit Block[axekvjaqpuswcttjdsou] in seq 46 at 214338900
[Consesus log] 2023/05/21 14:55:16.214426 logger.go:32: commit Block[gpsxvnswzfbkbkguuxnq] in seq 47 at 214423700
[Consesus log] 2023/05/21 14:55:16.214503 logger.go:32: commit Block[acnwvqeymzcbsrzhvvxm] in seq 48 at 214500000
[Consesus log] 2023/05/21 14:55:16.214642 logger.go:32: commit Block[dsspexmruuztzltjknar] in seq 49 at 214635900
[Consesus log] 2023/05/21 14:55:16.214724 logger.go:32: commit Block[ihhahtbtsrxbqaijdffi] in seq 50 at 214721500
[Consesus log] 2023/05/21 14:55:16.214822 logger.go:32: commit Block[qocrcdzjykgidwevudfl] in seq 51 at 214816200
[Consesus log] 2023/05/21 14:55:16.214915 logger.go:32: commit Block[pxxrwwbxyxhokkigmphs] in seq 52 at 214911800
[Consesus log] 2023/05/21 14:55:16.215027 logger.go:32: commit Block[ncuevpilkbvctytyvpqp] in seq 53 at 215024200
[Consesus log] 2023/05/21 14:55:16.215331 logger.go:32: commit Block[legjbhvyesslrkkcjwvh] in seq 54 at 215325900
[Consesus log] 2023/05/21 14:55:16.215432 logger.go:32: commit Block[vpmknrrztukysqfpzvmw] in seq 55 at 215427100
[Consesus log] 2023/05/21 14:55:16.215533 logger.go:32: commit Block[jnpoerfwgpgrgbgxtrdl] in seq 56 at 215529100
[Consesus log] 2023/05/21 14:55:16.215664 logger.go:32: commit Block[lgznamnsrmzxkmecsgsz] in seq 57 at 215652900
[Consesus log] 2023/05/21 14:55:16.215775 logger.go:32: commit Block[alcpoyhpigbvduvhlqxx] in seq 58 at 215770600
[Consesus log] 2023/05/21 14:55:16.215871 logger.go:32: commit Block[sluwthfdzytqznvippnq] in seq 59 at 215867200
[Consesus log] 2023/05/21 14:55:16.215972 logger.go:32: commit Block[jkcxjuhassmgrhvdjmwh] in seq 60 at 215967600
[Consesus log] 2023/05/21 14:55:16.266221 logger.go:32: generate Block[xkowneetklngikfkfjcx] in seq 71 at 266205900
[Consesus log] 2023/05/21 14:55:16.316815 logger.go:32: generate Block[uiflgvljutgmgihvtzhu] in seq 72 at 316800200
[Consesus log] 2023/05/21 14:55:16.367537 logger.go:32: generate Block[gyotcizujhspvxjxprts] in seq 73 at 367516000
[Consesus log] 2023/05/21 14:55:16.418256 logger.go:32: generate Block[vetkoataqcdltipuefbu] in seq 74 at 418240300
[Consesus log] 2023/05/21 14:55:16.469292 logger.go:32: generate Block[dkmupttmhrqjerurjhew] in seq 75 at 469270500
[Consesus log] 2023/05/21 14:55:16.521626 logger.go:32: generate Block[axsjvzhpkvgbcthkwxjl] in seq 76 at 521614000
[Consesus log] 2023/05/21 14:55:16.573116 logger.go:32: generate Block[ckvvyduvnaiswusxlrmi] in seq 77 at 573103500
[Consesus log] 2023/05/21 14:55:16.624698 logger.go:32: generate Block[fvdeznhbfatllshyvuqx] in seq 78 at 624683700
[Consesus log] 2023/05/21 14:55:16.675410 logger.go:32: generate Block[gbsosuoegtysacpfsnsk] in seq 79 at 675393700
[Consesus log] 2023/05/21 14:55:16.725923 logger.go:32: generate Block[ypxntnktelqjadgezeyr] in seq 80 at 725899000
[Consesus log] 2023/05/21 14:55:16.726241 logger.go:32: commit Block[hbeyqdrrryarfhnoslkt] in seq 61 at 726236500
[Consesus log] 2023/05/21 14:55:16.726353 logger.go:32: commit Block[pblkxqihnbdbvfpxkbcj] in seq 62 at 726344400
[Consesus log] 2023/05/21 14:55:16.778427 logger.go:32: generate Block[wgumgnuspkrlwtvnhqqi] in seq 81 at 778414500
[Consesus log] 2023/05/21 14:55:16.828831 logger.go:32: generate Block[puxxkgvabbzzupylhmxg] in seq 82 at 828819000
[Consesus log] 2023/05/21 14:55:16.879248 logger.go:32: generate Block[ggrxqkedsbsruosvwldk] in seq 83 at 879232400
[Consesus log] 2023/05/21 14:55:16.930575 logger.go:32: generate Block[nqdxiylrzdonomzarraj] in seq 84 at 930554400
[Consesus log] 2023/05/21 14:55:16.981155 logger.go:32: generate Block[wonlyftjcixcpgkymtoc] in seq 85 at 981140200
[Consesus log] 2023/05/21 14:55:17.032112 logger.go:32: generate Block[wfdjjbtpgvhosrrstxgu] in seq 86 at 32100300
[Consesus log] 2023/05/21 14:55:17.083323 logger.go:32: generate Block[icwlzxxpcqetmogxxxra] in seq 87 at 83308000
[Consesus log] 2023/05/21 14:55:17.134457 logger.go:32: generate Block[ubnsjxwyvbaqmbucrvqn] in seq 88 at 134435600
[Consesus log] 2023/05/21 14:55:17.187838 logger.go:32: generate Block[hwsbfyacmohcyqtlaxpq] in seq 89 at 187823000
[Consesus log] 2023/05/21 14:55:17.239348 logger.go:32: generate Block[xhkbrtaafcobsnhvpddt] in seq 90 at 239333200
[Consesus log] 2023/05/21 14:55:17.289763 logger.go:32: generate Block[axytjgratoajcpgimoub] in seq 91 at 289748100
[Consesus log] 2023/05/21 14:55:17.342977 logger.go:32: generate Block[sikrwiqjfqhouftwbolg] in seq 92 at 342961500
[Consesus log] 2023/05/21 14:55:17.394525 logger.go:32: generate Block[gtvtxodrpssccfylewkw] in seq 93 at 394514600
[Consesus log] 2023/05/21 14:55:17.445344 logger.go:32: generate Block[hjgrdijurjfgyjtvlghk] in seq 94 at 445330600
[Consesus log] 2023/05/21 14:55:18.515338 logger.go:32: generate Block[pbdmnqsnnwhpsnrcqlxa] in seq 96 at 515310700
[Consesus log] 2023/05/21 14:55:18.565978 logger.go:32: generate Block[fqxzptxhwwidahcwngja] in seq 97 at 565963800
[Consesus log] 2023/05/21 14:55:18.617179 logger.go:32: generate Block[ewwntzjhgeihhsoejumw] in seq 98 at 617164200
[Consesus log] 2023/05/21 14:55:18.669530 logger.go:32: generate Block[zmhiojuedvmniwpgpcks] in seq 99 at 669512300
[Consesus log] 2023/05/21 14:55:18.719981 logger.go:32: generate Block[vqamvjvjyangvrznmiew] in seq 100 at 719959800
[Consesus log] 2023/05/21 14:55:18.770414 logger.go:32: generate Block[jualjshyfqshpnupmugh] in seq 101 at 770393700
[Consesus log] 2023/05/21 14:55:18.821689 logger.go:32: generate Block[mrdmwstfkpsscetgqvnv] in seq 102 at 821672800
[Consesus log] 2023/05/21 14:55:18.821939 logger.go:32: commit Block[dzjafwiblwvxzkdlhhcz] in seq 63 at 821934900
[Consesus log] 2023/05/21 14:55:18.822013 logger.go:32: commit Block[jhjgjhvjqstfkpbzoyvz] in seq 64 at 822009800
[Consesus log] 2023/05/21 14:55:18.822080 logger.go:32: commit Block[ebbksuyblyvzwlhsgjhm] in seq 65 at 822077800
[Consesus log] 2023/05/21 14:55:18.822150 logger.go:32: commit Block[xtkbqfavcxsdkfevnrmk] in seq 66 at 822147000
[Consesus log] 2023/05/21 14:55:18.822327 logger.go:32: commit Block[ttfkkssezdmjvvbxbhif] in seq 67 at 822320500
[Consesus log] 2023/05/21 14:55:18.822412 logger.go:32: commit Block[qfwrohsnhhpseizbtecw] in seq 68 at 822408700
[Consesus log] 2023/05/21 14:55:18.822563 logger.go:32: commit Block[opvttxvtajyqgmoahycj] in seq 69 at 822557000
[Consesus log] 2023/05/21 14:55:18.822652 logger.go:32: commit Block[blkvkhftkiqvwcbweacl] in seq 70 at 822649200
[Consesus log] 2023/05/21 14:55:18.822719 logger.go:32: commit Block[xkowneetklngikfkfjcx] in seq 71 at 822716400
[Consesus log] 2023/05/21 14:55:18.822796 logger.go:32: commit Block[uiflgvljutgmgihvtzhu] in seq 72 at 822786100
[Consesus log] 2023/05/21 14:55:18.822927 logger.go:32: commit Block[gyotcizujhspvxjxprts] in seq 73 at 822921300
[Consesus log] 2023/05/21 14:55:18.823003 logger.go:32: commit Block[vetkoataqcdltipuefbu] in seq 74 at 823000400
[Consesus log] 2023/05/21 14:55:18.823068 logger.go:32: commit Block[dkmupttmhrqjerurjhew] in seq 75 at 823065900
[Consesus log] 2023/05/21 14:55:18.823133 logger.go:32: commit Block[axsjvzhpkvgbcthkwxjl] in seq 76 at 823130800
[Consesus log] 2023/05/21 14:55:18.823200 logger.go:32: commit Block[ckvvyduvnaiswusxlrmi] in seq 77 at 823197000
[Consesus log] 2023/05/21 14:55:18.823265 logger.go:32: commit Block[fvdeznhbfatllshyvuqx] in seq 78 at 823261800
[Consesus log] 2023/05/21 14:55:18.823331 logger.go:32: commit Block[gbsosuoegtysacpfsnsk] in seq 79 at 823328300
[Consesus log] 2023/05/21 14:55:18.823418 logger.go:32: commit Block[ypxntnktelqjadgezeyr] in seq 80 at 823415500
[Consesus log] 2023/05/21 14:55:18.823489 logger.go:32: commit Block[wgumgnuspkrlwtvnhqqi] in seq 81 at 823486000
[Consesus log] 2023/05/21 14:55:18.823553 logger.go:32: commit Block[puxxkgvabbzzupylhmxg] in seq 82 at 823550500
[Consesus log] 2023/05/21 14:55:18.823622 logger.go:32: commit Block[ggrxqkedsbsruosvwldk] in seq 83 at 823619800
[Consesus log] 2023/05/21 14:55:18.823690 logger.go:32: commit Block[nqdxiylrzdonomzarraj] in seq 84 at 823687700
[Consesus log] 2023/05/21 14:55:18.823759 logger.go:32: commit Block[wonlyftjcixcpgkymtoc] in seq 85 at 823756500
[Consesus log] 2023/05/21 14:55:18.823828 logger.go:32: commit Block[wfdjjbtpgvhosrrstxgu] in seq 86 at 823825200
[Consesus log] 2023/05/21 14:55:18.823896 logger.go:32: commit Block[icwlzxxpcqetmogxxxra] in seq 87 at 823893300
[Consesus log] 2023/05/21 14:55:18.823974 logger.go:32: commit Block[ubnsjxwyvbaqmbucrvqn] in seq 88 at 823970800
[Consesus log] 2023/05/21 14:55:18.824049 logger.go:32: commit Block[hwsbfyacmohcyqtlaxpq] in seq 89 at 824046400
[Consesus log] 2023/05/21 14:55:18.824119 logger.go:32: commit Block[fbkenthfyzlqhxbfylfo] in seq 90 at 824116700
[Consesus log] 2023/05/21 14:55:18.824190 logger.go:32: commit Block[ztfvpeihcujucysydjnl] in seq 91 at 824187600
[Consesus log] 2023/05/21 14:55:18.824344 logger.go:32: commit Block[hagpbujgudjomvbmlpgz] in seq 92 at 824337800
[Consesus log] 2023/05/21 14:55:18.824537 logger.go:32: commit Block[tdflaajagpegqtgrrwfq] in seq 93 at 824492200
[Consesus log] 2023/05/21 14:55:18.824629 logger.go:32: commit Block[oifwxmpjucuxkgcabkyc] in seq 94 at 824626100
[Consesus log] 2023/05/21 14:55:18.824780 logger.go:32: commit Block[klfuzrceoeoggsawiyyr] in seq 95 at 824773300
[Consesus log] 2023/05/21 14:55:18.874971 logger.go:32: generate Block[wyeqeyqycbicwltbzqlj] in seq 103 at 874955300
[Consesus log] 2023/05/21 14:55:18.926306 logger.go:32: generate Block[badgarsenxkunmuddqhh] in seq 104 at 926288600
[Consesus log] 2023/05/21 14:55:18.977657 logger.go:32: generate Block[elintpjtvnjcgrudaffz] in seq 105 at 977641400
[Consesus log] 2023/05/21 14:55:19.029042 logger.go:32: generate Block[otxdaunpdptazwyhxshr] in seq 106 at 29026500
[Consesus log] 2023/05/21 14:55:19.079493 logger.go:32: generate Block[obfekgctbjddznravcdy] in seq 107 at 79470900
[Consesus log] 2023/05/21 14:55:19.130014 logger.go:32: generate Block[lupzczdmhralbupytcxj] in seq 108 at 129999400
[Consesus log] 2023/05/21 14:55:19.181668 logger.go:32: generate Block[uteebujxpbbdzeyolvly] in seq 109 at 181650700
[Consesus log] 2023/05/21 14:55:19.232687 logger.go:32: generate Block[rqghgulonbftoxbxzskp] in seq 110 at 232670000
[Consesus log] 2023/05/21 14:55:19.232937 logger.go:32: commit Block[pbdmnqsnnwhpsnrcqlxa] in seq 96 at 232933600
[Consesus log] 2023/05/21 14:55:19.233010 logger.go:32: commit Block[fqxzptxhwwidahcwngja] in seq 97 at 233007000
[Consesus log] 2023/05/21 14:55:19.233076 logger.go:32: commit Block[ewwntzjhgeihhsoejumw] in seq 98 at 233073700
[Consesus log] 2023/05/21 14:55:19.283234 logger.go:32: generate Block[jprnyvzquewifszaxkzf] in seq 111 at 283216500
[Consesus log] 2023/05/21 14:55:19.334006 logger.go:32: generate Block[ulrnlebsxjfkhntpkskv] in seq 112 at 333989800
[Consesus log] 2023/05/21 14:55:19.384747 logger.go:32: generate Block[ojdqfnctwcfholvyzoez] in seq 113 at 384720300
[Consesus log] 2023/05/21 14:55:19.436013 logger.go:32: generate Block[xwtbmqjvqlpufqoknsan] in seq 114 at 435998300
[Consesus log] 2023/05/21 14:55:19.488092 logger.go:32: generate Block[mcjgoiuojpetghyaxgnz] in seq 115 at 488071000
[Consesus log] 2023/05/21 14:55:19.538893 logger.go:32: generate Block[wxyhgybdxvizqrbiwqxe] in seq 116 at 538877500
[Consesus log] 2023/05/21 14:55:19.589570 logger.go:32: generate Block[marbojogjqvrnaifzuca] in seq 117 at 589557200
[Consesus log] 2023/05/21 14:55:19.640624 logger.go:32: generate Block[hdnwshccgvfjfmkspsag] in seq 118 at 640610000
[Consesus log] 2023/05/21 14:55:19.690961 logger.go:32: generate Block[osvkgfwslrssrldjfbmm] in seq 119 at 690946800
[Consesus log] 2023/05/21 14:55:19.742554 logger.go:32: generate Block[xylpqfqunrnogtxuanbi] in seq 120 at 742534300
[Consesus log] 2023/05/21 14:55:19.793419 logger.go:32: generate Block[iocrsbqbrjtrtiiygmsv] in seq 121 at 793400700
[Consesus log] 2023/05/21 14:55:19.793592 logger.go:32: commit Block[zmhiojuedvmniwpgpcks] in seq 99 at 793589700
[Consesus log] 2023/05/21 14:55:19.844567 logger.go:32: generate Block[cymrcluzafyymdgpgtqs] in seq 122 at 844555400
[Consesus log] 2023/05/21 14:55:19.895014 logger.go:32: generate Block[xubgrixextkkckughsmm] in seq 123 at 894995300
[Consesus log] 2023/05/21 14:55:19.946490 logger.go:32: generate Block[ilpdjkfclvkqgujpizfj] in seq 124 at 946477700
[Consesus log] 2023/05/21 14:55:19.996855 logger.go:32: generate Block[sonuhktvmxcdhyptwiwe] in seq 125 at 996844900
[Consesus log] 2023/05/21 14:55:20.047278 logger.go:32: generate Block[pwkxegopzdngwacfbtrn] in seq 126 at 47261000
[Consesus log] 2023/05/21 14:55:20.098541 logger.go:32: generate Block[ejwbegthfaxjajhptufm] in seq 127 at 98525600
[Consesus log] 2023/05/21 14:55:20.149463 logger.go:32: generate Block[rttoemkrkxoujwdvxryf] in seq 128 at 149450200
[Consesus log] 2023/05/21 14:55:20.199983 logger.go:32: generate Block[agcgbyozbjukowbhpskm] in seq 129 at 199971000
[Consesus log] 2023/05/21 14:55:20.252340 logger.go:32: generate Block[cgzayopfivmmuwncqnqh] in seq 130 at 252322400
[Consesus log] 2023/05/21 14:55:20.303495 logger.go:32: generate Block[rwmljjlbyzkudaikiuwq] in seq 131 at 303483800
[Consesus log] 2023/05/21 14:55:20.355161 logger.go:32: generate Block[xldcntkcmrtljkpaboqb] in seq 132 at 355143800
[Consesus log] 2023/05/21 14:55:20.405594 logger.go:32: generate Block[uhtgcdrmtbadshioiumb] in seq 133 at 405582000
[Consesus log] 2023/05/21 14:55:20.457213 logger.go:32: generate Block[pjhqqkmztvzyhmqlxdqz] in seq 134 at 457198700
[Consesus log] 2023/05/21 14:55:20.507967 logger.go:32: generate Block[naduwwtcdutkaubduumm] in seq 135 at 507951500
[Consesus log] 2023/05/21 14:55:20.559104 logger.go:32: generate Block[qwidgatzcjasmifrbwfk] in seq 136 at 559089200
[Consesus log] 2023/05/21 14:55:20.559301 logger.go:32: commit Block[vqamvjvjyangvrznmiew] in seq 100 at 559293700
[Consesus log] 2023/05/21 14:55:20.559482 logger.go:32: commit Block[jualjshyfqshpnupmugh] in seq 101 at 559473300
[Consesus log] 2023/05/21 14:55:20.610332 logger.go:32: generate Block[ylwnupnbdiquwmvjwcnr] in seq 137 at 610316800
[Consesus log] 2023/05/21 14:55:20.660927 logger.go:32: generate Block[yiwyeijjwfxhlzktjqur] in seq 138 at 660909700
[Consesus log] 2023/05/21 14:55:20.711573 logger.go:32: generate Block[uuatyzncrdruysnricwo] in seq 139 at 711554400
[Consesus log] 2023/05/21 14:55:20.762238 logger.go:32: generate Block[slccnrceyufayeychsqe] in seq 140 at 762223700
[Consesus log] 2023/05/21 14:55:20.812648 logger.go:32: generate Block[wongmpspcmhajcxguwja] in seq 141 at 812632200
[Consesus log] 2023/05/21 14:55:21.587635 logger.go:32: commit Block[mrdmwstfkpsscetgqvnv] in seq 102 at 587557600
[Consesus log] 2023/05/21 14:55:21.587806 logger.go:32: commit Block[wyeqeyqycbicwltbzqlj] in seq 103 at 587799800
[Consesus log] 2023/05/21 14:55:21.587929 logger.go:32: commit Block[badgarsenxkunmuddqhh] in seq 104 at 587924100
[Consesus log] 2023/05/21 14:55:21.588155 logger.go:32: commit Block[elintpjtvnjcgrudaffz] in seq 105 at 588149400
[Consesus log] 2023/05/21 14:55:21.588297 logger.go:32: commit Block[otxdaunpdptazwyhxshr] in seq 106 at 588291600
[Consesus log] 2023/05/21 14:55:21.588401 logger.go:32: commit Block[obfekgctbjddznravcdy] in seq 107 at 588396600
[Consesus log] 2023/05/21 14:55:21.588498 logger.go:32: commit Block[lupzczdmhralbupytcxj] in seq 108 at 588493300
[Consesus log] 2023/05/21 14:55:21.588596 logger.go:32: commit Block[uteebujxpbbdzeyolvly] in seq 109 at 588591200
[Consesus log] 2023/05/21 14:55:21.588696 logger.go:32: commit Block[rqghgulonbftoxbxzskp] in seq 110 at 588691100
[Consesus log] 2023/05/21 14:55:21.588831 logger.go:32: commit Block[jprnyvzquewifszaxkzf] in seq 111 at 588825700
[Consesus log] 2023/05/21 14:55:21.588934 logger.go:32: commit Block[ulrnlebsxjfkhntpkskv] in seq 112 at 588929900
[Consesus log] 2023/05/21 14:55:21.589037 logger.go:32: commit Block[ojdqfnctwcfholvyzoez] in seq 113 at 589032800
[Consesus log] 2023/05/21 14:55:21.589136 logger.go:32: commit Block[xwtbmqjvqlpufqoknsan] in seq 114 at 589131300
[Consesus log] 2023/05/21 14:55:21.589229 logger.go:32: commit Block[mcjgoiuojpetghyaxgnz] in seq 115 at 589225400
[Consesus log] 2023/05/21 14:55:21.589326 logger.go:32: commit Block[wxyhgybdxvizqrbiwqxe] in seq 116 at 589321300
[Consesus log] 2023/05/21 14:55:21.589418 logger.go:32: commit Block[marbojogjqvrnaifzuca] in seq 117 at 589414000
[Consesus log] 2023/05/21 14:55:21.589512 logger.go:32: commit Block[hdnwshccgvfjfmkspsag] in seq 118 at 589507900
[Consesus log] 2023/05/21 14:55:21.589608 logger.go:32: commit Block[osvkgfwslrssrldjfbmm] in seq 119 at 589604100
[Consesus log] 2023/05/21 14:55:21.589707 logger.go:32: commit Block[xylpqfqunrnogtxuanbi] in seq 120 at 589702300
[Consesus log] 2023/05/21 14:55:21.589843 logger.go:32: commit Block[iocrsbqbrjtrtiiygmsv] in seq 121 at 589838600
[Consesus log] 2023/05/21 14:55:21.589947 logger.go:32: commit Block[cymrcluzafyymdgpgtqs] in seq 122 at 589942100
[Consesus log] 2023/05/21 14:55:21.590044 logger.go:32: commit Block[xubgrixextkkckughsmm] in seq 123 at 590039200
[Consesus log] 2023/05/21 14:55:21.590149 logger.go:32: commit Block[ilpdjkfclvkqgujpizfj] in seq 124 at 590144400
[Consesus log] 2023/05/21 14:55:21.590241 logger.go:32: commit Block[sonuhktvmxcdhyptwiwe] in seq 125 at 590236600
[Consesus log] 2023/05/21 14:55:21.590336 logger.go:32: commit Block[pwkxegopzdngwacfbtrn] in seq 126 at 590331300
[Consesus log] 2023/05/21 14:55:21.590431 logger.go:32: commit Block[ejwbegthfaxjajhptufm] in seq 127 at 590426500
[Consesus log] 2023/05/21 14:55:21.590525 logger.go:32: commit Block[rttoemkrkxoujwdvxryf] in seq 128 at 590520800
[Consesus log] 2023/05/21 14:55:21.590632 logger.go:32: commit Block[agcgbyozbjukowbhpskm] in seq 129 at 590627100
[Consesus log] 2023/05/21 14:55:21.590732 logger.go:32: commit Block[cgzayopfivmmuwncqnqh] in seq 130 at 590727900
[Consesus log] 2023/05/21 14:55:21.590851 logger.go:32: commit Block[rwmljjlbyzkudaikiuwq] in seq 131 at 590847000
[Consesus log] 2023/05/21 14:55:21.590964 logger.go:32: commit Block[xldcntkcmrtljkpaboqb] in seq 132 at 590959200
[Consesus log] 2023/05/21 14:55:21.591062 logger.go:32: commit Block[uhtgcdrmtbadshioiumb] in seq 133 at 591057000
[Consesus log] 2023/05/21 14:55:21.591156 logger.go:32: commit Block[szmpkngbghtwfxtsilnh] in seq 134 at 591151400
[Consesus log] 2023/05/21 14:55:22.340394 logger.go:32: commit Block[ukqogzlmvuvmjkbrescg] in seq 135 at 340383400
[Consesus log] 2023/05/21 14:55:22.340541 logger.go:32: commit Block[qbqvtlhlbqvrvfjktupv] in seq 136 at 340532800
[Consesus log] 2023/05/21 14:55:22.340655 logger.go:32: commit Block[cvffihuinucopaofprlh] in seq 137 at 340649900
[Consesus log] 2023/05/21 14:55:22.340750 logger.go:32: commit Block[zemcwzcigufcnavtuvfq] in seq 138 at 340745700
[Consesus log] 2023/05/21 14:55:22.340845 logger.go:32: commit Block[vhdglplcnurhkgoshqol] in seq 139 at 340840400
[Consesus log] 2023/05/21 14:55:22.340936 logger.go:32: commit Block[gzlifrtxjrcnnqohwjwo] in seq 140 at 340931800
[Consesus log] 2023/05/21 14:55:22.341030 logger.go:32: commit Block[bgfherfuomctqapitplv] in seq 141 at 341025800
[Consesus log] 2023/05/21 14:55:22.341125 logger.go:32: commit Block[bnhardrhrxcdlaiaoszr] in seq 142 at 341120400
[Consesus log] 2023/05/21 14:55:22.341219 logger.go:32: commit Block[jmpjlxahppkywwxaybnt] in seq 143 at 341215200
[Consesus log] 2023/05/21 14:55:22.341349 logger.go:32: commit Block[xbdgtqsdylqlvxbvsbdu] in seq 144 at 341343400
[Consesus log] 2023/05/21 14:55:22.341443 logger.go:32: commit Block[rzhftlvkuuidwutsghyw] in seq 145 at 341439300
[Consesus log] 2023/05/21 14:55:22.341532 logger.go:32: commit Block[vfrdwjqvtzgeednhheoi] in seq 146 at 341528000
[Consesus log] 2023/05/21 14:55:22.341630 logger.go:32: commit Block[pvsllerlobzeitvhargb] in seq 147 at 341625300
[Consesus log] 2023/05/21 14:55:22.341724 logger.go:32: commit Block[zgfpfwwhxipkkwgaaria] in seq 148 at 341719500
[Consesus log] 2023/05/21 14:55:22.341817 logger.go:32: commit Block[oxtdeanqyehuxbzxhhuj] in seq 149 at 341812600
[Consesus log] 2023/05/21 14:55:22.341910 logger.go:32: commit Block[hozdmuearrmljruypsas] in seq 150 at 341905300
[Consesus log] 2023/05/21 14:55:22.342004 logger.go:32: commit Block[djnxsnzwsqekrlqxiqmv] in seq 151 at 341999500
[Consesus log] 2023/05/21 14:55:22.342096 logger.go:32: commit Block[aidtfpsekpdgndpbkodq] in seq 152 at 342092500
[Consesus log] 2023/05/21 14:55:22.342191 logger.go:32: commit Block[qgslewdmpocakbrsrkjr] in seq 153 at 342187300
[Consesus log] 2023/05/21 14:55:23.627886 logger.go:32: commit Block[luoyfipxfmmuvfuencxh] in seq 154 at 627876300
[Consesus log] 2023/05/21 14:55:23.628010 logger.go:32: commit Block[jppsdbsftgrvhyhobqtw] in seq 155 at 628005400
[Consesus log] 2023/05/21 14:55:23.628106 logger.go:32: commit Block[cudqebpnqoqvkxxsasgw] in seq 156 at 628101400
[Consesus log] 2023/05/21 14:55:23.628201 logger.go:32: commit Block[dvfqzrbmeqrbnnpiwmmh] in seq 157 at 628195900
[Consesus log] 2023/05/21 14:55:23.628296 logger.go:32: commit Block[npafypzztrclkmrxbsar] in seq 158 at 628291000
[Consesus log] 2023/05/21 14:55:23.628392 logger.go:32: commit Block[geermvxeuesrkusdqhlf] in seq 159 at 628387800
[Consesus log] 2023/05/21 14:55:23.628529 logger.go:32: commit Block[kkjmofmizwewunkmxjpf] in seq 160 at 628524900
[Consesus log] 2023/05/21 14:55:23.628624 logger.go:32: commit Block[ddnkgbceenwgsuohidhd] in seq 161 at 628619500
[Consesus log] 2023/05/21 14:55:23.628718 logger.go:32: commit Block[vmtjwmijwlhqrtlosiea] in seq 162 at 628713600
[Consesus log] 2023/05/21 14:55:23.628810 logger.go:32: commit Block[lldvotouxzokzbfrsiwt] in seq 163 at 628805500
[Consesus log] 2023/05/21 14:55:23.628901 logger.go:32: commit Block[uisqtmxwiypckfqhcfbi] in seq 164 at 628897100
[Consesus log] 2023/05/21 14:55:23.629004 logger.go:32: commit Block[yvmenalrjeulicbspqeq] in seq 165 at 629000300
[Consesus log] 2023/05/21 14:55:23.629104 logger.go:32: commit Block[bmyrvczskenxhhuoxfsf] in seq 166 at 629099600
[Consesus log] 2023/05/21 14:55:23.629196 logger.go:32: commit Block[ebyutftdazwxdeebnvyn] in seq 167 at 629191800
[Consesus log] 2023/05/21 14:55:23.629286 logger.go:32: commit Block[mkneiliavwnvcomrwqvs] in seq 168 at 629281600
[Consesus log] 2023/05/21 14:55:23.629379 logger.go:32: commit Block[volrtanixlyccjqkfatx] in seq 169 at 629374800
[Consesus log] 2023/05/21 14:55:23.629485 logger.go:32: commit Block[lkzmkcaharhliolljnsr] in seq 170 at 629480700
[Consesus log] 2023/05/21 14:55:24.243376 logger.go:32: commit Block[curqfzknybinnhutruhs] in seq 171 at 243365500
[Consesus log] 2023/05/21 14:55:24.243525 logger.go:32: commit Block[ffvggmtcdvdbkzvnjhhz] in seq 172 at 243520400
[Consesus log] 2023/05/21 14:55:25.264019 logger.go:32: generate Block[ayceyuojnewrosmonpds] in seq 209 at 264001500
[Consesus log] 2023/05/21 14:55:25.314948 logger.go:32: generate Block[aadpmpqqqmqptdtmwapn] in seq 210 at 314935400
[Consesus log] 2023/05/21 14:55:25.365350 logger.go:32: generate Block[bodximqfcpqbkbwhclmv] in seq 211 at 365334900
[Consesus log] 2023/05/21 14:55:25.417504 logger.go:32: generate Block[nsrhukvlekahewpelzbq] in seq 212 at 417485000
[Consesus log] 2023/05/21 14:55:25.468403 logger.go:32: generate Block[mlcfxjufmczhbvvlrtdr] in seq 213 at 468372700
[Consesus log] 2023/05/21 14:55:25.468745 logger.go:32: commit Block[sjwnwrbmuansbxzeywep] in seq 173 at 468739600
[Consesus log] 2023/05/21 14:55:25.468828 logger.go:32: commit Block[gduntupswuxqqagsxems] in seq 174 at 468825600
[Consesus log] 2023/05/21 14:55:25.469007 logger.go:32: commit Block[znxlbrsewwplkuvkmbuu] in seq 175 at 469001700
[Consesus log] 2023/05/21 14:55:25.469097 logger.go:32: commit Block[rvmrlyskhduhlqeacjvw] in seq 176 at 469094300
[Consesus log] 2023/05/21 14:55:25.469165 logger.go:32: commit Block[wipswrtgueocwlrfyhoc] in seq 177 at 469162000
[Consesus log] 2023/05/21 14:55:25.469233 logger.go:32: commit Block[fuscmpekfozprljwrnzl] in seq 178 at 469230900
[Consesus log] 2023/05/21 14:55:25.469363 logger.go:32: commit Block[zruwkqsylinrkjieywvt] in seq 179 at 469356900
[Consesus log] 2023/05/21 14:55:25.469440 logger.go:32: commit Block[afxeruglntknhaajdzpk] in seq 180 at 469437200
[Consesus log] 2023/05/21 14:55:25.469513 logger.go:32: commit Block[ugjxakeubqzmfihybfqv] in seq 181 at 469509100
[Consesus log] 2023/05/21 14:55:25.469647 logger.go:32: commit Block[gzyfsacmqrqdtqrlrvko] in seq 182 at 469643000
[Consesus log] 2023/05/21 14:55:25.469724 logger.go:32: commit Block[esgrxjskxrkuxghcymrx] in seq 183 at 469720800
[Consesus log] 2023/05/21 14:55:25.469795 logger.go:32: commit Block[tjdptokehnbnzoumlkha] in seq 184 at 469792400
[Consesus log] 2023/05/21 14:55:25.469860 logger.go:32: commit Block[yepsfmilobwmcjpzwmko] in seq 185 at 469857600
[Consesus log] 2023/05/21 14:55:25.469927 logger.go:32: commit Block[blqysaoqnskradjbdymf] in seq 186 at 469924300
[Consesus log] 2023/05/21 14:55:25.469998 logger.go:32: commit Block[awrqqsfmmhsmmbpotdtz] in seq 187 at 469995600
[Consesus log] 2023/05/21 14:55:25.470066 logger.go:32: commit Block[hulmzdrwgpidmmvznhov] in seq 188 at 470063400
[Consesus log] 2023/05/21 14:55:25.470140 logger.go:32: commit Block[gqpoacurarfkmgpedpxd] in seq 189 at 470135000
[Consesus log] 2023/05/21 14:55:25.470252 logger.go:32: commit Block[jwljrfavcptncjpeyrri] in seq 190 at 470240100
[Consesus log] 2023/05/21 14:55:25.470391 logger.go:32: commit Block[nhpsfrdlvqdaejcnpkvu] in seq 191 at 470387400
[Consesus log] 2023/05/21 14:55:25.470461 logger.go:32: commit Block[wtxtgdceeysrcsbmucsm] in seq 192 at 470458500
[Consesus log] 2023/05/21 14:55:25.470527 logger.go:32: commit Block[wnexvwmisemddmicpcjs] in seq 193 at 470524100
[Consesus log] 2023/05/21 14:55:25.470594 logger.go:32: commit Block[krsewpsrwvtgzsxdzrwy] in seq 194 at 470591800
[Consesus log] 2023/05/21 14:55:25.470673 logger.go:32: commit Block[ihhqocwjkuijbxsvkcex] in seq 195 at 470670300
[Consesus log] 2023/05/21 14:55:25.470744 logger.go:32: commit Block[ngnrhtsuaemupkcodenv] in seq 196 at 470741900
[Consesus log] 2023/05/21 14:55:25.470811 logger.go:32: commit Block[snfimduaawpzavixewzs] in seq 197 at 470806600
[Consesus log] 2023/05/21 14:55:25.470908 logger.go:32: commit Block[uenpmwkunngymttlngdv] in seq 198 at 470905000
[Consesus log] 2023/05/21 14:55:25.470977 logger.go:32: commit Block[zliqqlimwzlwvojhvbcc] in seq 199 at 470974100
[Consesus log] 2023/05/21 14:55:25.471055 logger.go:32: commit Block[fqikljwygfucqydpdtsd] in seq 200 at 471052200
[Consesus log] 2023/05/21 14:55:25.471121 logger.go:32: commit Block[nfqxeokvndzvmaebrwnd] in seq 201 at 471118500
[Consesus log] 2023/05/21 14:55:25.471186 logger.go:32: commit Block[ujhyiqumbguldnjpveft] in seq 202 at 471183500
[Consesus log] 2023/05/21 14:55:25.471251 logger.go:32: commit Block[usnlpuorfzfknaifaqrf] in seq 203 at 471248100
[Consesus log] 2023/05/21 14:55:25.471323 logger.go:32: commit Block[ziewdwtekskrortpbabb] in seq 204 at 471319800
[Consesus log] 2023/05/21 14:55:25.471422 logger.go:32: commit Block[xabvurjlgaxzigpjccix] in seq 205 at 471417800
[Consesus log] 2023/05/21 14:55:25.471534 logger.go:32: commit Block[ccopvqzqcbwtagkkmvar] in seq 206 at 471523200
[Consesus log] 2023/05/21 14:55:25.471614 logger.go:32: commit Block[lbxbfnxkryphfaboilkf] in seq 207 at 471610900
[Consesus log] 2023/05/21 14:55:25.471678 logger.go:32: commit Block[rcalgnrfknxkvssyqshv] in seq 208 at 471675900
[Consesus log] 2023/05/21 14:55:25.471761 logger.go:32: commit Block[ayceyuojnewrosmonpds] in seq 209 at 471758100
[Consesus log] 2023/05/21 14:55:25.522843 logger.go:32: generate Block[vdtajsqetgwcqclcdliq] in seq 214 at 522827500
[Consesus log] 2023/05/21 14:55:25.573187 logger.go:32: generate Block[mleityzltjtdxwvfwadk] in seq 215 at 573172200
[Consesus log] 2023/05/21 14:55:25.624654 logger.go:32: generate Block[qpvooouahhtxnkiyrbkq] in seq 216 at 624638500
[Consesus log] 2023/05/21 14:55:25.675301 logger.go:32: generate Block[uyjqxzyplqssvcstbrwc] in seq 217 at 675286100
[Consesus log] 2023/05/21 14:55:25.727623 logger.go:32: generate Block[hrancnihdmfswiohtgpe] in seq 218 at 727603100
[Consesus log] 2023/05/21 14:55:25.778229 logger.go:32: generate Block[boaqvanmtliavhuywnyq] in seq 219 at 778212000
[Consesus log] 2023/05/21 14:55:25.828864 logger.go:32: generate Block[kscejxwttctpiwkvlywt] in seq 220 at 828848000
[Consesus log] 2023/05/21 14:55:25.879480 logger.go:32: generate Block[vqonorshlhloludjfpyf] in seq 221 at 879458300
[Consesus log] 2023/05/21 14:55:25.930017 logger.go:32: generate Block[ddxeudpvajqjurkqvgzs] in seq 222 at 930002800
[Consesus log] 2023/05/21 14:55:27.395431 logger.go:32: commit Block[aadpmpqqqmqptdtmwapn] in seq 210 at 395420000
[Consesus log] 2023/05/21 14:55:27.396443 logger.go:32: commit Block[bodximqfcpqbkbwhclmv] in seq 211 at 396435400
[Consesus log] 2023/05/21 14:55:27.396561 logger.go:32: commit Block[nsrhukvlekahewpelzbq] in seq 212 at 396555900
[Consesus log] 2023/05/21 14:55:27.396669 logger.go:32: commit Block[mlcfxjufmczhbvvlrtdr] in seq 213 at 396664500
[Consesus log] 2023/05/21 14:55:27.396772 logger.go:32: commit Block[vdtajsqetgwcqclcdliq] in seq 214 at 396767500
[Consesus log] 2023/05/21 14:55:27.396870 logger.go:32: commit Block[mleityzltjtdxwvfwadk] in seq 215 at 396865600
[Consesus log] 2023/05/21 14:55:27.396970 logger.go:32: commit Block[qpvooouahhtxnkiyrbkq] in seq 216 at 396965900
[Consesus log] 2023/05/21 14:55:27.397069 logger.go:32: commit Block[uyjqxzyplqssvcstbrwc] in seq 217 at 397065200
[Consesus log] 2023/05/21 14:55:27.397169 logger.go:32: commit Block[twagikhaquxsgmlliupm] in seq 218 at 397164400
[Consesus log] 2023/05/21 14:55:27.397290 logger.go:32: commit Block[agutdbsamnekcyzmhqtb] in seq 219 at 397285500
[Consesus log] 2023/05/21 14:55:27.397399 logger.go:32: commit Block[zecojzpsciretzbyosof] in seq 220 at 397394000
[Consesus log] 2023/05/21 14:55:27.397493 logger.go:32: commit Block[fqxdwhjufnanlcuonxbk] in seq 221 at 397488300
[Consesus log] 2023/05/21 14:55:27.397668 logger.go:32: commit Block[prijukclaxvxbvfvopsa] in seq 222 at 397660600
[Consesus log] 2023/05/21 14:55:27.397818 logger.go:32: commit Block[pmynyraopuusdllqagsl] in seq 223 at 397813000
[Consesus log] 2023/05/21 14:55:27.397973 logger.go:32: commit Block[hcaudncdpbohrzlvxneq] in seq 224 at 397966400
[Consesus log] 2023/05/21 14:55:27.398084 logger.go:32: commit Block[rxzqwvsfnvjfsoihipad] in seq 225 at 398079800
[Consesus log] 2023/05/21 14:55:27.398225 logger.go:32: commit Block[vzivwhpnosfxjzwqenvd] in seq 226 at 398219000
[Consesus log] 2023/05/21 14:55:27.398480 logger.go:32: commit Block[nylqbqzmessfvsrfipoa] in seq 227 at 398471900
[Consesus log] 2023/05/21 14:55:29.320410 logger.go:32: commit Block[jzwmugtorcazorirrvcl] in seq 228 at 320394500
[Consesus log] 2023/05/21 14:55:29.320543 logger.go:32: commit Block[aaxvklkorcduhylkmrtl] in seq 229 at 320538000
[Consesus log] 2023/05/21 14:55:29.320639 logger.go:32: commit Block[ujxuifozotlwyvmbltvf] in seq 230 at 320634700
[Consesus log] 2023/05/21 14:55:29.320731 logger.go:32: commit Block[uqlznxyscgavsuosuwxg] in seq 231 at 320726600
[Consesus log] 2023/05/21 14:55:29.320821 logger.go:32: commit Block[njslcmeholzkgtffxgdx] in seq 232 at 320817000
[Consesus log] 2023/05/21 14:55:29.320912 logger.go:32: commit Block[qrlxyppdvsajhngdovej] in seq 233 at 320907000
[Consesus log] 2023/05/21 14:55:29.321139 logger.go:32: commit Block[rtolimyvnsnfpkrihtwu] in seq 234 at 321115400
[Consesus log] 2023/05/21 14:55:29.321245 logger.go:32: commit Block[smzxicjjgmzgyblteeec] in seq 235 at 321240200
[Consesus log] 2023/05/21 14:55:29.321334 logger.go:32: commit Block[aqhjkxoghzroirekdozj] in seq 236 at 321330200
[Consesus log] 2023/05/21 14:55:29.321421 logger.go:32: commit Block[eguiabgqqqgaxtogybga] in seq 237 at 321416900
[Consesus log] 2023/05/21 14:55:29.321515 logger.go:32: commit Block[dpunjpomqcukcvjvempn] in seq 238 at 321510400
[Consesus log] 2023/05/21 14:55:29.321607 logger.go:32: commit Block[bhobwcwshzvfmcvecban] in seq 239 at 321601800
[Consesus log] 2023/05/21 14:55:29.321755 logger.go:32: commit Block[wnehxulnbhkmafqpcruv] in seq 240 at 321749500
[Consesus log] 2023/05/21 14:55:29.321849 logger.go:32: commit Block[vvcbrkezjfjdlcptbqoe] in seq 241 at 321845200
[Consesus log] 2023/05/21 14:55:29.321945 logger.go:32: commit Block[sltftyyrftcylfmdarry] in seq 242 at 321940500
[Consesus log] 2023/05/21 14:55:29.322039 logger.go:32: commit Block[utkbqzlikvzfbbqilzwi] in seq 243 at 322034100
[Consesus log] 2023/05/21 14:55:29.322132 logger.go:32: commit Block[tqcukooefhnklzxzsvjy] in seq 244 at 322127700
[Consesus log] 2023/05/21 14:55:29.322224 logger.go:32: commit Block[iogjeesxahhlprifsvqx] in seq 245 at 322219900
[Consesus log] 2023/05/21 14:55:29.322317 logger.go:32: commit Block[zejvtcjzkjubcxepmfsh] in seq 246 at 322312400
[Consesus log] 2023/05/21 14:55:29.322410 logger.go:32: commit Block[qekbemhkxbwhlcknilpa] in seq 247 at 322405300
[Consesus log] 2023/05/21 14:55:29.322503 logger.go:32: commit Block[nuwwdxdcaektawjvlayk] in seq 248 at 322498800
[Consesus log] 2023/05/21 14:55:29.322594 logger.go:32: commit Block[ebvfpazfbgfqksvutykz] in seq 249 at 322590300
[Consesus log] 2023/05/21 14:55:29.322706 logger.go:32: commit Block[tplntcwlzuunohwnfaza] in seq 250 at 322701400
[Consesus log] 2023/05/21 14:55:29.322804 logger.go:32: commit Block[pnhzvojscwkabqfggxan] in seq 251 at 322799400
[Consesus log] 2023/05/21 14:55:29.322898 logger.go:32: commit Block[curwgeoaxyhckgsxdlnn] in seq 252 at 322894100
[Consesus log] 2023/05/21 14:55:30.280837 logger.go:32: commit Block[khfaltyeymmeeptgfzan] in seq 253 at 280824200
[Consesus log] 2023/05/21 14:55:30.280974 logger.go:32: commit Block[tiiiyyqmpaquulucscld] in seq 254 at 280969100
[Consesus log] 2023/05/21 14:55:30.281069 logger.go:32: commit Block[caabdfuoizdlgxveojef] in seq 255 at 281065100
[Consesus log] 2023/05/21 14:55:30.281162 logger.go:32: commit Block[xzvtswbffivvydlglfii] in seq 256 at 281157700
[Consesus log] 2023/05/21 14:55:30.281270 logger.go:32: commit Block[gbccyctfccjhpwlruhmo] in seq 257 at 281262900
[Consesus log] 2023/05/21 14:55:30.281369 logger.go:32: commit Block[lcpiutvxczehltvgqtgp] in seq 258 at 281365400
[Consesus log] 2023/05/21 14:55:30.281464 logger.go:32: commit Block[atzntsozhyhkotkuutkx] in seq 259 at 281460000
[Consesus log] 2023/05/21 14:55:30.281561 logger.go:32: commit Block[nbzvsuibfalxpdhqbhfx] in seq 260 at 281555100
[Consesus log] 2023/05/21 14:55:30.281640 logger.go:32: commit Block[worqkqpuicfmwvwecodr] in seq 261 at 281637100
[Consesus log] 2023/05/21 14:55:30.281706 logger.go:32: commit Block[ecrtfeyqyaaktpvvesdr] in seq 262 at 281703000
[Consesus log] 2023/05/21 14:55:30.281790 logger.go:32: commit Block[kmsjmnihmfiiaohkcxqf] in seq 263 at 281783000
[Consesus log] 2023/05/21 14:55:30.281885 logger.go:32: commit Block[illnkkrluheqnaahjkvd] in seq 264 at 281881100
[Consesus log] 2023/05/21 14:55:31.787758 logger.go:32: commit Block[mcxxethinwglcvngvzwf] in seq 265 at 787743500
[Consesus log] 2023/05/21 14:55:32.149941 logger.go:32: commit Block[gqxjaetezrsznvbuiptu] in seq 266 at 149924500
[Consesus log] 2023/05/21 14:55:32.150159 logger.go:32: commit Block[ksennllxfqmpuquoqdvm] in seq 267 at 150153400
[Consesus log] 2023/05/21 14:55:32.150294 logger.go:32: commit Block[pkfgppehviwljukvjtua] in seq 268 at 150288700
[Consesus log] 2023/05/21 14:55:32.150746 logger.go:32: commit Block[tkwlvuxzueytpvhiffvp] in seq 269 at 150733600
[Consesus log] 2023/05/21 14:55:32.150872 logger.go:32: commit Block[gvubonymhttasgkwhzdr] in seq 270 at 150867000
[Consesus log] 2023/05/21 14:55:32.150968 logger.go:32: commit Block[naurhiiwqlnhzjuspzwe] in seq 271 at 150963900
[Consesus log] 2023/05/21 14:55:32.151058 logger.go:32: commit Block[lpnzpstfsjgkfzmksheq] in seq 272 at 151054400
[Consesus log] 2023/05/21 14:55:32.151153 logger.go:32: commit Block[juxcgxaptmzrojrpgpnm] in seq 273 at 151149100
[Consesus log] 2023/05/21 14:55:32.151235 logger.go:32: commit Block[rvectxhlzbwwytutwlfe] in seq 274 at 151231300
[Consesus log] 2023/05/21 14:55:32.151343 logger.go:32: commit Block[gahjkghsumavpzxnvmyt] in seq 275 at 151338800
[Consesus log] 2023/05/21 14:55:32.151439 logger.go:32: commit Block[ilsdabwqqjbbnfafvnup] in seq 276 at 151434300
[Consesus log] 2023/05/21 14:55:32.151525 logger.go:32: commit Block[ktepiobvgprmgyucvdtt] in seq 277 at 151521300
[Consesus log] 2023/05/21 14:55:32.151617 logger.go:32: commit Block[eyecjtnimuyjthwcgxcm] in seq 278 at 151612800
[Consesus log] 2023/05/21 14:55:32.151706 logger.go:32: commit Block[arwvgjaqltbjjqclqexu] in seq 279 at 151701400
[Consesus log] 2023/05/21 14:55:32.151792 logger.go:32: commit Block[gpvyinkenqwqmntdhkbe] in seq 280 at 151788300
[Consesus log] 2023/05/21 14:55:32.152202 logger.go:32: commit Block[fopwlwkjssexzdoxpumk] in seq 281 at 152190000
[Consesus log] 2023/05/21 14:55:32.152346 logger.go:32: commit Block[duceevjebgedzrcvtlic] in seq 282 at 152340700
[Consesus log] 2023/05/21 14:55:32.152461 logger.go:32: commit Block[naetkvtutcycknqraynu] in seq 283 at 152454100
[Consesus log] 2023/05/21 14:55:32.152573 logger.go:32: commit Block[nmhzktxtijladppmztda] in seq 284 at 152568200
[Consesus log] 2023/05/21 14:55:32.152669 logger.go:32: commit Block[hokphnrlyscltkhlgdli] in seq 285 at 152664400
[Consesus log] 2023/05/21 14:55:32.152779 logger.go:32: commit Block[eaicytlasethjjocziak] in seq 286 at 152772800
[Consesus log] 2023/05/21 14:55:32.152897 logger.go:32: commit Block[lumlnvlyhqqgrmuqoqur] in seq 287 at 152889500
[Consesus log] 2023/05/21 14:55:32.153003 logger.go:32: commit Block[gswamprybnspdmwniffp] in seq 288 at 152998500
[Consesus log] 2023/05/21 14:55:32.153104 logger.go:32: commit Block[sjjjpbklbeyrwaqpmtrk] in seq 289 at 153099600
[Consesus log] 2023/05/21 14:55:32.153203 logger.go:32: commit Block[tvcmxcddwliqhyogigrz] in seq 290 at 153198300
[Consesus log] 2023/05/21 14:55:32.153312 logger.go:32: commit Block[mifqdddojvnlttnsiezp] in seq 291 at 153307500
[Consesus log] 2023/05/21 14:55:32.153410 logger.go:32: commit Block[oyntlefmcgzxueofaekh] in seq 292 at 153405500
[Consesus log] 2023/05/21 14:55:32.153527 logger.go:32: commit Block[mzsdhoimrpigebtbtyjm] in seq 293 at 153521500
[Consesus log] 2023/05/21 14:55:32.153628 logger.go:32: commit Block[zwqfyultbzipkyhobshj] in seq 294 at 153623600
[Consesus log] 2023/05/21 14:55:32.712259 logger.go:32: commit Block[svorjlgwvpwmitrlngco] in seq 295 at 712240200
[Consesus log] 2023/05/21 14:55:33.430491 logger.go:32: commit Block[opghsynuthycebkgtqeb] in seq 296 at 430480100
[Consesus log] 2023/05/21 14:55:33.430641 logger.go:32: commit Block[iopakfjbzlrrqmlefmvv] in seq 297 at 430634700
[Consesus log] 2023/05/21 14:55:33.430753 logger.go:32: commit Block[npaizkuaytsmktfjuivp] in seq 298 at 430748700
[Consesus log] 2023/05/21 14:55:34.303164 logger.go:32: commit Block[hugpjbnetbpzlmpuwghc] in seq 299 at 303143400
[Consesus log] 2023/05/21 14:55:34.303305 logger.go:32: commit Block[hahnkxhnprpweofyneud] in seq 300 at 303299500
[Consesus log] 2023/05/21 14:55:34.303398 logger.go:32: commit Block[fzxftdqsbgfptabdhnmd] in seq 301 at 303393800
[Consesus log] 2023/05/21 14:55:35.773693 logger.go:32: commit Block[spfpruzseobdhzkgetbb] in seq 302 at 773682000
[Consesus log] 2023/05/21 14:55:35.773867 logger.go:32: commit Block[wyoaiudokurdnuaofokq] in seq 303 at 773861800
[Consesus log] 2023/05/21 14:55:35.773970 logger.go:32: commit Block[jikcskcudaqrdxnwqisj] in seq 304 at 773965500
[Consesus log] 2023/05/21 14:55:35.774083 logger.go:32: commit Block[gffwsbrqjzqbmuyodkfp] in seq 305 at 774078400
[Consesus log] 2023/05/21 14:55:35.774230 logger.go:32: commit Block[wawkcnlbmyrqhonjinlr] in seq 306 at 774224100
[Consesus log] 2023/05/21 14:55:35.774384 logger.go:32: commit Block[kvfkowonytdbbllrjvtm] in seq 307 at 774379000
[Consesus log] 2023/05/21 14:55:35.774527 logger.go:32: commit Block[eyayglvsxmvejrqrbaqv] in seq 308 at 774522000
[Consesus log] 2023/05/21 14:55:35.774660 logger.go:32: commit Block[xwiekfswvrudbuzjlwgc] in seq 309 at 774654800
[Consesus log] 2023/05/21 14:55:35.774815 logger.go:32: commit Block[ktbcjvcunuxogwqwzfon] in seq 310 at 774799800
[Consesus log] 2023/05/21 14:55:35.774995 logger.go:32: commit Block[xmjpgkvthsdjwrruurcf] in seq 311 at 774987200
[Consesus log] 2023/05/21 14:55:35.775211 logger.go:32: commit Block[jyikoiarqyqndprhcbyf] in seq 312 at 775203400
[Consesus log] 2023/05/21 14:55:35.775381 logger.go:32: commit Block[xelnhnmhmqauyexspkre] in seq 313 at 775368200
[Consesus log] 2023/05/21 14:55:35.775518 logger.go:32: commit Block[mlcyiuolpnhvmzfnoewi] in seq 314 at 775511500
[Consesus log] 2023/05/21 14:55:35.775656 logger.go:32: commit Block[tqlfgefdgdkcpjiatphi] in seq 315 at 775644900
[Consesus log] 2023/05/21 14:55:35.775776 logger.go:32: commit Block[djpgcemgoagdqpgfdaun] in seq 316 at 775771000
[Consesus log] 2023/05/21 14:55:35.775891 logger.go:32: commit Block[zdbjrnrfgvinnjndzdcy] in seq 317 at 775886300
[Consesus log] 2023/05/21 14:55:35.775992 logger.go:32: commit Block[tpufneovdcgjyjlmnmpx] in seq 318 at 775986800
[Consesus log] 2023/05/21 14:55:35.776096 logger.go:32: commit Block[joagvqmrdcfclaprkaov] in seq 319 at 776091700
[Consesus log] 2023/05/21 14:55:35.776207 logger.go:32: commit Block[xualduutdxtprtgmtvmi] in seq 320 at 776202500
[Consesus log] 2023/05/21 14:55:35.776333 logger.go:32: commit Block[naaovjhbjikdnfkebbrr] in seq 321 at 776327300
[Consesus log] 2023/05/21 14:55:35.776474 logger.go:32: commit Block[owqkoenwselsqhufuoov] in seq 322 at 776469800
[Consesus log] 2023/05/21 14:55:35.776593 logger.go:32: commit Block[gqhesjggywxpbujzzotr] in seq 323 at 776588700
[Consesus log] 2023/05/21 14:55:35.776691 logger.go:32: commit Block[jjxsoscqhrgbndddooif] in seq 324 at 776686800
[Consesus log] 2023/05/21 14:55:35.776786 logger.go:32: commit Block[fuxmjpfsekteisdrqsvz] in seq 325 at 776782000
[Consesus log] 2023/05/21 14:55:35.776880 logger.go:32: commit Block[wmxnoaradhcqguvbrbiw] in seq 326 at 776876300
[Consesus log] 2023/05/21 14:55:35.776983 logger.go:32: commit Block[vqgvphvkfwxxtcioxfqk] in seq 327 at 776978500
[Consesus log] 2023/05/21 14:55:35.777074 logger.go:32: commit Block[egncxnbccocsqwurmnlg] in seq 328 at 777070500
[Consesus log] 2023/05/21 14:55:35.777179 logger.go:32: commit Block[xglldwbuydboegzahufh] in seq 329 at 777173100
[Consesus log] 2023/05/21 14:55:35.777320 logger.go:32: commit Block[mbaipocvueknodtbhbfn] in seq 330 at 777315400
[Consesus log] 2023/05/21 14:55:35.777437 logger.go:32: commit Block[mkjsodydpezybkjcheka] in seq 331 at 777432600
[Consesus log] 2023/05/21 14:55:35.777538 logger.go:32: commit Block[xoithkrhputwozbvqbjk] in seq 332 at 777534000
[Consesus log] 2023/05/21 14:55:35.777656 logger.go:32: commit Block[orhbhhimrlgkyljcytws] in seq 333 at 777650700
[Consesus log] 2023/05/21 14:55:35.777786 logger.go:32: commit Block[eescnbiktfuezdjojcsj] in seq 334 at 777781600
[Consesus log] 2023/05/21 14:55:35.777910 logger.go:32: commit Block[cldvaldfyewmoyvsezac] in seq 335 at 777905100
[Consesus log] 2023/05/21 14:55:35.778055 logger.go:32: commit Block[utlmgslqsclqwsguatoa] in seq 336 at 778050200
[Consesus log] 2023/05/21 14:55:35.778197 logger.go:32: commit Block[allxmbdtusicozotexdz] in seq 337 at 778192000
[Consesus log] 2023/05/21 14:55:35.778302 logger.go:32: commit Block[bxjkynpdmrianldymips] in seq 338 at 778294900
[Consesus log] 2023/05/21 14:55:35.778430 logger.go:32: commit Block[tetnsqossiurbukrsbyb] in seq 339 at 778425700
[Consesus log] 2023/05/21 14:55:35.778529 logger.go:32: commit Block[gkwttmpcpdglvwgnmrkj] in seq 340 at 778523500
[Consesus log] 2023/05/21 14:55:35.778633 logger.go:32: commit Block[qllxwxjqigkfroruklos] in seq 341 at 778628500
[Consesus log] 2023/05/21 14:55:35.778770 logger.go:32: commit Block[qkltlmlwtimsfkvnccpt] in seq 342 at 778765300
[Consesus log] 2023/05/21 14:55:35.778897 logger.go:32: commit Block[pfzeeezvipbkckmuwyfs] in seq 343 at 778882100
[Consesus log] 2023/05/21 14:55:35.779045 logger.go:32: commit Block[zkmnhjuyffhmjbcohblj] in seq 344 at 779016100
[Consesus log] 2023/05/21 14:55:35.779179 logger.go:32: commit Block[uvfgyessnekptobwbhmt] in seq 345 at 779173600
[Consesus log] 2023/05/21 14:55:35.779319 logger.go:32: commit Block[qgcfasswghykafpkcxvi] in seq 346 at 779313800
[Consesus log] 2023/05/21 14:55:35.779479 logger.go:32: commit Block[gckopgsjfinlzzpzirti] in seq 347 at 779471700
[Consesus log] 2023/05/21 14:55:35.779658 logger.go:32: commit Block[gkpgjkahkclgdrjurjvx] in seq 348 at 779649400
[Consesus log] 2023/05/21 14:55:35.779991 logger.go:32: commit Block[qyulojssjlwjpdmmgwop] in seq 349 at 779978000
[Consesus log] 2023/05/21 14:55:35.780140 logger.go:32: commit Block[keinveyimbfkzzlaahcg] in seq 350 at 780133000
[Consesus log] 2023/05/21 14:55:35.780305 logger.go:32: commit Block[oblrzeiebhknpjhxwlyt] in seq 351 at 780297000
[Consesus log] 2023/05/21 14:55:35.780401 logger.go:32: commit Block[pkqhdgsnjacfavlipxtl] in seq 352 at 780397700
[Consesus log] 2023/05/21 14:55:35.780472 logger.go:32: commit Block[xqvsbthzebeuishtichn] in seq 353 at 780469100
[Consesus log] 2023/05/21 14:55:35.780548 logger.go:32: commit Block[tdqwjlpfalhemxlkbnew] in seq 354 at 780544800
[Consesus log] 2023/05/21 14:55:37.165164 logger.go:32: commit Block[ubswbsqdpoiajxkjkzrp] in seq 355 at 165141800
[Consesus log] 2023/05/21 14:55:37.165402 logger.go:32: commit Block[xuiicmmjaslyagcunfjh] in seq 356 at 165395200
[Consesus log] 2023/05/21 14:55:37.165508 logger.go:32: commit Block[igkqgckwnalzmssilsdr] in seq 357 at 165503000
[Consesus log] 2023/05/21 14:55:37.165623 logger.go:32: commit Block[obwgfbcpxneziexrfgcq] in seq 358 at 165618800
[Consesus log] 2023/05/21 14:55:37.165721 logger.go:32: commit Block[peclujtvgsmmotrqjoby] in seq 359 at 165716400
[Consesus log] 2023/05/21 14:55:37.165813 logger.go:32: commit Block[idhkzrgdjprpyyreyglx] in seq 360 at 165808800
[Consesus log] 2023/05/21 14:55:37.165907 logger.go:32: commit Block[xvvzbztfqanfwzcffaeb] in seq 361 at 165902400
[Consesus log] 2023/05/21 14:55:37.166004 logger.go:32: commit Block[rmrujbrvtzhasfwwivms] in seq 362 at 165998700
[Consesus log] 2023/05/21 14:55:37.166108 logger.go:32: commit Block[rsqnavghvtciwkqielai] in seq 363 at 166103600
[Consesus log] 2023/05/21 14:55:37.166217 logger.go:32: commit Block[afzonorvrtjchnbfrauh] in seq 364 at 166212000
[Consesus log] 2023/05/21 14:55:37.166318 logger.go:32: commit Block[uftogblutzykmsqlysut] in seq 365 at 166314000
[Consesus log] 2023/05/21 14:55:37.166410 logger.go:32: commit Block[rvyygoiefdptinwzvjea] in seq 366 at 166406000
[Consesus log] 2023/05/21 14:55:37.166508 logger.go:32: commit Block[erdvocikxjpfigyigxcg] in seq 367 at 166504100
[Consesus log] 2023/05/21 14:55:37.166614 logger.go:32: commit Block[biocwrovrcymfxcvvotz] in seq 368 at 166609600
[Consesus log] 2023/05/21 14:55:37.166725 logger.go:32: commit Block[mbzepmuvizjwjexbrtjy] in seq 369 at 166720100
[Consesus log] 2023/05/21 14:55:37.166819 logger.go:32: commit Block[hnnxyjjklfxtujuifupz] in seq 370 at 166815300
[Consesus log] 2023/05/21 14:55:37.166917 logger.go:32: commit Block[nhmwtkerbvhodjialhdw] in seq 371 at 166913000
[Consesus log] 2023/05/21 14:55:38.169770 logger.go:32: commit Block[kadjktvlpqbzkvvtdqct] in seq 372 at 169743600
[Consesus log] 2023/05/21 14:55:38.169914 logger.go:32: commit Block[lpjjdtqhqbigdfhtttkt] in seq 373 at 169908600
[Consesus log] 2023/05/21 14:55:38.170015 logger.go:32: commit Block[rnnidpdicilsthwrevtj] in seq 374 at 170010300
[Consesus log] 2023/05/21 14:55:38.170106 logger.go:32: commit Block[pztqtdcjzzvbjkayawgt] in seq 375 at 170102600
[Consesus log] 2023/05/21 14:55:38.170184 logger.go:32: commit Block[oqgnhieqgbvzvwkgviov] in seq 376 at 170180800
[Consesus log] 2023/05/21 14:55:38.170274 logger.go:32: commit Block[teubnykuhumbhgeifpgj] in seq 377 at 170269400
[Consesus log] 2023/05/21 14:55:38.170365 logger.go:32: commit Block[hmlvhwlgulmltvuvembq] in seq 378 at 170360800
[Consesus log] 2023/05/21 14:55:38.170491 logger.go:32: commit Block[teehyvsbtvhjbloqjltc] in seq 379 at 170483100
[Consesus log] 2023/05/21 14:55:38.170605 logger.go:32: commit Block[wemqlhrghluxtiquqejo] in seq 380 at 170600400
[Consesus log] 2023/05/21 14:55:38.832897 logger.go:32: commit Block[skoikzirpmthmrxnvscb] in seq 381 at 832882500
