[Consesus log] 2023/05/22 01:27:56.839122 logger.go:32: commit Block[dfhlgqwaytqrcpvpikcn] in seq 1 at 839110200
[Consesus log] 2023/05/22 01:27:56.839324 logger.go:32: commit Block[ntshcrgrtlwviqughorw] in seq 2 at 839315100
[Consesus log] 2023/05/22 01:27:57.507683 logger.go:32: commit Block[akozvwmnkdxsefhitaug] in seq 3 at 507672000
[Consesus log] 2023/05/22 01:27:57.507862 logger.go:32: commit Block[oktgaqlzjiqquycnqclx] in seq 4 at 507854600
[Consesus log] 2023/05/22 01:27:57.813985 logger.go:32: generate Block[hmpufftkvoetgobhdxjs] in seq 23 at 813967500
[Consesus log] 2023/05/22 01:27:57.865216 logger.go:32: generate Block[iihovroiqbelkbwsbxwm] in seq 24 at 865200200
[Consesus log] 2023/05/22 01:27:57.915554 logger.go:32: generate Block[oqaiexxqytzotxoqkkwv] in seq 25 at 915541800
[Consesus log] 2023/05/22 01:27:57.966935 logger.go:32: generate Block[othntyvijyakzqmbsspg] in seq 26 at 966919400
[Consesus log] 2023/05/22 01:27:57.967140 logger.go:32: commit Block[mldsuhuelgrrdkrslgak] in seq 5 at 967134800
[Consesus log] 2023/05/22 01:27:57.967223 logger.go:32: commit Block[rnnjydtdaemtowvjirid] in seq 6 at 967220200
[Consesus log] 2023/05/22 01:27:57.967301 logger.go:32: commit Block[dxechubryrifgnveonci] in seq 7 at 967296900
[Consesus log] 2023/05/22 01:27:57.967399 logger.go:32: commit Block[pjqpttmopzcofplsrziy] in seq 8 at 967391300
[Consesus log] 2023/05/22 01:27:57.967626 logger.go:32: commit Block[wzaisfomurmncfevallz] in seq 9 at 967619700
[Consesus log] 2023/05/22 01:27:57.967843 logger.go:32: commit Block[oowrdyumeljconjbyhnw] in seq 10 at 967835100
[Consesus log] 2023/05/22 01:27:57.967966 logger.go:32: commit Block[centknmahfubpykfstoj] in seq 11 at 967960300
[Consesus log] 2023/05/22 01:27:57.968070 logger.go:32: commit Block[oncdrqyyftjbhnkiajpu] in seq 12 at 968064800
[Consesus log] 2023/05/22 01:27:57.968177 logger.go:32: commit Block[bmsnirrcpnkwsrrnjxwi] in seq 13 at 968172900
[Consesus log] 2023/05/22 01:27:57.968327 logger.go:32: commit Block[qgdgdscikwehwbrwoazn] in seq 14 at 968318300
[Consesus log] 2023/05/22 01:27:57.968450 logger.go:32: commit Block[ryfkarnzefjqaejbjwts] in seq 15 at 968444400
[Consesus log] 2023/05/22 01:27:57.968537 logger.go:32: commit Block[gyxyzehzdwcxnvoqnsyp] in seq 16 at 968534100
[Consesus log] 2023/05/22 01:27:57.968607 logger.go:32: commit Block[tvbthlguiemzxtkczlrq] in seq 17 at 968604700
[Consesus log] 2023/05/22 01:27:57.968671 logger.go:32: commit Block[njpcfzfpiwkcycyclcaj] in seq 18 at 968668100
[Consesus log] 2023/05/22 01:27:57.968735 logger.go:32: commit Block[ovujpquwctscaavtshwl] in seq 19 at 968732600
[Consesus log] 2023/05/22 01:27:57.968836 logger.go:32: commit Block[etxocddnzvlvhzdodpef] in seq 20 at 968829800
[Consesus log] 2023/05/22 01:27:57.968927 logger.go:32: commit Block[faaixxvydxtpwvrxfyyv] in seq 21 at 968923900
[Consesus log] 2023/05/22 01:27:57.969033 logger.go:32: commit Block[hvaubjfngtqsedmnrmtw] in seq 22 at 969030300
[Consesus log] 2023/05/22 01:27:58.019431 logger.go:32: generate Block[vipxzfdliuinszfksynn] in seq 27 at 19416200
[Consesus log] 2023/05/22 01:27:58.070138 logger.go:32: generate Block[zxvwnokrjajezevbynxo] in seq 28 at 70090200
[Consesus log] 2023/05/22 01:27:58.120792 logger.go:32: generate Block[lnkgbqiokpanyoognnty] in seq 29 at 120781200
[Consesus log] 2023/05/22 01:27:58.171080 logger.go:32: generate Block[yckotodckniqmtscygzv] in seq 30 at 171068900
[Consesus log] 2023/05/22 01:27:58.320093 logger.go:32: commit Block[hmpufftkvoetgobhdxjs] in seq 23 at 320081700
[Consesus log] 2023/05/22 01:27:59.639563 logger.go:32: commit Block[twfqletglyqdmplxizxy] in seq 24 at 639554300
[Consesus log] 2023/05/22 01:27:59.639703 logger.go:32: commit Block[eavnysxevfixjkjluhrk] in seq 25 at 639700200
[Consesus log] 2023/05/22 01:27:59.639860 logger.go:32: commit Block[nfantbpkwpolwgcqyoeq] in seq 26 at 639854200
[Consesus log] 2023/05/22 01:28:00.390420 logger.go:32: commit Block[tayasevjljktxhqjnlfq] in seq 27 at 390407400
[Consesus log] 2023/05/22 01:28:00.390556 logger.go:32: commit Block[cfuepyjymxqsmqnfxvvq] in seq 28 at 390551200
[Consesus log] 2023/05/22 01:28:00.390701 logger.go:32: commit Block[akkpktxlpknnbbojbijw] in seq 29 at 390696100
[Consesus log] 2023/05/22 01:28:00.390815 logger.go:32: commit Block[zwlmryvpplpxqeztfglm] in seq 30 at 390809900
[Consesus log] 2023/05/22 01:28:00.390946 logger.go:32: commit Block[feallmxyzbgxsiysfvca] in seq 31 at 390940100
[Consesus log] 2023/05/22 01:28:00.391023 logger.go:32: commit Block[icvrlsoumpngjhvuvlle] in seq 32 at 391020500
[Consesus log] 2023/05/22 01:28:00.391088 logger.go:32: commit Block[amxlwuttejejgknhhxwo] in seq 33 at 391085300
[Consesus log] 2023/05/22 01:28:00.391161 logger.go:32: commit Block[chgitkzmnfnbphobskyc] in seq 34 at 391150100
[Consesus log] 2023/05/22 01:28:00.393216 logger.go:32: commit Block[ylqgafvvzvookkdgmfbo] in seq 35 at 391520900
[Consesus log] 2023/05/22 01:28:00.393368 logger.go:32: commit Block[qgiqqsqavfrowadimcul] in seq 36 at 393355900
[Consesus log] 2023/05/22 01:28:00.393465 logger.go:32: commit Block[qhvrpetmullfzqgyulsz] in seq 37 at 393461300
[Consesus log] 2023/05/22 01:28:00.393532 logger.go:32: commit Block[cfbrtrifufnllgdpxnih] in seq 38 at 393529400
[Consesus log] 2023/05/22 01:28:00.393596 logger.go:32: commit Block[deafzbbbfnfvnyevmsrs] in seq 39 at 393593600
[Consesus log] 2023/05/22 01:28:00.393697 logger.go:32: commit Block[pvdvvwbemzemdescqmva] in seq 40 at 393692200
[Consesus log] 2023/05/22 01:28:00.393795 logger.go:32: commit Block[afjvmvcmecpoznvdjddq] in seq 41 at 393789800
[Consesus log] 2023/05/22 01:28:00.393873 logger.go:32: commit Block[ubfzlmtohdkcgnbbgvnq] in seq 42 at 393870000
[Consesus log] 2023/05/22 01:28:00.393937 logger.go:32: commit Block[rqkpqnwocidfgopircyv] in seq 43 at 393934600
[Consesus log] 2023/05/22 01:28:00.394000 logger.go:32: commit Block[xmftqwjxbzrcfvmyctbo] in seq 44 at 393998000
[Consesus log] 2023/05/22 01:28:00.394064 logger.go:32: commit Block[ohzwelsbjcgpbaziency] in seq 45 at 394061200
[Consesus log] 2023/05/22 01:28:00.394127 logger.go:32: commit Block[nbztwbjgujsjimatfgre] in seq 46 at 394124100
[Consesus log] 2023/05/22 01:28:00.394189 logger.go:32: commit Block[ajyiildiwgdnynbjpakk] in seq 47 at 394187100
[Consesus log] 2023/05/22 01:28:00.394301 logger.go:32: commit Block[ugcnetcvliiagykoumfy] in seq 48 at 394294200
[Consesus log] 2023/05/22 01:28:01.167249 logger.go:32: commit Block[djbfqwpdvhcbvrknfrdl] in seq 49 at 167235800
[Consesus log] 2023/05/22 01:28:01.886837 logger.go:32: commit Block[hgyesciwrfwmiiespqxf] in seq 50 at 886825100
[Consesus log] 2023/05/22 01:28:01.887096 logger.go:32: commit Block[lbamyprltnipdrgasomj] in seq 51 at 887087100
[Consesus log] 2023/05/22 01:28:01.887241 logger.go:32: commit Block[mzwqceaytnvvyvnmqldx] in seq 52 at 887236500
[Consesus log] 2023/05/22 01:28:02.650068 logger.go:32: generate Block[cvxcyebpnuleidtawlds] in seq 94 at 650058000
[Consesus log] 2023/05/22 01:28:02.700873 logger.go:32: generate Block[sktphcsseptofbxnitxs] in seq 95 at 700855500
[Consesus log] 2023/05/22 01:28:02.752186 logger.go:32: generate Block[nsijxlianmswviwndbla] in seq 96 at 752176200
[Consesus log] 2023/05/22 01:28:02.802656 logger.go:32: generate Block[iytaovkdsvgaxwevzknp] in seq 97 at 802641200
[Consesus log] 2023/05/22 01:28:02.853576 logger.go:32: generate Block[bezajzmsxpskrinqpgbe] in seq 98 at 853560100
[Consesus log] 2023/05/22 01:28:02.904227 logger.go:32: generate Block[mcjahlpdbyqaodhqontn] in seq 99 at 904211200
[Consesus log] 2023/05/22 01:28:02.954937 logger.go:32: generate Block[vlxtzvzyymypmpglfcxw] in seq 100 at 954921600
[Consesus log] 2023/05/22 01:28:03.006473 logger.go:32: generate Block[kwfgkkvejrylcrhptmoe] in seq 101 at 6455000
[Consesus log] 2023/05/22 01:28:03.058280 logger.go:32: generate Block[ssvmxjbngklxsdqgwfzr] in seq 102 at 58265000
[Consesus log] 2023/05/22 01:28:03.108932 logger.go:32: generate Block[moolsjxzkprbvnjavcfn] in seq 103 at 108912400
[Consesus log] 2023/05/22 01:28:03.109302 logger.go:32: commit Block[vlfwxzzclquyqgadbypa] in seq 53 at 109296200
[Consesus log] 2023/05/22 01:28:03.109622 logger.go:32: commit Block[qbvpecnlkxvccdeeagwq] in seq 54 at 109610800
[Consesus log] 2023/05/22 01:28:03.109826 logger.go:32: commit Block[xapatfyetoedhyysrqbu] in seq 55 at 109819500
[Consesus log] 2023/05/22 01:28:03.109982 logger.go:32: commit Block[pcxgaiqulondgysejaob] in seq 56 at 109976800
[Consesus log] 2023/05/22 01:28:03.110110 logger.go:32: commit Block[oegkafovanilfxqracxa] in seq 57 at 110105600
[Consesus log] 2023/05/22 01:28:03.110235 logger.go:32: commit Block[ebfrqcwhdfiequqrujkq] in seq 58 at 110230500
[Consesus log] 2023/05/22 01:28:03.110423 logger.go:32: commit Block[gtgobalblocjohimnyyu] in seq 59 at 110415100
[Consesus log] 2023/05/22 01:28:03.110530 logger.go:32: commit Block[nvtrfifgycndswrdzkyn] in seq 60 at 110525900
[Consesus log] 2023/05/22 01:28:03.110685 logger.go:32: commit Block[mmaryzpitzihdywsluzo] in seq 61 at 110678300
[Consesus log] 2023/05/22 01:28:03.110794 logger.go:32: commit Block[vdoefgjrjbsouavseprs] in seq 62 at 110790900
[Consesus log] 2023/05/22 01:28:03.110863 logger.go:32: commit Block[liikorvpguwukuctedxi] in seq 63 at 110859800
[Consesus log] 2023/05/22 01:28:03.110954 logger.go:32: commit Block[ldknhnijsshkvficxfzx] in seq 64 at 110949300
[Consesus log] 2023/05/22 01:28:03.111114 logger.go:32: commit Block[xrkwiiyljurxzaildzea] in seq 65 at 111106000
[Consesus log] 2023/05/22 01:28:03.111317 logger.go:32: commit Block[gdkvccxaeagkyqaeqahk] in seq 66 at 111306700
[Consesus log] 2023/05/22 01:28:03.111511 logger.go:32: commit Block[gbfmzdkkeevshkvlyhpu] in seq 67 at 111502800
[Consesus log] 2023/05/22 01:28:03.111735 logger.go:32: commit Block[xlvlgtvxugspbcdxnboj] in seq 68 at 111670000
[Consesus log] 2023/05/22 01:28:03.111951 logger.go:32: commit Block[frhghctrbntwxicjdcga] in seq 69 at 111942800
[Consesus log] 2023/05/22 01:28:03.112222 logger.go:32: commit Block[abgrpqtogpuxyidcrmsr] in seq 70 at 112211100
[Consesus log] 2023/05/22 01:28:03.112405 logger.go:32: commit Block[mukufmdabygrdfnvgfmo] in seq 71 at 112386700
[Consesus log] 2023/05/22 01:28:03.112543 logger.go:32: commit Block[huepflbilwwkkgowdndb] in seq 72 at 112537800
[Consesus log] 2023/05/22 01:28:03.112670 logger.go:32: commit Block[lrzwvlzqftuckazulryt] in seq 73 at 112664200
[Consesus log] 2023/05/22 01:28:03.112799 logger.go:32: commit Block[nuoehrecbxpeoyokudaq] in seq 74 at 112794700
[Consesus log] 2023/05/22 01:28:03.112953 logger.go:32: commit Block[fyangumbgsosgkfjguqj] in seq 75 at 112945400
[Consesus log] 2023/05/22 01:28:03.113112 logger.go:32: commit Block[rjpapjcklfhmpcraikuz] in seq 76 at 113104400
[Consesus log] 2023/05/22 01:28:03.113369 logger.go:32: commit Block[tzwpooesibiegayfhreu] in seq 77 at 113360100
[Consesus log] 2023/05/22 01:28:03.113529 logger.go:32: commit Block[zvobujswkazwaqccswid] in seq 78 at 113522500
[Consesus log] 2023/05/22 01:28:03.113654 logger.go:32: commit Block[jjicqdiazyfncbioctga] in seq 79 at 113643300
[Consesus log] 2023/05/22 01:28:03.113805 logger.go:32: commit Block[kgudwephmevxqhfabhhn] in seq 80 at 113800100
[Consesus log] 2023/05/22 01:28:03.113902 logger.go:32: commit Block[mjqoehklezcqthwpyonh] in seq 81 at 113896800
[Consesus log] 2023/05/22 01:28:03.114001 logger.go:32: commit Block[bhofsmphnhwtddgtmebc] in seq 82 at 113996300
[Consesus log] 2023/05/22 01:28:03.114094 logger.go:32: commit Block[bajzenajkdmkqpbcwfll] in seq 83 at 114090100
[Consesus log] 2023/05/22 01:28:03.114187 logger.go:32: commit Block[tfchoplyyssqhpmplofa] in seq 84 at 114183300
[Consesus log] 2023/05/22 01:28:03.114286 logger.go:32: commit Block[aucobnvuariwlqplictr] in seq 85 at 114281900
[Consesus log] 2023/05/22 01:28:03.114469 logger.go:32: commit Block[unrwbuodtoxzzqvyhxhu] in seq 86 at 114461100
[Consesus log] 2023/05/22 01:28:03.114613 logger.go:32: commit Block[cnfpvsbkwekmqecqrndb] in seq 87 at 114608200
[Consesus log] 2023/05/22 01:28:03.114755 logger.go:32: commit Block[hssgdjcrshvppkxkgklo] in seq 88 at 114748600
[Consesus log] 2023/05/22 01:28:03.114853 logger.go:32: commit Block[dpwoymnxukhwiasuuqby] in seq 89 at 114848000
[Consesus log] 2023/05/22 01:28:03.115036 logger.go:32: commit Block[pmcitgdpaqqsfhvlblji] in seq 90 at 115026000
[Consesus log] 2023/05/22 01:28:03.115310 logger.go:32: commit Block[fbfxvihdqiihldwohahr] in seq 91 at 115300900
[Consesus log] 2023/05/22 01:28:03.115438 logger.go:32: commit Block[wgqsxkdnjemxnbrtzcme] in seq 92 at 115432300
[Consesus log] 2023/05/22 01:28:03.115546 logger.go:32: commit Block[msefdesesdtplcawjgkf] in seq 93 at 115540700
[Consesus log] 2023/05/22 01:28:03.166130 logger.go:32: generate Block[ciovdftcjbyxztmuuqgo] in seq 104 at 166118400
[Consesus log] 2023/05/22 01:28:03.216842 logger.go:32: generate Block[uuchduvtrdipckhuxbwl] in seq 105 at 216833300
[Consesus log] 2023/05/22 01:28:03.267948 logger.go:32: generate Block[itboolohmavsxsutprpd] in seq 106 at 267940900
[Consesus log] 2023/05/22 01:28:03.318275 logger.go:32: generate Block[cnbjghreacmvzuzndayc] in seq 107 at 318250600
[Consesus log] 2023/05/22 01:28:03.369189 logger.go:32: generate Block[urtkkmrzyndxjlcrxyrd] in seq 108 at 369159300
[Consesus log] 2023/05/22 01:28:03.419515 logger.go:32: generate Block[ywsanctniaysngiachdr] in seq 109 at 419505400
