[Consesus log] 2023/05/21 14:55:11.292205 logger.go:32: generate Block[xqipoblymgtxgsqziogo] in seq 3 at 292186500
[Consesus log] 2023/05/21 14:55:11.343110 logger.go:32: generate Block[czbhvhhkyxzbdrhkafwf] in seq 4 at 343095100
[Consesus log] 2023/05/21 14:55:11.394836 logger.go:32: generate Block[phkldnrekdznpuacgvrs] in seq 5 at 394825600
[Consesus log] 2023/05/21 14:55:11.445671 logger.go:32: generate Block[ancwdlalbeagafcstxsn] in seq 6 at 445661300
[Consesus log] 2023/05/21 14:55:11.496481 logger.go:32: generate Block[wdbnjjwohlupcncsrpiw] in seq 7 at 496452900
[Consesus log] 2023/05/21 14:55:11.548294 logger.go:32: generate Block[qcjsualifgtcviadrhhs] in seq 8 at 548279000
[Consesus log] 2023/05/21 14:55:11.598771 logger.go:32: generate Block[oimgxnlzghhybtekowmm] in seq 9 at 598761700
[Consesus log] 2023/05/21 14:55:11.649599 logger.go:32: generate Block[mbqbxslswhxhvyzsndsc] in seq 10 at 649589500
[Consesus log] 2023/05/21 14:55:11.649805 logger.go:32: commit Block[jwgpnwzjrvmeusbennds] in seq 1 at 649801600
[Consesus log] 2023/05/21 14:55:11.649950 logger.go:32: commit Block[azvtboregpcaltuncdbw] in seq 2 at 649947200
[Consesus log] 2023/05/21 14:55:11.701132 logger.go:32: generate Block[yrxjzlchhfttrjoqxbbv] in seq 11 at 701118800
[Consesus log] 2023/05/21 14:55:11.751395 logger.go:32: generate Block[lruklxvfqcrfqauqfqiy] in seq 12 at 751381700
[Consesus log] 2023/05/21 14:55:11.802985 logger.go:32: generate Block[vtdcxmhbnrcicestktdm] in seq 13 at 802975400
[Consesus log] 2023/05/21 14:55:11.853711 logger.go:32: generate Block[quubdhmttwxongunbbfz] in seq 14 at 853694100
[Consesus log] 2023/05/21 14:55:11.904552 logger.go:32: generate Block[ndbitwxwdizbedxbpube] in seq 15 at 904536100
[Consesus log] 2023/05/21 14:55:11.955356 logger.go:32: generate Block[qagltpqvwenwfvcjbopp] in seq 16 at 955325400
[Consesus log] 2023/05/21 14:55:12.007200 logger.go:32: generate Block[vgxybmcgdagyppthnljb] in seq 17 at 7182300
[Consesus log] 2023/05/21 14:55:12.058916 logger.go:32: generate Block[tuzncrvhuloqfjcftwpx] in seq 18 at 58861500
[Consesus log] 2023/05/21 14:55:12.109540 logger.go:32: generate Block[teoutlvpwfpvrymcalpi] in seq 19 at 109529800
[Consesus log] 2023/05/21 14:55:12.160721 logger.go:32: generate Block[pkghvpxqhzerdqcddcii] in seq 20 at 160704800
[Consesus log] 2023/05/21 14:55:12.211278 logger.go:32: generate Block[wnhytuxkzbhwqcsmexxi] in seq 21 at 211268900
[Consesus log] 2023/05/21 14:55:12.262127 logger.go:32: generate Block[fvfskllcmoougsjntlfo] in seq 22 at 262115000
[Consesus log] 2023/05/21 14:55:12.313770 logger.go:32: generate Block[mgkibvlxtunmsecgsqqa] in seq 23 at 313726000
[Consesus log] 2023/05/21 14:55:12.366249 logger.go:32: generate Block[lxdboidbuhjsyhanptdi] in seq 24 at 366237300
[Consesus log] 2023/05/21 14:55:12.928738 logger.go:32: generate Block[jetsbhhcoodrbengivir] in seq 23 at 928722800
[Consesus log] 2023/05/21 14:55:12.980700 logger.go:32: generate Block[qtymsonfcgbedmehespq] in seq 24 at 980683000
[Consesus log] 2023/05/21 14:55:13.032203 logger.go:32: generate Block[yzpcllecodkxvkubsvqd] in seq 25 at 32167600
[Consesus log] 2023/05/21 14:55:13.083691 logger.go:32: generate Block[bgrudjdjwlxlehixyfwc] in seq 26 at 83670000
[Consesus log] 2023/05/21 14:55:13.083985 logger.go:32: commit Block[xqipoblymgtxgsqziogo] in seq 3 at 83979900
[Consesus log] 2023/05/21 14:55:13.084665 logger.go:32: commit Block[czbhvhhkyxzbdrhkafwf] in seq 4 at 84644500
[Consesus log] 2023/05/21 14:55:13.084853 logger.go:32: commit Block[phkldnrekdznpuacgvrs] in seq 5 at 84848300
[Consesus log] 2023/05/21 14:55:13.084940 logger.go:32: commit Block[ancwdlalbeagafcstxsn] in seq 6 at 84935600
[Consesus log] 2023/05/21 14:55:13.085034 logger.go:32: commit Block[wdbnjjwohlupcncsrpiw] in seq 7 at 85026000
[Consesus log] 2023/05/21 14:55:13.085151 logger.go:32: commit Block[qcjsualifgtcviadrhhs] in seq 8 at 85146600
[Consesus log] 2023/05/21 14:55:13.085262 logger.go:32: commit Block[oimgxnlzghhybtekowmm] in seq 9 at 85257400
[Consesus log] 2023/05/21 14:55:13.085357 logger.go:32: commit Block[mbqbxslswhxhvyzsndsc] in seq 10 at 85352800
[Consesus log] 2023/05/21 14:55:13.085480 logger.go:32: commit Block[yrxjzlchhfttrjoqxbbv] in seq 11 at 85475000
[Consesus log] 2023/05/21 14:55:13.085600 logger.go:32: commit Block[lruklxvfqcrfqauqfqiy] in seq 12 at 85595300
[Consesus log] 2023/05/21 14:55:13.085701 logger.go:32: commit Block[vtdcxmhbnrcicestktdm] in seq 13 at 85697200
[Consesus log] 2023/05/21 14:55:13.085807 logger.go:32: commit Block[quubdhmttwxongunbbfz] in seq 14 at 85802300
[Consesus log] 2023/05/21 14:55:13.085902 logger.go:32: commit Block[ndbitwxwdizbedxbpube] in seq 15 at 85897600
[Consesus log] 2023/05/21 14:55:13.086004 logger.go:32: commit Block[qagltpqvwenwfvcjbopp] in seq 16 at 85999700
[Consesus log] 2023/05/21 14:55:13.086140 logger.go:32: commit Block[vgxybmcgdagyppthnljb] in seq 17 at 86135500
[Consesus log] 2023/05/21 14:55:13.086240 logger.go:32: commit Block[klldtgbqesjtjxeurkgh] in seq 18 at 86235200
[Consesus log] 2023/05/21 14:55:13.086332 logger.go:32: commit Block[chjffogwpgnmccpahmzw] in seq 19 at 86328100
[Consesus log] 2023/05/21 14:55:13.086426 logger.go:32: commit Block[arlhdffwyuhldmzvdqnm] in seq 20 at 86421900
[Consesus log] 2023/05/21 14:55:13.086538 logger.go:32: commit Block[kwjxcirswqtkyfregqpe] in seq 21 at 86532800
[Consesus log] 2023/05/21 14:55:13.086640 logger.go:32: commit Block[kihhzoimcblrsexenzre] in seq 22 at 86635400
[Consesus log] 2023/05/21 14:55:13.136896 logger.go:32: generate Block[rrrqaoxgeuzgmokfcldy] in seq 27 at 136883100
[Consesus log] 2023/05/21 14:55:13.187359 logger.go:32: generate Block[uyqrogtoubjoxxtrzzlq] in seq 28 at 187343800
[Consesus log] 2023/05/21 14:55:13.239488 logger.go:32: generate Block[xbjdirkujaoknocacrah] in seq 29 at 239473100
[Consesus log] 2023/05/21 14:55:13.290798 logger.go:32: generate Block[djjlqugudtceezazhpkl] in seq 30 at 290775800
[Consesus log] 2023/05/21 14:55:13.341975 logger.go:32: generate Block[kiovvsbjzyoxgdlmbrmu] in seq 31 at 341958600
[Consesus log] 2023/05/21 14:55:13.392596 logger.go:32: generate Block[yptrqqrvhrpjbkvtfmen] in seq 32 at 392581500
[Consesus log] 2023/05/21 14:55:13.443761 logger.go:32: generate Block[nsnmrnjnxtlxnxxawvod] in seq 33 at 443734900
[Consesus log] 2023/05/21 14:55:13.902864 logger.go:32: generate Block[nvhqdiosnvdsxnbcmljs] in seq 29 at 902833300
[Consesus log] 2023/05/21 14:55:13.953418 logger.go:32: generate Block[hmtghrwjolupvtwigert] in seq 30 at 953393500
[Consesus log] 2023/05/21 14:55:14.004782 logger.go:32: generate Block[ximfkldjyahdictjmllz] in seq 31 at 4767600
[Consesus log] 2023/05/21 14:55:14.055637 logger.go:32: generate Block[hkaewjwvhqvanbfqnmlr] in seq 32 at 55622300
[Consesus log] 2023/05/21 14:55:14.106907 logger.go:32: generate Block[wpllabxjxrhhcmronnca] in seq 33 at 106893000
[Consesus log] 2023/05/21 14:55:14.157666 logger.go:32: generate Block[prdcobsbpzmmjvtqgpfj] in seq 34 at 157651900
[Consesus log] 2023/05/21 14:55:14.208455 logger.go:32: generate Block[npagrswvpejbkeenekre] in seq 35 at 208439600
[Consesus log] 2023/05/21 14:55:14.258785 logger.go:32: generate Block[yuiuztlelrglukdnckcv] in seq 36 at 258770700
[Consesus log] 2023/05/21 14:55:14.310585 logger.go:32: generate Block[tuzibpfzwtlmkociicib] in seq 37 at 310572200
[Consesus log] 2023/05/21 14:55:14.361268 logger.go:32: generate Block[faftcvycxzebthintfnv] in seq 38 at 361251500
[Consesus log] 2023/05/21 14:55:14.412490 logger.go:32: generate Block[jajhurzrgojogzxhbjtk] in seq 39 at 412477600
[Consesus log] 2023/05/21 14:55:14.412685 logger.go:32: commit Block[jetsbhhcoodrbengivir] in seq 23 at 412680800
[Consesus log] 2023/05/21 14:55:14.412755 logger.go:32: commit Block[yxkxbgbaggktaawefyrs] in seq 24 at 412752500
[Consesus log] 2023/05/21 14:55:14.412821 logger.go:32: commit Block[nritdndwddpwtnomvmlk] in seq 25 at 412818300
[Consesus log] 2023/05/21 14:55:14.412893 logger.go:32: commit Block[lpdrhlghzhwybyazaztj] in seq 26 at 412890700
[Consesus log] 2023/05/21 14:55:14.413040 logger.go:32: commit Block[gihjjcwelekbwogscmsj] in seq 27 at 413034200
[Consesus log] 2023/05/21 14:55:14.413119 logger.go:32: commit Block[ghhkvzpjovlhqmtesfrh] in seq 28 at 413116200
[Consesus log] 2023/05/21 14:55:14.463480 logger.go:32: generate Block[cljydggsesjnhgtryvna] in seq 40 at 463464700
[Consesus log] 2023/05/21 14:55:14.513850 logger.go:32: generate Block[funfvulyuvrzbnkdamll] in seq 41 at 513835300
[Consesus log] 2023/05/21 14:55:14.565756 logger.go:32: generate Block[nohpqpukiapksrsluhrb] in seq 42 at 565741500
[Consesus log] 2023/05/21 14:55:14.616427 logger.go:32: generate Block[spbxztdtzbcvztwtuqxm] in seq 43 at 616412500
[Consesus log] 2023/05/21 14:55:14.667817 logger.go:32: generate Block[ugsurzaonfaazioysnav] in seq 44 at 667792300
[Consesus log] 2023/05/21 14:55:14.718778 logger.go:32: generate Block[kjtplkbtnrljdnnicyuv] in seq 45 at 718761700
[Consesus log] 2023/05/21 14:55:14.769991 logger.go:32: generate Block[axekvjaqpuswcttjdsou] in seq 46 at 769976400
[Consesus log] 2023/05/21 14:55:14.821061 logger.go:32: generate Block[gpsxvnswzfbkbkguuxnq] in seq 47 at 821041900
[Consesus log] 2023/05/21 14:55:14.872366 logger.go:32: generate Block[acnwvqeymzcbsrzhvvxm] in seq 48 at 872349600
[Consesus log] 2023/05/21 14:55:14.872623 logger.go:32: commit Block[nvhqdiosnvdsxnbcmljs] in seq 29 at 872615600
[Consesus log] 2023/05/21 14:55:14.872726 logger.go:32: commit Block[hmtghrwjolupvtwigert] in seq 30 at 872721800
[Consesus log] 2023/05/21 14:55:14.923898 logger.go:32: generate Block[dsspexmruuztzltjknar] in seq 49 at 923882700
[Consesus log] 2023/05/21 14:55:14.975576 logger.go:32: generate Block[ihhahtbtsrxbqaijdffi] in seq 50 at 975561000
[Consesus log] 2023/05/21 14:55:15.026141 logger.go:32: generate Block[qocrcdzjykgidwevudfl] in seq 51 at 26126400
[Consesus log] 2023/05/21 14:55:15.077709 logger.go:32: generate Block[pxxrwwbxyxhokkigmphs] in seq 52 at 77687800
[Consesus log] 2023/05/21 14:55:15.129892 logger.go:32: generate Block[ncuevpilkbvctytyvpqp] in seq 53 at 129865500
[Consesus log] 2023/05/21 14:55:15.180277 logger.go:32: generate Block[legjbhvyesslrkkcjwvh] in seq 54 at 180267300
[Consesus log] 2023/05/21 14:55:15.230957 logger.go:32: generate Block[vpmknrrztukysqfpzvmw] in seq 55 at 230944800
[Consesus log] 2023/05/21 14:55:15.281676 logger.go:32: generate Block[jnpoerfwgpgrgbgxtrdl] in seq 56 at 281666000
[Consesus log] 2023/05/21 14:55:15.332851 logger.go:32: generate Block[lgznamnsrmzxkmecsgsz] in seq 57 at 332835300
[Consesus log] 2023/05/21 14:55:15.383387 logger.go:32: generate Block[alcpoyhpigbvduvhlqxx] in seq 58 at 383375000
[Consesus log] 2023/05/21 14:55:15.433808 logger.go:32: generate Block[sluwthfdzytqznvippnq] in seq 59 at 433787600
[Consesus log] 2023/05/21 14:55:15.484706 logger.go:32: generate Block[jkcxjuhassmgrhvdjmwh] in seq 60 at 484594300
[Consesus log] 2023/05/21 14:55:15.535378 logger.go:32: generate Block[zdwpvhwczpvbqsdqdiol] in seq 61 at 535359500
[Consesus log] 2023/05/21 14:55:15.587427 logger.go:32: generate Block[zxezgxcyxtuogjncnpbf] in seq 62 at 587408100
[Consesus log] 2023/05/21 14:55:15.638062 logger.go:32: generate Block[kyabipswvubhmjkuveri] in seq 63 at 638045600
[Consesus log] 2023/05/21 14:55:15.638325 logger.go:32: commit Block[ximfkldjyahdictjmllz] in seq 31 at 638319400
[Consesus log] 2023/05/21 14:55:15.638406 logger.go:32: commit Block[hkaewjwvhqvanbfqnmlr] in seq 32 at 638403300
[Consesus log] 2023/05/21 14:55:15.689726 logger.go:32: generate Block[ttwbjmgjktpfdclrjnre] in seq 64 at 689709200
[Consesus log] 2023/05/21 14:55:15.740172 logger.go:32: generate Block[xoshlilkemmuztjcqrhn] in seq 65 at 740156300
[Consesus log] 2023/05/21 14:55:15.790627 logger.go:32: generate Block[jelhxirbwkugvxktbjwu] in seq 66 at 790611900
[Consesus log] 2023/05/21 14:55:16.268532 logger.go:32: commit Block[wpllabxjxrhhcmronnca] in seq 33 at 268521600
[Consesus log] 2023/05/21 14:55:16.268662 logger.go:32: commit Block[prdcobsbpzmmjvtqgpfj] in seq 34 at 268657700
[Consesus log] 2023/05/21 14:55:16.268752 logger.go:32: commit Block[npagrswvpejbkeenekre] in seq 35 at 268748700
[Consesus log] 2023/05/21 14:55:16.268853 logger.go:32: commit Block[yuiuztlelrglukdnckcv] in seq 36 at 268849300
[Consesus log] 2023/05/21 14:55:16.268961 logger.go:32: commit Block[tuzibpfzwtlmkociicib] in seq 37 at 268956100
[Consesus log] 2023/05/21 14:55:16.269049 logger.go:32: commit Block[faftcvycxzebthintfnv] in seq 38 at 269045200
[Consesus log] 2023/05/21 14:55:16.269135 logger.go:32: commit Block[jajhurzrgojogzxhbjtk] in seq 39 at 269132200
[Consesus log] 2023/05/21 14:55:16.269221 logger.go:32: commit Block[cljydggsesjnhgtryvna] in seq 40 at 269217500
[Consesus log] 2023/05/21 14:55:16.269304 logger.go:32: commit Block[funfvulyuvrzbnkdamll] in seq 41 at 269300000
[Consesus log] 2023/05/21 14:55:16.269397 logger.go:32: commit Block[nohpqpukiapksrsluhrb] in seq 42 at 269389800
[Consesus log] 2023/05/21 14:55:16.269507 logger.go:32: commit Block[spbxztdtzbcvztwtuqxm] in seq 43 at 269502300
[Consesus log] 2023/05/21 14:55:16.269604 logger.go:32: commit Block[ugsurzaonfaazioysnav] in seq 44 at 269599600
[Consesus log] 2023/05/21 14:55:16.269700 logger.go:32: commit Block[kjtplkbtnrljdnnicyuv] in seq 45 at 269695500
[Consesus log] 2023/05/21 14:55:16.270527 logger.go:32: commit Block[axekvjaqpuswcttjdsou] in seq 46 at 270518300
[Consesus log] 2023/05/21 14:55:16.270654 logger.go:32: commit Block[gpsxvnswzfbkbkguuxnq] in seq 47 at 270649200
[Consesus log] 2023/05/21 14:55:16.270753 logger.go:32: commit Block[acnwvqeymzcbsrzhvvxm] in seq 48 at 270748800
[Consesus log] 2023/05/21 14:55:16.270846 logger.go:32: commit Block[dsspexmruuztzltjknar] in seq 49 at 270841800
[Consesus log] 2023/05/21 14:55:16.270942 logger.go:32: commit Block[ihhahtbtsrxbqaijdffi] in seq 50 at 270937300
[Consesus log] 2023/05/21 14:55:16.271035 logger.go:32: commit Block[qocrcdzjykgidwevudfl] in seq 51 at 271030900
[Consesus log] 2023/05/21 14:55:16.271128 logger.go:32: commit Block[pxxrwwbxyxhokkigmphs] in seq 52 at 271123500
[Consesus log] 2023/05/21 14:55:16.271293 logger.go:32: commit Block[ncuevpilkbvctytyvpqp] in seq 53 at 271288300
[Consesus log] 2023/05/21 14:55:16.271405 logger.go:32: commit Block[legjbhvyesslrkkcjwvh] in seq 54 at 271400600
[Consesus log] 2023/05/21 14:55:16.271526 logger.go:32: commit Block[vpmknrrztukysqfpzvmw] in seq 55 at 271521200
[Consesus log] 2023/05/21 14:55:16.271626 logger.go:32: commit Block[jnpoerfwgpgrgbgxtrdl] in seq 56 at 271622000
[Consesus log] 2023/05/21 14:55:16.271737 logger.go:32: commit Block[lgznamnsrmzxkmecsgsz] in seq 57 at 271732100
[Consesus log] 2023/05/21 14:55:16.271835 logger.go:32: commit Block[alcpoyhpigbvduvhlqxx] in seq 58 at 271830400
[Consesus log] 2023/05/21 14:55:16.271936 logger.go:32: commit Block[sluwthfdzytqznvippnq] in seq 59 at 271931700
[Consesus log] 2023/05/21 14:55:16.272052 logger.go:32: commit Block[jkcxjuhassmgrhvdjmwh] in seq 60 at 272047700
[Consesus log] 2023/05/21 14:55:16.779758 logger.go:32: commit Block[hbeyqdrrryarfhnoslkt] in seq 61 at 779741000
[Consesus log] 2023/05/21 14:55:16.779951 logger.go:32: commit Block[pblkxqihnbdbvfpxkbcj] in seq 62 at 779944400
[Consesus log] 2023/05/21 14:55:18.876559 logger.go:32: commit Block[dzjafwiblwvxzkdlhhcz] in seq 63 at 876548700
[Consesus log] 2023/05/21 14:55:18.876720 logger.go:32: commit Block[jhjgjhvjqstfkpbzoyvz] in seq 64 at 876714500
[Consesus log] 2023/05/21 14:55:18.876819 logger.go:32: commit Block[ebbksuyblyvzwlhsgjhm] in seq 65 at 876814600
[Consesus log] 2023/05/21 14:55:18.876917 logger.go:32: commit Block[xtkbqfavcxsdkfevnrmk] in seq 66 at 876912600
[Consesus log] 2023/05/21 14:55:18.877013 logger.go:32: commit Block[ttfkkssezdmjvvbxbhif] in seq 67 at 877008700
[Consesus log] 2023/05/21 14:55:18.877119 logger.go:32: commit Block[qfwrohsnhhpseizbtecw] in seq 68 at 877114100
[Consesus log] 2023/05/21 14:55:18.877213 logger.go:32: commit Block[opvttxvtajyqgmoahycj] in seq 69 at 877208200
[Consesus log] 2023/05/21 14:55:18.877306 logger.go:32: commit Block[blkvkhftkiqvwcbweacl] in seq 70 at 877301600
[Consesus log] 2023/05/21 14:55:18.877400 logger.go:32: commit Block[xkowneetklngikfkfjcx] in seq 71 at 877395600
[Consesus log] 2023/05/21 14:55:18.877492 logger.go:32: commit Block[uiflgvljutgmgihvtzhu] in seq 72 at 877487800
[Consesus log] 2023/05/21 14:55:18.877613 logger.go:32: commit Block[gyotcizujhspvxjxprts] in seq 73 at 877608300
[Consesus log] 2023/05/21 14:55:18.877722 logger.go:32: commit Block[vetkoataqcdltipuefbu] in seq 74 at 877717400
[Consesus log] 2023/05/21 14:55:18.877816 logger.go:32: commit Block[dkmupttmhrqjerurjhew] in seq 75 at 877811400
[Consesus log] 2023/05/21 14:55:18.877910 logger.go:32: commit Block[axsjvzhpkvgbcthkwxjl] in seq 76 at 877905600
[Consesus log] 2023/05/21 14:55:18.878003 logger.go:32: commit Block[ckvvyduvnaiswusxlrmi] in seq 77 at 877998700
[Consesus log] 2023/05/21 14:55:18.878108 logger.go:32: commit Block[fvdeznhbfatllshyvuqx] in seq 78 at 878103200
[Consesus log] 2023/05/21 14:55:18.878224 logger.go:32: commit Block[gbsosuoegtysacpfsnsk] in seq 79 at 878218500
[Consesus log] 2023/05/21 14:55:18.878344 logger.go:32: commit Block[ypxntnktelqjadgezeyr] in seq 80 at 878339100
[Consesus log] 2023/05/21 14:55:18.878463 logger.go:32: commit Block[wgumgnuspkrlwtvnhqqi] in seq 81 at 878458300
[Consesus log] 2023/05/21 14:55:18.878572 logger.go:32: commit Block[puxxkgvabbzzupylhmxg] in seq 82 at 878566600
[Consesus log] 2023/05/21 14:55:18.878866 logger.go:32: commit Block[ggrxqkedsbsruosvwldk] in seq 83 at 878857300
[Consesus log] 2023/05/21 14:55:18.879030 logger.go:32: commit Block[nqdxiylrzdonomzarraj] in seq 84 at 879025300
[Consesus log] 2023/05/21 14:55:18.879153 logger.go:32: commit Block[wonlyftjcixcpgkymtoc] in seq 85 at 879147700
[Consesus log] 2023/05/21 14:55:18.879249 logger.go:32: commit Block[wfdjjbtpgvhosrrstxgu] in seq 86 at 879244900
[Consesus log] 2023/05/21 14:55:18.879368 logger.go:32: commit Block[icwlzxxpcqetmogxxxra] in seq 87 at 879360500
[Consesus log] 2023/05/21 14:55:18.879479 logger.go:32: commit Block[ubnsjxwyvbaqmbucrvqn] in seq 88 at 879475700
[Consesus log] 2023/05/21 14:55:18.879630 logger.go:32: commit Block[hwsbfyacmohcyqtlaxpq] in seq 89 at 879623300
[Consesus log] 2023/05/21 14:55:18.879788 logger.go:32: commit Block[fbkenthfyzlqhxbfylfo] in seq 90 at 879774400
[Consesus log] 2023/05/21 14:55:18.879903 logger.go:32: commit Block[ztfvpeihcujucysydjnl] in seq 91 at 879897900
[Consesus log] 2023/05/21 14:55:18.879980 logger.go:32: commit Block[hagpbujgudjomvbmlpgz] in seq 92 at 879977600
[Consesus log] 2023/05/21 14:55:18.880047 logger.go:32: commit Block[tdflaajagpegqtgrrwfq] in seq 93 at 880044000
[Consesus log] 2023/05/21 14:55:18.880113 logger.go:32: commit Block[oifwxmpjucuxkgcabkyc] in seq 94 at 880110300
[Consesus log] 2023/05/21 14:55:18.880203 logger.go:32: commit Block[klfuzrceoeoggsawiyyr] in seq 95 at 880196800
[Consesus log] 2023/05/21 14:55:19.288261 logger.go:32: commit Block[pbdmnqsnnwhpsnrcqlxa] in seq 96 at 288245100
[Consesus log] 2023/05/21 14:55:19.289225 logger.go:32: commit Block[fqxzptxhwwidahcwngja] in seq 97 at 289206700
[Consesus log] 2023/05/21 14:55:19.289403 logger.go:32: commit Block[ewwntzjhgeihhsoejumw] in seq 98 at 289396700
[Consesus log] 2023/05/21 14:55:19.846146 logger.go:32: commit Block[zmhiojuedvmniwpgpcks] in seq 99 at 846135900
[Consesus log] 2023/05/21 14:55:21.587757 logger.go:32: commit Block[vqamvjvjyangvrznmiew] in seq 100 at 587747300
[Consesus log] 2023/05/21 14:55:21.587897 logger.go:32: commit Block[jualjshyfqshpnupmugh] in seq 101 at 587891900
[Consesus log] 2023/05/21 14:55:21.587996 logger.go:32: commit Block[mrdmwstfkpsscetgqvnv] in seq 102 at 587991500
[Consesus log] 2023/05/21 14:55:21.588093 logger.go:32: commit Block[wyeqeyqycbicwltbzqlj] in seq 103 at 588088900
[Consesus log] 2023/05/21 14:55:21.588208 logger.go:32: commit Block[badgarsenxkunmuddqhh] in seq 104 at 588202200
[Consesus log] 2023/05/21 14:55:21.588357 logger.go:32: commit Block[elintpjtvnjcgrudaffz] in seq 105 at 588351500
[Consesus log] 2023/05/21 14:55:21.588466 logger.go:32: commit Block[otxdaunpdptazwyhxshr] in seq 106 at 588461600
[Consesus log] 2023/05/21 14:55:21.588567 logger.go:32: commit Block[obfekgctbjddznravcdy] in seq 107 at 588562500
[Consesus log] 2023/05/21 14:55:21.588668 logger.go:32: commit Block[lupzczdmhralbupytcxj] in seq 108 at 588663300
[Consesus log] 2023/05/21 14:55:21.588782 logger.go:32: commit Block[uteebujxpbbdzeyolvly] in seq 109 at 588767500
[Consesus log] 2023/05/21 14:55:21.588892 logger.go:32: commit Block[rqghgulonbftoxbxzskp] in seq 110 at 588887400
[Consesus log] 2023/05/21 14:55:21.588994 logger.go:32: commit Block[jprnyvzquewifszaxkzf] in seq 111 at 588990100
[Consesus log] 2023/05/21 14:55:21.589092 logger.go:32: commit Block[ulrnlebsxjfkhntpkskv] in seq 112 at 589087400
[Consesus log] 2023/05/21 14:55:21.589187 logger.go:32: commit Block[ojdqfnctwcfholvyzoez] in seq 113 at 589183200
[Consesus log] 2023/05/21 14:55:21.589283 logger.go:32: commit Block[xwtbmqjvqlpufqoknsan] in seq 114 at 589278400
[Consesus log] 2023/05/21 14:55:21.589395 logger.go:32: commit Block[mcjgoiuojpetghyaxgnz] in seq 115 at 589389800
[Consesus log] 2023/05/21 14:55:21.589494 logger.go:32: commit Block[wxyhgybdxvizqrbiwqxe] in seq 116 at 589489800
[Consesus log] 2023/05/21 14:55:21.589607 logger.go:32: commit Block[marbojogjqvrnaifzuca] in seq 117 at 589602100
[Consesus log] 2023/05/21 14:55:21.589700 logger.go:32: commit Block[hdnwshccgvfjfmkspsag] in seq 118 at 589695600
[Consesus log] 2023/05/21 14:55:21.589792 logger.go:32: commit Block[osvkgfwslrssrldjfbmm] in seq 119 at 589787800
[Consesus log] 2023/05/21 14:55:21.589899 logger.go:32: commit Block[xylpqfqunrnogtxuanbi] in seq 120 at 589894100
[Consesus log] 2023/05/21 14:55:21.589990 logger.go:32: commit Block[iocrsbqbrjtrtiiygmsv] in seq 121 at 589986500
[Consesus log] 2023/05/21 14:55:21.590082 logger.go:32: commit Block[cymrcluzafyymdgpgtqs] in seq 122 at 590077400
[Consesus log] 2023/05/21 14:55:21.590272 logger.go:32: commit Block[xubgrixextkkckughsmm] in seq 123 at 590267800
[Consesus log] 2023/05/21 14:55:21.590370 logger.go:32: commit Block[ilpdjkfclvkqgujpizfj] in seq 124 at 590365500
[Consesus log] 2023/05/21 14:55:21.590468 logger.go:32: commit Block[sonuhktvmxcdhyptwiwe] in seq 125 at 590462700
[Consesus log] 2023/05/21 14:55:21.590561 logger.go:32: commit Block[pwkxegopzdngwacfbtrn] in seq 126 at 590556400
[Consesus log] 2023/05/21 14:55:21.590658 logger.go:32: commit Block[ejwbegthfaxjajhptufm] in seq 127 at 590654200
[Consesus log] 2023/05/21 14:55:21.590754 logger.go:32: commit Block[rttoemkrkxoujwdvxryf] in seq 128 at 590749500
[Consesus log] 2023/05/21 14:55:21.590862 logger.go:32: commit Block[agcgbyozbjukowbhpskm] in seq 129 at 590857100
[Consesus log] 2023/05/21 14:55:21.590960 logger.go:32: commit Block[cgzayopfivmmuwncqnqh] in seq 130 at 590954900
[Consesus log] 2023/05/21 14:55:21.591053 logger.go:32: commit Block[rwmljjlbyzkudaikiuwq] in seq 131 at 591048500
[Consesus log] 2023/05/21 14:55:21.591145 logger.go:32: commit Block[xldcntkcmrtljkpaboqb] in seq 132 at 591140800
[Consesus log] 2023/05/21 14:55:21.591237 logger.go:32: commit Block[uhtgcdrmtbadshioiumb] in seq 133 at 591232600
[Consesus log] 2023/05/21 14:55:21.591328 logger.go:32: commit Block[szmpkngbghtwfxtsilnh] in seq 134 at 591324200
[Consesus log] 2023/05/21 14:55:22.339975 logger.go:32: commit Block[ukqogzlmvuvmjkbrescg] in seq 135 at 339960300
[Consesus log] 2023/05/21 14:55:22.343383 logger.go:32: commit Block[qbqvtlhlbqvrvfjktupv] in seq 136 at 343371400
[Consesus log] 2023/05/21 14:55:22.343515 logger.go:32: commit Block[cvffihuinucopaofprlh] in seq 137 at 343510400
[Consesus log] 2023/05/21 14:55:22.343609 logger.go:32: commit Block[zemcwzcigufcnavtuvfq] in seq 138 at 343605100
[Consesus log] 2023/05/21 14:55:22.343701 logger.go:32: commit Block[vhdglplcnurhkgoshqol] in seq 139 at 343697300
[Consesus log] 2023/05/21 14:55:22.343801 logger.go:32: commit Block[gzlifrtxjrcnnqohwjwo] in seq 140 at 343796200
[Consesus log] 2023/05/21 14:55:22.343915 logger.go:32: commit Block[bgfherfuomctqapitplv] in seq 141 at 343910000
[Consesus log] 2023/05/21 14:55:22.344004 logger.go:32: commit Block[bnhardrhrxcdlaiaoszr] in seq 142 at 343999900
[Consesus log] 2023/05/21 14:55:22.344089 logger.go:32: commit Block[jmpjlxahppkywwxaybnt] in seq 143 at 344085100
[Consesus log] 2023/05/21 14:55:22.344174 logger.go:32: commit Block[xbdgtqsdylqlvxbvsbdu] in seq 144 at 344169800
[Consesus log] 2023/05/21 14:55:22.344301 logger.go:32: commit Block[rzhftlvkuuidwutsghyw] in seq 145 at 344288500
[Consesus log] 2023/05/21 14:55:22.344418 logger.go:32: commit Block[vfrdwjqvtzgeednhheoi] in seq 146 at 344413100
[Consesus log] 2023/05/21 14:55:22.344530 logger.go:32: commit Block[pvsllerlobzeitvhargb] in seq 147 at 344523200
[Consesus log] 2023/05/21 14:55:22.344633 logger.go:32: commit Block[zgfpfwwhxipkkwgaaria] in seq 148 at 344627700
[Consesus log] 2023/05/21 14:55:22.344725 logger.go:32: commit Block[oxtdeanqyehuxbzxhhuj] in seq 149 at 344720100
[Consesus log] 2023/05/21 14:55:22.344835 logger.go:32: commit Block[hozdmuearrmljruypsas] in seq 150 at 344830400
[Consesus log] 2023/05/21 14:55:22.344929 logger.go:32: commit Block[djnxsnzwsqekrlqxiqmv] in seq 151 at 344925300
[Consesus log] 2023/05/21 14:55:22.345017 logger.go:32: commit Block[aidtfpsekpdgndpbkodq] in seq 152 at 345012400
[Consesus log] 2023/05/21 14:55:22.345115 logger.go:32: commit Block[qgslewdmpocakbrsrkjr] in seq 153 at 345109500
[Consesus log] 2023/05/21 14:55:22.673002 logger.go:32: generate Block[bmyrvczskenxhhuoxfsf] in seq 166 at 672980000
[Consesus log] 2023/05/21 14:55:22.723347 logger.go:32: generate Block[ebyutftdazwxdeebnvyn] in seq 167 at 723332500
[Consesus log] 2023/05/21 14:55:22.776215 logger.go:32: generate Block[mkneiliavwnvcomrwqvs] in seq 168 at 776182300
[Consesus log] 2023/05/21 14:55:22.826875 logger.go:32: generate Block[volrtanixlyccjqkfatx] in seq 169 at 826857100
[Consesus log] 2023/05/21 14:55:22.877485 logger.go:32: generate Block[lkzmkcaharhliolljnsr] in seq 170 at 877401100
[Consesus log] 2023/05/21 14:55:22.928517 logger.go:32: generate Block[cczifisaqdikbfaunztk] in seq 171 at 928500300
[Consesus log] 2023/05/21 14:55:22.979910 logger.go:32: generate Block[abkcplyibymlhrmcmkgt] in seq 172 at 979894500
[Consesus log] 2023/05/21 14:55:23.031680 logger.go:32: generate Block[hjdfolowlwrmewtvyjkt] in seq 173 at 31664200
[Consesus log] 2023/05/21 14:55:23.031927 logger.go:32: commit Block[luoyfipxfmmuvfuencxh] in seq 154 at 31923700
[Consesus log] 2023/05/21 14:55:23.032001 logger.go:32: commit Block[jppsdbsftgrvhyhobqtw] in seq 155 at 31998300
[Consesus log] 2023/05/21 14:55:23.032069 logger.go:32: commit Block[cudqebpnqoqvkxxsasgw] in seq 156 at 32066600
[Consesus log] 2023/05/21 14:55:23.032140 logger.go:32: commit Block[dvfqzrbmeqrbnnpiwmmh] in seq 157 at 32137600
[Consesus log] 2023/05/21 14:55:23.032304 logger.go:32: commit Block[npafypzztrclkmrxbsar] in seq 158 at 32296800
[Consesus log] 2023/05/21 14:55:23.032402 logger.go:32: commit Block[geermvxeuesrkusdqhlf] in seq 159 at 32398500
[Consesus log] 2023/05/21 14:55:23.032760 logger.go:32: commit Block[kkjmofmizwewunkmxjpf] in seq 160 at 32750900
[Consesus log] 2023/05/21 14:55:23.032898 logger.go:32: commit Block[ddnkgbceenwgsuohidhd] in seq 161 at 32892200
[Consesus log] 2023/05/21 14:55:23.033090 logger.go:32: commit Block[vmtjwmijwlhqrtlosiea] in seq 162 at 33063300
[Consesus log] 2023/05/21 14:55:23.033210 logger.go:32: commit Block[lldvotouxzokzbfrsiwt] in seq 163 at 33204300
[Consesus log] 2023/05/21 14:55:23.033289 logger.go:32: commit Block[uisqtmxwiypckfqhcfbi] in seq 164 at 33286100
[Consesus log] 2023/05/21 14:55:23.033360 logger.go:32: commit Block[yvmenalrjeulicbspqeq] in seq 165 at 33357800
[Consesus log] 2023/05/21 14:55:23.083818 logger.go:32: generate Block[jdnqtkvubxmbgeegemxi] in seq 174 at 83787400
[Consesus log] 2023/05/21 14:55:23.134793 logger.go:32: generate Block[koaedjumlufijljyopxx] in seq 175 at 134776900
[Consesus log] 2023/05/21 14:55:23.186549 logger.go:32: generate Block[vejclflxcbnasjowksyk] in seq 176 at 186536500
[Consesus log] 2023/05/21 14:55:23.630205 logger.go:32: commit Block[bmyrvczskenxhhuoxfsf] in seq 166 at 630195200
[Consesus log] 2023/05/21 14:55:23.630342 logger.go:32: commit Block[ebyutftdazwxdeebnvyn] in seq 167 at 630337800
[Consesus log] 2023/05/21 14:55:23.630435 logger.go:32: commit Block[mkneiliavwnvcomrwqvs] in seq 168 at 630430700
[Consesus log] 2023/05/21 14:55:23.630538 logger.go:32: commit Block[volrtanixlyccjqkfatx] in seq 169 at 630532700
[Consesus log] 2023/05/21 14:55:23.630640 logger.go:32: commit Block[lkzmkcaharhliolljnsr] in seq 170 at 630632900
[Consesus log] 2023/05/21 14:55:24.243402 logger.go:32: commit Block[curqfzknybinnhutruhs] in seq 171 at 243392300
[Consesus log] 2023/05/21 14:55:24.243551 logger.go:32: commit Block[ffvggmtcdvdbkzvnjhhz] in seq 172 at 243545800
[Consesus log] 2023/05/21 14:55:25.574575 logger.go:32: commit Block[sjwnwrbmuansbxzeywep] in seq 173 at 574555000
[Consesus log] 2023/05/21 14:55:25.574748 logger.go:32: commit Block[gduntupswuxqqagsxems] in seq 174 at 574739700
[Consesus log] 2023/05/21 14:55:25.574883 logger.go:32: commit Block[znxlbrsewwplkuvkmbuu] in seq 175 at 574877400
[Consesus log] 2023/05/21 14:55:25.574981 logger.go:32: commit Block[rvmrlyskhduhlqeacjvw] in seq 176 at 574976600
[Consesus log] 2023/05/21 14:55:25.575074 logger.go:32: commit Block[wipswrtgueocwlrfyhoc] in seq 177 at 575069600
[Consesus log] 2023/05/21 14:55:25.575171 logger.go:32: commit Block[fuscmpekfozprljwrnzl] in seq 178 at 575155800
[Consesus log] 2023/05/21 14:55:25.575276 logger.go:32: commit Block[zruwkqsylinrkjieywvt] in seq 179 at 575271800
[Consesus log] 2023/05/21 14:55:25.575364 logger.go:32: commit Block[afxeruglntknhaajdzpk] in seq 180 at 575360000
[Consesus log] 2023/05/21 14:55:25.575450 logger.go:32: commit Block[ugjxakeubqzmfihybfqv] in seq 181 at 575446500
[Consesus log] 2023/05/21 14:55:25.575542 logger.go:32: commit Block[gzyfsacmqrqdtqrlrvko] in seq 182 at 575536700
[Consesus log] 2023/05/21 14:55:25.575640 logger.go:32: commit Block[esgrxjskxrkuxghcymrx] in seq 183 at 575635900
[Consesus log] 2023/05/21 14:55:25.575743 logger.go:32: commit Block[tjdptokehnbnzoumlkha] in seq 184 at 575727200
[Consesus log] 2023/05/21 14:55:25.575847 logger.go:32: commit Block[yepsfmilobwmcjpzwmko] in seq 185 at 575842400
[Consesus log] 2023/05/21 14:55:25.575940 logger.go:32: commit Block[blqysaoqnskradjbdymf] in seq 186 at 575935000
[Consesus log] 2023/05/21 14:55:25.576039 logger.go:32: commit Block[awrqqsfmmhsmmbpotdtz] in seq 187 at 576034400
[Consesus log] 2023/05/21 14:55:25.576134 logger.go:32: commit Block[hulmzdrwgpidmmvznhov] in seq 188 at 576129800
[Consesus log] 2023/05/21 14:55:25.576226 logger.go:32: commit Block[gqpoacurarfkmgpedpxd] in seq 189 at 576221800
[Consesus log] 2023/05/21 14:55:25.576324 logger.go:32: commit Block[jwljrfavcptncjpeyrri] in seq 190 at 576319400
[Consesus log] 2023/05/21 14:55:25.576422 logger.go:32: commit Block[nhpsfrdlvqdaejcnpkvu] in seq 191 at 576417300
[Consesus log] 2023/05/21 14:55:25.576516 logger.go:32: commit Block[wtxtgdceeysrcsbmucsm] in seq 192 at 576511900
[Consesus log] 2023/05/21 14:55:25.576610 logger.go:32: commit Block[wnexvwmisemddmicpcjs] in seq 193 at 576605900
[Consesus log] 2023/05/21 14:55:25.576703 logger.go:32: commit Block[krsewpsrwvtgzsxdzrwy] in seq 194 at 576699200
[Consesus log] 2023/05/21 14:55:25.576809 logger.go:32: commit Block[ihhqocwjkuijbxsvkcex] in seq 195 at 576804200
[Consesus log] 2023/05/21 14:55:25.576902 logger.go:32: commit Block[ngnrhtsuaemupkcodenv] in seq 196 at 576898100
[Consesus log] 2023/05/21 14:55:25.576995 logger.go:32: commit Block[snfimduaawpzavixewzs] in seq 197 at 576990900
[Consesus log] 2023/05/21 14:55:25.577172 logger.go:32: commit Block[uenpmwkunngymttlngdv] in seq 198 at 577165200
[Consesus log] 2023/05/21 14:55:25.577273 logger.go:32: commit Block[zliqqlimwzlwvojhvbcc] in seq 199 at 577268500
[Consesus log] 2023/05/21 14:55:25.577369 logger.go:32: commit Block[fqikljwygfucqydpdtsd] in seq 200 at 577365000
[Consesus log] 2023/05/21 14:55:25.577462 logger.go:32: commit Block[nfqxeokvndzvmaebrwnd] in seq 201 at 577457300
[Consesus log] 2023/05/21 14:55:25.577592 logger.go:32: commit Block[ujhyiqumbguldnjpveft] in seq 202 at 577586500
[Consesus log] 2023/05/21 14:55:25.577697 logger.go:32: commit Block[usnlpuorfzfknaifaqrf] in seq 203 at 577692400
[Consesus log] 2023/05/21 14:55:25.577788 logger.go:32: commit Block[ziewdwtekskrortpbabb] in seq 204 at 577784000
[Consesus log] 2023/05/21 14:55:25.577887 logger.go:32: commit Block[xabvurjlgaxzigpjccix] in seq 205 at 577882400
[Consesus log] 2023/05/21 14:55:25.577993 logger.go:32: commit Block[ccopvqzqcbwtagkkmvar] in seq 206 at 577988100
[Consesus log] 2023/05/21 14:55:25.578085 logger.go:32: commit Block[lbxbfnxkryphfaboilkf] in seq 207 at 578080600
[Consesus log] 2023/05/21 14:55:25.578177 logger.go:32: commit Block[rcalgnrfknxkvssyqshv] in seq 208 at 578172600
[Consesus log] 2023/05/21 14:55:25.578770 logger.go:32: commit Block[ayceyuojnewrosmonpds] in seq 209 at 578757000
[Consesus log] 2023/05/21 14:55:26.826763 logger.go:32: generate Block[jzwmugtorcazorirrvcl] in seq 228 at 826742800
[Consesus log] 2023/05/21 14:55:26.879215 logger.go:32: generate Block[aaxvklkorcduhylkmrtl] in seq 229 at 879191000
[Consesus log] 2023/05/21 14:55:26.930907 logger.go:32: generate Block[ujxuifozotlwyvmbltvf] in seq 230 at 930891900
[Consesus log] 2023/05/21 14:55:26.982159 logger.go:32: generate Block[uqlznxyscgavsuosuwxg] in seq 231 at 982074000
[Consesus log] 2023/05/21 14:55:27.033425 logger.go:32: generate Block[njslcmeholzkgtffxgdx] in seq 232 at 33408500
[Consesus log] 2023/05/21 14:55:27.084067 logger.go:32: generate Block[qrlxyppdvsajhngdovej] in seq 233 at 84047700
[Consesus log] 2023/05/21 14:55:27.135139 logger.go:32: generate Block[rtolimyvnsnfpkrihtwu] in seq 234 at 135114100
[Consesus log] 2023/05/21 14:55:27.186364 logger.go:32: generate Block[smzxicjjgmzgyblteeec] in seq 235 at 186349000
[Consesus log] 2023/05/21 14:55:27.237077 logger.go:32: generate Block[aqhjkxoghzroirekdozj] in seq 236 at 237062600
[Consesus log] 2023/05/21 14:55:27.288125 logger.go:32: generate Block[eguiabgqqqgaxtogybga] in seq 237 at 288109200
[Consesus log] 2023/05/21 14:55:27.340232 logger.go:32: generate Block[dpunjpomqcukcvjvempn] in seq 238 at 340212300
[Consesus log] 2023/05/21 14:55:27.340501 logger.go:32: commit Block[aadpmpqqqmqptdtmwapn] in seq 210 at 340495500
[Consesus log] 2023/05/21 14:55:27.340604 logger.go:32: commit Block[bodximqfcpqbkbwhclmv] in seq 211 at 340599700
[Consesus log] 2023/05/21 14:55:27.340704 logger.go:32: commit Block[nsrhukvlekahewpelzbq] in seq 212 at 340700200
[Consesus log] 2023/05/21 14:55:27.340877 logger.go:32: commit Block[mlcfxjufmczhbvvlrtdr] in seq 213 at 340868200
[Consesus log] 2023/05/21 14:55:27.340994 logger.go:32: commit Block[vdtajsqetgwcqclcdliq] in seq 214 at 340989600
[Consesus log] 2023/05/21 14:55:27.341106 logger.go:32: commit Block[mleityzltjtdxwvfwadk] in seq 215 at 341101600
[Consesus log] 2023/05/21 14:55:27.341204 logger.go:32: commit Block[qpvooouahhtxnkiyrbkq] in seq 216 at 341199400
[Consesus log] 2023/05/21 14:55:27.341431 logger.go:32: commit Block[uyjqxzyplqssvcstbrwc] in seq 217 at 341421100
[Consesus log] 2023/05/21 14:55:27.341551 logger.go:32: commit Block[twagikhaquxsgmlliupm] in seq 218 at 341546700
[Consesus log] 2023/05/21 14:55:27.341643 logger.go:32: commit Block[agutdbsamnekcyzmhqtb] in seq 219 at 341639400
[Consesus log] 2023/05/21 14:55:27.341737 logger.go:32: commit Block[zecojzpsciretzbyosof] in seq 220 at 341732200
[Consesus log] 2023/05/21 14:55:27.341833 logger.go:32: commit Block[fqxdwhjufnanlcuonxbk] in seq 221 at 341828100
[Consesus log] 2023/05/21 14:55:27.342153 logger.go:32: commit Block[prijukclaxvxbvfvopsa] in seq 222 at 342144800
[Consesus log] 2023/05/21 14:55:27.342262 logger.go:32: commit Block[pmynyraopuusdllqagsl] in seq 223 at 342257000
[Consesus log] 2023/05/21 14:55:27.342369 logger.go:32: commit Block[hcaudncdpbohrzlvxneq] in seq 224 at 342359300
[Consesus log] 2023/05/21 14:55:27.342535 logger.go:32: commit Block[rxzqwvsfnvjfsoihipad] in seq 225 at 342526600
[Consesus log] 2023/05/21 14:55:27.342672 logger.go:32: commit Block[vzivwhpnosfxjzwqenvd] in seq 226 at 342667300
[Consesus log] 2023/05/21 14:55:27.342840 logger.go:32: commit Block[nylqbqzmessfvsrfipoa] in seq 227 at 342831800
[Consesus log] 2023/05/21 14:55:27.393799 logger.go:32: generate Block[bhobwcwshzvfmcvecban] in seq 239 at 393783800
[Consesus log] 2023/05/21 14:55:27.444933 logger.go:32: generate Block[wnehxulnbhkmafqpcruv] in seq 240 at 444916900
[Consesus log] 2023/05/21 14:55:27.496604 logger.go:32: generate Block[vvcbrkezjfjdlcptbqoe] in seq 241 at 496589200
[Consesus log] 2023/05/21 14:55:27.548509 logger.go:32: generate Block[vsvukechffvqefwefwqw] in seq 242 at 548485900
[Consesus log] 2023/05/21 14:55:27.599003 logger.go:32: generate Block[pnrlhvlsmhuecjhqwhzd] in seq 243 at 598981900
[Consesus log] 2023/05/21 14:55:27.652013 logger.go:32: generate Block[ztcenltbkglltcynhefz] in seq 244 at 651997600
[Consesus log] 2023/05/21 14:55:27.703313 logger.go:32: generate Block[iwgdcqqiqpaxpmeqamzv] in seq 245 at 703295900
[Consesus log] 2023/05/21 14:55:27.704882 logger.go:32: commit Block[jzwmugtorcazorirrvcl] in seq 228 at 704866100
[Consesus log] 2023/05/21 14:55:27.755571 logger.go:32: generate Block[jecmwawdbccuuzdgdqle] in seq 246 at 755560900
[Consesus log] 2023/05/21 14:55:27.805965 logger.go:32: generate Block[lkehjsxfpsdjiizfiifq] in seq 247 at 805952800
[Consesus log] 2023/05/21 14:55:27.857316 logger.go:32: generate Block[cdsjszjuhmwlvslshhlc] in seq 248 at 857298600
[Consesus log] 2023/05/21 14:55:27.908072 logger.go:32: generate Block[hlpokrqxhmkabsgfenmz] in seq 249 at 908061000
[Consesus log] 2023/05/21 14:55:27.959108 logger.go:32: generate Block[rhxjnttksyshesyvqinj] in seq 250 at 959096500
[Consesus log] 2023/05/21 14:55:28.009926 logger.go:32: generate Block[kyhsxkrddowpvebyzpvs] in seq 251 at 9898000
[Consesus log] 2023/05/21 14:55:28.061181 logger.go:32: generate Block[qounbqubpogbxdrjvhoe] in seq 252 at 61165400
[Consesus log] 2023/05/21 14:55:29.319578 logger.go:32: commit Block[aaxvklkorcduhylkmrtl] in seq 229 at 319567200
[Consesus log] 2023/05/21 14:55:29.320357 logger.go:32: commit Block[ujxuifozotlwyvmbltvf] in seq 230 at 320348800
[Consesus log] 2023/05/21 14:55:29.320475 logger.go:32: commit Block[uqlznxyscgavsuosuwxg] in seq 231 at 320470200
[Consesus log] 2023/05/21 14:55:29.320572 logger.go:32: commit Block[njslcmeholzkgtffxgdx] in seq 232 at 320568200
[Consesus log] 2023/05/21 14:55:29.320664 logger.go:32: commit Block[qrlxyppdvsajhngdovej] in seq 233 at 320660100
[Consesus log] 2023/05/21 14:55:29.320852 logger.go:32: commit Block[rtolimyvnsnfpkrihtwu] in seq 234 at 320843500
[Consesus log] 2023/05/21 14:55:29.321023 logger.go:32: commit Block[smzxicjjgmzgyblteeec] in seq 235 at 321008400
[Consesus log] 2023/05/21 14:55:29.321161 logger.go:32: commit Block[aqhjkxoghzroirekdozj] in seq 236 at 321156300
[Consesus log] 2023/05/21 14:55:29.321259 logger.go:32: commit Block[eguiabgqqqgaxtogybga] in seq 237 at 321255300
[Consesus log] 2023/05/21 14:55:29.321358 logger.go:32: commit Block[dpunjpomqcukcvjvempn] in seq 238 at 321353000
[Consesus log] 2023/05/21 14:55:29.321448 logger.go:32: commit Block[bhobwcwshzvfmcvecban] in seq 239 at 321444200
[Consesus log] 2023/05/21 14:55:29.321542 logger.go:32: commit Block[wnehxulnbhkmafqpcruv] in seq 240 at 321538000
[Consesus log] 2023/05/21 14:55:29.321637 logger.go:32: commit Block[vvcbrkezjfjdlcptbqoe] in seq 241 at 321632400
[Consesus log] 2023/05/21 14:55:29.321752 logger.go:32: commit Block[sltftyyrftcylfmdarry] in seq 242 at 321747500
[Consesus log] 2023/05/21 14:55:29.321848 logger.go:32: commit Block[utkbqzlikvzfbbqilzwi] in seq 243 at 321843400
[Consesus log] 2023/05/21 14:55:29.321944 logger.go:32: commit Block[tqcukooefhnklzxzsvjy] in seq 244 at 321939700
[Consesus log] 2023/05/21 14:55:29.322035 logger.go:32: commit Block[iogjeesxahhlprifsvqx] in seq 245 at 322030600
[Consesus log] 2023/05/21 14:55:29.322127 logger.go:32: commit Block[zejvtcjzkjubcxepmfsh] in seq 246 at 322123100
[Consesus log] 2023/05/21 14:55:29.322219 logger.go:32: commit Block[qekbemhkxbwhlcknilpa] in seq 247 at 322214900
[Consesus log] 2023/05/21 14:55:29.322313 logger.go:32: commit Block[nuwwdxdcaektawjvlayk] in seq 248 at 322308400
[Consesus log] 2023/05/21 14:55:29.322405 logger.go:32: commit Block[ebvfpazfbgfqksvutykz] in seq 249 at 322401100
[Consesus log] 2023/05/21 14:55:29.322497 logger.go:32: commit Block[tplntcwlzuunohwnfaza] in seq 250 at 322493400
[Consesus log] 2023/05/21 14:55:29.322629 logger.go:32: commit Block[pnhzvojscwkabqfggxan] in seq 251 at 322624400
[Consesus log] 2023/05/21 14:55:29.322742 logger.go:32: commit Block[curwgeoaxyhckgsxdlnn] in seq 252 at 322737700
[Consesus log] 2023/05/21 14:55:29.763594 logger.go:32: generate Block[mcxxethinwglcvngvzwf] in seq 265 at 763578500
[Consesus log] 2023/05/21 14:55:29.815132 logger.go:32: generate Block[gqxjaetezrsznvbuiptu] in seq 266 at 815117200
[Consesus log] 2023/05/21 14:55:29.866476 logger.go:32: generate Block[ksennllxfqmpuquoqdvm] in seq 267 at 866461100
[Consesus log] 2023/05/21 14:55:29.917366 logger.go:32: generate Block[pkfgppehviwljukvjtua] in seq 268 at 917348400
[Consesus log] 2023/05/21 14:55:29.969745 logger.go:32: generate Block[tkwlvuxzueytpvhiffvp] in seq 269 at 969724700
[Consesus log] 2023/05/21 14:55:30.020221 logger.go:32: generate Block[gvubonymhttasgkwhzdr] in seq 270 at 20205500
[Consesus log] 2023/05/21 14:55:30.071911 logger.go:32: generate Block[naurhiiwqlnhzjuspzwe] in seq 271 at 71896500
[Consesus log] 2023/05/21 14:55:30.122769 logger.go:32: generate Block[lpnzpstfsjgkfzmksheq] in seq 272 at 122754100
[Consesus log] 2023/05/21 14:55:30.174386 logger.go:32: generate Block[juxcgxaptmzrojrpgpnm] in seq 273 at 174365600
[Consesus log] 2023/05/21 14:55:30.174639 logger.go:32: commit Block[khfaltyeymmeeptgfzan] in seq 253 at 174635000
[Consesus log] 2023/05/21 14:55:30.174712 logger.go:32: commit Block[tiiiyyqmpaquulucscld] in seq 254 at 174709100
[Consesus log] 2023/05/21 14:55:30.174778 logger.go:32: commit Block[caabdfuoizdlgxveojef] in seq 255 at 174775200
[Consesus log] 2023/05/21 14:55:30.174842 logger.go:32: commit Block[xzvtswbffivvydlglfii] in seq 256 at 174839100
[Consesus log] 2023/05/21 14:55:30.174994 logger.go:32: commit Block[gbccyctfccjhpwlruhmo] in seq 257 at 174987800
[Consesus log] 2023/05/21 14:55:30.175078 logger.go:32: commit Block[lcpiutvxczehltvgqtgp] in seq 258 at 175074800
[Consesus log] 2023/05/21 14:55:30.175205 logger.go:32: commit Block[atzntsozhyhkotkuutkx] in seq 259 at 175199200
[Consesus log] 2023/05/21 14:55:30.175282 logger.go:32: commit Block[nbzvsuibfalxpdhqbhfx] in seq 260 at 175278900
[Consesus log] 2023/05/21 14:55:30.175348 logger.go:32: commit Block[worqkqpuicfmwvwecodr] in seq 261 at 175345400
[Consesus log] 2023/05/21 14:55:30.175461 logger.go:32: commit Block[ecrtfeyqyaaktpvvesdr] in seq 262 at 175458300
[Consesus log] 2023/05/21 14:55:30.175552 logger.go:32: commit Block[kmsjmnihmfiiaohkcxqf] in seq 263 at 175547500
[Consesus log] 2023/05/21 14:55:30.175839 logger.go:32: commit Block[illnkkrluheqnaahjkvd] in seq 264 at 175831500
[Consesus log] 2023/05/21 14:55:30.226885 logger.go:32: generate Block[rvectxhlzbwwytutwlfe] in seq 274 at 226869600
[Consesus log] 2023/05/21 14:55:30.277527 logger.go:32: generate Block[gahjkghsumavpzxnvmyt] in seq 275 at 277511900
[Consesus log] 2023/05/21 14:55:30.327999 logger.go:32: generate Block[ilsdabwqqjbbnfafvnup] in seq 276 at 327984500
[Consesus log] 2023/05/21 14:55:30.379135 logger.go:32: generate Block[ktepiobvgprmgyucvdtt] in seq 277 at 379120300
[Consesus log] 2023/05/21 14:55:30.429946 logger.go:32: generate Block[eyecjtnimuyjthwcgxcm] in seq 278 at 429930900
[Consesus log] 2023/05/21 14:55:30.480377 logger.go:32: generate Block[arwvgjaqltbjjqclqexu] in seq 279 at 480359000
[Consesus log] 2023/05/21 14:55:30.531855 logger.go:32: generate Block[gpvyinkenqwqmntdhkbe] in seq 280 at 531834400
[Consesus log] 2023/05/21 14:55:30.584133 logger.go:32: generate Block[fopwlwkjssexzdoxpumk] in seq 281 at 584100100
[Consesus log] 2023/05/21 14:55:30.634987 logger.go:32: generate Block[duceevjebgedzrcvtlic] in seq 282 at 634973200
[Consesus log] 2023/05/21 14:55:30.686589 logger.go:32: generate Block[rpmpulfuajdrthjdeasz] in seq 283 at 686569600
[Consesus log] 2023/05/21 14:55:30.737165 logger.go:32: generate Block[zwaedeuwossfklmnfcot] in seq 284 at 737149700
[Consesus log] 2023/05/21 14:55:30.737379 logger.go:32: commit Block[mcxxethinwglcvngvzwf] in seq 265 at 737372100
[Consesus log] 2023/05/21 14:55:30.788662 logger.go:32: generate Block[gxbekxfieagnukqebbrh] in seq 285 at 788645800
[Consesus log] 2023/05/21 14:55:30.839690 logger.go:32: generate Block[hafkbamjlbrgpgqsyjbf] in seq 286 at 839676600
[Consesus log] 2023/05/21 14:55:30.890612 logger.go:32: generate Block[nrvbforlfomfoueqcxmu] in seq 287 at 890597200
[Consesus log] 2023/05/21 14:55:31.838390 logger.go:32: generate Block[svorjlgwvpwmitrlngco] in seq 295 at 838374300
[Consesus log] 2023/05/21 14:55:31.889127 logger.go:32: generate Block[opghsynuthycebkgtqeb] in seq 296 at 889108300
[Consesus log] 2023/05/21 14:55:31.939664 logger.go:32: generate Block[iopakfjbzlrrqmlefmvv] in seq 297 at 939647900
[Consesus log] 2023/05/21 14:55:31.991094 logger.go:32: generate Block[npaizkuaytsmktfjuivp] in seq 298 at 991072700
[Consesus log] 2023/05/21 14:55:32.042176 logger.go:32: generate Block[hugpjbnetbpzlmpuwghc] in seq 299 at 42163300
[Consesus log] 2023/05/21 14:55:32.094113 logger.go:32: generate Block[hahnkxhnprpweofyneud] in seq 300 at 94097600
[Consesus log] 2023/05/21 14:55:32.094338 logger.go:32: commit Block[gqxjaetezrsznvbuiptu] in seq 266 at 94332400
[Consesus log] 2023/05/21 14:55:32.094417 logger.go:32: commit Block[ksennllxfqmpuquoqdvm] in seq 267 at 94414000
[Consesus log] 2023/05/21 14:55:32.094484 logger.go:32: commit Block[pkfgppehviwljukvjtua] in seq 268 at 94481300
[Consesus log] 2023/05/21 14:55:32.094551 logger.go:32: commit Block[tkwlvuxzueytpvhiffvp] in seq 269 at 94548900
[Consesus log] 2023/05/21 14:55:32.094718 logger.go:32: commit Block[gvubonymhttasgkwhzdr] in seq 270 at 94711000
[Consesus log] 2023/05/21 14:55:32.094806 logger.go:32: commit Block[naurhiiwqlnhzjuspzwe] in seq 271 at 94801600
[Consesus log] 2023/05/21 14:55:32.094947 logger.go:32: commit Block[lpnzpstfsjgkfzmksheq] in seq 272 at 94940600
[Consesus log] 2023/05/21 14:55:32.095035 logger.go:32: commit Block[juxcgxaptmzrojrpgpnm] in seq 273 at 95032300
[Consesus log] 2023/05/21 14:55:32.095240 logger.go:32: commit Block[rvectxhlzbwwytutwlfe] in seq 274 at 95233300
[Consesus log] 2023/05/21 14:55:32.095349 logger.go:32: commit Block[gahjkghsumavpzxnvmyt] in seq 275 at 95346000
[Consesus log] 2023/05/21 14:55:32.095418 logger.go:32: commit Block[ilsdabwqqjbbnfafvnup] in seq 276 at 95415500
[Consesus log] 2023/05/21 14:55:32.095521 logger.go:32: commit Block[ktepiobvgprmgyucvdtt] in seq 277 at 95518700
[Consesus log] 2023/05/21 14:55:32.095603 logger.go:32: commit Block[eyecjtnimuyjthwcgxcm] in seq 278 at 95600400
[Consesus log] 2023/05/21 14:55:32.095674 logger.go:32: commit Block[arwvgjaqltbjjqclqexu] in seq 279 at 95671000
[Consesus log] 2023/05/21 14:55:32.095837 logger.go:32: commit Block[gpvyinkenqwqmntdhkbe] in seq 280 at 95830400
[Consesus log] 2023/05/21 14:55:32.095997 logger.go:32: commit Block[fopwlwkjssexzdoxpumk] in seq 281 at 95984600
[Consesus log] 2023/05/21 14:55:32.096082 logger.go:32: commit Block[duceevjebgedzrcvtlic] in seq 282 at 96079400
[Consesus log] 2023/05/21 14:55:32.096153 logger.go:32: commit Block[naetkvtutcycknqraynu] in seq 283 at 96150100
[Consesus log] 2023/05/21 14:55:32.096222 logger.go:32: commit Block[nmhzktxtijladppmztda] in seq 284 at 96219200
[Consesus log] 2023/05/21 14:55:32.096309 logger.go:32: commit Block[hokphnrlyscltkhlgdli] in seq 285 at 96289100
[Consesus log] 2023/05/21 14:55:32.096381 logger.go:32: commit Block[eaicytlasethjjocziak] in seq 286 at 96378400
[Consesus log] 2023/05/21 14:55:32.096451 logger.go:32: commit Block[lumlnvlyhqqgrmuqoqur] in seq 287 at 96447800
[Consesus log] 2023/05/21 14:55:32.096551 logger.go:32: commit Block[gswamprybnspdmwniffp] in seq 288 at 96547800
[Consesus log] 2023/05/21 14:55:32.096690 logger.go:32: commit Block[sjjjpbklbeyrwaqpmtrk] in seq 289 at 96684800
[Consesus log] 2023/05/21 14:55:32.096809 logger.go:32: commit Block[tvcmxcddwliqhyogigrz] in seq 290 at 96805200
[Consesus log] 2023/05/21 14:55:32.096883 logger.go:32: commit Block[mifqdddojvnlttnsiezp] in seq 291 at 96880700
[Consesus log] 2023/05/21 14:55:32.096952 logger.go:32: commit Block[oyntlefmcgzxueofaekh] in seq 292 at 96949700
[Consesus log] 2023/05/21 14:55:32.097031 logger.go:32: commit Block[mzsdhoimrpigebtbtyjm] in seq 293 at 97028700
[Consesus log] 2023/05/21 14:55:32.097106 logger.go:32: commit Block[zwqfyultbzipkyhobshj] in seq 294 at 97103100
[Consesus log] 2023/05/21 14:55:32.148485 logger.go:32: generate Block[fzxftdqsbgfptabdhnmd] in seq 301 at 148465100
[Consesus log] 2023/05/21 14:55:32.201016 logger.go:32: generate Block[spfpruzseobdhzkgetbb] in seq 302 at 200996100
[Consesus log] 2023/05/21 14:55:32.251567 logger.go:32: generate Block[wyoaiudokurdnuaofokq] in seq 303 at 251550000
[Consesus log] 2023/05/21 14:55:32.303077 logger.go:32: generate Block[jikcskcudaqrdxnwqisj] in seq 304 at 303064200
[Consesus log] 2023/05/21 14:55:32.353636 logger.go:32: generate Block[gffwsbrqjzqbmuyodkfp] in seq 305 at 353615700
[Consesus log] 2023/05/21 14:55:32.404106 logger.go:32: generate Block[wawkcnlbmyrqhonjinlr] in seq 306 at 404087800
[Consesus log] 2023/05/21 14:55:32.455864 logger.go:32: generate Block[kvfkowonytdbbllrjvtm] in seq 307 at 455849400
[Consesus log] 2023/05/21 14:55:32.506966 logger.go:32: generate Block[eyayglvsxmvejrqrbaqv] in seq 308 at 506938000
[Consesus log] 2023/05/21 14:55:32.557352 logger.go:32: generate Block[xwiekfswvrudbuzjlwgc] in seq 309 at 557339200
[Consesus log] 2023/05/21 14:55:32.609444 logger.go:32: generate Block[ktbcjvcunuxogwqwzfon] in seq 310 at 609424400
[Consesus log] 2023/05/21 14:55:32.609633 logger.go:32: commit Block[svorjlgwvpwmitrlngco] in seq 295 at 609627700
[Consesus log] 2023/05/21 14:55:32.659915 logger.go:32: generate Block[xmjpgkvthsdjwrruurcf] in seq 311 at 659902100
[Consesus log] 2023/05/21 14:55:32.710985 logger.go:32: generate Block[jyikoiarqyqndprhcbyf] in seq 312 at 710968400
[Consesus log] 2023/05/21 14:55:32.762752 logger.go:32: generate Block[xelnhnmhmqauyexspkre] in seq 313 at 762657300
[Consesus log] 2023/05/21 14:55:32.814424 logger.go:32: generate Block[mlcyiuolpnhvmzfnoewi] in seq 314 at 814393600
[Consesus log] 2023/05/21 14:55:32.865541 logger.go:32: generate Block[tqlfgefdgdkcpjiatphi] in seq 315 at 865527300
[Consesus log] 2023/05/21 14:55:32.917117 logger.go:32: generate Block[djpgcemgoagdqpgfdaun] in seq 316 at 917095200
[Consesus log] 2023/05/21 14:55:32.968559 logger.go:32: generate Block[zdbjrnrfgvinnjndzdcy] in seq 317 at 968539500
[Consesus log] 2023/05/21 14:55:33.019444 logger.go:32: generate Block[tpufneovdcgjyjlmnmpx] in seq 318 at 19413300
[Consesus log] 2023/05/21 14:55:33.070185 logger.go:32: generate Block[joagvqmrdcfclaprkaov] in seq 319 at 70169300
[Consesus log] 2023/05/21 14:55:33.122141 logger.go:32: generate Block[xualduutdxtprtgmtvmi] in seq 320 at 122125200
[Consesus log] 2023/05/21 14:55:33.173117 logger.go:32: generate Block[naaovjhbjikdnfkebbrr] in seq 321 at 173101500
[Consesus log] 2023/05/21 14:55:33.224037 logger.go:32: generate Block[owqkoenwselsqhufuoov] in seq 322 at 224024300
[Consesus log] 2023/05/21 14:55:33.275218 logger.go:32: generate Block[gqhesjggywxpbujzzotr] in seq 323 at 275204000
[Consesus log] 2023/05/21 14:55:33.326792 logger.go:32: generate Block[jjxsoscqhrgbndddooif] in seq 324 at 326776800
[Consesus log] 2023/05/21 14:55:33.377446 logger.go:32: generate Block[fuxmjpfsekteisdrqsvz] in seq 325 at 377425800
[Consesus log] 2023/05/21 14:55:33.377677 logger.go:32: commit Block[opghsynuthycebkgtqeb] in seq 296 at 377672500
[Consesus log] 2023/05/21 14:55:33.377750 logger.go:32: commit Block[iopakfjbzlrrqmlefmvv] in seq 297 at 377747400
[Consesus log] 2023/05/21 14:55:33.377816 logger.go:32: commit Block[npaizkuaytsmktfjuivp] in seq 298 at 377813600
[Consesus log] 2023/05/21 14:55:33.428906 logger.go:32: generate Block[wmxnoaradhcqguvbrbiw] in seq 326 at 428891500
[Consesus log] 2023/05/21 14:55:33.480218 logger.go:32: generate Block[vqgvphvkfwxxtcioxfqk] in seq 327 at 480189800
[Consesus log] 2023/05/21 14:55:33.531520 logger.go:32: generate Block[egncxnbccocsqwurmnlg] in seq 328 at 531505700
[Consesus log] 2023/05/21 14:55:33.581836 logger.go:32: generate Block[xglldwbuydboegzahufh] in seq 329 at 581812800
[Consesus log] 2023/05/21 14:55:33.632637 logger.go:32: generate Block[mbaipocvueknodtbhbfn] in seq 330 at 632623000
[Consesus log] 2023/05/21 14:55:33.684558 logger.go:32: generate Block[mkjsodydpezybkjcheka] in seq 331 at 684538200
[Consesus log] 2023/05/21 14:55:33.735292 logger.go:32: generate Block[xoithkrhputwozbvqbjk] in seq 332 at 735269200
[Consesus log] 2023/05/21 14:55:33.786735 logger.go:32: generate Block[orhbhhimrlgkyljcytws] in seq 333 at 786718600
[Consesus log] 2023/05/21 14:55:33.837595 logger.go:32: generate Block[eescnbiktfuezdjojcsj] in seq 334 at 837575500
[Consesus log] 2023/05/21 14:55:33.889094 logger.go:32: generate Block[cldvaldfyewmoyvsezac] in seq 335 at 889081300
[Consesus log] 2023/05/21 14:55:33.940011 logger.go:32: generate Block[utlmgslqsclqwsguatoa] in seq 336 at 939991000
[Consesus log] 2023/05/21 14:55:33.991215 logger.go:32: generate Block[allxmbdtusicozotexdz] in seq 337 at 991201900
[Consesus log] 2023/05/21 14:55:34.042429 logger.go:32: generate Block[bxjkynpdmrianldymips] in seq 338 at 42416600
[Consesus log] 2023/05/21 14:55:34.093975 logger.go:32: generate Block[tetnsqossiurbukrsbyb] in seq 339 at 93959800
[Consesus log] 2023/05/21 14:55:34.146502 logger.go:32: generate Block[gkwttmpcpdglvwgnmrkj] in seq 340 at 146453700
[Consesus log] 2023/05/21 14:55:34.197621 logger.go:32: generate Block[qllxwxjqigkfroruklos] in seq 341 at 197606500
[Consesus log] 2023/05/21 14:55:34.248844 logger.go:32: generate Block[qkltlmlwtimsfkvnccpt] in seq 342 at 248821500
[Consesus log] 2023/05/21 14:55:34.249090 logger.go:32: commit Block[hugpjbnetbpzlmpuwghc] in seq 299 at 249084800
[Consesus log] 2023/05/21 14:55:34.249179 logger.go:32: commit Block[hahnkxhnprpweofyneud] in seq 300 at 249175300
[Consesus log] 2023/05/21 14:55:34.249378 logger.go:32: commit Block[fzxftdqsbgfptabdhnmd] in seq 301 at 249371200
[Consesus log] 2023/05/21 14:55:34.299624 logger.go:32: generate Block[pfzeeezvipbkckmuwyfs] in seq 343 at 299608700
[Consesus log] 2023/05/21 14:55:34.350306 logger.go:32: generate Block[zkmnhjuyffhmjbcohblj] in seq 344 at 350286400
[Consesus log] 2023/05/21 14:55:34.403778 logger.go:32: generate Block[uvfgyessnekptobwbhmt] in seq 345 at 403758700
[Consesus log] 2023/05/21 14:55:34.454832 logger.go:32: generate Block[wljioogdnhgthbkxmily] in seq 346 at 454813600
[Consesus log] 2023/05/21 14:55:34.505566 logger.go:32: generate Block[fqoiwtcyieyivscuebec] in seq 347 at 505548100
[Consesus log] 2023/05/21 14:55:34.556169 logger.go:32: generate Block[ppczcosgqxwsjzumnvvy] in seq 348 at 556155300
[Consesus log] 2023/05/21 14:55:34.606710 logger.go:32: generate Block[rveddzgookrfrhnbmjmn] in seq 349 at 606698500
[Consesus log] 2023/05/21 14:55:34.658688 logger.go:32: generate Block[iixnshzeepgmhjbhvddf] in seq 350 at 658675800
[Consesus log] 2023/05/21 14:55:34.709990 logger.go:32: generate Block[hfodaefmaxyxayoxmatq] in seq 351 at 709977600
[Consesus log] 2023/05/21 14:55:34.971958 logger.go:32: generate Block[qyulojssjlwjpdmmgwop] in seq 349 at 971943500
[Consesus log] 2023/05/21 14:55:35.023221 logger.go:32: generate Block[keinveyimbfkzzlaahcg] in seq 350 at 23205500
[Consesus log] 2023/05/21 14:55:35.073622 logger.go:32: generate Block[oblrzeiebhknpjhxwlyt] in seq 351 at 73606800
[Consesus log] 2023/05/21 14:55:35.124773 logger.go:32: generate Block[pkqhdgsnjacfavlipxtl] in seq 352 at 124756200
[Consesus log] 2023/05/21 14:55:35.176249 logger.go:32: generate Block[xqvsbthzebeuishtichn] in seq 353 at 176233700
[Consesus log] 2023/05/21 14:55:35.228509 logger.go:32: generate Block[tdqwjlpfalhemxlkbnew] in seq 354 at 228493300
[Consesus log] 2023/05/21 14:55:35.279055 logger.go:32: generate Block[rhlmninvpqxumjomskro] in seq 355 at 278960400
[Consesus log] 2023/05/21 14:55:35.329706 logger.go:32: generate Block[rcgabidamzpenaiefbow] in seq 356 at 329693400
[Consesus log] 2023/05/21 14:55:35.380073 logger.go:32: generate Block[vrobcvaompmtxuludqah] in seq 357 at 380059100
[Consesus log] 2023/05/21 14:55:35.380322 logger.go:32: commit Block[spfpruzseobdhzkgetbb] in seq 302 at 380318400
[Consesus log] 2023/05/21 14:55:35.380407 logger.go:32: commit Block[wyoaiudokurdnuaofokq] in seq 303 at 380404500
[Consesus log] 2023/05/21 14:55:35.380487 logger.go:32: commit Block[jikcskcudaqrdxnwqisj] in seq 304 at 380483700
[Consesus log] 2023/05/21 14:55:35.380570 logger.go:32: commit Block[gffwsbrqjzqbmuyodkfp] in seq 305 at 380561900
[Consesus log] 2023/05/21 14:55:35.380745 logger.go:32: commit Block[wawkcnlbmyrqhonjinlr] in seq 306 at 380741000
[Consesus log] 2023/05/21 14:55:35.380800 logger.go:32: commit Block[kvfkowonytdbbllrjvtm] in seq 307 at 380798600
[Consesus log] 2023/05/21 14:55:35.380848 logger.go:32: commit Block[eyayglvsxmvejrqrbaqv] in seq 308 at 380846700
[Consesus log] 2023/05/21 14:55:35.380901 logger.go:32: commit Block[xwiekfswvrudbuzjlwgc] in seq 309 at 380900100
[Consesus log] 2023/05/21 14:55:35.380999 logger.go:32: commit Block[ktbcjvcunuxogwqwzfon] in seq 310 at 380996100
[Consesus log] 2023/05/21 14:55:35.381045 logger.go:32: commit Block[xmjpgkvthsdjwrruurcf] in seq 311 at 381043600
[Consesus log] 2023/05/21 14:55:35.381128 logger.go:32: commit Block[jyikoiarqyqndprhcbyf] in seq 312 at 381126300
[Consesus log] 2023/05/21 14:55:35.381179 logger.go:32: commit Block[xelnhnmhmqauyexspkre] in seq 313 at 381177500
[Consesus log] 2023/05/21 14:55:35.381230 logger.go:32: commit Block[mlcyiuolpnhvmzfnoewi] in seq 314 at 381228800
[Consesus log] 2023/05/21 14:55:35.381321 logger.go:32: commit Block[tqlfgefdgdkcpjiatphi] in seq 315 at 381317500
[Consesus log] 2023/05/21 14:55:35.381366 logger.go:32: commit Block[djpgcemgoagdqpgfdaun] in seq 316 at 381364000
[Consesus log] 2023/05/21 14:55:35.381409 logger.go:32: commit Block[zdbjrnrfgvinnjndzdcy] in seq 317 at 381407800
[Consesus log] 2023/05/21 14:55:35.381447 logger.go:32: commit Block[tpufneovdcgjyjlmnmpx] in seq 318 at 381446300
[Consesus log] 2023/05/21 14:55:35.381490 logger.go:32: commit Block[joagvqmrdcfclaprkaov] in seq 319 at 381488900
[Consesus log] 2023/05/21 14:55:35.381540 logger.go:32: commit Block[xualduutdxtprtgmtvmi] in seq 320 at 381527600
[Consesus log] 2023/05/21 14:55:35.381586 logger.go:32: commit Block[naaovjhbjikdnfkebbrr] in seq 321 at 381583800
[Consesus log] 2023/05/21 14:55:35.381672 logger.go:32: commit Block[owqkoenwselsqhufuoov] in seq 322 at 381668400
[Consesus log] 2023/05/21 14:55:35.381729 logger.go:32: commit Block[gqhesjggywxpbujzzotr] in seq 323 at 381727600
[Consesus log] 2023/05/21 14:55:35.381773 logger.go:32: commit Block[jjxsoscqhrgbndddooif] in seq 324 at 381771300
[Consesus log] 2023/05/21 14:55:35.381821 logger.go:32: commit Block[fuxmjpfsekteisdrqsvz] in seq 325 at 381819800
[Consesus log] 2023/05/21 14:55:35.381860 logger.go:32: commit Block[wmxnoaradhcqguvbrbiw] in seq 326 at 381858000
[Consesus log] 2023/05/21 14:55:35.381918 logger.go:32: commit Block[vqgvphvkfwxxtcioxfqk] in seq 327 at 381916600
[Consesus log] 2023/05/21 14:55:35.382016 logger.go:32: commit Block[egncxnbccocsqwurmnlg] in seq 328 at 381969400
[Consesus log] 2023/05/21 14:55:35.382062 logger.go:32: commit Block[xglldwbuydboegzahufh] in seq 329 at 382060800
[Consesus log] 2023/05/21 14:55:35.382160 logger.go:32: commit Block[mbaipocvueknodtbhbfn] in seq 330 at 382156100
[Consesus log] 2023/05/21 14:55:35.382211 logger.go:32: commit Block[mkjsodydpezybkjcheka] in seq 331 at 382209300
[Consesus log] 2023/05/21 14:55:35.382251 logger.go:32: commit Block[xoithkrhputwozbvqbjk] in seq 332 at 382249200
[Consesus log] 2023/05/21 14:55:35.382295 logger.go:32: commit Block[orhbhhimrlgkyljcytws] in seq 333 at 382293900
[Consesus log] 2023/05/21 14:55:35.382334 logger.go:32: commit Block[eescnbiktfuezdjojcsj] in seq 334 at 382332700
[Consesus log] 2023/05/21 14:55:35.382378 logger.go:32: commit Block[cldvaldfyewmoyvsezac] in seq 335 at 382376700
[Consesus log] 2023/05/21 14:55:35.382417 logger.go:32: commit Block[utlmgslqsclqwsguatoa] in seq 336 at 382415800
[Consesus log] 2023/05/21 14:55:35.382461 logger.go:32: commit Block[allxmbdtusicozotexdz] in seq 337 at 382459500
[Consesus log] 2023/05/21 14:55:35.382504 logger.go:32: commit Block[bxjkynpdmrianldymips] in seq 338 at 382502400
[Consesus log] 2023/05/21 14:55:35.382682 logger.go:32: commit Block[tetnsqossiurbukrsbyb] in seq 339 at 382680100
[Consesus log] 2023/05/21 14:55:35.382730 logger.go:32: commit Block[gkwttmpcpdglvwgnmrkj] in seq 340 at 382728200
[Consesus log] 2023/05/21 14:55:35.382844 logger.go:32: commit Block[qllxwxjqigkfroruklos] in seq 341 at 382840800
[Consesus log] 2023/05/21 14:55:35.382892 logger.go:32: commit Block[qkltlmlwtimsfkvnccpt] in seq 342 at 382890400
[Consesus log] 2023/05/21 14:55:35.382940 logger.go:32: commit Block[pfzeeezvipbkckmuwyfs] in seq 343 at 382938800
[Consesus log] 2023/05/21 14:55:35.382989 logger.go:32: commit Block[zkmnhjuyffhmjbcohblj] in seq 344 at 382977000
[Consesus log] 2023/05/21 14:55:35.383038 logger.go:32: commit Block[uvfgyessnekptobwbhmt] in seq 345 at 383036600
[Consesus log] 2023/05/21 14:55:35.383139 logger.go:32: commit Block[qgcfasswghykafpkcxvi] in seq 346 at 383135300
[Consesus log] 2023/05/21 14:55:35.383190 logger.go:32: commit Block[gckopgsjfinlzzpzirti] in seq 347 at 383188900
[Consesus log] 2023/05/21 14:55:35.383236 logger.go:32: commit Block[gkpgjkahkclgdrjurjvx] in seq 348 at 383234600
[Consesus log] 2023/05/21 14:55:35.433850 logger.go:32: generate Block[qxovtamczwslmeagcvzn] in seq 358 at 433835000
[Consesus log] 2023/05/21 14:55:35.486352 logger.go:32: generate Block[opmtlbrzcljfztjthuma] in seq 359 at 486337300
[Consesus log] 2023/05/21 14:55:35.773768 logger.go:32: commit Block[qyulojssjlwjpdmmgwop] in seq 349 at 773760100
[Consesus log] 2023/05/21 14:55:35.773908 logger.go:32: commit Block[keinveyimbfkzzlaahcg] in seq 350 at 773903200
[Consesus log] 2023/05/21 14:55:35.774011 logger.go:32: commit Block[oblrzeiebhknpjhxwlyt] in seq 351 at 774006200
[Consesus log] 2023/05/21 14:55:35.774122 logger.go:32: commit Block[pkqhdgsnjacfavlipxtl] in seq 352 at 774117000
[Consesus log] 2023/05/21 14:55:35.774242 logger.go:32: commit Block[xqvsbthzebeuishtichn] in seq 353 at 774230300
[Consesus log] 2023/05/21 14:55:35.774380 logger.go:32: commit Block[tdqwjlpfalhemxlkbnew] in seq 354 at 774375700
[Consesus log] 2023/05/21 14:55:36.516016 logger.go:32: generate Block[biocwrovrcymfxcvvotz] in seq 368 at 516001200
[Consesus log] 2023/05/21 14:55:36.566998 logger.go:32: generate Block[mbzepmuvizjwjexbrtjy] in seq 369 at 566975500
[Consesus log] 2023/05/21 14:55:36.619371 logger.go:32: generate Block[hnnxyjjklfxtujuifupz] in seq 370 at 619356400
[Consesus log] 2023/05/21 14:55:36.670565 logger.go:32: generate Block[nhmwtkerbvhodjialhdw] in seq 371 at 670550400
[Consesus log] 2023/05/21 14:55:36.722179 logger.go:32: generate Block[htewjpmdhrnbiibjaiyb] in seq 372 at 722163300
[Consesus log] 2023/05/21 14:55:36.773712 logger.go:32: generate Block[tnzoxreykuyymbekzebi] in seq 373 at 773697600
[Consesus log] 2023/05/21 14:55:36.773962 logger.go:32: commit Block[ubswbsqdpoiajxkjkzrp] in seq 355 at 773957800
[Consesus log] 2023/05/21 14:55:36.774038 logger.go:32: commit Block[xuiicmmjaslyagcunfjh] in seq 356 at 774034900
[Consesus log] 2023/05/21 14:55:36.774165 logger.go:32: commit Block[igkqgckwnalzmssilsdr] in seq 357 at 774162100
[Consesus log] 2023/05/21 14:55:36.774317 logger.go:32: commit Block[obwgfbcpxneziexrfgcq] in seq 358 at 774310700
[Consesus log] 2023/05/21 14:55:36.774412 logger.go:32: commit Block[peclujtvgsmmotrqjoby] in seq 359 at 774409000
[Consesus log] 2023/05/21 14:55:36.774494 logger.go:32: commit Block[idhkzrgdjprpyyreyglx] in seq 360 at 774491000
[Consesus log] 2023/05/21 14:55:36.774579 logger.go:32: commit Block[xvvzbztfqanfwzcffaeb] in seq 361 at 774575900
[Consesus log] 2023/05/21 14:55:36.774680 logger.go:32: commit Block[rmrujbrvtzhasfwwivms] in seq 362 at 774677300
[Consesus log] 2023/05/21 14:55:36.774764 logger.go:32: commit Block[rsqnavghvtciwkqielai] in seq 363 at 774757300
[Consesus log] 2023/05/21 14:55:36.774846 logger.go:32: commit Block[afzonorvrtjchnbfrauh] in seq 364 at 774842900
[Consesus log] 2023/05/21 14:55:36.774932 logger.go:32: commit Block[uftogblutzykmsqlysut] in seq 365 at 774928800
[Consesus log] 2023/05/21 14:55:36.775208 logger.go:32: commit Block[rvyygoiefdptinwzvjea] in seq 366 at 775204300
[Consesus log] 2023/05/21 14:55:36.775285 logger.go:32: commit Block[erdvocikxjpfigyigxcg] in seq 367 at 775282200
[Consesus log] 2023/05/21 14:55:36.825823 logger.go:32: generate Block[okocgwivgmiydxpshkpw] in seq 374 at 825807600
[Consesus log] 2023/05/21 14:55:36.876286 logger.go:32: generate Block[gcmhwypbgvpzjwiyrnfq] in seq 375 at 876271000
[Consesus log] 2023/05/21 14:55:36.926778 logger.go:32: generate Block[iypnaivvzregrajghbru] in seq 376 at 926763200
[Consesus log] 2023/05/21 14:55:37.165196 logger.go:32: commit Block[biocwrovrcymfxcvvotz] in seq 368 at 165186900
[Consesus log] 2023/05/21 14:55:37.165337 logger.go:32: commit Block[mbzepmuvizjwjexbrtjy] in seq 369 at 165332400
[Consesus log] 2023/05/21 14:55:37.165439 logger.go:32: commit Block[hnnxyjjklfxtujuifupz] in seq 370 at 165434800
[Consesus log] 2023/05/21 14:55:37.165559 logger.go:32: commit Block[nhmwtkerbvhodjialhdw] in seq 371 at 165541400
[Consesus log] 2023/05/21 14:55:38.169624 logger.go:32: commit Block[kadjktvlpqbzkvvtdqct] in seq 372 at 169614500
[Consesus log] 2023/05/21 14:55:38.169789 logger.go:32: commit Block[lpjjdtqhqbigdfhtttkt] in seq 373 at 169784400
[Consesus log] 2023/05/21 14:55:38.169881 logger.go:32: commit Block[rnnidpdicilsthwrevtj] in seq 374 at 169876600
[Consesus log] 2023/05/21 14:55:38.170001 logger.go:32: commit Block[pztqtdcjzzvbjkayawgt] in seq 375 at 169996000
[Consesus log] 2023/05/21 14:55:38.170108 logger.go:32: commit Block[oqgnhieqgbvzvwkgviov] in seq 376 at 170101100
[Consesus log] 2023/05/21 14:55:38.170212 logger.go:32: commit Block[teubnykuhumbhgeifpgj] in seq 377 at 170208100
[Consesus log] 2023/05/21 14:55:38.170307 logger.go:32: commit Block[hmlvhwlgulmltvuvembq] in seq 378 at 170302000
[Consesus log] 2023/05/21 14:55:38.170411 logger.go:32: commit Block[teehyvsbtvhjbloqjltc] in seq 379 at 170404300
[Consesus log] 2023/05/21 14:55:38.170575 logger.go:32: commit Block[wemqlhrghluxtiquqejo] in seq 380 at 170564600
[Consesus log] 2023/05/21 14:55:38.833410 logger.go:32: commit Block[skoikzirpmthmrxnvscb] in seq 381 at 833389900
[Consesus log] 2023/05/21 14:55:39.496733 logger.go:32: commit Block[urjlducmskadcwncoxew] in seq 382 at 496720900
[Consesus log] 2023/05/21 14:55:39.496885 logger.go:32: commit Block[lxvupraigdwicluerjuw] in seq 383 at 496880300
[Consesus log] 2023/05/21 14:55:39.496983 logger.go:32: commit Block[fiaaswdwvtfdofzzherm] in seq 384 at 496979200
[Consesus log] 2023/05/21 14:55:39.497068 logger.go:32: commit Block[vuipxmdbofrmlqlwapni] in seq 385 at 497064200
[Consesus log] 2023/05/21 14:55:39.497157 logger.go:32: commit Block[fejjzblwqillokmbapen] in seq 386 at 497152800
[Consesus log] 2023/05/21 14:55:39.497250 logger.go:32: commit Block[fjsclddgfcaddevjpxdt] in seq 387 at 497245200
[Consesus log] 2023/05/21 14:55:39.497366 logger.go:32: commit Block[drnuibvdihykbmwtkdtu] in seq 388 at 497358200
[Consesus log] 2023/05/21 14:55:39.497482 logger.go:32: commit Block[eiuntczfbddqevpzsijp] in seq 389 at 497474900
[Consesus log] 2023/05/21 14:55:39.497639 logger.go:32: commit Block[odtxanfhzbvldvctszlo] in seq 390 at 497633200
[Consesus log] 2023/05/21 14:55:39.497744 logger.go:32: commit Block[fwkwgmgrcvjzactuxkek] in seq 391 at 497739500
[Consesus log] 2023/05/21 14:55:39.497854 logger.go:32: commit Block[fbwymcxbzrfwhleyyofu] in seq 392 at 497848900
[Consesus log] 2023/05/21 14:55:39.497957 logger.go:32: commit Block[oqsscakykpltqpelzltr] in seq 393 at 497952200
[Consesus log] 2023/05/21 14:55:39.498080 logger.go:32: commit Block[mivorgoswpovhznzzrze] in seq 394 at 498075400
