[Consesus log] 2023/05/21 08:08:05.519700 logger.go:32: commit Block[qelsopblwsjbhaubgonj] in seq 1 at 519686300
[Consesus log] 2023/05/21 08:08:05.519933 logger.go:32: commit Block[uuearloyozqyhfiflxep] in seq 2 at 519926300
[Consesus log] 2023/05/21 08:08:05.520052 logger.go:32: commit Block[prldsddktmiwhmhbarho] in seq 3 at 520046700
[Consesus log] 2023/05/21 08:08:05.520152 logger.go:32: commit Block[ncnwlwmvbvlfushxmmhc] in seq 4 at 520146500
[Consesus log] 2023/05/21 08:08:05.520255 logger.go:32: commit Block[opdockottqgplnmgbnaw] in seq 5 at 520249200
[Consesus log] 2023/05/21 08:08:05.520371 logger.go:32: commit Block[runufdnyfpcmzpgmjigj] in seq 6 at 520365800
[Consesus log] 2023/05/21 08:08:05.520521 logger.go:32: commit Block[balfyplgxmhwozahifnl] in seq 7 at 520515900
[Consesus log] 2023/05/21 08:08:05.520628 logger.go:32: commit Block[fbsjtuumhkliyerulaal] in seq 8 at 520623200
[Consesus log] 2023/05/21 08:08:05.520730 logger.go:32: commit Block[hkobzdjfbcgykvvbcnyo] in seq 9 at 520725400
[Consesus log] 2023/05/21 08:08:05.520837 logger.go:32: commit Block[lmqoroiuirfstcouutjb] in seq 10 at 520831800
[Consesus log] 2023/05/21 08:08:05.520952 logger.go:32: commit Block[uxodxibxiisnioraitkz] in seq 11 at 520946100
[Consesus log] 2023/05/21 08:08:05.521074 logger.go:32: commit Block[xmyzacgmmmpgfbofaqvv] in seq 12 at 521069000
[Consesus log] 2023/05/21 08:08:05.521242 logger.go:32: commit Block[bnrgpdosmtolxuubtflq] in seq 13 at 521236000
[Consesus log] 2023/05/21 08:08:05.521366 logger.go:32: commit Block[iebxvdxkokicqfvqtrwu] in seq 14 at 521360900
[Consesus log] 2023/05/21 08:08:05.521465 logger.go:32: commit Block[fxrcaramemriueycsgmf] in seq 15 at 521460400
[Consesus log] 2023/05/21 08:08:05.521589 logger.go:32: commit Block[dhwvaogdvewssshkikou] in seq 16 at 521581800
[Consesus log] 2023/05/21 08:08:06.304578 logger.go:32: commit Block[ucararqcevsnuspcgzrs] in seq 17 at 304551500
[Consesus log] 2023/05/21 08:08:06.304925 logger.go:32: commit Block[qfunuqapttpkrbaoibog] in seq 18 at 304905300
[Consesus log] 2023/05/21 08:08:06.305092 logger.go:32: commit Block[ephcuamdaedeytkyhfpf] in seq 19 at 305080700
[Consesus log] 2023/05/21 08:08:06.305250 logger.go:32: commit Block[xgdpzivljavmcfouavdk] in seq 20 at 305240200
[Consesus log] 2023/05/21 08:08:06.305432 logger.go:32: commit Block[rnzyjfxickkxghdwlkco] in seq 21 at 305418500
[Consesus log] 2023/05/21 08:08:06.305610 logger.go:32: commit Block[olplewvlggtchdswuthc] in seq 22 at 305593700
[Consesus log] 2023/05/21 08:08:06.305765 logger.go:32: commit Block[oaxwdmlgxbqvusxndtri] in seq 23 at 305754500
[Consesus log] 2023/05/21 08:08:06.305894 logger.go:32: commit Block[gmhsfnfxanunnbvkuvxr] in seq 24 at 305888600
[Consesus log] 2023/05/21 08:08:06.306061 logger.go:32: commit Block[ewkbwcvvudrvligxaaaf] in seq 25 at 306055200
[Consesus log] 2023/05/21 08:08:06.306246 logger.go:32: commit Block[mrhoqlvdczgzotfxhkwt] in seq 26 at 306238900
[Consesus log] 2023/05/21 08:08:06.306422 logger.go:32: commit Block[jeoivayxnncuvvcmsqyh] in seq 27 at 306416900
[Consesus log] 2023/05/21 08:08:07.760386 logger.go:32: commit Block[erozmqpjsnmheajybgwt] in seq 28 at 760350600
[Consesus log] 2023/05/21 08:08:07.760589 logger.go:32: commit Block[onifzjpiysryvqsazdsw] in seq 29 at 760582400
[Consesus log] 2023/05/21 08:08:07.760690 logger.go:32: commit Block[eipzynlmqdsotgcvkqrz] in seq 30 at 760685800
[Consesus log] 2023/05/21 08:08:07.760787 logger.go:32: commit Block[bguebcqcnuyluqvrztng] in seq 31 at 760781700
[Consesus log] 2023/05/21 08:08:07.760903 logger.go:32: commit Block[fmwtxluaoakgcjrnolnr] in seq 32 at 760897600
[Consesus log] 2023/05/21 08:08:07.761023 logger.go:32: commit Block[pipchfgesivennniiijv] in seq 33 at 761018500
[Consesus log] 2023/05/21 08:08:07.761139 logger.go:32: commit Block[xmcjhosebdlkpzzsiuqe] in seq 34 at 761133900
[Consesus log] 2023/05/21 08:08:07.761250 logger.go:32: commit Block[dwgfrhkrfzsjmgefkcut] in seq 35 at 761244800
[Consesus log] 2023/05/21 08:08:07.761348 logger.go:32: commit Block[eggeoqegsuxvtiqpdpqb] in seq 36 at 761341800
[Consesus log] 2023/05/21 08:08:07.761441 logger.go:32: commit Block[rhdmtyasyacwdufzydqg] in seq 37 at 761435300
[Consesus log] 2023/05/21 08:08:07.761552 logger.go:32: commit Block[kezouabdoewleqngnqnr] in seq 38 at 761547200
[Consesus log] 2023/05/21 08:08:07.761684 logger.go:32: commit Block[asdlnehkxqardwfypaha] in seq 39 at 761677900
[Consesus log] 2023/05/21 08:08:07.761795 logger.go:32: commit Block[ysepbafzgljuxzscisnh] in seq 40 at 761789800
[Consesus log] 2023/05/21 08:08:07.761894 logger.go:32: commit Block[jnqrqdocbljrdxtxjzar] in seq 41 at 761889800
[Consesus log] 2023/05/21 08:08:07.761986 logger.go:32: commit Block[qtlrejmrfiknwhwiagin] in seq 42 at 761982000
[Consesus log] 2023/05/21 08:08:07.762085 logger.go:32: commit Block[ljpirpkuexwvvckpxkoa] in seq 43 at 762080700
[Consesus log] 2023/05/21 08:08:07.762214 logger.go:32: commit Block[yfgudupkyafwwzpqvfpq] in seq 44 at 762209200
[Consesus log] 2023/05/21 08:08:09.737492 logger.go:32: commit Block[jvbrwsndjrooxzodxymg] in seq 45 at 737483400
[Consesus log] 2023/05/21 08:08:09.737619 logger.go:32: commit Block[duobanusuielggnysust] in seq 46 at 737614300
[Consesus log] 2023/05/21 08:08:09.737815 logger.go:32: commit Block[fsntumgyqehguvxnmagp] in seq 47 at 737808800
[Consesus log] 2023/05/21 08:08:09.737926 logger.go:32: commit Block[fasxddtnguzpjmpwobvg] in seq 48 at 737921400
[Consesus log] 2023/05/21 08:08:09.738030 logger.go:32: commit Block[bbtqorlrgehzivafnqkg] in seq 49 at 738025000
[Consesus log] 2023/05/21 08:08:09.738126 logger.go:32: commit Block[wdngmqncfswxsisfpnlf] in seq 50 at 738121800
[Consesus log] 2023/05/21 08:08:09.738232 logger.go:32: commit Block[dqnyacpukqvezoikonbt] in seq 51 at 738225000
[Consesus log] 2023/05/21 08:08:09.738342 logger.go:32: commit Block[wpyziphgkkaxfszdusja] in seq 52 at 738338100
[Consesus log] 2023/05/21 08:08:09.738462 logger.go:32: commit Block[gscllwgakgsfzsnsxlsj] in seq 53 at 738458400
[Consesus log] 2023/05/21 08:08:09.738555 logger.go:32: commit Block[xgztholfpiuuvtuvpwxd] in seq 54 at 738551500
[Consesus log] 2023/05/21 08:08:09.738654 logger.go:32: commit Block[qdcqrzrkzsckfsvngukc] in seq 55 at 738650800
[Consesus log] 2023/05/21 08:08:09.738744 logger.go:32: commit Block[povapinycbwrjhzbglfk] in seq 56 at 738739000
[Consesus log] 2023/05/21 08:08:09.738857 logger.go:32: commit Block[dwaqvvzdqkviduitxipt] in seq 57 at 738837600
[Consesus log] 2023/05/21 08:08:09.739058 logger.go:32: commit Block[dmpwxdtaydifiqmpvroc] in seq 58 at 739050500
[Consesus log] 2023/05/21 08:08:09.739155 logger.go:32: commit Block[ibcjrxksbnneatvzyoup] in seq 59 at 739151000
[Consesus log] 2023/05/21 08:08:09.739242 logger.go:32: commit Block[juzutjltukjwwayhgeou] in seq 60 at 739238700
[Consesus log] 2023/05/21 08:08:09.739326 logger.go:32: commit Block[phgxjgbvflwwysgmknap] in seq 61 at 739322300
[Consesus log] 2023/05/21 08:08:09.739409 logger.go:32: commit Block[hyicanuohqpedfxxvphl] in seq 62 at 739405700
[Consesus log] 2023/05/21 08:08:09.739497 logger.go:32: commit Block[wevctjpogjxmqjexvjdn] in seq 63 at 739493600
[Consesus log] 2023/05/21 08:08:10.387587 logger.go:32: commit Block[wqzrowjnbxkpfvyamngx] in seq 64 at 387571800
[Consesus log] 2023/05/21 08:08:10.387752 logger.go:32: commit Block[tdhsxkkcridcvlsijtnw] in seq 65 at 387747200
[Consesus log] 2023/05/21 08:08:10.387851 logger.go:32: commit Block[dcajzzxysdnalamebslw] in seq 66 at 387846900
[Consesus log] 2023/05/21 08:08:10.387971 logger.go:32: commit Block[vjfqatbannqsihfymbli] in seq 67 at 387965300
[Consesus log] 2023/05/21 08:08:10.388089 logger.go:32: commit Block[pqpeyiysmrovofzlgrtd] in seq 68 at 388083200
[Consesus log] 2023/05/21 08:08:10.696589 logger.go:32: commit Block[xicitdqyqoqeqfzpydwo] in seq 69 at 696579300
[Consesus log] 2023/05/21 08:08:10.696730 logger.go:32: commit Block[hmbdbxfozktmhxcjtxyj] in seq 70 at 696724200
[Consesus log] 2023/05/21 08:08:10.696871 logger.go:32: commit Block[kgwxdsxjfkqccinmpuzb] in seq 71 at 696865700
[Consesus log] 2023/05/21 08:08:10.696973 logger.go:32: commit Block[wahudnleerlqntqnltwy] in seq 72 at 696968000
[Consesus log] 2023/05/21 08:08:10.697139 logger.go:32: commit Block[cnjdtdhyepbdhgnghtrm] in seq 73 at 697097000
[Consesus log] 2023/05/21 08:08:10.697248 logger.go:32: commit Block[wiztxkwnibznsagkzmfh] in seq 74 at 697243400
[Consesus log] 2023/05/21 08:08:10.697367 logger.go:32: commit Block[kmywdojwkclmdfwewcpx] in seq 75 at 697357000
[Consesus log] 2023/05/21 08:08:11.418596 logger.go:32: commit Block[abcttanvoamcxeyerjrq] in seq 76 at 418587500
[Consesus log] 2023/05/21 08:08:11.418755 logger.go:32: commit Block[hubychraqvvjlpvvusfq] in seq 77 at 418750200
[Consesus log] 2023/05/21 08:08:11.418862 logger.go:32: commit Block[ixwgpkhzmvmozykxugse] in seq 78 at 418857200
[Consesus log] 2023/05/21 08:08:11.418959 logger.go:32: commit Block[whzhqmtfsffbgzptdwrn] in seq 79 at 418954200
[Consesus log] 2023/05/21 08:08:11.419050 logger.go:32: commit Block[jtbjvyrgadnddgfpwnfw] in seq 80 at 419045700
[Consesus log] 2023/05/21 08:08:11.419143 logger.go:32: commit Block[onitevskocgrbmobxtbh] in seq 81 at 419138100
[Consesus log] 2023/05/21 08:08:11.419236 logger.go:32: commit Block[sddzyqbfelovfpvfjyiw] in seq 82 at 419232400
[Consesus log] 2023/05/21 08:08:11.419375 logger.go:32: commit Block[pmbcttbrzdnuqxlpkjew] in seq 83 at 419369800
[Consesus log] 2023/05/21 08:08:11.927696 logger.go:32: generate Block[gwbwrzhnfhvpzoscjqhi] in seq 96 at 927680400
[Consesus log] 2023/05/21 08:08:11.979169 logger.go:32: generate Block[wuadyvoejgxbirbuzofb] in seq 97 at 979151500
[Consesus log] 2023/05/21 08:08:12.030040 logger.go:32: generate Block[kulalwehnfsvdjzjbkvc] in seq 98 at 30023200
[Consesus log] 2023/05/21 08:08:12.081715 logger.go:32: generate Block[vqbkcixtxxoajvcsoekf] in seq 99 at 81626400
[Consesus log] 2023/05/21 08:08:12.081962 logger.go:32: commit Block[rmwpecpzuthwipomzkax] in seq 84 at 81956500
[Consesus log] 2023/05/21 08:08:12.082100 logger.go:32: commit Block[myetcrnxiiavqioozmtw] in seq 85 at 82096500
[Consesus log] 2023/05/21 08:08:12.082170 logger.go:32: commit Block[gnxgidwihbbhikbwynia] in seq 86 at 82167200
[Consesus log] 2023/05/21 08:08:12.082329 logger.go:32: commit Block[uppfgbnlsmhxpysulkqz] in seq 87 at 82322200
[Consesus log] 2023/05/21 08:08:12.082421 logger.go:32: commit Block[ztahamlgzwfmlinqndlx] in seq 88 at 82416500
[Consesus log] 2023/05/21 08:08:12.082557 logger.go:32: commit Block[suvretpgeapjhqzavgzz] in seq 89 at 82551500
[Consesus log] 2023/05/21 08:08:12.082642 logger.go:32: commit Block[ybiuswalxzmryvoyejhs] in seq 90 at 82638600
[Consesus log] 2023/05/21 08:08:12.082712 logger.go:32: commit Block[hyivpbiilrequcggczji] in seq 91 at 82709500
[Consesus log] 2023/05/21 08:08:12.082780 logger.go:32: commit Block[nquwlpnjwexgjwppkfch] in seq 92 at 82777600
[Consesus log] 2023/05/21 08:08:12.082845 logger.go:32: commit Block[bwwtfoanowuwcerxvrnq] in seq 93 at 82842700
[Consesus log] 2023/05/21 08:08:12.082909 logger.go:32: commit Block[odvvdiuvfklyhlzhuods] in seq 94 at 82906900
[Consesus log] 2023/05/21 08:08:12.082974 logger.go:32: commit Block[gbvfuwrajcniwmlvexxp] in seq 95 at 82971200
[Consesus log] 2023/05/21 08:08:12.133309 logger.go:32: generate Block[zyhracehoacstwjettce] in seq 100 at 133285500
[Consesus log] 2023/05/21 08:08:12.183965 logger.go:32: generate Block[jgpcukxydmevdutoauie] in seq 101 at 183948400
[Consesus log] 2023/05/21 08:08:12.234539 logger.go:32: generate Block[invowkcupxreacmsbhor] in seq 102 at 234514700
[Consesus log] 2023/05/21 08:08:12.286456 logger.go:32: generate Block[lbdgpudzjfzhccjbqucs] in seq 103 at 286365500
[Consesus log] 2023/05/21 08:08:12.337271 logger.go:32: generate Block[qllygdotrctmqocorlel] in seq 104 at 337231800
[Consesus log] 2023/05/21 08:08:12.388422 logger.go:32: generate Block[uavnlbwpyuzlnjxnjniw] in seq 105 at 388404600
[Consesus log] 2023/05/21 08:08:12.440374 logger.go:32: generate Block[ghgweeeysunvlltjihqj] in seq 106 at 440360800
[Consesus log] 2023/05/21 08:08:12.491764 logger.go:32: generate Block[bsyjespdwyslsnhkpqbs] in seq 107 at 491748100
[Consesus log] 2023/05/21 08:08:12.903856 logger.go:32: commit Block[gwbwrzhnfhvpzoscjqhi] in seq 96 at 903843100
[Consesus log] 2023/05/21 08:08:12.904063 logger.go:32: commit Block[wuadyvoejgxbirbuzofb] in seq 97 at 904056700
[Consesus log] 2023/05/21 08:08:12.904175 logger.go:32: commit Block[kulalwehnfsvdjzjbkvc] in seq 98 at 904170600
[Consesus log] 2023/05/21 08:08:12.904299 logger.go:32: commit Block[exkrmaitypcxgflouzup] in seq 99 at 904293800
[Consesus log] 2023/05/21 08:08:13.915523 logger.go:32: commit Block[atpulydhtnjetjmfsuzz] in seq 100 at 915513800
[Consesus log] 2023/05/21 08:08:13.915660 logger.go:32: commit Block[sjregncjjbxqfyabwsdd] in seq 101 at 915655800
[Consesus log] 2023/05/21 08:08:13.915744 logger.go:32: commit Block[wbshgmhyqukmfwjkaatp] in seq 102 at 915740100
[Consesus log] 2023/05/21 08:08:13.915829 logger.go:32: commit Block[oiabjnyvaeiwwucidrnz] in seq 103 at 915825100
[Consesus log] 2023/05/21 08:08:13.915915 logger.go:32: commit Block[cmolikkzzivcnlyyodjo] in seq 104 at 915910500
[Consesus log] 2023/05/21 08:08:13.916820 logger.go:32: commit Block[tekojltarjogqhczyvek] in seq 105 at 916810200
[Consesus log] 2023/05/21 08:08:13.917052 logger.go:32: commit Block[uhzdkcifxhzywjfjajxm] in seq 106 at 917040200
[Consesus log] 2023/05/21 08:08:13.917256 logger.go:32: commit Block[vczfvcmtqbtxwkchoxkb] in seq 107 at 917248900
[Consesus log] 2023/05/21 08:08:13.917394 logger.go:32: commit Block[etgresgshawxvcdxcxei] in seq 108 at 917389100
[Consesus log] 2023/05/21 08:08:13.917502 logger.go:32: commit Block[fpvskzfijigklilrwjjj] in seq 109 at 917497300
[Consesus log] 2023/05/21 08:08:13.917598 logger.go:32: commit Block[lemdnrsuqjuxxfltfjlt] in seq 110 at 917593300
[Consesus log] 2023/05/21 08:08:13.917692 logger.go:32: commit Block[sayxrgukbnrapduogkxj] in seq 111 at 917687900
[Consesus log] 2023/05/21 08:08:15.507464 logger.go:32: commit Block[sbjesxesogetmlqadzqb] in seq 112 at 507452700
[Consesus log] 2023/05/21 08:08:15.507731 logger.go:32: commit Block[ylloqwdfkbtjlswdaffu] in seq 113 at 507721900
[Consesus log] 2023/05/21 08:08:15.507854 logger.go:32: commit Block[aetdmzgtdgislnbivktg] in seq 114 at 507848900
[Consesus log] 2023/05/21 08:08:15.507966 logger.go:32: commit Block[httavsusoyzyzxnubouh] in seq 115 at 507961500
[Consesus log] 2023/05/21 08:08:15.508239 logger.go:32: commit Block[iuedaoxottrpqjaghhce] in seq 116 at 508231000
[Consesus log] 2023/05/21 08:08:15.508343 logger.go:32: commit Block[xtocamubzrfvgscitstg] in seq 117 at 508338700
[Consesus log] 2023/05/21 08:08:15.510067 logger.go:32: commit Block[xobifmyrlyafsqgangug] in seq 118 at 508498900
[Consesus log] 2023/05/21 08:08:15.510489 logger.go:32: commit Block[orlvsiwgczcsbwhogdgz] in seq 119 at 510480800
[Consesus log] 2023/05/21 08:08:15.510658 logger.go:32: commit Block[mneauwgcamfevkaifqlf] in seq 120 at 510652700
[Consesus log] 2023/05/21 08:08:15.510757 logger.go:32: commit Block[grqnronkmvutndljespd] in seq 121 at 510752600
[Consesus log] 2023/05/21 08:08:15.510844 logger.go:32: commit Block[xdkkqgrpnrcrytccsscp] in seq 122 at 510840100
[Consesus log] 2023/05/21 08:08:15.511175 logger.go:32: commit Block[nszdjdqpojrqswyyfetp] in seq 123 at 511167100
[Consesus log] 2023/05/21 08:08:15.511305 logger.go:32: commit Block[ltbfxvsfkzbbzwdmitsn] in seq 124 at 511297200
[Consesus log] 2023/05/21 08:08:15.511416 logger.go:32: commit Block[ikjndmohihwrclehitjv] in seq 125 at 511411900
[Consesus log] 2023/05/21 08:08:15.511544 logger.go:32: commit Block[kwiccvyrzjuellneklct] in seq 126 at 511539600
[Consesus log] 2023/05/21 08:08:15.511633 logger.go:32: commit Block[otzamltpeitudnynljwv] in seq 127 at 511628700
[Consesus log] 2023/05/21 08:08:15.511743 logger.go:32: commit Block[ydftdbkhsvjnxhedlpjk] in seq 128 at 511737000
[Consesus log] 2023/05/21 08:08:15.511861 logger.go:32: commit Block[pvwentipbdlortccpzil] in seq 129 at 511856400
[Consesus log] 2023/05/21 08:08:16.937750 logger.go:32: commit Block[vpjjzdwjaoqftezvietb] in seq 130 at 937738200
[Consesus log] 2023/05/21 08:08:16.937923 logger.go:32: commit Block[gbbsvhrquwiaimewdkhq] in seq 131 at 937906800
[Consesus log] 2023/05/21 08:08:16.938038 logger.go:32: commit Block[pulzcidvhryfvwvwpmux] in seq 132 at 938033000
[Consesus log] 2023/05/21 08:08:16.938145 logger.go:32: commit Block[micvmxjpwxwufcioztqt] in seq 133 at 938140100
[Consesus log] 2023/05/21 08:08:16.938343 logger.go:32: commit Block[skbxndfmmrbkqxidkjyf] in seq 134 at 938337700
[Consesus log] 2023/05/21 08:08:16.938444 logger.go:32: commit Block[nlzjdsxxfcmndfsexjog] in seq 135 at 938440000
[Consesus log] 2023/05/21 08:08:16.938539 logger.go:32: commit Block[mzhidjbwheojebvncsev] in seq 136 at 938534700
[Consesus log] 2023/05/21 08:08:16.938684 logger.go:32: commit Block[cnyntwlgjcwalnpxanyq] in seq 137 at 938675700
[Consesus log] 2023/05/21 08:08:16.939380 logger.go:32: commit Block[ycdllsqokkrvgxxkuvzd] in seq 138 at 939372300
[Consesus log] 2023/05/21 08:08:16.939477 logger.go:32: commit Block[phgphpjkzzviplsvzmub] in seq 139 at 939472900
[Consesus log] 2023/05/21 08:08:16.939573 logger.go:32: commit Block[eikuubaqseqdfnikqiqx] in seq 140 at 939568600
[Consesus log] 2023/05/21 08:08:16.939667 logger.go:32: commit Block[gcsjyqudxgelgjqktclm] in seq 141 at 939662700
[Consesus log] 2023/05/21 08:08:16.939800 logger.go:32: commit Block[hjjgezbqxykklihrhktm] in seq 142 at 939795700
[Consesus log] 2023/05/21 08:08:16.939915 logger.go:32: commit Block[euvxsqjjlcelmbpihkhu] in seq 143 at 939910800
[Consesus log] 2023/05/21 08:08:16.940033 logger.go:32: commit Block[cgxcrimhkaotqkehdlor] in seq 144 at 940026600
[Consesus log] 2023/05/21 08:08:16.940130 logger.go:32: commit Block[notzzmshbuywqesbftpo] in seq 145 at 940126000
[Consesus log] 2023/05/21 08:08:16.940222 logger.go:32: commit Block[znfcagikpentkaiptpmn] in seq 146 at 940217400
[Consesus log] 2023/05/21 08:08:16.940314 logger.go:32: commit Block[fszgzumjxxrlxwlnqnij] in seq 147 at 940310500
[Consesus log] 2023/05/21 08:08:16.940408 logger.go:32: commit Block[mspjprqtcsxkpgkddqmw] in seq 148 at 940403800
[Consesus log] 2023/05/21 08:08:16.940506 logger.go:32: commit Block[fnhqvfksacjhlusmarle] in seq 149 at 940501500
[Consesus log] 2023/05/21 08:08:16.940885 logger.go:32: commit Block[akzlzcwimmgbpkjjunlb] in seq 150 at 940853000
[Consesus log] 2023/05/21 08:08:16.941015 logger.go:32: commit Block[sxkqwaivxzmkzvlqnpmd] in seq 151 at 941009400
[Consesus log] 2023/05/21 08:08:16.941131 logger.go:32: commit Block[ayyuezmqngzxzrfsecxu] in seq 152 at 941123300
[Consesus log] 2023/05/21 08:08:17.781476 logger.go:32: commit Block[rzdxjzmdrespmhvikyey] in seq 153 at 781466900
[Consesus log] 2023/05/21 08:08:17.781607 logger.go:32: commit Block[polrpjlajiuqtacmtcsp] in seq 154 at 781601800
[Consesus log] 2023/05/21 08:08:17.781703 logger.go:32: commit Block[ywuxqeuhrcpssoylofuq] in seq 155 at 781699000
[Consesus log] 2023/05/21 08:08:17.781814 logger.go:32: commit Block[dskztqtjpbcisgniqrpd] in seq 156 at 781809600
[Consesus log] 2023/05/21 08:08:17.781920 logger.go:32: commit Block[ajupdtiesnpczgnvsqjb] in seq 157 at 781915000
[Consesus log] 2023/05/21 08:08:17.782015 logger.go:32: commit Block[gqlaxcgxirgtqpkjjtyt] in seq 158 at 782010500
[Consesus log] 2023/05/21 08:08:17.782109 logger.go:32: commit Block[jotlmwjcfjeuylsabgbz] in seq 159 at 782105000
[Consesus log] 2023/05/21 08:08:17.782237 logger.go:32: commit Block[sdvmnattowktmfkqakiq] in seq 160 at 782231800
[Consesus log] 2023/05/21 08:08:17.782336 logger.go:32: commit Block[ypbkhejazueryfhtakij] in seq 161 at 782331000
[Consesus log] 2023/05/21 08:08:17.782539 logger.go:32: commit Block[gpyzbcazlerpsmypkuhq] in seq 162 at 782530500
[Consesus log] 2023/05/21 08:08:17.782704 logger.go:32: commit Block[hdekfrqulnejodnxtbxw] in seq 163 at 782695800
[Consesus log] 2023/05/21 08:08:17.782824 logger.go:32: commit Block[ptedwzywqfoubtdcijqs] in seq 164 at 782816700
[Consesus log] 2023/05/21 08:08:17.782935 logger.go:32: commit Block[nydoysvtfjrqnxsxtbpj] in seq 165 at 782930000
[Consesus log] 2023/05/21 08:08:19.008809 logger.go:32: commit Block[oepjddbdekcazodlenpv] in seq 166 at 8789700
[Consesus log] 2023/05/21 08:08:19.008948 logger.go:32: commit Block[ghditgjzuiuuhdalmack] in seq 167 at 8942600
[Consesus log] 2023/05/21 08:08:19.009087 logger.go:32: commit Block[ucikkigqrwxxygrpltcc] in seq 168 at 9078900
[Consesus log] 2023/05/21 08:08:19.010201 logger.go:32: commit Block[ggppbmioisanxpxuhkkh] in seq 169 at 10191400
[Consesus log] 2023/05/21 08:08:19.010322 logger.go:32: commit Block[jedcnibkmmgelngxwsln] in seq 170 at 10317200
[Consesus log] 2023/05/21 08:08:19.010411 logger.go:32: commit Block[iyhldaubsrxaxtvebkmz] in seq 171 at 10406900
[Consesus log] 2023/05/21 08:08:19.010496 logger.go:32: commit Block[vtyyxgfloyigujyervlq] in seq 172 at 10492500
[Consesus log] 2023/05/21 08:08:19.010580 logger.go:32: commit Block[vohabdwsfiqugvgxedii] in seq 173 at 10576100
[Consesus log] 2023/05/21 08:08:19.010669 logger.go:32: commit Block[gfllxxfoapzsazsietye] in seq 174 at 10664200
[Consesus log] 2023/05/21 08:08:19.010761 logger.go:32: commit Block[maixlugtvhxagmkphfvk] in seq 175 at 10756300
[Consesus log] 2023/05/21 08:08:19.010856 logger.go:32: commit Block[gkbeowpastexyvnvposw] in seq 176 at 10851100
[Consesus log] 2023/05/21 08:08:19.010949 logger.go:32: commit Block[kwxkingtlebidvyyzmuu] in seq 177 at 10944100
[Consesus log] 2023/05/21 08:08:19.011044 logger.go:32: commit Block[zqxkzsvcbrfpwnupsnnh] in seq 178 at 11039600
[Consesus log] 2023/05/21 08:08:19.011241 logger.go:32: commit Block[ujyvfxvtmazrfamsdbqx] in seq 179 at 11232000
[Consesus log] 2023/05/21 08:08:19.011352 logger.go:32: commit Block[wtakmoqujgxnmtxivrfk] in seq 180 at 11347100
[Consesus log] 2023/05/21 08:08:19.011446 logger.go:32: commit Block[pcahubjzrgzhpxoyviue] in seq 181 at 11441200
[Consesus log] 2023/05/21 08:08:19.011690 logger.go:32: commit Block[nilszkxgbgbqnwvwgpoj] in seq 182 at 11682200
[Consesus log] 2023/05/21 08:08:19.011802 logger.go:32: commit Block[geccpobjfbslyquqevjj] in seq 183 at 11798100
[Consesus log] 2023/05/21 08:08:19.661204 logger.go:32: generate Block[lfzitykinqowepkgryxn] in seq 194 at 661114800
[Consesus log] 2023/05/21 08:08:19.712607 logger.go:32: generate Block[cxamnokracukkjnlpwsi] in seq 195 at 712583100
[Consesus log] 2023/05/21 08:08:19.763660 logger.go:32: generate Block[kkmyrwcslbwitsnempnk] in seq 196 at 763642900
[Consesus log] 2023/05/21 08:08:19.814043 logger.go:32: generate Block[qblwsvmtiynbeiwrtran] in seq 197 at 814024600
[Consesus log] 2023/05/21 08:08:19.865455 logger.go:32: generate Block[oqyefkrwzrkmujzphmty] in seq 198 at 865423300
[Consesus log] 2023/05/21 08:08:19.916037 logger.go:32: generate Block[ldophstalftjlmlroaco] in seq 199 at 916021100
[Consesus log] 2023/05/21 08:08:19.966574 logger.go:32: generate Block[hvytneuzmjvkcjpkxyle] in seq 200 at 966550300
[Consesus log] 2023/05/21 08:08:19.966822 logger.go:32: commit Block[uitlomedibwktdhcwacu] in seq 184 at 966817900
[Consesus log] 2023/05/21 08:08:19.966937 logger.go:32: commit Block[qwinycshtghooihfztiy] in seq 185 at 966933300
[Consesus log] 2023/05/21 08:08:19.967020 logger.go:32: commit Block[xmmpcfrzmtajijgoxvya] in seq 186 at 967016400
[Consesus log] 2023/05/21 08:08:19.967319 logger.go:32: commit Block[jharrhxwkkkredppktwk] in seq 187 at 967312900
[Consesus log] 2023/05/21 08:08:19.967421 logger.go:32: commit Block[gtpkjnhrasozqcegeixx] in seq 188 at 967416700
[Consesus log] 2023/05/21 08:08:19.967519 logger.go:32: commit Block[pnxclshrkjazjhxjrkjp] in seq 189 at 967514800
[Consesus log] 2023/05/21 08:08:19.967651 logger.go:32: commit Block[ethhpfszymglybwbrdja] in seq 190 at 967630600
[Consesus log] 2023/05/21 08:08:19.967834 logger.go:32: commit Block[kqymcskchcuunvhqqefw] in seq 191 at 967826700
[Consesus log] 2023/05/21 08:08:19.968007 logger.go:32: commit Block[uffmfblvqssywuqctnzh] in seq 192 at 968000700
[Consesus log] 2023/05/21 08:08:19.968090 logger.go:32: commit Block[liwhlwlwpfecusiiiwat] in seq 193 at 968086900
[Consesus log] 2023/05/21 08:08:20.019679 logger.go:32: generate Block[ypcmmflrgryiatlyxzpx] in seq 201 at 19659300
[Consesus log] 2023/05/21 08:08:20.070343 logger.go:32: generate Block[wrzrdxkxrdijjgfpsimp] in seq 202 at 70327200
[Consesus log] 2023/05/21 08:08:20.121582 logger.go:32: generate Block[kntwtdvwmvmthoaobjnu] in seq 203 at 121567000
[Consesus log] 2023/05/21 08:08:20.173243 logger.go:32: generate Block[mzmsqmowpieohrhgnaxa] in seq 204 at 173227200
[Consesus log] 2023/05/21 08:08:20.223979 logger.go:32: generate Block[cdcyuecapbspllcfnybz] in seq 205 at 223956200
[Consesus log] 2023/05/21 08:08:20.275637 logger.go:32: generate Block[lvtnvokmbfnhrmhpfgka] in seq 206 at 275620900
[Consesus log] 2023/05/21 08:08:20.332216 logger.go:32: generate Block[illydtgupwugdogfpbki] in seq 207 at 332167700
[Consesus log] 2023/05/21 08:08:20.382920 logger.go:32: generate Block[bgiecexnqrttvrvzvcfn] in seq 208 at 382897800
[Consesus log] 2023/05/21 08:08:20.435935 logger.go:32: generate Block[quuaonunldjqqmklxmwf] in seq 209 at 435920000
[Consesus log] 2023/05/21 08:08:20.490725 logger.go:32: generate Block[alprzoazndrlywtrsxtl] in seq 210 at 490698300
[Consesus log] 2023/05/21 08:08:20.541620 logger.go:32: generate Block[ufcsgbngofcjqhprgnti] in seq 211 at 541600600
[Consesus log] 2023/05/21 08:08:20.592539 logger.go:32: generate Block[hoyxiplypdxqcweyyvwi] in seq 212 at 592521300
[Consesus log] 2023/05/21 08:08:20.643790 logger.go:32: generate Block[vkcqorjjiswtrtbpfunv] in seq 213 at 643774200
[Consesus log] 2023/05/21 08:08:20.694458 logger.go:32: generate Block[yxcdyteoaujkqdactmjh] in seq 214 at 694444900
[Consesus log] 2023/05/21 08:08:20.694675 logger.go:32: commit Block[lfzitykinqowepkgryxn] in seq 194 at 694670800
[Consesus log] 2023/05/21 08:08:20.745121 logger.go:32: generate Block[qpdfnzpooqcmvrkkplkg] in seq 215 at 745105400
[Consesus log] 2023/05/21 08:08:20.795877 logger.go:32: generate Block[ofocflpxlskkcpwekyie] in seq 216 at 795861200
[Consesus log] 2023/05/21 08:08:20.846607 logger.go:32: generate Block[wfmbobyljpyggnlsvgwa] in seq 217 at 846578100
[Consesus log] 2023/05/21 08:08:20.897954 logger.go:32: generate Block[ffjfgktevqojbruarwak] in seq 218 at 897935800
[Consesus log] 2023/05/21 08:08:20.949739 logger.go:32: generate Block[tnwlwcxczddhaqdagfos] in seq 219 at 949722800
[Consesus log] 2023/05/21 08:08:21.947755 logger.go:32: commit Block[cxamnokracukkjnlpwsi] in seq 195 at 947746000
[Consesus log] 2023/05/21 08:08:21.947888 logger.go:32: commit Block[kkmyrwcslbwitsnempnk] in seq 196 at 947883100
[Consesus log] 2023/05/21 08:08:21.947985 logger.go:32: commit Block[qblwsvmtiynbeiwrtran] in seq 197 at 947980400
[Consesus log] 2023/05/21 08:08:21.948081 logger.go:32: commit Block[oqyefkrwzrkmujzphmty] in seq 198 at 948077100
[Consesus log] 2023/05/21 08:08:21.948241 logger.go:32: commit Block[ldophstalftjlmlroaco] in seq 199 at 948235800
[Consesus log] 2023/05/21 08:08:21.948344 logger.go:32: commit Block[hvytneuzmjvkcjpkxyle] in seq 200 at 948339700
[Consesus log] 2023/05/21 08:08:21.948442 logger.go:32: commit Block[ypcmmflrgryiatlyxzpx] in seq 201 at 948437800
[Consesus log] 2023/05/21 08:08:21.948543 logger.go:32: commit Block[wrzrdxkxrdijjgfpsimp] in seq 202 at 948538500
[Consesus log] 2023/05/21 08:08:21.948657 logger.go:32: commit Block[kntwtdvwmvmthoaobjnu] in seq 203 at 948652400
[Consesus log] 2023/05/21 08:08:21.948756 logger.go:32: commit Block[mzmsqmowpieohrhgnaxa] in seq 204 at 948751200
[Consesus log] 2023/05/21 08:08:21.948850 logger.go:32: commit Block[cdcyuecapbspllcfnybz] in seq 205 at 948844800
[Consesus log] 2023/05/21 08:08:21.948942 logger.go:32: commit Block[lvtnvokmbfnhrmhpfgka] in seq 206 at 948937300
[Consesus log] 2023/05/21 08:08:21.949036 logger.go:32: commit Block[illydtgupwugdogfpbki] in seq 207 at 949031800
[Consesus log] 2023/05/21 08:08:21.949125 logger.go:32: commit Block[bgiecexnqrttvrvzvcfn] in seq 208 at 949121300
[Consesus log] 2023/05/21 08:08:21.949327 logger.go:32: commit Block[quuaonunldjqqmklxmwf] in seq 209 at 949321000
[Consesus log] 2023/05/21 08:08:21.949434 logger.go:32: commit Block[alprzoazndrlywtrsxtl] in seq 210 at 949429500
[Consesus log] 2023/05/21 08:08:21.949534 logger.go:32: commit Block[ufcsgbngofcjqhprgnti] in seq 211 at 949530100
[Consesus log] 2023/05/21 08:08:21.949633 logger.go:32: commit Block[mymbxbpwgatjtkxnhsrz] in seq 212 at 949628700
[Consesus log] 2023/05/21 08:08:21.949798 logger.go:32: commit Block[alokjdzlsdaalaqvcczy] in seq 213 at 949793100
[Consesus log] 2023/05/21 08:08:21.949912 logger.go:32: commit Block[ktiwbpmlwjvuzamkwmrl] in seq 214 at 949907100
[Consesus log] 2023/05/21 08:08:22.674748 logger.go:32: commit Block[gvbvvpxwcgjtybzjpvaw] in seq 215 at 674735800
[Consesus log] 2023/05/21 08:08:22.674908 logger.go:32: commit Block[rawfuxmtqpgqsuvwtiim] in seq 216 at 674903800
[Consesus log] 2023/05/21 08:08:23.603860 logger.go:32: commit Block[wbrrtdifefmuxeoiilxx] in seq 217 at 603841900
[Consesus log] 2023/05/21 08:08:24.563425 logger.go:32: commit Block[opkloiovtrtdxqcwgpja] in seq 218 at 563416300
[Consesus log] 2023/05/21 08:08:25.747683 logger.go:32: commit Block[qngmkfxjeeugxlwgbbyl] in seq 219 at 747673400
[Consesus log] 2023/05/21 08:08:25.747820 logger.go:32: commit Block[yymksqostnypfqvasrqg] in seq 220 at 747815100
[Consesus log] 2023/05/21 08:08:25.747922 logger.go:32: commit Block[ircumlwzffynbrzpkrex] in seq 221 at 747917500
[Consesus log] 2023/05/21 08:08:25.748087 logger.go:32: commit Block[manksnqsriquwxckufog] in seq 222 at 748048500
[Consesus log] 2023/05/21 08:08:25.748220 logger.go:32: commit Block[cfqmvzienvxtyolqxfmo] in seq 223 at 748213600
[Consesus log] 2023/05/21 08:08:25.748322 logger.go:32: commit Block[tpaggbbafinzkwoverzd] in seq 224 at 748317800
[Consesus log] 2023/05/21 08:08:25.748422 logger.go:32: commit Block[ptqgurxbgumwgrhksjpt] in seq 225 at 748417700
[Consesus log] 2023/05/21 08:08:25.748564 logger.go:32: commit Block[agmglrsbvqatuvxhxlvo] in seq 226 at 748557600
[Consesus log] 2023/05/21 08:08:25.748750 logger.go:32: commit Block[jamzntwvbzhthsofvlid] in seq 227 at 748744400
[Consesus log] 2023/05/21 08:08:25.748868 logger.go:32: commit Block[dajmitgnnkturnkcyhqv] in seq 228 at 748863500
[Consesus log] 2023/05/21 08:08:25.748964 logger.go:32: commit Block[eyeqmwemejlydgbkdnuh] in seq 229 at 748960100
[Consesus log] 2023/05/21 08:08:25.749099 logger.go:32: commit Block[givghgkowqfsghjdbcam] in seq 230 at 749094000
[Consesus log] 2023/05/21 08:08:25.749214 logger.go:32: commit Block[ywatiiiknagsuluvmerv] in seq 231 at 749199000
[Consesus log] 2023/05/21 08:08:25.749341 logger.go:32: commit Block[pgqmlqigzmjeakkupnmd] in seq 232 at 749334600
[Consesus log] 2023/05/21 08:08:25.749438 logger.go:32: commit Block[iyqullmcdquzsmhyqpgx] in seq 233 at 749433600
[Consesus log] 2023/05/21 08:08:25.749531 logger.go:32: commit Block[xelljerckmptpwmipjua] in seq 234 at 749526800
[Consesus log] 2023/05/21 08:08:25.749667 logger.go:32: commit Block[nzltxgtbnvdyifkjhdyp] in seq 235 at 749661300
[Consesus log] 2023/05/21 08:08:25.749770 logger.go:32: commit Block[offkrccjotdbhyusodwc] in seq 236 at 749765400
[Consesus log] 2023/05/21 08:08:25.749874 logger.go:32: commit Block[glxsdretcsibbtioaluf] in seq 237 at 749868900
[Consesus log] 2023/05/21 08:08:25.749974 logger.go:32: commit Block[fmwjbmtqnfppgadxcshi] in seq 238 at 749970200
[Consesus log] 2023/05/21 08:08:25.750074 logger.go:32: commit Block[bwmousdmmllbzmdyyjrk] in seq 239 at 750061500
[Consesus log] 2023/05/21 08:08:25.750183 logger.go:32: commit Block[rlcxcgqemqcwluznmypb] in seq 240 at 750178100
[Consesus log] 2023/05/21 08:08:25.750280 logger.go:32: commit Block[cdanfxydrdnndcbikknd] in seq 241 at 750276700
[Consesus log] 2023/05/21 08:08:25.750365 logger.go:32: commit Block[yiagypyxkhuisgoksbsa] in seq 242 at 750361300
[Consesus log] 2023/05/21 08:08:25.750460 logger.go:32: commit Block[pwirqwnstkpnknrfyshu] in seq 243 at 750455700
[Consesus log] 2023/05/21 08:08:25.750553 logger.go:32: commit Block[pybyqowyxmatypljvqbr] in seq 244 at 750549300
[Consesus log] 2023/05/21 08:08:25.750658 logger.go:32: commit Block[vhuurpoescmjbvkzjjfj] in seq 245 at 750648300
[Consesus log] 2023/05/21 08:08:25.750837 logger.go:32: commit Block[fthwkvfoxqzafrmujizp] in seq 246 at 750830900
[Consesus log] 2023/05/21 08:08:25.750938 logger.go:32: commit Block[awbyavhkhzpzfrdvnuev] in seq 247 at 750933400
[Consesus log] 2023/05/21 08:08:25.751117 logger.go:32: commit Block[jygqsskjtymzhesuodot] in seq 248 at 751097500
[Consesus log] 2023/05/21 08:08:25.751248 logger.go:32: commit Block[ozaewklebobxvakdakgm] in seq 249 at 751242500
[Consesus log] 2023/05/21 08:08:25.751348 logger.go:32: commit Block[qruemoukmgeoffrrxajz] in seq 250 at 751343700
[Consesus log] 2023/05/21 08:08:25.751494 logger.go:32: commit Block[qonsvuoyfbqbmdbemxvv] in seq 251 at 751488700
[Consesus log] 2023/05/21 08:08:25.751607 logger.go:32: commit Block[waaguvcchvhcnrpyvulf] in seq 252 at 751602400
[Consesus log] 2023/05/21 08:08:25.751710 logger.go:32: commit Block[owadsbwzhhavmnlrmnoc] in seq 253 at 751705700
[Consesus log] 2023/05/21 08:08:25.751803 logger.go:32: commit Block[jukqssoapesyfceemzjm] in seq 254 at 751799000
[Consesus log] 2023/05/21 08:08:25.751896 logger.go:32: commit Block[fnlohkkdnzlnxsbchpoe] in seq 255 at 751892000
[Consesus log] 2023/05/21 08:08:25.751987 logger.go:32: commit Block[ybynkniwprdafrweazqm] in seq 256 at 751983300
[Consesus log] 2023/05/21 08:08:25.752079 logger.go:32: commit Block[qlknofuupmuvahazzlnh] in seq 257 at 752075300
[Consesus log] 2023/05/21 08:08:25.752234 logger.go:32: commit Block[obcstocbbdpgzpspzcvn] in seq 258 at 752224800
[Consesus log] 2023/05/21 08:08:25.752366 logger.go:32: commit Block[xjaiizoxbhyjaipdynfm] in seq 259 at 752355300
[Consesus log] 2023/05/21 08:08:25.752523 logger.go:32: commit Block[evqmykoywopdwcjsvbxl] in seq 260 at 752516500
[Consesus log] 2023/05/21 08:08:25.752607 logger.go:32: commit Block[dupksjxaicxjvegoutlt] in seq 261 at 752603800
[Consesus log] 2023/05/21 08:08:25.752672 logger.go:32: commit Block[wiqhujasckuurbfqbgxc] in seq 262 at 752669100
[Consesus log] 2023/05/21 08:08:25.752736 logger.go:32: commit Block[rrmsugcrfahuinbdqqdt] in seq 263 at 752733400
[Consesus log] 2023/05/21 08:08:25.752799 logger.go:32: commit Block[cmsozfnwuwuwsygbjrah] in seq 264 at 752797000
[Consesus log] 2023/05/21 08:08:25.752863 logger.go:32: commit Block[zuniiapulcyosvghobml] in seq 265 at 752860100
[Consesus log] 2023/05/21 08:08:25.752950 logger.go:32: commit Block[msjeeexuusrdhaqwwfpa] in seq 266 at 752945900
[Consesus log] 2023/05/21 08:08:25.753128 logger.go:32: commit Block[wnfodxiqqpdjxqanelfg] in seq 267 at 753109600
[Consesus log] 2023/05/21 08:08:25.753227 logger.go:32: commit Block[npadpvayivgegyaqkvcj] in seq 268 at 753221900
[Consesus log] 2023/05/21 08:08:25.753313 logger.go:32: commit Block[jkudiuribnzoylsxmtlx] in seq 269 at 753308700
[Consesus log] 2023/05/21 08:08:25.753420 logger.go:32: commit Block[qiljypfvmzdspyclkigc] in seq 270 at 753413300
[Consesus log] 2023/05/21 08:08:25.753520 logger.go:32: commit Block[xjonncnekjxnlusaikqy] in seq 271 at 753516100
[Consesus log] 2023/05/21 08:08:25.753624 logger.go:32: commit Block[lrqphqlgjdzhgxlokcmp] in seq 272 at 753619100
[Consesus log] 2023/05/21 08:08:25.753719 logger.go:32: commit Block[oiglpptznbueozjxitch] in seq 273 at 753715000
[Consesus log] 2023/05/21 08:08:25.753819 logger.go:32: commit Block[adyghbxwhoyovjvsvgwr] in seq 274 at 753811200
[Consesus log] 2023/05/21 08:08:25.753935 logger.go:32: commit Block[unrfbknwwzxytdfilkqd] in seq 275 at 753930200
[Consesus log] 2023/05/21 08:08:25.754029 logger.go:32: commit Block[ryvalicmfdvkrjpskece] in seq 276 at 754024600
[Consesus log] 2023/05/21 08:08:25.754143 logger.go:32: commit Block[abuvhewexjkpdimogeza] in seq 277 at 754136100
[Consesus log] 2023/05/21 08:08:25.754239 logger.go:32: commit Block[sktimxrsyhtughtuprll] in seq 278 at 754234900
[Consesus log] 2023/05/21 08:08:27.385534 logger.go:32: commit Block[njzibpfbkoriqrpcclkj] in seq 279 at 385522900
[Consesus log] 2023/05/21 08:08:27.385709 logger.go:32: commit Block[epimixgkiipwksjrokhl] in seq 280 at 385696100
[Consesus log] 2023/05/21 08:08:27.385832 logger.go:32: commit Block[mtsawmhtmhlhewnpewap] in seq 281 at 385824800
[Consesus log] 2023/05/21 08:08:27.385937 logger.go:32: commit Block[wlldpbwenmvuldijxwdm] in seq 282 at 385929800
[Consesus log] 2023/05/21 08:08:27.386067 logger.go:32: commit Block[uydybjlgctjnvqapztjk] in seq 283 at 386059200
[Consesus log] 2023/05/21 08:08:27.386176 logger.go:32: commit Block[pugomgfipvvvtpxcvqbu] in seq 284 at 386171100
[Consesus log] 2023/05/21 08:08:27.386275 logger.go:32: commit Block[dmuulrnmmktguamfnrvf] in seq 285 at 386270500
[Consesus log] 2023/05/21 08:08:27.386379 logger.go:32: commit Block[mfxnavmtngdfarsafkgn] in seq 286 at 386374600
[Consesus log] 2023/05/21 08:08:27.386581 logger.go:32: commit Block[iakqcegjijcbgffmqfau] in seq 287 at 386571400
[Consesus log] 2023/05/21 08:08:27.386700 logger.go:32: commit Block[wzxqbkkcfwvlgrppkatx] in seq 288 at 386695800
[Consesus log] 2023/05/21 08:08:27.386795 logger.go:32: commit Block[xubbglkbfztccayaqhek] in seq 289 at 386790100
[Consesus log] 2023/05/21 08:08:27.386892 logger.go:32: commit Block[zpzlymalqhetxxzpltji] in seq 290 at 386887300
[Consesus log] 2023/05/21 08:08:27.386987 logger.go:32: commit Block[jmfgwmjzbewqtbewiote] in seq 291 at 386982700
[Consesus log] 2023/05/21 08:08:27.387081 logger.go:32: commit Block[kjewgecdtgipwjlslrlz] in seq 292 at 387076900
[Consesus log] 2023/05/21 08:08:27.387202 logger.go:32: commit Block[dplrrdnplsanpblnncgo] in seq 293 at 387197500
[Consesus log] 2023/05/21 08:08:27.387299 logger.go:32: commit Block[trrjoiltvgxudlzlorhz] in seq 294 at 387295300
[Consesus log] 2023/05/21 08:08:27.387393 logger.go:32: commit Block[lvfzxiqyxoxuovzduonk] in seq 295 at 387388600
[Consesus log] 2023/05/21 08:08:27.387537 logger.go:32: commit Block[xapojsqagnwekvbsrkku] in seq 296 at 387533000
[Consesus log] 2023/05/21 08:08:27.387631 logger.go:32: commit Block[dwqvyjsvktkmstwnddvi] in seq 297 at 387627200
[Consesus log] 2023/05/21 08:08:27.387726 logger.go:32: commit Block[ipjdceeebyfoqguedjrm] in seq 298 at 387721800
[Consesus log] 2023/05/21 08:08:28.190771 logger.go:32: commit Block[uoylnepfypokztmsevsn] in seq 299 at 190736900
[Consesus log] 2023/05/21 08:08:28.190983 logger.go:32: commit Block[oqyvfbhiozhikmlofgae] in seq 300 at 190971700
[Consesus log] 2023/05/21 08:08:28.191092 logger.go:32: commit Block[vhsipkphvypbqxumdqnt] in seq 301 at 191087100
[Consesus log] 2023/05/21 08:08:28.191199 logger.go:32: commit Block[bfjfwceshdkjiqmdzooy] in seq 302 at 191193600
[Consesus log] 2023/05/21 08:08:28.191305 logger.go:32: commit Block[assxufmpnzumnjlebfgn] in seq 303 at 191300000
[Consesus log] 2023/05/21 08:08:28.191400 logger.go:32: commit Block[vuqdnswccgichixkrxzy] in seq 304 at 191396000
[Consesus log] 2023/05/21 08:08:28.191498 logger.go:32: commit Block[vhorcgmqfnkadtlqorxa] in seq 305 at 191494000
[Consesus log] 2023/05/21 08:08:28.191628 logger.go:32: commit Block[tqloqvwokkatbwoihahr] in seq 306 at 191622100
[Consesus log] 2023/05/21 08:08:28.191729 logger.go:32: commit Block[chjvmcdmxtssexheaodf] in seq 307 at 191723900
[Consesus log] 2023/05/21 08:08:28.191828 logger.go:32: commit Block[nzjfjvugguitxgxysaen] in seq 308 at 191823500
[Consesus log] 2023/05/21 08:08:28.191934 logger.go:32: commit Block[eeeampsvfaydqvhremye] in seq 309 at 191927900
[Consesus log] 2023/05/21 08:08:28.192061 logger.go:32: commit Block[ecdeiaqeznrhnzfxyrmr] in seq 310 at 192055900
[Consesus log] 2023/05/21 08:08:28.192174 logger.go:32: commit Block[pclgfmoxhmtrercdhxww] in seq 311 at 192169600
[Consesus log] 2023/05/21 08:08:28.192277 logger.go:32: commit Block[wjtgqfceulrxmakoywrr] in seq 312 at 192273000
[Consesus log] 2023/05/21 08:08:28.459271 logger.go:32: generate Block[ucnwqdomjoljqabmuymm] in seq 323 at 459249100
[Consesus log] 2023/05/21 08:08:28.509927 logger.go:32: generate Block[hmydprefoinomvgyrxib] in seq 324 at 509913800
[Consesus log] 2023/05/21 08:08:28.561653 logger.go:32: generate Block[sjdsxuvbuduakfivequn] in seq 325 at 561637600
[Consesus log] 2023/05/21 08:08:28.613366 logger.go:32: generate Block[noqklsdjvqyxcvbsklhx] in seq 326 at 613349300
[Consesus log] 2023/05/21 08:08:28.663916 logger.go:32: generate Block[ihghcirqxzzwwwvtiaap] in seq 327 at 663899100
[Consesus log] 2023/05/21 08:08:28.714271 logger.go:32: generate Block[lagdzdyeefoagdktrmrm] in seq 328 at 714256600
[Consesus log] 2023/05/21 08:08:28.764928 logger.go:32: generate Block[wxoxetpsbxhsauvclxhi] in seq 329 at 764916900
[Consesus log] 2023/05/21 08:08:28.816362 logger.go:32: generate Block[kobblgtmqwtopsvibnmf] in seq 330 at 816345000
[Consesus log] 2023/05/21 08:08:29.290461 logger.go:32: commit Block[fjlohqplpmcukzzauufb] in seq 313 at 290445500
[Consesus log] 2023/05/21 08:08:29.290654 logger.go:32: commit Block[wohlqosqvuclhqsuxiam] in seq 314 at 290647300
[Consesus log] 2023/05/21 08:08:29.290766 logger.go:32: commit Block[qxyhwoceiexihitgdvws] in seq 315 at 290761200
[Consesus log] 2023/05/21 08:08:29.290857 logger.go:32: commit Block[dctcbklzlwxsgedpatcc] in seq 316 at 290852600
[Consesus log] 2023/05/21 08:08:29.290952 logger.go:32: commit Block[xfojucvgiybaqeaoknuv] in seq 317 at 290948300
[Consesus log] 2023/05/21 08:08:29.291050 logger.go:32: commit Block[jcyhadradoyjbzdvwxdt] in seq 318 at 291045600
[Consesus log] 2023/05/21 08:08:29.291144 logger.go:32: commit Block[xugyozzaudvapisxspay] in seq 319 at 291140200
[Consesus log] 2023/05/21 08:08:29.291241 logger.go:32: commit Block[yusvghzrqppkcekyyavf] in seq 320 at 291236000
[Consesus log] 2023/05/21 08:08:29.291337 logger.go:32: commit Block[uveinsrivrdgpkonieky] in seq 321 at 291333000
[Consesus log] 2023/05/21 08:08:29.291433 logger.go:32: commit Block[iqtgkidjoxgdcpqsoudy] in seq 322 at 291428900
[Consesus log] 2023/05/21 08:08:29.291531 logger.go:32: commit Block[ucnwqdomjoljqabmuymm] in seq 323 at 291526200
[Consesus log] 2023/05/21 08:08:29.291629 logger.go:32: commit Block[hmydprefoinomvgyrxib] in seq 324 at 291624600
[Consesus log] 2023/05/21 08:08:29.803457 logger.go:32: commit Block[zlfbxmnztvuzfudjajyy] in seq 325 at 803437200
[Consesus log] 2023/05/21 08:08:31.416603 logger.go:32: commit Block[xspipqoanjfrdvqnabvi] in seq 326 at 416590400
[Consesus log] 2023/05/21 08:08:31.416759 logger.go:32: commit Block[glpiuiutnasfvmdwjlfr] in seq 327 at 416753400
[Consesus log] 2023/05/21 08:08:31.416857 logger.go:32: commit Block[rllzdawrroywpxtnslbn] in seq 328 at 416852700
[Consesus log] 2023/05/21 08:08:31.416953 logger.go:32: commit Block[atwtevfefihbptyttvfr] in seq 329 at 416948700
[Consesus log] 2023/05/21 08:08:31.417051 logger.go:32: commit Block[iedgrxksgyotbizvmvbp] in seq 330 at 417046500
[Consesus log] 2023/05/21 08:08:31.417163 logger.go:32: commit Block[uobjjyrnmytczubvxilu] in seq 331 at 417158500
[Consesus log] 2023/05/21 08:08:31.417257 logger.go:32: commit Block[dxdwnrybdwkvfjkybgus] in seq 332 at 417253000
[Consesus log] 2023/05/21 08:08:31.417350 logger.go:32: commit Block[jaypdtqrcwpqrktcxmvf] in seq 333 at 417345800
[Consesus log] 2023/05/21 08:08:31.417445 logger.go:32: commit Block[wkfrclmooqmahyzqezmf] in seq 334 at 417440200
[Consesus log] 2023/05/21 08:08:31.417538 logger.go:32: commit Block[tnfgwnzxttconyivhxhn] in seq 335 at 417533400
[Consesus log] 2023/05/21 08:08:31.417639 logger.go:32: commit Block[fsyboqqtbezzrwitrzuq] in seq 336 at 417634100
[Consesus log] 2023/05/21 08:08:31.417732 logger.go:32: commit Block[nserpjpjbntgegrmjzrf] in seq 337 at 417728000
[Consesus log] 2023/05/21 08:08:31.417825 logger.go:32: commit Block[unghzsvjpkqnglfundvn] in seq 338 at 417820100
[Consesus log] 2023/05/21 08:08:31.417918 logger.go:32: commit Block[tbqolepygxxoeihbuahf] in seq 339 at 417913200
[Consesus log] 2023/05/21 08:08:31.418015 logger.go:32: commit Block[jbusnhmhflblrmuxxzsa] in seq 340 at 418010100
[Consesus log] 2023/05/21 08:08:31.418109 logger.go:32: commit Block[wqrxcrkjszwylolfbmjf] in seq 341 at 418104600
[Consesus log] 2023/05/21 08:08:31.418203 logger.go:32: commit Block[hxlvomoknodovtgjezwo] in seq 342 at 418198500
[Consesus log] 2023/05/21 08:08:31.418297 logger.go:32: commit Block[xrvnsqnhvreswbmdcvml] in seq 343 at 418292300
[Consesus log] 2023/05/21 08:08:31.418392 logger.go:32: commit Block[alztuxivjqyhqroyylie] in seq 344 at 418387700
[Consesus log] 2023/05/21 08:08:31.418485 logger.go:32: commit Block[krhubefinrgfwhstkmoj] in seq 345 at 418480800
[Consesus log] 2023/05/21 08:08:31.418578 logger.go:32: commit Block[cititmpvmchtnskmufzq] in seq 346 at 418574500
[Consesus log] 2023/05/21 08:08:31.418674 logger.go:32: commit Block[lrtcrdfmolserkxdmodq] in seq 347 at 418670300
[Consesus log] 2023/05/21 08:08:31.418777 logger.go:32: commit Block[mbrnoigdhrcaypiomfmc] in seq 348 at 418773100
[Consesus log] 2023/05/21 08:08:31.418877 logger.go:32: commit Block[nsqgwqcxcehjrrmgdugr] in seq 349 at 418873100
[Consesus log] 2023/05/21 08:08:32.542651 logger.go:32: commit Block[chirqqshpipuhjhjrotw] in seq 350 at 542638900
[Consesus log] 2023/05/21 08:08:32.545125 logger.go:32: commit Block[nfszfcfcoapoecxlpkmh] in seq 351 at 545113500
[Consesus log] 2023/05/21 08:08:32.545254 logger.go:32: commit Block[lmpdeimcqmdryyjxqoaj] in seq 352 at 545250000
[Consesus log] 2023/05/21 08:08:32.545633 logger.go:32: commit Block[guttryvuxesjgprxginf] in seq 353 at 545624100
[Consesus log] 2023/05/21 08:08:32.545793 logger.go:32: commit Block[dbzcpvtcpllbawykohbk] in seq 354 at 545787900
[Consesus log] 2023/05/21 08:08:32.545883 logger.go:32: commit Block[pjclcwsianujmldasmql] in seq 355 at 545878300
[Consesus log] 2023/05/21 08:08:32.545978 logger.go:32: commit Block[iuithgsvqkzrgwtanmvu] in seq 356 at 545974800
[Consesus log] 2023/05/21 08:08:32.546065 logger.go:32: commit Block[vzlptekzsysyjgjaewpv] in seq 357 at 546061700
[Consesus log] 2023/05/21 08:08:32.546148 logger.go:32: commit Block[mwiipkkegrpvjtfuvkxq] in seq 358 at 546144100
[Consesus log] 2023/05/21 08:08:32.546241 logger.go:32: commit Block[glagxtgpvzljdnawampb] in seq 359 at 546237400
[Consesus log] 2023/05/21 08:08:32.546328 logger.go:32: commit Block[fsrzoxctifnebfwjdtgz] in seq 360 at 546325100
[Consesus log] 2023/05/21 08:08:32.546416 logger.go:32: commit Block[axxhmofpheceefsxegxt] in seq 361 at 546412400
[Consesus log] 2023/05/21 08:08:32.546503 logger.go:32: commit Block[dxhqjqhllxsubudreybn] in seq 362 at 546499500
