[Consesus log] 2023/05/21 08:41:15.200654 logger.go:32: commit Block[kstehxdwecwjjdttjmvg] in seq 1 at 200638200
[Consesus log] 2023/05/21 08:41:15.201113 logger.go:32: commit Block[kboigmuthlkazqdmvqqc] in seq 2 at 201108700
[Consesus log] 2023/05/21 08:41:15.201204 logger.go:32: commit Block[bpcuubdkibllgvyvvbih] in seq 3 at 201202100
[Consesus log] 2023/05/21 08:41:15.201260 logger.go:32: commit Block[gctcqxtbdziipthohnui] in seq 4 at 201257400
[Consesus log] 2023/05/21 08:41:15.201317 logger.go:32: commit Block[wfozepgvgmfhoivdnffg] in seq 5 at 201314600
[Consesus log] 2023/05/21 08:41:15.609759 logger.go:32: commit Block[jcbzvsxmjavapyqacwnh] in seq 6 at 609750000
[Consesus log] 2023/05/21 08:41:16.455965 logger.go:32: commit Block[vwtdldctgbmlylqsgele] in seq 7 at 455947400
[Consesus log] 2023/05/21 08:41:17.761858 logger.go:32: commit Block[wknyfzbixxxydzekkajw] in seq 8 at 761848400
[Consesus log] 2023/05/21 08:41:17.762025 logger.go:32: commit Block[ytetbcwbtkapeozsjvmw] in seq 9 at 762019900
[Consesus log] 2023/05/21 08:41:17.762128 logger.go:32: commit Block[ozlyednkwhzoargkgkwl] in seq 10 at 762123600
[Consesus log] 2023/05/21 08:41:17.762223 logger.go:32: commit Block[oesyvleabumobgjgrlhj] in seq 11 at 762218400
[Consesus log] 2023/05/21 08:41:17.762320 logger.go:32: commit Block[ejosbtlezktsnynalglc] in seq 12 at 762315700
[Consesus log] 2023/05/21 08:41:17.762415 logger.go:32: commit Block[ovktixkeoygnqavblvje] in seq 13 at 762410700
[Consesus log] 2023/05/21 08:41:17.762535 logger.go:32: commit Block[bjawvvykaumuluotuofe] in seq 14 at 762529900
[Consesus log] 2023/05/21 08:41:17.762631 logger.go:32: commit Block[kjoiinqncqoowomajzlt] in seq 15 at 762626600
[Consesus log] 2023/05/21 08:41:17.762740 logger.go:32: commit Block[sqvmxzkuvygsebkplikb] in seq 16 at 762736000
[Consesus log] 2023/05/21 08:41:17.762834 logger.go:32: commit Block[mhokzntorolyshrgwdqa] in seq 17 at 762829500
[Consesus log] 2023/05/21 08:41:17.762926 logger.go:32: commit Block[ceffjngspwwfbdivpwtb] in seq 18 at 762922300
[Consesus log] 2023/05/21 08:41:17.763018 logger.go:32: commit Block[xtsmidgcqjtemtvtankw] in seq 19 at 763014100
[Consesus log] 2023/05/21 08:41:17.763110 logger.go:32: commit Block[aorqqjmkkkchhzedlnfq] in seq 20 at 763105500
[Consesus log] 2023/05/21 08:41:17.763203 logger.go:32: commit Block[rqjxfjwjtdgyterprzhg] in seq 21 at 763198500
[Consesus log] 2023/05/21 08:41:17.763295 logger.go:32: commit Block[qejmuvzsxjjkkjylqhsm] in seq 22 at 763290700
[Consesus log] 2023/05/21 08:41:17.763389 logger.go:32: commit Block[dsejcctlvqflkskmlzzm] in seq 23 at 763384600
[Consesus log] 2023/05/21 08:41:17.763483 logger.go:32: commit Block[gxdxgrpcjgblyvpetxwm] in seq 24 at 763478500
[Consesus log] 2023/05/21 08:41:17.763575 logger.go:32: commit Block[pewxsoupebfzswuedthu] in seq 25 at 763571600
[Consesus log] 2023/05/21 08:41:17.763672 logger.go:32: commit Block[nzufqdjnfoanpqtjndvf] in seq 26 at 763667300
[Consesus log] 2023/05/21 08:41:17.763804 logger.go:32: commit Block[ywoiqmbluckwmchhsmxm] in seq 27 at 763799500
[Consesus log] 2023/05/21 08:41:17.763905 logger.go:32: commit Block[kmkfnohtrwxmeavwznls] in seq 28 at 763900500
[Consesus log] 2023/05/21 08:41:17.763998 logger.go:32: commit Block[ekdlvqcaczjoglgioxyj] in seq 29 at 763993500
[Consesus log] 2023/05/21 08:41:17.764090 logger.go:32: commit Block[ibogmhpsxlpcqlrepcpo] in seq 30 at 764085700
[Consesus log] 2023/05/21 08:41:17.764228 logger.go:32: commit Block[gfshiowqicthoidxzbjw] in seq 31 at 764222800
[Consesus log] 2023/05/21 08:41:17.764328 logger.go:32: commit Block[yvghscawkceifnjgidyu] in seq 32 at 764324200
[Consesus log] 2023/05/21 08:41:17.764422 logger.go:32: commit Block[kfnvumqfadfhbikpslxo] in seq 33 at 764418500
[Consesus log] 2023/05/21 08:41:17.764547 logger.go:32: commit Block[pietwrtiglojmchyujrv] in seq 34 at 764542500
[Consesus log] 2023/05/21 08:41:17.764639 logger.go:32: commit Block[jilrujlsxtzrluxliqye] in seq 35 at 764635400
[Consesus log] 2023/05/21 08:41:17.764731 logger.go:32: commit Block[wjvglgurannfgjofjrgj] in seq 36 at 764726900
[Consesus log] 2023/05/21 08:41:17.764843 logger.go:32: commit Block[ghnuttlovmldsgpuxfbu] in seq 37 at 764838700
[Consesus log] 2023/05/21 08:41:17.764951 logger.go:32: commit Block[qlfuncqtqgwyghwxlnyu] in seq 38 at 764946200
[Consesus log] 2023/05/21 08:41:19.736591 logger.go:32: commit Block[kwlcoblnarlpwuckciwd] in seq 39 at 736572500
[Consesus log] 2023/05/21 08:41:19.737373 logger.go:32: commit Block[zgsfwegxvsewrxnvjkic] in seq 40 at 737366400
[Consesus log] 2023/05/21 08:41:19.737484 logger.go:32: commit Block[kshlnfkrsxvknmiferyl] in seq 41 at 737479100
[Consesus log] 2023/05/21 08:41:19.737580 logger.go:32: commit Block[riobtenkjxqjfrttukgg] in seq 42 at 737575800
[Consesus log] 2023/05/21 08:41:19.737685 logger.go:32: commit Block[tucvtflbpznipqvddlts] in seq 43 at 737680200
[Consesus log] 2023/05/21 08:41:19.737892 logger.go:32: commit Block[vsgmyznkjphygouysutl] in seq 44 at 737885600
[Consesus log] 2023/05/21 08:41:19.738005 logger.go:32: commit Block[lyydoxiyqxymrseysaqr] in seq 45 at 738000100
[Consesus log] 2023/05/21 08:41:19.738114 logger.go:32: commit Block[atdedftmwyfcvfqbeopm] in seq 46 at 738107900
[Consesus log] 2023/05/21 08:41:19.738210 logger.go:32: commit Block[halsosaqfvtvyhkjpnol] in seq 47 at 738205600
[Consesus log] 2023/05/21 08:41:19.738305 logger.go:32: commit Block[hzinfbkznydieexlpmsu] in seq 48 at 738300800
[Consesus log] 2023/05/21 08:41:19.738916 logger.go:32: commit Block[pnhfqgxzgvtgfpodyxxp] in seq 49 at 738910500
[Consesus log] 2023/05/21 08:41:19.739011 logger.go:32: commit Block[jqpfilfvaxzumhadtpbt] in seq 50 at 739008700
[Consesus log] 2023/05/21 08:41:19.739084 logger.go:32: commit Block[zczobvcufgviwxurlnbf] in seq 51 at 739081200
[Consesus log] 2023/05/21 08:41:19.739150 logger.go:32: commit Block[evpycezyqbvdiijnnngr] in seq 52 at 739147000
[Consesus log] 2023/05/21 08:41:19.739261 logger.go:32: commit Block[kxsmgrerbsoohfbmlfvg] in seq 53 at 739258200
[Consesus log] 2023/05/21 08:41:19.739335 logger.go:32: commit Block[cvdxhyottulruerqufsj] in seq 54 at 739332500
[Consesus log] 2023/05/21 08:41:19.740220 logger.go:32: commit Block[llcbzuzbbafopmmlexzu] in seq 55 at 740210200
[Consesus log] 2023/05/21 08:41:19.740335 logger.go:32: commit Block[ifpegctulvlgtvksiiuv] in seq 56 at 740330000
[Consesus log] 2023/05/21 08:41:19.740439 logger.go:32: commit Block[saivuxfpthdqkwvthcas] in seq 57 at 740433000
[Consesus log] 2023/05/21 08:41:19.740526 logger.go:32: commit Block[twqkhywmemfdoolpwtge] in seq 58 at 740523200
[Consesus log] 2023/05/21 08:41:19.740593 logger.go:32: commit Block[kdeqihxclqdnqmvssnhf] in seq 59 at 740589900
[Consesus log] 2023/05/21 08:41:19.740802 logger.go:32: commit Block[iyukgdwtgdvpdhmqmgzq] in seq 60 at 740796800
[Consesus log] 2023/05/21 08:41:19.740877 logger.go:32: commit Block[xrzgoohjbndqgkentzvb] in seq 61 at 740874800
[Consesus log] 2023/05/21 08:41:19.740942 logger.go:32: commit Block[rajwthkvtgdclxhytiya] in seq 62 at 740939800
[Consesus log] 2023/05/21 08:41:20.360813 logger.go:32: commit Block[ogmtltpxmrwqjqkpdzyi] in seq 63 at 360799400
[Consesus log] 2023/05/21 08:41:21.320925 logger.go:32: commit Block[lwszrllxpacpkvrquowv] in seq 64 at 320915700
[Consesus log] 2023/05/21 08:41:21.321053 logger.go:32: commit Block[zpwpzhwejvstoxtppdzm] in seq 65 at 321048000
[Consesus log] 2023/05/21 08:41:21.321154 logger.go:32: commit Block[seuqftmqdszryrwdifij] in seq 66 at 321149500
[Consesus log] 2023/05/21 08:41:21.321248 logger.go:32: commit Block[ntwbitqdvbacwbunxtvi] in seq 67 at 321243600
[Consesus log] 2023/05/21 08:41:21.321340 logger.go:32: commit Block[lwixqfuruwfqgwyvtpcn] in seq 68 at 321335900
[Consesus log] 2023/05/21 08:41:21.321433 logger.go:32: commit Block[satknkmgmxnkhjqsgznc] in seq 69 at 321428500
[Consesus log] 2023/05/21 08:41:21.321527 logger.go:32: commit Block[trldbbzvnxvtfqdcqvvh] in seq 70 at 321522500
[Consesus log] 2023/05/21 08:41:21.321621 logger.go:32: commit Block[lifbyovuxwhhlftolkbg] in seq 71 at 321616600
[Consesus log] 2023/05/21 08:41:21.321733 logger.go:32: commit Block[yyzyruxmonnnabcluwfn] in seq 72 at 321728200
[Consesus log] 2023/05/21 08:41:21.321840 logger.go:32: commit Block[ocqsyuspqcscqtqnvyrj] in seq 73 at 321835300
[Consesus log] 2023/05/21 08:41:21.321955 logger.go:32: commit Block[jsyelqetcdxhxyzdauui] in seq 74 at 321950300
[Consesus log] 2023/05/21 08:41:21.322050 logger.go:32: commit Block[fvkssrzedqnocrasedvx] in seq 75 at 322045700
[Consesus log] 2023/05/21 08:41:21.322145 logger.go:32: commit Block[scalouhemlmjiboyhgpi] in seq 76 at 322140400
[Consesus log] 2023/05/21 08:41:21.322240 logger.go:32: commit Block[tzxwhhjyapanapdepgth] in seq 77 at 322235900
[Consesus log] 2023/05/21 08:41:21.322335 logger.go:32: commit Block[lfcejbfkjglrqrdmtxty] in seq 78 at 322331200
[Consesus log] 2023/05/21 08:41:21.322432 logger.go:32: commit Block[jptnkfjhyshxkzwdggow] in seq 79 at 322427700
[Consesus log] 2023/05/21 08:41:21.322530 logger.go:32: commit Block[mxkcnkzibvilhoqeiywm] in seq 80 at 322525000
[Consesus log] 2023/05/21 08:41:21.322626 logger.go:32: commit Block[narsdhphmmanftiboucf] in seq 81 at 322621700
[Consesus log] 2023/05/21 08:41:21.322717 logger.go:32: commit Block[vlnawdktbyphgtcoqseh] in seq 82 at 322712900
[Consesus log] 2023/05/21 08:41:21.322811 logger.go:32: commit Block[notcszwkxaorliksrabs] in seq 83 at 322806900
[Consesus log] 2023/05/21 08:41:21.322908 logger.go:32: commit Block[utvoeyzsmgcjdkxubytb] in seq 84 at 322903400
[Consesus log] 2023/05/21 08:41:21.322999 logger.go:32: commit Block[qjfsxlhtuwacdwruoscg] in seq 85 at 322995300
[Consesus log] 2023/05/21 08:41:21.323094 logger.go:32: commit Block[vqdpduelwsapvdsmoudi] in seq 86 at 323089900
[Consesus log] 2023/05/21 08:41:21.323184 logger.go:32: commit Block[kdyycoxffnsfmbitmevq] in seq 87 at 323179900
[Consesus log] 2023/05/21 08:41:21.323275 logger.go:32: commit Block[vxajdecygbksptpjeado] in seq 88 at 323271300
[Consesus log] 2023/05/21 08:41:21.323405 logger.go:32: commit Block[vzsgfxhfvqskqhkkbzav] in seq 89 at 323398100
[Consesus log] 2023/05/21 08:41:21.323542 logger.go:32: commit Block[yumlccwmbpvxdhkajxas] in seq 90 at 323535500
[Consesus log] 2023/05/21 08:41:21.323636 logger.go:32: commit Block[obtiwoieccbavolzhxzz] in seq 91 at 323631200
[Consesus log] 2023/05/21 08:41:21.323763 logger.go:32: commit Block[movoptsevfjrywvmvjfa] in seq 92 at 323758300
[Consesus log] 2023/05/21 08:41:22.603830 logger.go:32: commit Block[jvqwdhjtknfhpfkhmtia] in seq 93 at 603815000
[Consesus log] 2023/05/21 08:41:22.604027 logger.go:32: commit Block[vdbrkfbodapttktqqpzw] in seq 94 at 604019100
[Consesus log] 2023/05/21 08:41:22.604140 logger.go:32: commit Block[gnjqvthdppcnlergbvcd] in seq 95 at 604134600
[Consesus log] 2023/05/21 08:41:22.604244 logger.go:32: commit Block[ipuioophllogfymfnbpr] in seq 96 at 604239000
[Consesus log] 2023/05/21 08:41:22.604360 logger.go:32: commit Block[fcogladhnrnrkbaueesu] in seq 97 at 604355700
[Consesus log] 2023/05/21 08:41:22.604479 logger.go:32: commit Block[qwnkmbjbiewqwtlrktpd] in seq 98 at 604474000
[Consesus log] 2023/05/21 08:41:22.604677 logger.go:32: commit Block[hstnosbdcnktxtojypdw] in seq 99 at 604668900
[Consesus log] 2023/05/21 08:41:22.604783 logger.go:32: commit Block[doshkcivuffucrbbziyk] in seq 100 at 604778300
[Consesus log] 2023/05/21 08:41:22.604916 logger.go:32: commit Block[rmlbdgilkvmdzrlwmpwl] in seq 101 at 604901000
[Consesus log] 2023/05/21 08:41:22.605111 logger.go:32: commit Block[egtcajsclpokpovwrcws] in seq 102 at 605104300
[Consesus log] 2023/05/21 08:41:22.605278 logger.go:32: commit Block[rlsqtslnbfnmwwqszbco] in seq 103 at 605269900
[Consesus log] 2023/05/21 08:41:22.605392 logger.go:32: commit Block[qvqwkpnqentjzwurktzm] in seq 104 at 605386800
[Consesus log] 2023/05/21 08:41:22.605591 logger.go:32: commit Block[fsouxytqmnaurvholytj] in seq 105 at 605583700
[Consesus log] 2023/05/21 08:41:22.605728 logger.go:32: commit Block[xtibwhjlviwswgyrlkmt] in seq 106 at 605723400
[Consesus log] 2023/05/21 08:41:22.605844 logger.go:32: commit Block[nlycgfhmhgjjznhckqdo] in seq 107 at 605835600
[Consesus log] 2023/05/21 08:41:22.606001 logger.go:32: commit Block[akcocghtqxrxmtcupohj] in seq 108 at 605986600
[Consesus log] 2023/05/21 08:41:22.606194 logger.go:32: commit Block[dmzfrmogonncvsjrmjjg] in seq 109 at 606186100
[Consesus log] 2023/05/21 08:41:22.606320 logger.go:32: commit Block[jxrhvepcbxrxuwxhttjg] in seq 110 at 606314600
[Consesus log] 2023/05/21 08:41:23.225224 logger.go:32: commit Block[zbupfwhffigwuoaxzltx] in seq 111 at 225212100
[Consesus log] 2023/05/21 08:41:23.849125 logger.go:32: commit Block[fkiefoqmnnwgsudrdwmp] in seq 112 at 849099000
[Consesus log] 2023/05/21 08:41:23.849385 logger.go:32: commit Block[mnpvmaggjncpdvsdsdwa] in seq 113 at 849378300
[Consesus log] 2023/05/21 08:41:23.849889 logger.go:32: commit Block[hnhilmblmhdxmwllgyte] in seq 114 at 849881300
[Consesus log] 2023/05/21 08:41:24.623638 logger.go:32: generate Block[arreyxrqdrgwkwehggsy] in seq 149 at 623621200
[Consesus log] 2023/05/21 08:41:24.674045 logger.go:32: generate Block[fjwjqudmlamdyeyrusfr] in seq 150 at 674027700
[Consesus log] 2023/05/21 08:41:24.724796 logger.go:32: generate Block[uxzawhpecvinbzfbwqdb] in seq 151 at 724783000
[Consesus log] 2023/05/21 08:41:24.775293 logger.go:32: generate Block[wrnfuszyqysljkwtvext] in seq 152 at 775279000
[Consesus log] 2023/05/21 08:41:24.826761 logger.go:32: generate Block[ixhbkshmmkcsmcapnyfm] in seq 153 at 826741500
[Consesus log] 2023/05/21 08:41:24.878419 logger.go:32: generate Block[kltwxstglkgirupoibdd] in seq 154 at 878406400
[Consesus log] 2023/05/21 08:41:24.929021 logger.go:32: generate Block[tgctiyttuiseoczzxorn] in seq 155 at 929006000
[Consesus log] 2023/05/21 08:41:24.982531 logger.go:32: generate Block[rpxyxvhmumcceayvlnji] in seq 156 at 982506700
[Consesus log] 2023/05/21 08:41:25.033857 logger.go:32: generate Block[wibzdztppythnghegrja] in seq 157 at 33817500
[Consesus log] 2023/05/21 08:41:25.087034 logger.go:32: generate Block[mhabsaqiykegobqlzray] in seq 158 at 87016000
[Consesus log] 2023/05/21 08:41:25.137809 logger.go:32: generate Block[irztxjhfxbppzarbtvqf] in seq 159 at 137775500
[Consesus log] 2023/05/21 08:41:25.234133 logger.go:32: generate Block[bjgbwvechmzevqwgkdjl] in seq 160 at 234121900
[Consesus log] 2023/05/21 08:41:25.284534 logger.go:32: generate Block[poxrzcndedkkpsnthjuu] in seq 161 at 284508600
[Consesus log] 2023/05/21 08:41:25.335719 logger.go:32: generate Block[dvmneqxwjaokskglooma] in seq 162 at 335698900
[Consesus log] 2023/05/21 08:41:25.391071 logger.go:32: generate Block[ngrrpumioafliewvvfch] in seq 163 at 391058600
[Consesus log] 2023/05/21 08:41:25.441475 logger.go:32: generate Block[gknauaicsquygjqcgmly] in seq 164 at 441462800
[Consesus log] 2023/05/21 08:41:25.441677 logger.go:32: commit Block[zeoasexvknpvulyrhovm] in seq 115 at 441673900
[Consesus log] 2023/05/21 08:41:25.441748 logger.go:32: commit Block[stjewvfvmuixyhirioao] in seq 116 at 441745300
[Consesus log] 2023/05/21 08:41:25.441825 logger.go:32: commit Block[lkqgtkkgpkxkzcfcxcfw] in seq 117 at 441821500
[Consesus log] 2023/05/21 08:41:25.442040 logger.go:32: commit Block[ianfvemllckkrctsxgmh] in seq 118 at 442031700
[Consesus log] 2023/05/21 08:41:25.442150 logger.go:32: commit Block[fbzykgadvggpeopgkboo] in seq 119 at 442145400
[Consesus log] 2023/05/21 08:41:25.442253 logger.go:32: commit Block[ynbbggbugcibodjumpqc] in seq 120 at 442248400
[Consesus log] 2023/05/21 08:41:25.442347 logger.go:32: commit Block[znpsqwkapuwqqtzjkeau] in seq 121 at 442342700
[Consesus log] 2023/05/21 08:41:25.442442 logger.go:32: commit Block[zzmqwljtmpqevhscjnzd] in seq 122 at 442437800
[Consesus log] 2023/05/21 08:41:25.442559 logger.go:32: commit Block[shtdawasfpznnmqtuwbz] in seq 123 at 442553800
[Consesus log] 2023/05/21 08:41:25.442655 logger.go:32: commit Block[jvdqormwqquxwyzpgpae] in seq 124 at 442651000
[Consesus log] 2023/05/21 08:41:25.442855 logger.go:32: commit Block[wmuyccppkqnzfrlokzvc] in seq 125 at 442850200
[Consesus log] 2023/05/21 08:41:25.442967 logger.go:32: commit Block[ipmowszivcgwkltlonir] in seq 126 at 442961700
[Consesus log] 2023/05/21 08:41:25.443076 logger.go:32: commit Block[filwsaksmjaznwxgdtuw] in seq 127 at 443070100
[Consesus log] 2023/05/21 08:41:25.443335 logger.go:32: commit Block[sjbiibpqjphggdzcoafb] in seq 128 at 443321200
[Consesus log] 2023/05/21 08:41:25.443458 logger.go:32: commit Block[qgeyudrqvrrresjbfhks] in seq 129 at 443454200
[Consesus log] 2023/05/21 08:41:25.443541 logger.go:32: commit Block[cgpslvvpdlyafdhvwkzj] in seq 130 at 443538200
[Consesus log] 2023/05/21 08:41:25.443616 logger.go:32: commit Block[itzjlnbfcmxecxjsfqfn] in seq 131 at 443613200
[Consesus log] 2023/05/21 08:41:25.443700 logger.go:32: commit Block[auwbbgqsyloujcikrojj] in seq 132 at 443697200
[Consesus log] 2023/05/21 08:41:25.443773 logger.go:32: commit Block[lofgeiibbpzjfflfinkv] in seq 133 at 443770300
[Consesus log] 2023/05/21 08:41:25.443958 logger.go:32: commit Block[txymmnxrcqrlmzzrkzyw] in seq 134 at 443951800
[Consesus log] 2023/05/21 08:41:25.444049 logger.go:32: commit Block[taunoieawsqioqmzphfv] in seq 135 at 444046000
[Consesus log] 2023/05/21 08:41:25.444123 logger.go:32: commit Block[thentqjdnygsjnjuvvaa] in seq 136 at 444120100
[Consesus log] 2023/05/21 08:41:25.444256 logger.go:32: commit Block[bdsiedmnreuzmhlwfrfo] in seq 137 at 444249100
[Consesus log] 2023/05/21 08:41:25.444337 logger.go:32: commit Block[joreucdmoevvspwshbgs] in seq 138 at 444334200
[Consesus log] 2023/05/21 08:41:25.444407 logger.go:32: commit Block[zgqjbihhpdehjtkkpmdw] in seq 139 at 444404100
[Consesus log] 2023/05/21 08:41:25.444501 logger.go:32: commit Block[feypczpsaiziaykydwsz] in seq 140 at 444498000
[Consesus log] 2023/05/21 08:41:25.444578 logger.go:32: commit Block[qfmzvparijmqcvawgndi] in seq 141 at 444575900
[Consesus log] 2023/05/21 08:41:25.444653 logger.go:32: commit Block[uhtdezzehccjeepilaqm] in seq 142 at 444651000
[Consesus log] 2023/05/21 08:41:25.444729 logger.go:32: commit Block[vhprwzblantltiqpvrcg] in seq 143 at 444726100
[Consesus log] 2023/05/21 08:41:25.444810 logger.go:32: commit Block[tegemcgwkckumnqzdgmf] in seq 144 at 444805800
[Consesus log] 2023/05/21 08:41:25.444905 logger.go:32: commit Block[sqihsrqqojppevdafrga] in seq 145 at 444899900
[Consesus log] 2023/05/21 08:41:25.445034 logger.go:32: commit Block[ksygwvwdyvtzhmdyjgyz] in seq 146 at 445027000
[Consesus log] 2023/05/21 08:41:25.445161 logger.go:32: commit Block[tstnvuucswnpsfpgwsxt] in seq 147 at 445156700
[Consesus log] 2023/05/21 08:41:25.445249 logger.go:32: commit Block[qjfiokmxrozanewqoulz] in seq 148 at 445245600
[Consesus log] 2023/05/21 08:41:25.445335 logger.go:32: commit Block[arreyxrqdrgwkwehggsy] in seq 149 at 445331900
[Consesus log] 2023/05/21 08:41:25.496283 logger.go:32: generate Block[jbwcdbpogebcfqcpuflg] in seq 165 at 496266800
[Consesus log] 2023/05/21 08:41:25.546927 logger.go:32: generate Block[gpyjbsiltfthlzfjfmqp] in seq 166 at 546907700
[Consesus log] 2023/05/21 08:41:25.597564 logger.go:32: generate Block[udmxmxueconevzsidbtd] in seq 167 at 597547700
[Consesus log] 2023/05/21 08:41:25.649220 logger.go:32: generate Block[sgtkjxntircsbsgohggg] in seq 168 at 649188800
[Consesus log] 2023/05/21 08:41:25.847715 logger.go:32: commit Block[fjwjqudmlamdyeyrusfr] in seq 150 at 847705500
[Consesus log] 2023/05/21 08:41:25.848127 logger.go:32: commit Block[uxzawhpecvinbzfbwqdb] in seq 151 at 848121500
[Consesus log] 2023/05/21 08:41:25.848223 logger.go:32: commit Block[wrnfuszyqysljkwtvext] in seq 152 at 848219300
[Consesus log] 2023/05/21 08:41:25.848334 logger.go:32: commit Block[ixhbkshmmkcsmcapnyfm] in seq 153 at 848327500
[Consesus log] 2023/05/21 08:41:25.848507 logger.go:32: commit Block[kltwxstglkgirupoibdd] in seq 154 at 848502800
[Consesus log] 2023/05/21 08:41:25.848599 logger.go:32: commit Block[tgctiyttuiseoczzxorn] in seq 155 at 848595300
[Consesus log] 2023/05/21 08:41:25.848685 logger.go:32: commit Block[rpxyxvhmumcceayvlnji] in seq 156 at 848681300
[Consesus log] 2023/05/21 08:41:25.849547 logger.go:32: commit Block[wibzdztppythnghegrja] in seq 157 at 849536200
[Consesus log] 2023/05/21 08:41:25.849673 logger.go:32: commit Block[mhabsaqiykegobqlzray] in seq 158 at 849668400
[Consesus log] 2023/05/21 08:41:25.849775 logger.go:32: commit Block[irztxjhfxbppzarbtvqf] in seq 159 at 849770600
[Consesus log] 2023/05/21 08:41:25.849879 logger.go:32: commit Block[bjgbwvechmzevqwgkdjl] in seq 160 at 849875100
[Consesus log] 2023/05/21 08:41:25.849987 logger.go:32: commit Block[poxrzcndedkkpsnthjuu] in seq 161 at 849982400
[Consesus log] 2023/05/21 08:41:26.277725 logger.go:32: commit Block[sdwzyvyfsnhokvlohtmx] in seq 162 at 277717700
[Consesus log] 2023/05/21 08:41:26.277849 logger.go:32: commit Block[pmsdqhbdaiozlkurtgwi] in seq 163 at 277844300
[Consesus log] 2023/05/21 08:41:26.277964 logger.go:32: commit Block[tvnxcxzmygkcppvpwasf] in seq 164 at 277958600
[Consesus log] 2023/05/21 08:41:27.200139 logger.go:32: commit Block[xyypzqobjobhwtvxuffb] in seq 165 at 200128000
[Consesus log] 2023/05/21 08:41:28.172888 logger.go:32: commit Block[pqhuwpugcutlqvuzaown] in seq 166 at 172865300
[Consesus log] 2023/05/21 08:41:28.173074 logger.go:32: commit Block[xboldhhirksccubhkpjd] in seq 167 at 173068100
[Consesus log] 2023/05/21 08:41:28.173175 logger.go:32: commit Block[dxzdrtnbkljvcispnikn] in seq 168 at 173170100
[Consesus log] 2023/05/21 08:41:29.267710 logger.go:32: commit Block[scudapmbudyyneegkvbl] in seq 169 at 267699900
[Consesus log] 2023/05/21 08:41:29.267823 logger.go:32: commit Block[hrqnsvcxribzmyufojhn] in seq 170 at 267819600
[Consesus log] 2023/05/21 08:41:29.267876 logger.go:32: commit Block[texzbyhdnvqqucpddrop] in seq 171 at 267873700
[Consesus log] 2023/05/21 08:41:29.267927 logger.go:32: commit Block[opyccgotlyqllrqvqbos] in seq 172 at 267925000
[Consesus log] 2023/05/21 08:41:29.267993 logger.go:32: commit Block[fjefzmemanqxnmmcbgsj] in seq 173 at 267989600
[Consesus log] 2023/05/21 08:41:29.268055 logger.go:32: commit Block[tyruonkqvzjgquvttswz] in seq 174 at 268052100
[Consesus log] 2023/05/21 08:41:29.268114 logger.go:32: commit Block[hndqllypfubkpnirpuyc] in seq 175 at 268109600
[Consesus log] 2023/05/21 08:41:29.268224 logger.go:32: commit Block[jeqbldchbsgyjbgmdcxf] in seq 176 at 268218400
[Consesus log] 2023/05/21 08:41:29.268301 logger.go:32: commit Block[neaqmmkhqxdgjewsykcd] in seq 177 at 268298300
[Consesus log] 2023/05/21 08:41:29.268352 logger.go:32: commit Block[ndekherpylvtniqspfcv] in seq 178 at 268349900
[Consesus log] 2023/05/21 08:41:29.268407 logger.go:32: commit Block[uommgivsbtwgofhsbvoj] in seq 179 at 268404700
[Consesus log] 2023/05/21 08:41:29.268464 logger.go:32: commit Block[pwkeaqhgoyyfoutlcukl] in seq 180 at 268461400
[Consesus log] 2023/05/21 08:41:29.268519 logger.go:32: commit Block[ddorugnbvijuqkjjmivs] in seq 181 at 268516800
[Consesus log] 2023/05/21 08:41:29.268572 logger.go:32: commit Block[gvnsoriepsfnyzvikhul] in seq 182 at 268569600
[Consesus log] 2023/05/21 08:41:29.268644 logger.go:32: commit Block[yaptifwlhksfvshucxsx] in seq 183 at 268639100
[Consesus log] 2023/05/21 08:41:29.268714 logger.go:32: commit Block[nzjringxrxbccpjnyycg] in seq 184 at 268709700
[Consesus log] 2023/05/21 08:41:29.268787 logger.go:32: commit Block[sgeggzvcmxcksnvjoxth] in seq 185 at 268784700
[Consesus log] 2023/05/21 08:41:29.268888 logger.go:32: commit Block[whhxeezdanlazrqqqyxt] in seq 186 at 268882700
[Consesus log] 2023/05/21 08:41:29.268968 logger.go:32: commit Block[yyzliamttoeslqrzaxhg] in seq 187 at 268963500
[Consesus log] 2023/05/21 08:41:29.269089 logger.go:32: commit Block[rbmztmuynighfrrcpviu] in seq 188 at 269084800
[Consesus log] 2023/05/21 08:41:29.269161 logger.go:32: commit Block[lfnbzqcoqtvuihqbwngx] in seq 189 at 269156800
[Consesus log] 2023/05/21 08:41:29.269229 logger.go:32: commit Block[ldhobiltwngiptcsifzo] in seq 190 at 269226400
[Consesus log] 2023/05/21 08:41:29.269286 logger.go:32: commit Block[bojqqziffckylidbqgii] in seq 191 at 269283200
[Consesus log] 2023/05/21 08:41:29.269345 logger.go:32: commit Block[kujznchgblreijhejivz] in seq 192 at 269342500
[Consesus log] 2023/05/21 08:41:29.269406 logger.go:32: commit Block[qdxsqnydrcuyqxerfrad] in seq 193 at 269404200
[Consesus log] 2023/05/21 08:41:29.269465 logger.go:32: commit Block[mfbosdksymgnkjcwthmm] in seq 194 at 269462300
[Consesus log] 2023/05/21 08:41:29.269524 logger.go:32: commit Block[pckfhyjkvxvlenaogtxp] in seq 195 at 269522100
[Consesus log] 2023/05/21 08:41:29.269587 logger.go:32: commit Block[jbduiivnerninfxqzhsh] in seq 196 at 269583600
[Consesus log] 2023/05/21 08:41:29.269649 logger.go:32: commit Block[lvcuahcrgfoasbjywvgy] in seq 197 at 269646200
[Consesus log] 2023/05/21 08:41:29.269709 logger.go:32: commit Block[aenzgibdevyvistefvxc] in seq 198 at 269706400
[Consesus log] 2023/05/21 08:41:29.269783 logger.go:32: commit Block[adyejtbgwetcttwifqhh] in seq 199 at 269780500
[Consesus log] 2023/05/21 08:41:29.269846 logger.go:32: commit Block[kfvzvajkpokrbxlmhhnw] in seq 200 at 269843600
[Consesus log] 2023/05/21 08:41:29.269904 logger.go:32: commit Block[cbhtliyszppervwkdntd] in seq 201 at 269901500
[Consesus log] 2023/05/21 08:41:29.269960 logger.go:32: commit Block[qbzmdifnuljvxobqhfwp] in seq 202 at 269957500
[Consesus log] 2023/05/21 08:41:29.270143 logger.go:32: commit Block[lusdsmqizvmffrsjbenk] in seq 203 at 270137200
[Consesus log] 2023/05/21 08:41:29.270238 logger.go:32: commit Block[ocznhtearriwniswzssf] in seq 204 at 270233400
[Consesus log] 2023/05/21 08:41:29.270345 logger.go:32: commit Block[pnwtpotjugngtbblycjf] in seq 205 at 270328200
[Consesus log] 2023/05/21 08:41:29.270448 logger.go:32: commit Block[ungqmaerbuccjyrktlbc] in seq 206 at 270444100
[Consesus log] 2023/05/21 08:41:29.270548 logger.go:32: commit Block[fslaqffpczsekootonhf] in seq 207 at 270543200
[Consesus log] 2023/05/21 08:41:29.270637 logger.go:32: commit Block[crhdwaewksqswrubmrpt] in seq 208 at 270632000
[Consesus log] 2023/05/21 08:41:29.270758 logger.go:32: commit Block[xsqrnzskzjomicodldlq] in seq 209 at 270752900
[Consesus log] 2023/05/21 08:41:29.270872 logger.go:32: commit Block[xprstxgafgulenahrpyd] in seq 210 at 270867000
[Consesus log] 2023/05/21 08:41:29.270998 logger.go:32: commit Block[mfmakexabkezgqkccxip] in seq 211 at 270992500
[Consesus log] 2023/05/21 08:41:29.271156 logger.go:32: commit Block[fpzmumgefisbuxcaqnik] in seq 212 at 271150800
[Consesus log] 2023/05/21 08:41:29.271254 logger.go:32: commit Block[rdqimzgfedncmqvkrxrb] in seq 213 at 271249700
[Consesus log] 2023/05/21 08:41:29.271358 logger.go:32: commit Block[ekpqubkuiozpuwwykyot] in seq 214 at 271353600
[Consesus log] 2023/05/21 08:41:29.271461 logger.go:32: commit Block[hucgjsqcjjffvgtfzynf] in seq 215 at 271456500
[Consesus log] 2023/05/21 08:41:29.271736 logger.go:32: commit Block[ynqwhygqnzlsgivgythm] in seq 216 at 271728100
[Consesus log] 2023/05/21 08:41:29.271860 logger.go:32: commit Block[uddotuxsnkvtzoydjcwr] in seq 217 at 271855800
[Consesus log] 2023/05/21 08:41:29.271956 logger.go:32: commit Block[csfpkwzmnaljiczfhnds] in seq 218 at 271952700
[Consesus log] 2023/05/21 08:41:29.272057 logger.go:32: commit Block[ahrmhfunaprkwqljmkly] in seq 219 at 272053000
[Consesus log] 2023/05/21 08:41:29.272350 logger.go:32: commit Block[mdtwihfohparwofdvjdg] in seq 220 at 272320900
[Consesus log] 2023/05/21 08:41:30.046132 logger.go:32: generate Block[bovwccabdhasluelcfgl] in seq 240 at 46109700
[Consesus log] 2023/05/21 08:41:30.101495 logger.go:32: generate Block[rsxyynafjdwlxptgrgis] in seq 241 at 101475100
[Consesus log] 2023/05/21 08:41:30.152318 logger.go:32: generate Block[opbqathxwpgnkmohgdtn] in seq 242 at 152289100
[Consesus log] 2023/05/21 08:41:30.203234 logger.go:32: generate Block[ovailurcihrnunatfwtc] in seq 243 at 203217400
[Consesus log] 2023/05/21 08:41:30.254880 logger.go:32: generate Block[xykeonxztkkodjwamkrt] in seq 244 at 254862800
[Consesus log] 2023/05/21 08:41:30.306046 logger.go:32: generate Block[efttyzskvrelxhcudizk] in seq 245 at 306016800
[Consesus log] 2023/05/21 08:41:30.357201 logger.go:32: generate Block[chktlezaqbepplwobqnv] in seq 246 at 357191100
[Consesus log] 2023/05/21 08:41:30.408251 logger.go:32: generate Block[basmwbgdyyeszqzdybyo] in seq 247 at 408233300
[Consesus log] 2023/05/21 08:41:30.459737 logger.go:32: generate Block[tluqhnorhurjbtyizjnx] in seq 248 at 459694600
[Consesus log] 2023/05/21 08:41:30.516632 logger.go:32: generate Block[ubtzwlgrntjrjalmrkms] in seq 249 at 516616800
[Consesus log] 2023/05/21 08:41:30.568255 logger.go:32: generate Block[nihyuobpnjsrvtagatnt] in seq 250 at 568237000
[Consesus log] 2023/05/21 08:41:30.618792 logger.go:32: generate Block[qodhrscdmsksmizsqqtl] in seq 251 at 618773900
[Consesus log] 2023/05/21 08:41:30.669752 logger.go:32: generate Block[xefbwhishrkzruqptydd] in seq 252 at 669739700
[Consesus log] 2023/05/21 08:41:30.721385 logger.go:32: generate Block[aojjijxshdafaeqgpfta] in seq 253 at 721336200
[Consesus log] 2023/05/21 08:41:30.773738 logger.go:32: generate Block[cmnycoqvynyzntpesunh] in seq 254 at 773722700
[Consesus log] 2023/05/21 08:41:30.824101 logger.go:32: generate Block[fbmgcdykzfpofixlylrn] in seq 255 at 824088700
[Consesus log] 2023/05/21 08:41:30.874869 logger.go:32: generate Block[djyepjbqihlmqbdeqkis] in seq 256 at 874857400
[Consesus log] 2023/05/21 08:41:30.925962 logger.go:32: generate Block[rvaieoyzacxhmmrjsdyi] in seq 257 at 925949800
[Consesus log] 2023/05/21 08:41:30.977086 logger.go:32: generate Block[zgblqpalumqmojrdfhxd] in seq 258 at 977072800
[Consesus log] 2023/05/21 08:41:31.032827 logger.go:32: generate Block[ipxqkmegqimcfybapwwc] in seq 259 at 32809600
[Consesus log] 2023/05/21 08:41:31.033161 logger.go:32: commit Block[hzgklaobqchhgpejhfwy] in seq 221 at 33153000
[Consesus log] 2023/05/21 08:41:31.033262 logger.go:32: commit Block[zhehwjscrttpwdzqqhnh] in seq 222 at 33258400
[Consesus log] 2023/05/21 08:41:31.033333 logger.go:32: commit Block[cqkifhzsrrubosghotfn] in seq 223 at 33330500
[Consesus log] 2023/05/21 08:41:31.033494 logger.go:32: commit Block[ciooofnrcymalcygvpat] in seq 224 at 33487700
[Consesus log] 2023/05/21 08:41:31.033650 logger.go:32: commit Block[rglyoounktfjosgvncos] in seq 225 at 33646600
[Consesus log] 2023/05/21 08:41:31.033831 logger.go:32: commit Block[ardpwyrssjswvhcqhzcb] in seq 226 at 33823900
[Consesus log] 2023/05/21 08:41:31.033958 logger.go:32: commit Block[rhrdxwthnlhxnjjlhnja] in seq 227 at 33952500
[Consesus log] 2023/05/21 08:41:31.034052 logger.go:32: commit Block[hjozvacugtpmlgzynofk] in seq 228 at 34047200
[Consesus log] 2023/05/21 08:41:31.034170 logger.go:32: commit Block[kkxniuppcplisfbagghy] in seq 229 at 34163100
[Consesus log] 2023/05/21 08:41:31.034321 logger.go:32: commit Block[uvzfirdzhyzkwuiqlaye] in seq 230 at 34312700
[Consesus log] 2023/05/21 08:41:31.034419 logger.go:32: commit Block[ndmplrszhgmrehrcvosp] in seq 231 at 34416300
[Consesus log] 2023/05/21 08:41:31.034521 logger.go:32: commit Block[batrpucxqtzycnwkjdvc] in seq 232 at 34513000
[Consesus log] 2023/05/21 08:41:31.034627 logger.go:32: commit Block[apypmfhtaqixugmnxedf] in seq 233 at 34624200
[Consesus log] 2023/05/21 08:41:31.034700 logger.go:32: commit Block[xwkdmysicwathqxmbtdl] in seq 234 at 34697500
[Consesus log] 2023/05/21 08:41:31.034891 logger.go:32: commit Block[wrqhxrvtwweebxpnacab] in seq 235 at 34884200
[Consesus log] 2023/05/21 08:41:31.035003 logger.go:32: commit Block[jivljhwxelajqrkmjqce] in seq 236 at 35000300
[Consesus log] 2023/05/21 08:41:31.035082 logger.go:32: commit Block[kjgwqyjicbubxlpjnkqc] in seq 237 at 35079600
[Consesus log] 2023/05/21 08:41:31.035153 logger.go:32: commit Block[yykmwoblfymkoatmqykg] in seq 238 at 35150200
[Consesus log] 2023/05/21 08:41:31.035293 logger.go:32: commit Block[ekcjlkbiyvsaxbcysxlz] in seq 239 at 35286300
[Consesus log] 2023/05/21 08:41:31.085511 logger.go:32: generate Block[srpmaeqeykxcagaxcfrm] in seq 260 at 85498300
[Consesus log] 2023/05/21 08:41:31.135941 logger.go:32: generate Block[htntazoxckkegfezbqmn] in seq 261 at 135910800
[Consesus log] 2023/05/21 08:41:31.186300 logger.go:32: generate Block[mwawbqoiksucpkuevihr] in seq 262 at 186285900
[Consesus log] 2023/05/21 08:41:31.242249 logger.go:32: generate Block[ihjsfyekdvagsyuefewv] in seq 263 at 242236300
[Consesus log] 2023/05/21 08:41:31.293149 logger.go:32: generate Block[rbkasvmokgsoyvjakabk] in seq 264 at 293135900
[Consesus log] 2023/05/21 08:41:31.344276 logger.go:32: generate Block[beznthupssfkylwnptqk] in seq 265 at 344260400
[Consesus log] 2023/05/21 08:41:31.396497 logger.go:32: generate Block[rwbitvqnacxhitrpvaqk] in seq 266 at 396477900
[Consesus log] 2023/05/21 08:41:31.562313 logger.go:32: commit Block[bovwccabdhasluelcfgl] in seq 240 at 562304200
[Consesus log] 2023/05/21 08:41:31.562455 logger.go:32: commit Block[rsxyynafjdwlxptgrgis] in seq 241 at 562450200
[Consesus log] 2023/05/21 08:41:31.562574 logger.go:32: commit Block[opbqathxwpgnkmohgdtn] in seq 242 at 562568700
[Consesus log] 2023/05/21 08:41:31.562670 logger.go:32: commit Block[ovailurcihrnunatfwtc] in seq 243 at 562665700
[Consesus log] 2023/05/21 08:41:31.562763 logger.go:32: commit Block[xykeonxztkkodjwamkrt] in seq 244 at 562758900
[Consesus log] 2023/05/21 08:41:31.562851 logger.go:32: commit Block[efttyzskvrelxhcudizk] in seq 245 at 562847800
[Consesus log] 2023/05/21 08:41:31.562941 logger.go:32: commit Block[chktlezaqbepplwobqnv] in seq 246 at 562937300
[Consesus log] 2023/05/21 08:41:31.563038 logger.go:32: commit Block[basmwbgdyyeszqzdybyo] in seq 247 at 563033500
[Consesus log] 2023/05/21 08:41:31.563132 logger.go:32: commit Block[tluqhnorhurjbtyizjnx] in seq 248 at 563127600
[Consesus log] 2023/05/21 08:41:31.563229 logger.go:32: commit Block[ubtzwlgrntjrjalmrkms] in seq 249 at 563224600
[Consesus log] 2023/05/21 08:41:31.563322 logger.go:32: commit Block[nihyuobpnjsrvtagatnt] in seq 250 at 563318200
[Consesus log] 2023/05/21 08:41:31.563416 logger.go:32: commit Block[qodhrscdmsksmizsqqtl] in seq 251 at 563412100
[Consesus log] 2023/05/21 08:41:31.563512 logger.go:32: commit Block[xefbwhishrkzruqptydd] in seq 252 at 563508100
[Consesus log] 2023/05/21 08:41:31.563610 logger.go:32: commit Block[aojjijxshdafaeqgpfta] in seq 253 at 563606100
[Consesus log] 2023/05/21 08:41:31.563702 logger.go:32: commit Block[cmnycoqvynyzntpesunh] in seq 254 at 563697900
[Consesus log] 2023/05/21 08:41:31.563794 logger.go:32: commit Block[fbmgcdykzfpofixlylrn] in seq 255 at 563790100
[Consesus log] 2023/05/21 08:41:31.563887 logger.go:32: commit Block[djyepjbqihlmqbdeqkis] in seq 256 at 563882400
[Consesus log] 2023/05/21 08:41:31.563980 logger.go:32: commit Block[rvaieoyzacxhmmrjsdyi] in seq 257 at 563975300
[Consesus log] 2023/05/21 08:41:31.564071 logger.go:32: commit Block[zgblqpalumqmojrdfhxd] in seq 258 at 564066400
[Consesus log] 2023/05/21 08:41:33.335928 logger.go:32: generate Block[stzijraeaonwzmlrjupd] in seq 279 at 335915400
[Consesus log] 2023/05/21 08:41:33.387583 logger.go:32: generate Block[ibcsoudeqvjxhjvsrxsp] in seq 280 at 387563200
[Consesus log] 2023/05/21 08:41:33.439971 logger.go:32: generate Block[acrxwqvytedomhjjswty] in seq 281 at 439952600
[Consesus log] 2023/05/21 08:41:33.490599 logger.go:32: generate Block[pmdtegikgvihclsupcuc] in seq 282 at 490590200
[Consesus log] 2023/05/21 08:41:33.541698 logger.go:32: generate Block[ddswcqcxxzvrscihpuyv] in seq 283 at 541682400
[Consesus log] 2023/05/21 08:41:33.592599 logger.go:32: generate Block[gsglgfjgpctphtmxtrka] in seq 284 at 592584500
[Consesus log] 2023/05/21 08:41:33.643493 logger.go:32: generate Block[uzehhiylxdzxdqgxljff] in seq 285 at 643479200
[Consesus log] 2023/05/21 08:41:33.694559 logger.go:32: generate Block[sazmlnzuuxfnqlnymhsf] in seq 286 at 694542600
[Consesus log] 2023/05/21 08:41:33.694764 logger.go:32: commit Block[qihscftovkwejbzpmxvl] in seq 259 at 694757200
[Consesus log] 2023/05/21 08:41:33.694870 logger.go:32: commit Block[eajpugxnklhzkwreqwes] in seq 260 at 694866300
[Consesus log] 2023/05/21 08:41:33.694987 logger.go:32: commit Block[pgupugnvdkzcqcdysvof] in seq 261 at 694979700
[Consesus log] 2023/05/21 08:41:33.695097 logger.go:32: commit Block[vvbnmmyghoxglmvrehiu] in seq 262 at 695092700
[Consesus log] 2023/05/21 08:41:33.695290 logger.go:32: commit Block[fnpyxjtknybqbniemuot] in seq 263 at 695281000
[Consesus log] 2023/05/21 08:41:33.695403 logger.go:32: commit Block[tedolmljighfqbngaylk] in seq 264 at 695397300
[Consesus log] 2023/05/21 08:41:33.695474 logger.go:32: commit Block[hsyszpmivokcrllknlkt] in seq 265 at 695471100
[Consesus log] 2023/05/21 08:41:33.695541 logger.go:32: commit Block[aiwikjtkhlizippgiqaj] in seq 266 at 695538000
[Consesus log] 2023/05/21 08:41:33.695624 logger.go:32: commit Block[hkgwfrysiujoepfytmwf] in seq 267 at 695621600
[Consesus log] 2023/05/21 08:41:33.695730 logger.go:32: commit Block[ypxmcwuyncltvrscpndd] in seq 268 at 695723600
[Consesus log] 2023/05/21 08:41:33.695871 logger.go:32: commit Block[uwkhkezsbyxdndphgjqg] in seq 269 at 695866800
[Consesus log] 2023/05/21 08:41:33.695963 logger.go:32: commit Block[vcbdhdolliiezvtlquwi] in seq 270 at 695960000
[Consesus log] 2023/05/21 08:41:33.696040 logger.go:32: commit Block[wctadloncszxqpedberw] in seq 271 at 696037700
[Consesus log] 2023/05/21 08:41:33.696111 logger.go:32: commit Block[bkqpqqhnzcrsltvwlrbm] in seq 272 at 696108700
[Consesus log] 2023/05/21 08:41:33.696181 logger.go:32: commit Block[darrlrydkgxzokvwednc] in seq 273 at 696177500
[Consesus log] 2023/05/21 08:41:33.696249 logger.go:32: commit Block[vktlqatfoohswlkjrfyk] in seq 274 at 696246500
[Consesus log] 2023/05/21 08:41:33.696319 logger.go:32: commit Block[fzdnrpuocfyesekswumw] in seq 275 at 696315900
[Consesus log] 2023/05/21 08:41:33.696389 logger.go:32: commit Block[ohjntagadkzeeeugmglx] in seq 276 at 696386000
[Consesus log] 2023/05/21 08:41:33.696520 logger.go:32: commit Block[cyhpbspbesxsklqnwpur] in seq 277 at 696515600
[Consesus log] 2023/05/21 08:41:33.696678 logger.go:32: commit Block[rjfncayfbqxhzmcfatse] in seq 278 at 696672200
[Consesus log] 2023/05/21 08:41:33.747290 logger.go:32: generate Block[gptuaqhnklyxiwpuhcsu] in seq 287 at 747274300
[Consesus log] 2023/05/21 08:41:33.798690 logger.go:32: generate Block[bmhvreafehgpygzregmf] in seq 288 at 798667600
[Consesus log] 2023/05/21 08:41:33.850664 logger.go:32: generate Block[ltjvyacuehaxuxcjqybf] in seq 289 at 850644500
[Consesus log] 2023/05/21 08:41:33.901154 logger.go:32: generate Block[abmlmylnqftqzmhqxnws] in seq 290 at 901135100
[Consesus log] 2023/05/21 08:41:33.952150 logger.go:32: generate Block[viirmqobugtcxpajqbro] in seq 291 at 952127300
[Consesus log] 2023/05/21 08:41:34.003988 logger.go:32: generate Block[oggqwkvbljiyxhpfvway] in seq 292 at 3971300
[Consesus log] 2023/05/21 08:41:34.054689 logger.go:32: generate Block[uqpvahhsdxelrxkzkjqe] in seq 293 at 54672900
[Consesus log] 2023/05/21 08:41:34.105222 logger.go:32: generate Block[wmdqiibzwxsuwsoyrimz] in seq 294 at 105205800
[Consesus log] 2023/05/21 08:41:34.156811 logger.go:32: generate Block[dytchiokoymazrkvmqiz] in seq 295 at 156793300
[Consesus log] 2023/05/21 08:41:34.211473 logger.go:32: generate Block[wqqpfvedjsicrfltapcf] in seq 296 at 211459700
[Consesus log] 2023/05/21 08:41:34.263059 logger.go:32: generate Block[ntiyqxbykzuqmvrvxmas] in seq 297 at 263046400
[Consesus log] 2023/05/21 08:41:34.263249 logger.go:32: commit Block[stzijraeaonwzmlrjupd] in seq 279 at 263244000
[Consesus log] 2023/05/21 08:41:34.314169 logger.go:32: generate Block[xgnkfbbiuchjjitdjvjo] in seq 298 at 314152500
[Consesus log] 2023/05/21 08:41:34.365604 logger.go:32: generate Block[cwvntnqmifpucbfudciu] in seq 299 at 365580400
[Consesus log] 2023/05/21 08:41:34.416992 logger.go:32: generate Block[jukezzaujgehyaeedoac] in seq 300 at 416972700
[Consesus log] 2023/05/21 08:41:34.468407 logger.go:32: generate Block[jjdshsgeqfemkuizuwqo] in seq 301 at 468388400
[Consesus log] 2023/05/21 08:41:34.520102 logger.go:32: generate Block[pkvuhhuahepwvinreraa] in seq 302 at 520086700
[Consesus log] 2023/05/21 08:41:34.573782 logger.go:32: generate Block[ibfitiylwumccstvhsrw] in seq 303 at 573320300
[Consesus log] 2023/05/21 08:41:34.627321 logger.go:32: generate Block[vhkxyrarvjvrawcovhhb] in seq 304 at 627306900
[Consesus log] 2023/05/21 08:41:34.834517 logger.go:32: commit Block[ibcsoudeqvjxhjvsrxsp] in seq 280 at 834507700
[Consesus log] 2023/05/21 08:41:34.835405 logger.go:32: commit Block[acrxwqvytedomhjjswty] in seq 281 at 835342700
[Consesus log] 2023/05/21 08:41:34.835597 logger.go:32: commit Block[pmdtegikgvihclsupcuc] in seq 282 at 835588700
[Consesus log] 2023/05/21 08:41:34.835699 logger.go:32: commit Block[ddswcqcxxzvrscihpuyv] in seq 283 at 835694100
[Consesus log] 2023/05/21 08:41:34.835792 logger.go:32: commit Block[gsglgfjgpctphtmxtrka] in seq 284 at 835787400
[Consesus log] 2023/05/21 08:41:34.835913 logger.go:32: commit Block[uzehhiylxdzxdqgxljff] in seq 285 at 835906300
[Consesus log] 2023/05/21 08:41:34.836042 logger.go:32: commit Block[sazmlnzuuxfnqlnymhsf] in seq 286 at 836035000
[Consesus log] 2023/05/21 08:41:34.836142 logger.go:32: commit Block[gptuaqhnklyxiwpuhcsu] in seq 287 at 836137800
[Consesus log] 2023/05/21 08:41:34.836235 logger.go:32: commit Block[bmhvreafehgpygzregmf] in seq 288 at 836231400
[Consesus log] 2023/05/21 08:41:34.836331 logger.go:32: commit Block[ltjvyacuehaxuxcjqybf] in seq 289 at 836326200
[Consesus log] 2023/05/21 08:41:34.836433 logger.go:32: commit Block[abmlmylnqftqzmhqxnws] in seq 290 at 836426100
[Consesus log] 2023/05/21 08:41:34.836558 logger.go:32: commit Block[viirmqobugtcxpajqbro] in seq 291 at 836550800
[Consesus log] 2023/05/21 08:41:34.836662 logger.go:32: commit Block[oggqwkvbljiyxhpfvway] in seq 292 at 836651400
[Consesus log] 2023/05/21 08:41:34.836784 logger.go:32: commit Block[gysfwjmdipoiarpixyko] in seq 293 at 836775900
[Consesus log] 2023/05/21 08:41:34.836902 logger.go:32: commit Block[dwjmsnfvebblmwagyykg] in seq 294 at 836897000
[Consesus log] 2023/05/21 08:41:35.127963 logger.go:32: generate Block[ovbydxheinlmzlqvwnca] in seq 303 at 127947700
[Consesus log] 2023/05/21 08:41:35.179277 logger.go:32: generate Block[edlhvfigvuwadxkzmjhl] in seq 304 at 179261500
[Consesus log] 2023/05/21 08:41:35.229710 logger.go:32: generate Block[gwgygixbapoejvebaahj] in seq 305 at 229697300
[Consesus log] 2023/05/21 08:41:35.281227 logger.go:32: generate Block[yzbvipyvdhdlkpcruucf] in seq 306 at 281207600
[Consesus log] 2023/05/21 08:41:35.332473 logger.go:32: generate Block[shemhcqktcsdqbjyyfxb] in seq 307 at 332455700
[Consesus log] 2023/05/21 08:41:35.383032 logger.go:32: generate Block[jeuyoowdlpxmelgoflvw] in seq 308 at 383016100
[Consesus log] 2023/05/21 08:41:35.433630 logger.go:32: generate Block[mbunbbbxharhgdesgxab] in seq 309 at 433612700
[Consesus log] 2023/05/21 08:41:35.433896 logger.go:32: commit Block[zymvughaylolyzourxnn] in seq 295 at 433892300
[Consesus log] 2023/05/21 08:41:35.433973 logger.go:32: commit Block[pyfnmujukdbuiygscwkv] in seq 296 at 433969100
[Consesus log] 2023/05/21 08:41:35.434040 logger.go:32: commit Block[oxqccfhperdxfasevuqh] in seq 297 at 434037300
[Consesus log] 2023/05/21 08:41:35.434107 logger.go:32: commit Block[aslzoamewpccloausppb] in seq 298 at 434104400
[Consesus log] 2023/05/21 08:41:35.434271 logger.go:32: commit Block[dfksuqepwhxwzlvggnyn] in seq 299 at 434264800
[Consesus log] 2023/05/21 08:41:35.434359 logger.go:32: commit Block[hgdvptypheklolkcjoye] in seq 300 at 434356100
[Consesus log] 2023/05/21 08:41:35.434429 logger.go:32: commit Block[wwmbfxnwiipznvnvqdha] in seq 301 at 434427000
[Consesus log] 2023/05/21 08:41:35.434499 logger.go:32: commit Block[ydfgwukxdxaxlbaytthn] in seq 302 at 434496300
[Consesus log] 2023/05/21 08:41:35.485166 logger.go:32: generate Block[icaugadkkedawycqzmet] in seq 310 at 485151000
[Consesus log] 2023/05/21 08:41:35.535827 logger.go:32: generate Block[ndkqkjsnzwkjjsghgaas] in seq 311 at 535812800
[Consesus log] 2023/05/21 08:41:35.587149 logger.go:32: generate Block[mtzgmcrckcmaeiqooqwf] in seq 312 at 587134500
[Consesus log] 2023/05/21 08:41:35.642907 logger.go:32: generate Block[ihvnrlkkrtzluphpwuke] in seq 313 at 642888700
[Consesus log] 2023/05/21 08:41:35.693484 logger.go:32: generate Block[lfrhexoiqjsjptmebkaz] in seq 314 at 693467100
[Consesus log] 2023/05/21 08:41:35.744491 logger.go:32: generate Block[svlanrnptrnkaxevfkxd] in seq 315 at 744477700
[Consesus log] 2023/05/21 08:41:35.807211 logger.go:32: generate Block[vpejlwkfbyjpjviptrrm] in seq 316 at 807092500
[Consesus log] 2023/05/21 08:41:35.865444 logger.go:32: generate Block[mnsowxikjgqvntlenajt] in seq 317 at 865427600
[Consesus log] 2023/05/21 08:41:35.916753 logger.go:32: generate Block[fsjafrcrgwwereakplty] in seq 318 at 916738100
[Consesus log] 2023/05/21 08:41:35.967665 logger.go:32: generate Block[eqyelgvdxkakuzsjfmiv] in seq 319 at 967653400
[Consesus log] 2023/05/21 08:41:36.018789 logger.go:32: generate Block[jdxtxwvjahpsevmiqjzx] in seq 320 at 18774300
[Consesus log] 2023/05/21 08:41:36.077052 logger.go:32: generate Block[wthfarknqmrxqsdbndwy] in seq 321 at 77029900
[Consesus log] 2023/05/21 08:41:36.077288 logger.go:32: commit Block[ovbydxheinlmzlqvwnca] in seq 303 at 77283200
[Consesus log] 2023/05/21 08:41:36.127782 logger.go:32: generate Block[iqgmvknfgtcpagxhhvus] in seq 322 at 127766100
[Consesus log] 2023/05/21 08:41:36.178620 logger.go:32: generate Block[uvsajjhtcukgehfgogps] in seq 323 at 178603900
[Consesus log] 2023/05/21 08:41:36.229911 logger.go:32: generate Block[jbekrdifthplbvbsoaid] in seq 324 at 229894000
[Consesus log] 2023/05/21 08:41:36.280617 logger.go:32: generate Block[ezwmeldiizzjwnwtnspb] in seq 325 at 280595400
[Consesus log] 2023/05/21 08:41:36.331505 logger.go:32: generate Block[clhqplkmpsutjajsixrc] in seq 326 at 331486700
[Consesus log] 2023/05/21 08:41:36.383798 logger.go:32: generate Block[twdxrgqjrzfdehvipfbp] in seq 327 at 383765600
[Consesus log] 2023/05/21 08:41:36.434285 logger.go:32: generate Block[ygewzproesyoxptxhzjd] in seq 328 at 434270600
[Consesus log] 2023/05/21 08:41:36.485675 logger.go:32: generate Block[fjcofptxfmarlvpjfvjl] in seq 329 at 485660800
[Consesus log] 2023/05/21 08:41:36.537091 logger.go:32: generate Block[bgzlvzqtavhwazyqldip] in seq 330 at 537079000
[Consesus log] 2023/05/21 08:41:37.001890 logger.go:32: generate Block[yqvpvprttybjmsdqpuhf] in seq 332 at 1874400
[Consesus log] 2023/05/21 08:41:37.052228 logger.go:32: generate Block[tqtogzrdammkavopcqwm] in seq 333 at 52216700
[Consesus log] 2023/05/21 08:41:37.102926 logger.go:32: generate Block[yxbgqkqqngfvzmdkceev] in seq 334 at 102903800
[Consesus log] 2023/05/21 08:41:37.154615 logger.go:32: generate Block[hejhgocxeefwzjngbjsn] in seq 335 at 154597400
[Consesus log] 2023/05/21 08:41:37.205654 logger.go:32: generate Block[iuvqaasycuxgigncfple] in seq 336 at 205636000
[Consesus log] 2023/05/21 08:41:37.257242 logger.go:32: generate Block[mzmfltptjtivmgdegdml] in seq 337 at 257224600
[Consesus log] 2023/05/21 08:41:37.307970 logger.go:32: generate Block[itqvtklafbgxxybungyd] in seq 338 at 307942300
[Consesus log] 2023/05/21 08:41:37.360058 logger.go:32: generate Block[nszgjyylcmdifbxhhugs] in seq 339 at 360042000
[Consesus log] 2023/05/21 08:41:37.411847 logger.go:32: generate Block[wcpaycjrzcxybpeysdkj] in seq 340 at 411831800
[Consesus log] 2023/05/21 08:41:37.462536 logger.go:32: generate Block[bnryjplrdstfjwlnwlcn] in seq 341 at 462519700
[Consesus log] 2023/05/21 08:41:37.514075 logger.go:32: generate Block[vagrzpgwebryqdxzpefw] in seq 342 at 514055300
[Consesus log] 2023/05/21 08:41:37.565582 logger.go:32: generate Block[grtogdtbbqseqboxnhpt] in seq 343 at 565558500
[Consesus log] 2023/05/21 08:41:37.616090 logger.go:32: generate Block[znnwkwjfbigoynvoaawm] in seq 344 at 616070900
[Consesus log] 2023/05/21 08:41:37.616388 logger.go:32: commit Block[edlhvfigvuwadxkzmjhl] in seq 304 at 616380700
[Consesus log] 2023/05/21 08:41:37.616490 logger.go:32: commit Block[gwgygixbapoejvebaahj] in seq 305 at 616485300
[Consesus log] 2023/05/21 08:41:37.616574 logger.go:32: commit Block[yzbvipyvdhdlkpcruucf] in seq 306 at 616570300
[Consesus log] 2023/05/21 08:41:37.616868 logger.go:32: commit Block[shemhcqktcsdqbjyyfxb] in seq 307 at 616860100
[Consesus log] 2023/05/21 08:41:37.617135 logger.go:32: commit Block[jeuyoowdlpxmelgoflvw] in seq 308 at 617128300
[Consesus log] 2023/05/21 08:41:37.617268 logger.go:32: commit Block[mbunbbbxharhgdesgxab] in seq 309 at 617260900
[Consesus log] 2023/05/21 08:41:37.617374 logger.go:32: commit Block[icaugadkkedawycqzmet] in seq 310 at 617369300
[Consesus log] 2023/05/21 08:41:37.617568 logger.go:32: commit Block[ndkqkjsnzwkjjsghgaas] in seq 311 at 617562200
[Consesus log] 2023/05/21 08:41:37.617765 logger.go:32: commit Block[mtzgmcrckcmaeiqooqwf] in seq 312 at 617757000
[Consesus log] 2023/05/21 08:41:37.617873 logger.go:32: commit Block[ihvnrlkkrtzluphpwuke] in seq 313 at 617867800
[Consesus log] 2023/05/21 08:41:37.617980 logger.go:32: commit Block[lfrhexoiqjsjptmebkaz] in seq 314 at 617974900
[Consesus log] 2023/05/21 08:41:37.618178 logger.go:32: commit Block[svlanrnptrnkaxevfkxd] in seq 315 at 618157300
[Consesus log] 2023/05/21 08:41:37.618359 logger.go:32: commit Block[vpejlwkfbyjpjviptrrm] in seq 316 at 618351200
[Consesus log] 2023/05/21 08:41:37.618509 logger.go:32: commit Block[mnsowxikjgqvntlenajt] in seq 317 at 618466100
[Consesus log] 2023/05/21 08:41:37.618634 logger.go:32: commit Block[fsjafrcrgwwereakplty] in seq 318 at 618627100
[Consesus log] 2023/05/21 08:41:37.618817 logger.go:32: commit Block[eqyelgvdxkakuzsjfmiv] in seq 319 at 618811900
[Consesus log] 2023/05/21 08:41:37.618919 logger.go:32: commit Block[jdxtxwvjahpsevmiqjzx] in seq 320 at 618914300
[Consesus log] 2023/05/21 08:41:37.619136 logger.go:32: commit Block[wthfarknqmrxqsdbndwy] in seq 321 at 619127400
[Consesus log] 2023/05/21 08:41:37.619257 logger.go:32: commit Block[iqgmvknfgtcpagxhhvus] in seq 322 at 619252000
[Consesus log] 2023/05/21 08:41:37.619381 logger.go:32: commit Block[uvsajjhtcukgehfgogps] in seq 323 at 619376200
[Consesus log] 2023/05/21 08:41:37.619480 logger.go:32: commit Block[jbekrdifthplbvbsoaid] in seq 324 at 619476100
[Consesus log] 2023/05/21 08:41:37.619582 logger.go:32: commit Block[ezwmeldiizzjwnwtnspb] in seq 325 at 619577500
[Consesus log] 2023/05/21 08:41:37.619683 logger.go:32: commit Block[irlpixetbbxjadnwcbys] in seq 326 at 619678700
[Consesus log] 2023/05/21 08:41:37.619784 logger.go:32: commit Block[ndkhfcmmzkmcmihpsgco] in seq 327 at 619779800
[Consesus log] 2023/05/21 08:41:37.619903 logger.go:32: commit Block[fkuldoxydymueluoxese] in seq 328 at 619898000
[Consesus log] 2023/05/21 08:41:37.620013 logger.go:32: commit Block[cyinrnwthpzwbvomjrmw] in seq 329 at 620009000
[Consesus log] 2023/05/21 08:41:37.620115 logger.go:32: commit Block[fzrqateeitkdsmzbrbyg] in seq 330 at 620110600
[Consesus log] 2023/05/21 08:41:37.620220 logger.go:32: commit Block[blffmtqlupfwesptstip] in seq 331 at 620215600
[Consesus log] 2023/05/21 08:41:37.620354 logger.go:32: commit Block[yqvpvprttybjmsdqpuhf] in seq 332 at 620349300
[Consesus log] 2023/05/21 08:41:37.620491 logger.go:32: commit Block[tqtogzrdammkavopcqwm] in seq 333 at 620486700
[Consesus log] 2023/05/21 08:41:37.620596 logger.go:32: commit Block[yxbgqkqqngfvzmdkceev] in seq 334 at 620591300
[Consesus log] 2023/05/21 08:41:37.672349 logger.go:32: generate Block[vfqakbsddepuogdjzmyc] in seq 345 at 672333700
[Consesus log] 2023/05/21 08:41:37.728309 logger.go:32: generate Block[tgoyqslwlrsjtojqbujc] in seq 346 at 728298100
[Consesus log] 2023/05/21 08:41:38.299166 logger.go:32: commit Block[hejhgocxeefwzjngbjsn] in seq 335 at 299150300
[Consesus log] 2023/05/21 08:41:38.299381 logger.go:32: commit Block[iuvqaasycuxgigncfple] in seq 336 at 299376200
[Consesus log] 2023/05/21 08:41:38.299540 logger.go:32: commit Block[mzmfltptjtivmgdegdml] in seq 337 at 299530200
[Consesus log] 2023/05/21 08:41:38.299690 logger.go:32: commit Block[itqvtklafbgxxybungyd] in seq 338 at 299683800
[Consesus log] 2023/05/21 08:41:38.299799 logger.go:32: commit Block[nszgjyylcmdifbxhhugs] in seq 339 at 299793500
[Consesus log] 2023/05/21 08:41:38.299900 logger.go:32: commit Block[wcpaycjrzcxybpeysdkj] in seq 340 at 299895400
[Consesus log] 2023/05/21 08:41:38.300002 logger.go:32: commit Block[bnryjplrdstfjwlnwlcn] in seq 341 at 299997800
[Consesus log] 2023/05/21 08:41:38.925253 logger.go:32: commit Block[yudqakygbducdqmaohak] in seq 342 at 925236300
[Consesus log] 2023/05/21 08:41:40.706816 logger.go:32: commit Block[smuomeplreluzxnptzxa] in seq 343 at 706805600
[Consesus log] 2023/05/21 08:41:40.706953 logger.go:32: commit Block[birjfzvesryldyrpaeog] in seq 344 at 706947700
[Consesus log] 2023/05/21 08:41:40.707054 logger.go:32: commit Block[dujegopapyywwkhgnjes] in seq 345 at 707048800
[Consesus log] 2023/05/21 08:41:40.707152 logger.go:32: commit Block[fcutsokkcqwuduriemsx] in seq 346 at 707147400
[Consesus log] 2023/05/21 08:41:40.707249 logger.go:32: commit Block[mxpmajwtycjjitfuwonr] in seq 347 at 707244800
[Consesus log] 2023/05/21 08:41:40.707356 logger.go:32: commit Block[mlghtwumassmlbckblma] in seq 348 at 707351200
[Consesus log] 2023/05/21 08:41:40.707459 logger.go:32: commit Block[mwuxsrnhthmekloqjniz] in seq 349 at 707454300
[Consesus log] 2023/05/21 08:41:40.707553 logger.go:32: commit Block[dixrmkloauxhygsmktbj] in seq 350 at 707548800
[Consesus log] 2023/05/21 08:41:40.707648 logger.go:32: commit Block[uncsrydqkykgpgncuedq] in seq 351 at 707643200
[Consesus log] 2023/05/21 08:41:40.707741 logger.go:32: commit Block[ncvrgucwncsdtkxafpxn] in seq 352 at 707736400
[Consesus log] 2023/05/21 08:41:40.707855 logger.go:32: commit Block[acxrkiyvtlmmvnzcrrxc] in seq 353 at 707850400
[Consesus log] 2023/05/21 08:41:40.707950 logger.go:32: commit Block[loclsqstwagqsnwrhjjz] in seq 354 at 707946000
[Consesus log] 2023/05/21 08:41:40.708046 logger.go:32: commit Block[vviqruapihrwajshrtdg] in seq 355 at 708041200
[Consesus log] 2023/05/21 08:41:40.708141 logger.go:32: commit Block[znoowoecjtubobovjvnv] in seq 356 at 708136700
[Consesus log] 2023/05/21 08:41:40.708237 logger.go:32: commit Block[vacwuexahjpagdadlopl] in seq 357 at 708232800
[Consesus log] 2023/05/21 08:41:40.708332 logger.go:32: commit Block[zmfdbhonehoxekqvoozc] in seq 358 at 708327600
[Consesus log] 2023/05/21 08:41:40.708425 logger.go:32: commit Block[jssytnboyvzchteocyux] in seq 359 at 708420200
[Consesus log] 2023/05/21 08:41:40.708518 logger.go:32: commit Block[ksicrruyowcrmgakzezp] in seq 360 at 708514000
[Consesus log] 2023/05/21 08:41:40.708610 logger.go:32: commit Block[uugnfbxerwnoqpyhezku] in seq 361 at 708605500
[Consesus log] 2023/05/21 08:41:40.708701 logger.go:32: commit Block[acewzqospwvfervenrnb] in seq 362 at 708696600
[Consesus log] 2023/05/21 08:41:40.708793 logger.go:32: commit Block[fyhlsdqczsgcpxfaqjjg] in seq 363 at 708787900
[Consesus log] 2023/05/21 08:41:40.708883 logger.go:32: commit Block[cibfbsctiyrhekurbiaw] in seq 364 at 708878500
[Consesus log] 2023/05/21 08:41:40.708973 logger.go:32: commit Block[iclvmjmlgxiraolxdxgp] in seq 365 at 708968900
[Consesus log] 2023/05/21 08:41:40.709063 logger.go:32: commit Block[yrwffozgxmktndnxadwv] in seq 366 at 709058500
[Consesus log] 2023/05/21 08:41:40.709154 logger.go:32: commit Block[slrafisiuwtplijopzdz] in seq 367 at 709149700
[Consesus log] 2023/05/21 08:41:40.709246 logger.go:32: commit Block[pqpeupxfjqxkcehciskx] in seq 368 at 709241300
[Consesus log] 2023/05/21 08:41:40.709337 logger.go:32: commit Block[bsthcmjeoumvvblbkktd] in seq 369 at 709332400
[Consesus log] 2023/05/21 08:41:40.709432 logger.go:32: commit Block[zbpromwcindyaqxmwkfn] in seq 370 at 709428400
[Consesus log] 2023/05/21 08:41:40.709526 logger.go:32: commit Block[gjrwehsepcixovydybnm] in seq 371 at 709522100
[Consesus log] 2023/05/21 08:41:40.709618 logger.go:32: commit Block[jjntbpxiftjolhqnozyg] in seq 372 at 709614100
[Consesus log] 2023/05/21 08:41:40.709711 logger.go:32: commit Block[owundkdzqcepkftpnidt] in seq 373 at 709706600
[Consesus log] 2023/05/21 08:41:40.709802 logger.go:32: commit Block[ejctmhvbjatnatygebit] in seq 374 at 709797700
[Consesus log] 2023/05/21 08:41:40.709900 logger.go:32: commit Block[etxuijrrykcrnvfkvlew] in seq 375 at 709895900
[Consesus log] 2023/05/21 08:41:40.709991 logger.go:32: commit Block[twwckagrrupvrlgzxiuq] in seq 376 at 709987200
[Consesus log] 2023/05/21 08:41:40.710119 logger.go:32: commit Block[zfhmuomkiyelhpozyckv] in seq 377 at 710114700
[Consesus log] 2023/05/21 08:41:40.710222 logger.go:32: commit Block[dtivedjzaklfkumklidr] in seq 378 at 710214200
[Consesus log] 2023/05/21 08:41:40.710351 logger.go:32: commit Block[rlarjiqqkqeyddytyakc] in seq 379 at 710344100
[Consesus log] 2023/05/21 08:41:40.710463 logger.go:32: commit Block[epdhtjbdohtbrwqegpjx] in seq 380 at 710458100
[Consesus log] 2023/05/21 08:41:40.710561 logger.go:32: commit Block[gvqjepdmqrfmkczbckwg] in seq 381 at 710556600
[Consesus log] 2023/05/21 08:41:40.710653 logger.go:32: commit Block[gwmtohxufyirszwbbqno] in seq 382 at 710648700
[Consesus log] 2023/05/21 08:41:40.710942 logger.go:32: commit Block[abkzhhigqjhexirqdshr] in seq 383 at 710936500
[Consesus log] 2023/05/21 08:41:40.711048 logger.go:32: commit Block[odwmjdpdprjoiulzjuaa] in seq 384 at 711043900
[Consesus log] 2023/05/21 08:41:40.711184 logger.go:32: commit Block[mvdzdlbmafniqmyxzbpn] in seq 385 at 711178100
[Consesus log] 2023/05/21 08:41:41.586816 logger.go:32: commit Block[afjcyykjtzrbeotggibx] in seq 386 at 586786300
[Consesus log] 2023/05/21 08:41:42.528613 logger.go:32: commit Block[jlmvftcisvrdzsseobqy] in seq 387 at 528595500
[Consesus log] 2023/05/21 08:41:42.528794 logger.go:32: commit Block[acanprejqaihpdfzzndk] in seq 388 at 528788600
[Consesus log] 2023/05/21 08:41:42.528895 logger.go:32: commit Block[dcnqolfsnhfpfkrnlnof] in seq 389 at 528890900
[Consesus log] 2023/05/21 08:41:42.528989 logger.go:32: commit Block[faydibownsrblikhwcju] in seq 390 at 528984800
[Consesus log] 2023/05/21 08:41:42.529098 logger.go:32: commit Block[iaulobitehdfiqleymun] in seq 391 at 529093200
[Consesus log] 2023/05/21 08:41:42.529202 logger.go:32: commit Block[hmfgdrphvigmhivyedye] in seq 392 at 529197500
[Consesus log] 2023/05/21 08:41:42.529333 logger.go:32: commit Block[jpolhkpdqvnxgtgfvpnx] in seq 393 at 529328500
[Consesus log] 2023/05/21 08:41:42.529432 logger.go:32: commit Block[vkpufufmpmvojilkwned] in seq 394 at 529427500
[Consesus log] 2023/05/21 08:41:42.529538 logger.go:32: commit Block[bioivvwcugmjtdroxcyh] in seq 395 at 529522300
[Consesus log] 2023/05/21 08:41:42.529642 logger.go:32: commit Block[uokvosvxcxahndrifxem] in seq 396 at 529637600
[Consesus log] 2023/05/21 08:41:42.529736 logger.go:32: commit Block[rfisrmoxkbotlzwbejes] in seq 397 at 529731800
[Consesus log] 2023/05/21 08:41:42.529832 logger.go:32: commit Block[mrhpmmbvpgezjlkbuabs] in seq 398 at 529828000
[Consesus log] 2023/05/21 08:41:42.529925 logger.go:32: commit Block[rfkwtktlxigngdqwwrqi] in seq 399 at 529921300
[Consesus log] 2023/05/21 08:41:42.530018 logger.go:32: commit Block[amdwylfmvdrdzwyutegd] in seq 400 at 530014400
[Consesus log] 2023/05/21 08:41:42.530111 logger.go:32: commit Block[kpzwslfteutivrlmycls] in seq 401 at 530106300
[Consesus log] 2023/05/21 08:41:42.530205 logger.go:32: commit Block[xbvfotvxpgxsnxdjxntl] in seq 402 at 530201100
[Consesus log] 2023/05/21 08:41:42.530298 logger.go:32: commit Block[xueygohkiairbboagfji] in seq 403 at 530293700
[Consesus log] 2023/05/21 08:41:42.530393 logger.go:32: commit Block[qyvvkejmwggnnfqnfqug] in seq 404 at 530388500
[Consesus log] 2023/05/21 08:41:42.530487 logger.go:32: commit Block[ctttinzkidrrsvwkvlun] in seq 405 at 530482800
[Consesus log] 2023/05/21 08:41:42.530580 logger.go:32: commit Block[ewdckdtolxanfnwnmbqy] in seq 406 at 530575400
[Consesus log] 2023/05/21 08:41:42.530672 logger.go:32: commit Block[xddgpmvcxkhsyfzjthac] in seq 407 at 530668100
[Consesus log] 2023/05/21 08:41:42.530764 logger.go:32: commit Block[kbsrpnhdniiwxlpxvehy] in seq 408 at 530759700
[Consesus log] 2023/05/21 08:41:42.530858 logger.go:32: commit Block[gzokhnfuhipjipgnxrmz] in seq 409 at 530852600
[Consesus log] 2023/05/21 08:41:42.530955 logger.go:32: commit Block[kamyvhkmoxsewtqlysog] in seq 410 at 530949900
[Consesus log] 2023/05/21 08:41:42.531048 logger.go:32: commit Block[wtnbjapcnlxdhuyvlgdo] in seq 411 at 531043800
[Consesus log] 2023/05/21 08:41:42.531140 logger.go:32: commit Block[fqhwzlfqdaaynhallveg] in seq 412 at 531136000
