[Consesus log] 2023/05/22 01:27:56.475623 logger.go:32: generate Block[ntshcrgrtlwviqughorw] in seq 2 at 475610100
[Consesus log] 2023/05/22 01:27:56.526400 logger.go:32: generate Block[akozvwmnkdxsefhitaug] in seq 3 at 526330800
[Consesus log] 2023/05/22 01:27:56.582058 logger.go:32: generate Block[oktgaqlzjiqquycnqclx] in seq 4 at 582043900
[Consesus log] 2023/05/22 01:27:56.633607 logger.go:32: generate Block[mldsuhuelgrrdkrslgak] in seq 5 at 633597400
[Consesus log] 2023/05/22 01:27:56.684430 logger.go:32: generate Block[rnnjydtdaemtowvjirid] in seq 6 at 684417700
[Consesus log] 2023/05/22 01:27:56.735126 logger.go:32: generate Block[dxechubryrifgnveonci] in seq 7 at 735115700
[Consesus log] 2023/05/22 01:27:56.785414 logger.go:32: generate Block[pjqpttmopzcofplsrziy] in seq 8 at 785399400
[Consesus log] 2023/05/22 01:27:56.785728 logger.go:32: commit Block[dfhlgqwaytqrcpvpikcn] in seq 1 at 785724400
[Consesus log] 2023/05/22 01:27:56.785805 logger.go:32: commit Block[ntshcrgrtlwviqughorw] in seq 2 at 785802200
[Consesus log] 2023/05/22 01:27:56.836581 logger.go:32: generate Block[wzaisfomurmncfevallz] in seq 9 at 836566400
[Consesus log] 2023/05/22 01:27:56.888214 logger.go:32: generate Block[oowrdyumeljconjbyhnw] in seq 10 at 888166300
[Consesus log] 2023/05/22 01:27:56.938947 logger.go:32: generate Block[centknmahfubpykfstoj] in seq 11 at 938928900
[Consesus log] 2023/05/22 01:27:56.990549 logger.go:32: generate Block[oncdrqyyftjbhnkiajpu] in seq 12 at 990533500
[Consesus log] 2023/05/22 01:27:57.041943 logger.go:32: generate Block[bmsnirrcpnkwsrrnjxwi] in seq 13 at 41930200
[Consesus log] 2023/05/22 01:27:57.092643 logger.go:32: generate Block[qgdgdscikwehwbrwoazn] in seq 14 at 92632900
[Consesus log] 2023/05/22 01:27:57.143091 logger.go:32: generate Block[ryfkarnzefjqaejbjwts] in seq 15 at 143079700
[Consesus log] 2023/05/22 01:27:57.194957 logger.go:32: generate Block[gyxyzehzdwcxnvoqnsyp] in seq 16 at 194942200
[Consesus log] 2023/05/22 01:27:57.246210 logger.go:32: generate Block[tvbthlguiemzxtkczlrq] in seq 17 at 246196700
[Consesus log] 2023/05/22 01:27:57.297109 logger.go:32: generate Block[njpcfzfpiwkcycyclcaj] in seq 18 at 297099100
[Consesus log] 2023/05/22 01:27:57.350482 logger.go:32: generate Block[ovujpquwctscaavtshwl] in seq 19 at 350469400
[Consesus log] 2023/05/22 01:27:57.402334 logger.go:32: generate Block[etxocddnzvlvhzdodpef] in seq 20 at 402318600
[Consesus log] 2023/05/22 01:27:57.455114 logger.go:32: generate Block[faaixxvydxtpwvrxfyyv] in seq 21 at 455101200
[Consesus log] 2023/05/22 01:27:57.455301 logger.go:32: commit Block[akozvwmnkdxsefhitaug] in seq 3 at 455296200
[Consesus log] 2023/05/22 01:27:57.455394 logger.go:32: commit Block[oktgaqlzjiqquycnqclx] in seq 4 at 455389400
[Consesus log] 2023/05/22 01:27:57.505880 logger.go:32: generate Block[hvaubjfngtqsedmnrmtw] in seq 22 at 505865200
[Consesus log] 2023/05/22 01:27:57.557525 logger.go:32: generate Block[sbbspfxbqplmuzymtcbg] in seq 23 at 557470600
[Consesus log] 2023/05/22 01:27:57.608845 logger.go:32: generate Block[jqderujglwwvpnkyhdbz] in seq 24 at 608835000
[Consesus log] 2023/05/22 01:27:57.659119 logger.go:32: generate Block[guevmvxcazbygqbzjscs] in seq 25 at 659105700
[Consesus log] 2023/05/22 01:27:57.710155 logger.go:32: generate Block[hrwpxddqcwxqblibdtwl] in seq 26 at 710142000
[Consesus log] 2023/05/22 01:27:57.761867 logger.go:32: generate Block[vaubpvbkgfnggmldggsv] in seq 27 at 761852300
[Consesus log] 2023/05/22 01:27:57.812400 logger.go:32: generate Block[cuqovongehdxykilsers] in seq 28 at 812383000
[Consesus log] 2023/05/22 01:27:58.320467 logger.go:32: commit Block[mldsuhuelgrrdkrslgak] in seq 5 at 320458500
[Consesus log] 2023/05/22 01:27:58.320653 logger.go:32: commit Block[rnnjydtdaemtowvjirid] in seq 6 at 320647400
[Consesus log] 2023/05/22 01:27:58.320759 logger.go:32: commit Block[dxechubryrifgnveonci] in seq 7 at 320753700
[Consesus log] 2023/05/22 01:27:58.320854 logger.go:32: commit Block[pjqpttmopzcofplsrziy] in seq 8 at 320849600
[Consesus log] 2023/05/22 01:27:58.320951 logger.go:32: commit Block[wzaisfomurmncfevallz] in seq 9 at 320947300
[Consesus log] 2023/05/22 01:27:58.321075 logger.go:32: commit Block[oowrdyumeljconjbyhnw] in seq 10 at 321070200
[Consesus log] 2023/05/22 01:27:58.321206 logger.go:32: commit Block[centknmahfubpykfstoj] in seq 11 at 321200400
[Consesus log] 2023/05/22 01:27:58.321309 logger.go:32: commit Block[oncdrqyyftjbhnkiajpu] in seq 12 at 321304200
[Consesus log] 2023/05/22 01:27:58.321409 logger.go:32: commit Block[bmsnirrcpnkwsrrnjxwi] in seq 13 at 321404300
[Consesus log] 2023/05/22 01:27:58.321534 logger.go:32: commit Block[qgdgdscikwehwbrwoazn] in seq 14 at 321529300
[Consesus log] 2023/05/22 01:27:58.321632 logger.go:32: commit Block[ryfkarnzefjqaejbjwts] in seq 15 at 321628000
[Consesus log] 2023/05/22 01:27:58.321737 logger.go:32: commit Block[gyxyzehzdwcxnvoqnsyp] in seq 16 at 321732200
[Consesus log] 2023/05/22 01:27:58.321852 logger.go:32: commit Block[tvbthlguiemzxtkczlrq] in seq 17 at 321847900
[Consesus log] 2023/05/22 01:27:58.321954 logger.go:32: commit Block[njpcfzfpiwkcycyclcaj] in seq 18 at 321950000
[Consesus log] 2023/05/22 01:27:58.322050 logger.go:32: commit Block[ovujpquwctscaavtshwl] in seq 19 at 322045100
[Consesus log] 2023/05/22 01:27:58.322142 logger.go:32: commit Block[etxocddnzvlvhzdodpef] in seq 20 at 322137700
[Consesus log] 2023/05/22 01:27:58.322239 logger.go:32: commit Block[faaixxvydxtpwvrxfyyv] in seq 21 at 322235100
[Consesus log] 2023/05/22 01:27:58.322352 logger.go:32: commit Block[hvaubjfngtqsedmnrmtw] in seq 22 at 322340900
[Consesus log] 2023/05/22 01:27:58.322449 logger.go:32: commit Block[hmpufftkvoetgobhdxjs] in seq 23 at 322444300
[Consesus log] 2023/05/22 01:27:58.730274 logger.go:32: commit Block[twfqletglyqdmplxizxy] in seq 24 at 730260000
[Consesus log] 2023/05/22 01:27:58.730465 logger.go:32: commit Block[eavnysxevfixjkjluhrk] in seq 25 at 730459200
[Consesus log] 2023/05/22 01:27:58.730579 logger.go:32: commit Block[nfantbpkwpolwgcqyoeq] in seq 26 at 730572600
[Consesus log] 2023/05/22 01:27:58.994610 logger.go:32: generate Block[cfbrtrifufnllgdpxnih] in seq 38 at 994585900
[Consesus log] 2023/05/22 01:27:59.045550 logger.go:32: generate Block[deafzbbbfnfvnyevmsrs] in seq 39 at 45532000
[Consesus log] 2023/05/22 01:27:59.096968 logger.go:32: generate Block[pvdvvwbemzemdescqmva] in seq 40 at 96944500
[Consesus log] 2023/05/22 01:27:59.148628 logger.go:32: generate Block[afjvmvcmecpoznvdjddq] in seq 41 at 148617000
[Consesus log] 2023/05/22 01:27:59.199256 logger.go:32: generate Block[ubfzlmtohdkcgnbbgvnq] in seq 42 at 199245400
[Consesus log] 2023/05/22 01:27:59.250417 logger.go:32: generate Block[rqkpqnwocidfgopircyv] in seq 43 at 250398500
[Consesus log] 2023/05/22 01:27:59.301058 logger.go:32: generate Block[horngsauiifoumlfyfig] in seq 44 at 301043300
[Consesus log] 2023/05/22 01:27:59.352793 logger.go:32: generate Block[nbrhjovyugqksonenpjs] in seq 45 at 352782900
[Consesus log] 2023/05/22 01:27:59.353092 logger.go:32: commit Block[tayasevjljktxhqjnlfq] in seq 27 at 353087700
[Consesus log] 2023/05/22 01:27:59.353177 logger.go:32: commit Block[cfuepyjymxqsmqnfxvvq] in seq 28 at 353173000
[Consesus log] 2023/05/22 01:27:59.353325 logger.go:32: commit Block[akkpktxlpknnbbojbijw] in seq 29 at 353319600
[Consesus log] 2023/05/22 01:27:59.353403 logger.go:32: commit Block[zwlmryvpplpxqeztfglm] in seq 30 at 353400100
[Consesus log] 2023/05/22 01:27:59.353471 logger.go:32: commit Block[feallmxyzbgxsiysfvca] in seq 31 at 353468400
[Consesus log] 2023/05/22 01:27:59.353547 logger.go:32: commit Block[icvrlsoumpngjhvuvlle] in seq 32 at 353544200
[Consesus log] 2023/05/22 01:27:59.353619 logger.go:32: commit Block[amxlwuttejejgknhhxwo] in seq 33 at 353616700
[Consesus log] 2023/05/22 01:27:59.353683 logger.go:32: commit Block[chgitkzmnfnbphobskyc] in seq 34 at 353681100
[Consesus log] 2023/05/22 01:27:59.353767 logger.go:32: commit Block[ylqgafvvzvookkdgmfbo] in seq 35 at 353764600
[Consesus log] 2023/05/22 01:27:59.353832 logger.go:32: commit Block[qgiqqsqavfrowadimcul] in seq 36 at 353829200
[Consesus log] 2023/05/22 01:27:59.353905 logger.go:32: commit Block[qhvrpetmullfzqgyulsz] in seq 37 at 353902800
[Consesus log] 2023/05/22 01:27:59.404673 logger.go:32: generate Block[tqejtlmjhmpuwkhadtfs] in seq 46 at 404662900
[Consesus log] 2023/05/22 01:27:59.459016 logger.go:32: generate Block[lwzbmypmrtubvmnshrfu] in seq 47 at 459000900
[Consesus log] 2023/05/22 01:27:59.512089 logger.go:32: generate Block[yabrhwjquzarsqbaoxwr] in seq 48 at 512070800
[Consesus log] 2023/05/22 01:27:59.563765 logger.go:32: generate Block[mthnjnukbnieepitytay] in seq 49 at 563744300
[Consesus log] 2023/05/22 01:27:59.614257 logger.go:32: generate Block[zbbnhdkmedvpmyaqyvlx] in seq 50 at 614209200
[Consesus log] 2023/05/22 01:27:59.665049 logger.go:32: generate Block[pkmarpvogvtujustonkj] in seq 51 at 665019100
[Consesus log] 2023/05/22 01:27:59.716773 logger.go:32: generate Block[uuibrhfktfxejmasvxtj] in seq 52 at 716762500
[Consesus log] 2023/05/22 01:27:59.716967 logger.go:32: commit Block[cfbrtrifufnllgdpxnih] in seq 38 at 716963800
[Consesus log] 2023/05/22 01:27:59.717042 logger.go:32: commit Block[deafzbbbfnfvnyevmsrs] in seq 39 at 717039800
[Consesus log] 2023/05/22 01:27:59.768605 logger.go:32: generate Block[ggddnzhhbtklqqduemgn] in seq 53 at 768588500
[Consesus log] 2023/05/22 01:27:59.819191 logger.go:32: generate Block[publdpllgnbxfkegcofp] in seq 54 at 819178900
[Consesus log] 2023/05/22 01:28:00.385952 logger.go:32: commit Block[pvdvvwbemzemdescqmva] in seq 40 at 385943400
[Consesus log] 2023/05/22 01:28:00.386075 logger.go:32: commit Block[afjvmvcmecpoznvdjddq] in seq 41 at 386069900
[Consesus log] 2023/05/22 01:28:00.386172 logger.go:32: commit Block[ubfzlmtohdkcgnbbgvnq] in seq 42 at 386167500
[Consesus log] 2023/05/22 01:28:00.386265 logger.go:32: commit Block[rqkpqnwocidfgopircyv] in seq 43 at 386261100
[Consesus log] 2023/05/22 01:28:00.386377 logger.go:32: commit Block[xmftqwjxbzrcfvmyctbo] in seq 44 at 386372100
[Consesus log] 2023/05/22 01:28:00.386475 logger.go:32: commit Block[ohzwelsbjcgpbaziency] in seq 45 at 386470800
[Consesus log] 2023/05/22 01:28:00.386573 logger.go:32: commit Block[nbztwbjgujsjimatfgre] in seq 46 at 386568800
[Consesus log] 2023/05/22 01:28:00.386667 logger.go:32: commit Block[ajyiildiwgdnynbjpakk] in seq 47 at 386662900
[Consesus log] 2023/05/22 01:28:00.386760 logger.go:32: commit Block[ugcnetcvliiagykoumfy] in seq 48 at 386755800
[Consesus log] 2023/05/22 01:28:01.167394 logger.go:32: commit Block[djbfqwpdvhcbvrknfrdl] in seq 49 at 167385000
[Consesus log] 2023/05/22 01:28:01.886845 logger.go:32: commit Block[hgyesciwrfwmiiespqxf] in seq 50 at 886835500
[Consesus log] 2023/05/22 01:28:01.887034 logger.go:32: commit Block[lbamyprltnipdrgasomj] in seq 51 at 887026400
[Consesus log] 2023/05/22 01:28:01.887179 logger.go:32: commit Block[mzwqceaytnvvyvnmqldx] in seq 52 at 887173700
[Consesus log] 2023/05/22 01:28:04.119475 logger.go:32: commit Block[vlfwxzzclquyqgadbypa] in seq 53 at 119448500
