[Consesus log] 2023/05/22 01:27:55.562673 logger.go:32: become follower, terms: 0
[Consesus log] 2023/05/22 01:27:57.734765 logger.go:32: timeout, try to become candidate, 226690700
[Consesus log] 2023/05/22 01:27:57.735009 logger.go:32: become candidate, terms: 4
[Consesus log] 2023/05/22 01:27:57.737311 logger.go:32: become leader, terms: 5
[Consesus log] 2023/05/22 01:27:57.762828 logger.go:32: send heartbeat!
[Consesus log] 2023/05/22 01:27:57.814168 logger.go:32: send heartbeat!
[Consesus log] 2023/05/22 01:27:58.019591 logger.go:32: send heartbeat!
[Consesus log] 2023/05/22 01:27:58.171273 logger.go:32: become follower, terms: 6
[Consesus log] 2023/05/22 01:27:58.739824 logger.go:32: timeout, try to become candidate, 162463500
[Consesus log] 2023/05/22 01:27:58.739949 logger.go:32: become candidate, terms: 6
[Consesus log] 2023/05/22 01:27:58.917979 logger.go:32: become follower, terms: 8
[Consesus log] 2023/05/22 01:28:02.570712 logger.go:32: timeout, try to become candidate, 179588500
[Consesus log] 2023/05/22 01:28:02.570895 logger.go:32: become candidate, terms: 11
[Consesus log] 2023/05/22 01:28:02.572331 logger.go:32: become leader, terms: 12
[Consesus log] 2023/05/22 01:28:02.598856 logger.go:32: send heartbeat!
[Consesus log] 2023/05/22 01:28:02.650209 logger.go:32: send heartbeat!
[Consesus log] 2023/05/22 01:28:02.752345 logger.go:32: send heartbeat!
[Consesus log] 2023/05/22 01:28:02.802858 logger.go:32: send heartbeat!
[Consesus log] 2023/05/22 01:28:02.955154 logger.go:32: send heartbeat!
[Consesus log] 2023/05/22 01:28:03.006612 logger.go:32: send heartbeat!
[Consesus log] 2023/05/22 01:28:03.058506 logger.go:32: send heartbeat!
[Consesus log] 2023/05/22 01:28:03.268064 logger.go:32: send heartbeat!
[Consesus log] 2023/05/22 01:28:03.318429 logger.go:32: send heartbeat!
[Consesus log] 2023/05/22 01:28:03.419659 logger.go:32: become follower, terms: 13
