[Consesus log] 2023/05/21 08:41:13.843678 logger.go:32: become follower, terms: 0
[Consesus log] 2023/05/21 08:41:14.969169 logger.go:32: timeout, try to become candidate, 174500000
[Consesus log] 2023/05/21 08:41:14.969394 logger.go:32: become candidate, terms: 3
[Consesus log] 2023/05/21 08:41:15.026409 logger.go:32: become leader, terms: 4
[Consesus log] 2023/05/21 08:41:15.232953 logger.go:32: send heartbeat!
[Consesus log] 2023/05/21 08:41:15.335322 logger.go:32: become follower, terms: 5
[Consesus log] 2023/05/21 08:41:20.764914 logger.go:32: timeout, try to become candidate, 152449700
[Consesus log] 2023/05/21 08:41:20.765204 logger.go:32: become candidate, terms: 10
[Consesus log] 2023/05/21 08:41:20.927725 logger.go:32: become follower, terms: 12
[Consesus log] 2023/05/21 08:41:29.727895 logger.go:32: timeout, try to become candidate, 152037200
[Consesus log] 2023/05/21 08:41:29.728119 logger.go:32: become candidate, terms: 18
[Consesus log] 2023/05/21 08:41:29.936380 logger.go:32: become follower, terms: 20
[Consesus log] 2023/05/21 08:41:34.392582 logger.go:32: timeout, try to become candidate, 151995300
[Consesus log] 2023/05/21 08:41:34.392792 logger.go:32: become candidate, terms: 28
[Consesus log] 2023/05/21 08:41:34.394171 logger.go:32: become leader, terms: 29
[Consesus log] 2023/05/21 08:41:34.469108 logger.go:32: send heartbeat!
[Consesus log] 2023/05/21 08:41:34.575467 logger.go:32: send heartbeat!
[Consesus log] 2023/05/21 08:41:34.626454 logger.go:32: send heartbeat!
[Consesus log] 2023/05/21 08:41:34.728200 logger.go:32: send heartbeat!
[Consesus log] 2023/05/21 08:41:34.832411 logger.go:32: send heartbeat!
[Consesus log] 2023/05/21 08:41:34.883732 logger.go:32: send heartbeat!
[Consesus log] 2023/05/21 08:41:35.141164 logger.go:32: become follower, terms: 30
[Consesus log] 2023/05/21 08:41:36.947684 logger.go:32: timeout, try to become candidate, 158783000
[Consesus log] 2023/05/21 08:41:36.948087 logger.go:32: become candidate, terms: 32
[Consesus log] 2023/05/21 08:41:37.104607 logger.go:32: become follower, terms: 33
[Consesus log] 2023/05/21 08:41:37.648420 logger.go:32: timeout, try to become candidate, 183599300
[Consesus log] 2023/05/21 08:41:37.648743 logger.go:32: become candidate, terms: 33
[Consesus log] 2023/05/21 08:41:37.650802 logger.go:32: become leader, terms: 34
[Consesus log] 2023/05/21 08:41:37.676986 logger.go:32: send heartbeat!
[Consesus log] 2023/05/21 08:41:37.728538 logger.go:32: send heartbeat!
[Consesus log] 2023/05/21 08:41:37.780306 logger.go:32: send heartbeat!
[Consesus log] 2023/05/21 08:41:37.884472 logger.go:32: send heartbeat!
[Consesus log] 2023/05/21 08:41:37.987749 logger.go:32: send heartbeat!
[Consesus log] 2023/05/21 08:41:38.038515 logger.go:32: send heartbeat!
[Consesus log] 2023/05/21 08:41:38.090788 logger.go:32: send heartbeat!
[Consesus log] 2023/05/21 08:41:38.141830 logger.go:32: send heartbeat!
[Consesus log] 2023/05/21 08:41:38.297685 logger.go:32: send heartbeat!
[Consesus log] 2023/05/21 08:41:38.349255 logger.go:32: send heartbeat!
[Consesus log] 2023/05/21 08:41:38.400031 logger.go:32: send heartbeat!
[Consesus log] 2023/05/21 08:41:38.506121 logger.go:32: send heartbeat!
[Consesus log] 2023/05/21 08:41:38.556863 logger.go:32: send heartbeat!
[Consesus log] 2023/05/21 08:41:38.710462 logger.go:32: send heartbeat!
[Consesus log] 2023/05/21 08:41:38.813667 logger.go:32: send heartbeat!
[Consesus log] 2023/05/21 08:41:38.923983 logger.go:32: send heartbeat!
[Consesus log] 2023/05/21 08:41:38.975294 logger.go:32: send heartbeat!
[Consesus log] 2023/05/21 08:41:39.077269 logger.go:32: send heartbeat!
[Consesus log] 2023/05/21 08:41:39.127817 logger.go:32: send heartbeat!
[Consesus log] 2023/05/21 08:41:39.182557 logger.go:32: send heartbeat!
[Consesus log] 2023/05/21 08:41:39.233502 logger.go:32: send heartbeat!
[Consesus log] 2023/05/21 08:41:39.335181 logger.go:32: send heartbeat!
[Consesus log] 2023/05/21 08:41:39.386259 logger.go:32: send heartbeat!
[Consesus log] 2023/05/21 08:41:39.436631 logger.go:32: send heartbeat!
[Consesus log] 2023/05/21 08:41:39.487464 logger.go:32: send heartbeat!
[Consesus log] 2023/05/21 08:41:39.590189 logger.go:32: send heartbeat!
[Consesus log] 2023/05/21 08:41:39.641719 logger.go:32: send heartbeat!
[Consesus log] 2023/05/21 08:41:39.801518 logger.go:32: send heartbeat!
[Consesus log] 2023/05/21 08:41:39.852349 logger.go:32: send heartbeat!
[Consesus log] 2023/05/21 08:41:39.903462 logger.go:32: send heartbeat!
[Consesus log] 2023/05/21 08:41:39.954978 logger.go:32: send heartbeat!
[Consesus log] 2023/05/21 08:41:40.159670 logger.go:32: send heartbeat!
[Consesus log] 2023/05/21 08:41:40.261173 logger.go:32: become follower, terms: 35
